<?xml version="1.0" encoding="UTF-8"?>
<TestRun id="7a5bbf6e-19bd-4bad-9231-172471ddf7be" name="TestResults" runUser="REDMOND\clayco" xmlns="http://microsoft.com/schemas/VisualStudio/TeamTest/2010">
  <TestSettings name="Local" id="62f583f0-2eca-4773-bed0-474a13faad76">
    <Description>These are default test settings for a local test run.</Description>
    <Deployment userDeploymentRoot="." useDefaultDeploymentRoot="false" runDeploymentRoot="TestResults[43]">
      <DeploymentItem filename=".nuget\NuGet.Config" />
      <DeploymentItem filename=".nuget\NuGet.exe" />
      <DeploymentItem filename=".nuget\NuGet.targets" />
    </Deployment>
    <NamingScheme baseName="TestResults" appendTimeStamp="false" useDefault="false" />
    <Execution>
      <TestTypeSpecific>
        <UnitTestRunConfig testTypeId="13cdc9d9-ddb5-4fa4-a97d-d965ccfc6d4b">
          <AssemblyResolution>
            <TestDirectory useLoadContext="true" />
          </AssemblyResolution>
        </UnitTestRunConfig>
        <WebTestRunConfiguration testTypeId="4e7599fa-5ecb-43e9-a887-cd63cf72d207">
          <Browser name="Internet Explorer 9.0" MaxConnections="6">
            <Headers>
              <Header name="User-Agent" value="Mozilla/5.0 (compatible; MSIE 9.0; Windows NT 6.1; Trident/5.0)" />
              <Header name="Accept" value="*/*" />
              <Header name="Accept-Language" value="{{$IEAcceptLanguage}}" />
              <Header name="Accept-Encoding" value="GZIP" />
            </Headers>
          </Browser>
        </WebTestRunConfiguration>
      </TestTypeSpecific>
      <AgentRule name="LocalMachineDefaultRole">
      </AgentRule>
    </Execution>
  </TestSettings>
  <Times creation="2013-04-22T18:34:41.7266533-07:00" queuing="2013-04-22T18:34:42.1389788-07:00" start="2013-04-22T18:34:42.2320512-07:00" finish="2013-04-22T18:35:43.1181250-07:00" />
  <ResultSummary outcome="Error">
    <Counters total="39" executed="39" passed="19" error="6" failed="14" timeout="0" aborted="0" inconclusive="0" passedButRunAborted="0" notRunnable="0" notExecuted="0" disconnected="0" warning="0" completed="0" inProgress="0" pending="0" />
  </ResultSummary>
  <TestDefinitions>
    <UnitTest name="SearchWebMatrixCuratedFeed" storage="d:\github.com\nugetgallery\functionaltests\nugetgallery.functionaltests\bin\nugetgallery.functionaltests.dll" id="4808abb0-e068-dde3-e6bf-b1a137b6f0f9">
      <Description>Performs a querystring-based search of the WebMatrix curated feed.  Confirms expected packages are returned.</Description>
      <Execution id="75a592a7-69b3-4dce-a900-cc257ad965d3" />
      <TestMethod codeBase="d:/github.com/nugetgallery/functionaltests/nugetgallery.functionaltests/bin/NuGetGallery.FunctionalTests.DLL" adapterTypeName="Microsoft.VisualStudio.TestTools.TestTypes.Unit.UnitTestAdapter, Microsoft.VisualStudio.QualityTools.Tips.UnitTest.Adapter, Version=11.0.0.0, Culture=neutral, PublicKeyToken=b03f5f7f11d50a3a" className="NuGetGallery.FunctionalTests.Features.CuratedFeedTest, NuGetGallery.FunctionalTests, Version=1.0.0.0, Culture=neutral, PublicKeyToken=null" name="SearchWebMatrixCuratedFeed" />
    </UnitTest>
    <UnitTest name="SearchWindows8CuratedFeed" storage="d:\github.com\nugetgallery\functionaltests\nugetgallery.functionaltests\bin\nugetgallery.functionaltests.dll" id="e40da15b-eedb-5ba3-88d7-9972079c30a6">
      <Description>Performs a querystring-based search of the Windows 8 curated feed.  Confirms expected packages are returned.</Description>
      <Execution id="45b671cc-730c-4d66-b0f4-d0a435a55d2d" />
      <TestMethod codeBase="d:/github.com/nugetgallery/functionaltests/nugetgallery.functionaltests/bin/NuGetGallery.FunctionalTests.DLL" adapterTypeName="Microsoft.VisualStudio.TestTools.TestTypes.Unit.UnitTestAdapter, Microsoft.VisualStudio.QualityTools.Tips.UnitTest.Adapter, Version=11.0.0.0, Culture=neutral, PublicKeyToken=b03f5f7f11d50a3a" className="NuGetGallery.FunctionalTests.Features.CuratedFeedTest, NuGetGallery.FunctionalTests, Version=1.0.0.0, Culture=neutral, PublicKeyToken=null" name="SearchWindows8CuratedFeed" />
    </UnitTest>
    <CodedWebTest name="ContactOwnerTest" storage="d:\github.com\nugetgallery\functionaltests\nugetgallery.functionaltests\bin\nugetgallery.functionaltests.dll" id="a6f81ddd-4476-9109-b107-ff9673898e71">
      <Execution id="e97fbc74-729c-4d41-8a28-493f20b01440" />
      <WebTestClass assembly="NuGetGallery.FunctionalTests, Version=1.0.0.0, Culture=neutral, PublicKeyToken=null" namespace="NuGetGallery.FunctionalTests.WebUITests.PackageManagement" class="ContactOwnerTest" />
    </CodedWebTest>
    <UnitTest name="UploadMultipleVersionOfPackage" storage="d:\github.com\nugetgallery\functionaltests\nugetgallery.functionaltests\bin\nugetgallery.functionaltests.dll" priority="1" id="5d62a4b0-dcba-4028-434b-2b747b4c411f">
      <Description>Upload multiple versions of a package and see if it gets uploaded properly</Description>
      <Execution id="8fbeebc2-23c1-44bd-b3a2-8d350b7c35ea" />
      <TestMethod codeBase="d:/github.com/nugetgallery/functionaltests/nugetgallery.functionaltests/bin/NuGetGallery.FunctionalTests.DLL" adapterTypeName="Microsoft.VisualStudio.TestTools.TestTypes.Unit.UnitTestAdapter, Microsoft.VisualStudio.QualityTools.Tips.UnitTest.Adapter, Version=11.0.0.0, Culture=neutral, PublicKeyToken=b03f5f7f11d50a3a" className="NuGetGallery.FunctionalTests.Features.PackageVersionTest, NuGetGallery.FunctionalTests, Version=1.0.0.0, Culture=neutral, PublicKeyToken=null" name="UploadMultipleVersionOfPackage" />
    </UnitTest>
    <UnitTest name="AddPackageToWindows8CuratedFeed" storage="d:\github.com\nugetgallery\functionaltests\nugetgallery.functionaltests\bin\nugetgallery.functionaltests.dll" priority="1" id="2653a81d-b439-f73a-c036-efc0ec29de69">
      <Description>Creates a package with Windows8 tags. Uploads it and checks if it has been curated</Description>
      <Execution id="4e6d3e64-1b54-471a-b8df-e6766c83cd18" />
      <TestMethod codeBase="d:/github.com/nugetgallery/functionaltests/nugetgallery.functionaltests/bin/NuGetGallery.FunctionalTests.DLL" adapterTypeName="Microsoft.VisualStudio.TestTools.TestTypes.Unit.UnitTestAdapter, Microsoft.VisualStudio.QualityTools.Tips.UnitTest.Adapter, Version=11.0.0.0, Culture=neutral, PublicKeyToken=b03f5f7f11d50a3a" className="NuGetGallery.FunctionalTests.Features.CuratedFeedTest, NuGetGallery.FunctionalTests, Version=1.0.0.0, Culture=neutral, PublicKeyToken=null" name="AddPackageToWindows8CuratedFeed" />
    </UnitTest>
    <UnitTest name="FindPackagesByIdTest" storage="d:\github.com\nugetgallery\functionaltests\nugetgallery.functionaltests\bin\nugetgallery.functionaltests.dll" id="2a6c6363-3869-0c15-2d51-409738bef970">
      <Execution id="601b0834-a8d0-4b96-91a1-e6e15ca7859b" />
      <TestMethod codeBase="d:/github.com/nugetgallery/functionaltests/nugetgallery.functionaltests/bin/NuGetGallery.FunctionalTests.DLL" adapterTypeName="Microsoft.VisualStudio.TestTools.TestTypes.Unit.UnitTestAdapter, Microsoft.VisualStudio.QualityTools.Tips.UnitTest.Adapter, Version=11.0.0.0, Culture=neutral, PublicKeyToken=b03f5f7f11d50a3a" className="NuGetGallery.FunctionalTests.ODataTests.V2FeedTest, NuGetGallery.FunctionalTests, Version=1.0.0.0, Culture=neutral, PublicKeyToken=null" name="FindPackagesByIdTest" />
    </UnitTest>
    <CodedWebTest name="HomePageValidationTest" storage="d:\github.com\nugetgallery\functionaltests\nugetgallery.functionaltests\bin\nugetgallery.functionaltests.dll" id="d527504e-456c-ed4a-8eba-7c20c18ba47d">
      <Execution id="a04c126b-772a-4df2-a042-d86fae34bd66" />
      <WebTestClass assembly="NuGetGallery.FunctionalTests, Version=1.0.0.0, Culture=neutral, PublicKeyToken=null" namespace="NuGetGallery.FunctionalTests" class="HomePageValidationTest" />
    </CodedWebTest>
    <UnitTest name="RestorePackageFromV2Feed" storage="d:\github.com\nugetgallery\functionaltests\nugetgallery.functionaltests\bin\nugetgallery.functionaltests.dll" priority="0" id="916d542f-9953-383f-a9cc-e87980667cf3">
      <Description>Restores a package from the V2 feed and checks if the file is present on local disk</Description>
      <Execution id="62e1ae34-16f6-43d3-9619-6543f2097a69" />
      <TestMethod codeBase="d:/github.com/nugetgallery/functionaltests/nugetgallery.functionaltests/bin/NuGetGallery.FunctionalTests.DLL" adapterTypeName="Microsoft.VisualStudio.TestTools.TestTypes.Unit.UnitTestAdapter, Microsoft.VisualStudio.QualityTools.Tips.UnitTest.Adapter, Version=11.0.0.0, Culture=neutral, PublicKeyToken=b03f5f7f11d50a3a" className="NuGetGallery.FunctionalTests.ODataFeedTests.V2FeedTest, NuGetGallery.FunctionalTests, Version=1.0.0.0, Culture=neutral, PublicKeyToken=null" name="RestorePackageFromV2Feed" />
    </UnitTest>
    <CodedWebTest name="SecurityHeaderTest" storage="d:\github.com\nugetgallery\functionaltests\nugetgallery.functionaltests\bin\nugetgallery.functionaltests.dll" id="d53feaf3-be7c-3e85-2afa-d33fc0e450a3">
      <Execution id="5aa0652e-6ae2-403b-a9f5-de1b637b4107" />
      <WebTestClass assembly="NuGetGallery.FunctionalTests, Version=1.0.0.0, Culture=neutral, PublicKeyToken=null" namespace="NuGetGallery.FunctionalTests" class="SecurityHeaderTest" />
    </CodedWebTest>
    <CodedWebTest name="LogonTest" storage="d:\github.com\nugetgallery\functionaltests\nugetgallery.functionaltests\bin\nugetgallery.functionaltests.dll" id="a1c602d9-292b-1042-380c-707cec091de9">
      <Execution id="b78d3b6d-bcea-4205-8c14-8322aa2dae80" />
      <WebTestClass assembly="NuGetGallery.FunctionalTests, Version=1.0.0.0, Culture=neutral, PublicKeyToken=null" namespace="NuGetGallery.FunctionalTests" class="LogonTest" />
    </CodedWebTest>
    <CodedWebTest name="RegisterInvalidUserTest" storage="d:\github.com\nugetgallery\functionaltests\nugetgallery.functionaltests\bin\nugetgallery.functionaltests.dll" id="6c390634-83d7-955a-87c4-b41e59b8d7ae">
      <Execution id="6c051c8e-3c3d-4bff-beca-06b5b4c9ed50" />
      <WebTestClass assembly="NuGetGallery.FunctionalTests, Version=1.0.0.0, Culture=neutral, PublicKeyToken=null" namespace="NuGetGallery.FunctionalTests" class="RegisterInvalidUserTest" />
    </CodedWebTest>
    <CodedWebTest name="InvalidLogonTest" storage="d:\github.com\nugetgallery\functionaltests\nugetgallery.functionaltests\bin\nugetgallery.functionaltests.dll" id="5d66c021-336a-34c0-9414-19ea84bd29bc">
      <Execution id="2f0ce5f2-1bf3-4e84-bfa1-42286b91979c" />
      <WebTestClass assembly="NuGetGallery.FunctionalTests, Version=1.0.0.0, Culture=neutral, PublicKeyToken=null" namespace="NuGetGallery.FunctionalTests" class="InvalidLogonTest" />
    </CodedWebTest>
    <CodedWebTest name="AggregateStatsInHomePage" storage="d:\github.com\nugetgallery\functionaltests\nugetgallery.functionaltests\bin\nugetgallery.functionaltests.dll" id="340e6bba-7e3d-842d-7ee1-669ddc667c0c">
      <Execution id="c50c365c-f863-4f6c-bac8-ebb00a21e7dc" />
      <WebTestClass assembly="NuGetGallery.FunctionalTests, Version=1.0.0.0, Culture=neutral, PublicKeyToken=null" namespace="NuGetGallery.FunctionalTests" class="AggregateStatsInHomePage" />
    </CodedWebTest>
    <CodedWebTest name="ManagePackagesPageTest" storage="d:\github.com\nugetgallery\functionaltests\nugetgallery.functionaltests\bin\nugetgallery.functionaltests.dll" id="42a9bfc6-ed87-df50-c848-82aca2c8fd0d">
      <Execution id="d9353202-19bf-44a5-a459-5a553a607361" />
      <WebTestClass assembly="NuGetGallery.FunctionalTests, Version=1.0.0.0, Culture=neutral, PublicKeyToken=null" namespace="NuGetGallery.FunctionalTests.WebUITests.PackageManagement" class="ManagePackagesPageTest" />
    </CodedWebTest>
    <UnitTest name="DownloadPackageWithNuGetCoreTest" storage="d:\github.com\nugetgallery\functionaltests\nugetgallery.functionaltests\bin\nugetgallery.functionaltests.dll" priority="0" id="04cd200b-33df-3564-ded5-686cdfe44f77">
      <Description>Downloads a package from the server and validates that the file is present in the local disk</Description>
      <Execution id="20fc1500-8a6c-45d3-9689-10f5fad122ce" />
      <TestMethod codeBase="d:/github.com/nugetgallery/functionaltests/nugetgallery.functionaltests/bin/NuGetGallery.FunctionalTests.DLL" adapterTypeName="Microsoft.VisualStudio.TestTools.TestTypes.Unit.UnitTestAdapter, Microsoft.VisualStudio.QualityTools.Tips.UnitTest.Adapter, Version=11.0.0.0, Culture=neutral, PublicKeyToken=b03f5f7f11d50a3a" className="NuGetGallery.FunctionalTests.NuGetCoreTests, NuGetGallery.FunctionalTests, Version=1.0.0.0, Culture=neutral, PublicKeyToken=null" name="DownloadPackageWithNuGetCoreTest" />
    </UnitTest>
    <CodedWebTest name="StatisticsPageTest" storage="d:\github.com\nugetgallery\functionaltests\nugetgallery.functionaltests\bin\nugetgallery.functionaltests.dll" id="9ad6e2e2-a082-8088-00f6-e05079fd89a0">
      <Execution id="bb8d76ba-db4c-449d-a668-cdc7dc1819cf" />
      <WebTestClass assembly="NuGetGallery.FunctionalTests, Version=1.0.0.0, Culture=neutral, PublicKeyToken=null" namespace="NuGetGallery.FunctionalTests" class="StatisticsPageTest" />
    </CodedWebTest>
    <UnitTest name="UploadAndDownLoadPackageWithDotCsNames" storage="d:\github.com\nugetgallery\functionaltests\nugetgallery.functionaltests\bin\nugetgallery.functionaltests.dll" priority="1" id="aedace0f-10de-70d5-5e45-b7227987df86">
      <Description>Creates a test package which ends with .cs and pushes it to the server using Nuget.exe</Description>
      <Execution id="12542c76-2c6a-41e0-b3d8-75e64c35d20e" />
      <TestMethod codeBase="d:/github.com/nugetgallery/functionaltests/nugetgallery.functionaltests/bin/NuGetGallery.FunctionalTests.DLL" adapterTypeName="Microsoft.VisualStudio.TestTools.TestTypes.Unit.UnitTestAdapter, Microsoft.VisualStudio.QualityTools.Tips.UnitTest.Adapter, Version=11.0.0.0, Culture=neutral, PublicKeyToken=b03f5f7f11d50a3a" className="NuGetGallery.FunctionalTests.ClientIntegrationTests.NugetCommandLineTests, NuGetGallery.FunctionalTests, Version=1.0.0.0, Culture=neutral, PublicKeyToken=null" name="UploadAndDownLoadPackageWithDotCsNames" />
    </UnitTest>
    <UnitTest name="GetUpdatesTest" storage="d:\github.com\nugetgallery\functionaltests\nugetgallery.functionaltests\bin\nugetgallery.functionaltests.dll" id="02d43bf4-c2fb-43fb-6999-a16887a86fa6">
      <Execution id="35c4337a-2765-47f0-8765-7c1577cb7168" />
      <TestMethod codeBase="d:/github.com/nugetgallery/functionaltests/nugetgallery.functionaltests/bin/NuGetGallery.FunctionalTests.DLL" adapterTypeName="Microsoft.VisualStudio.TestTools.TestTypes.Unit.UnitTestAdapter, Microsoft.VisualStudio.QualityTools.Tips.UnitTest.Adapter, Version=11.0.0.0, Culture=neutral, PublicKeyToken=b03f5f7f11d50a3a" className="NuGetGallery.FunctionalTests.ODataTests.V2FeedTest, NuGetGallery.FunctionalTests, Version=1.0.0.0, Culture=neutral, PublicKeyToken=null" name="GetUpdatesTest" />
    </UnitTest>
    <CodedWebTest name="UploadPackageWithoutLoginTest" storage="d:\github.com\nugetgallery\functionaltests\nugetgallery.functionaltests\bin\nugetgallery.functionaltests.dll" id="0449da0f-5881-ffca-f9d0-f7c0ad709071">
      <Execution id="4a408f99-ded8-46e1-9311-b6d186ad150e" />
      <WebTestClass assembly="NuGetGallery.FunctionalTests, Version=1.0.0.0, Culture=neutral, PublicKeyToken=null" namespace="NuGetGallery.FunctionalTests" class="UploadPackageWithoutLoginTest" />
    </CodedWebTest>
    <CodedWebTest name="UploadPackageFromUI" storage="d:\github.com\nugetgallery\functionaltests\nugetgallery.functionaltests\bin\nugetgallery.functionaltests.dll" id="80baf145-2a87-1c50-450f-57e4de9d3b4f">
      <Execution id="46c5705d-a7b4-4529-97c1-2fa260f3c228" />
      <WebTestClass assembly="NuGetGallery.FunctionalTests, Version=1.0.0.0, Culture=neutral, PublicKeyToken=null" namespace="NuGetGallery.FunctionalTests" class="UploadPackageFromUI" />
    </CodedWebTest>
    <UnitTest name="DownloadPackageFromV2Feed" storage="d:\github.com\nugetgallery\functionaltests\nugetgallery.functionaltests\bin\nugetgallery.functionaltests.dll" priority="0" id="cc44bdbd-ce3e-69f6-f020-1fcb65293738">
      <Description>Downloads a package from the V2 feed and checks if the file is present on local disk</Description>
      <Execution id="49783cb1-a2f3-4481-8dcb-b4319879aae0" />
      <TestMethod codeBase="d:/github.com/nugetgallery/functionaltests/nugetgallery.functionaltests/bin/NuGetGallery.FunctionalTests.DLL" adapterTypeName="Microsoft.VisualStudio.TestTools.TestTypes.Unit.UnitTestAdapter, Microsoft.VisualStudio.QualityTools.Tips.UnitTest.Adapter, Version=11.0.0.0, Culture=neutral, PublicKeyToken=b03f5f7f11d50a3a" className="NuGetGallery.FunctionalTests.ODataFeedTests.V2FeedTest, NuGetGallery.FunctionalTests, Version=1.0.0.0, Culture=neutral, PublicKeyToken=null" name="DownloadPackageFromV2Feed" />
    </UnitTest>
    <CodedWebTest name="RegisterNewUserTest" storage="d:\github.com\nugetgallery\functionaltests\nugetgallery.functionaltests\bin\nugetgallery.functionaltests.dll" id="428c8a13-f822-cffc-6ae0-78452d15e1fb">
      <Execution id="4d365f0a-b6b5-43d3-82ce-6dc5ba11a3fd" />
      <WebTestClass assembly="NuGetGallery.FunctionalTests, Version=1.0.0.0, Culture=neutral, PublicKeyToken=null" namespace="NuGetGallery.FunctionalTests" class="RegisterNewUserTest" />
    </CodedWebTest>
    <CodedWebTest name="PackagesPageTest" storage="d:\github.com\nugetgallery\functionaltests\nugetgallery.functionaltests\bin\nugetgallery.functionaltests.dll" id="5ceca307-8fd2-e863-65bb-d8151e5dafba">
      <Execution id="00a4c2a4-29b1-4a0d-a867-7fb97069a5e5" />
      <WebTestClass assembly="NuGetGallery.FunctionalTests, Version=1.0.0.0, Culture=neutral, PublicKeyToken=null" namespace="NuGetGallery.FunctionalTests" class="PackagesPageTest" />
    </CodedWebTest>
    <UnitTest name="DownPackageWithNuGetCommandLineTest" storage="d:\github.com\nugetgallery\functionaltests\nugetgallery.functionaltests\bin\nugetgallery.functionaltests.dll" priority="0" id="f206f30d-af4b-ae66-9032-732bc03336c1">
      <Description>Downloads a package using NuGet.exe and checks if the package file is present in the output dir</Description>
      <Execution id="20c208ea-92ad-4766-b1cb-39ec6eeee138" />
      <TestMethod codeBase="d:/github.com/nugetgallery/functionaltests/nugetgallery.functionaltests/bin/NuGetGallery.FunctionalTests.DLL" adapterTypeName="Microsoft.VisualStudio.TestTools.TestTypes.Unit.UnitTestAdapter, Microsoft.VisualStudio.QualityTools.Tips.UnitTest.Adapter, Version=11.0.0.0, Culture=neutral, PublicKeyToken=b03f5f7f11d50a3a" className="NuGetGallery.FunctionalTests.ClientIntegrationTests.NugetCommandLineTests, NuGetGallery.FunctionalTests, Version=1.0.0.0, Culture=neutral, PublicKeyToken=null" name="DownPackageWithNuGetCommandLineTest" />
    </UnitTest>
    <CodedWebTest name="ContactUsAndReportAbuseLinkTest" storage="d:\github.com\nugetgallery\functionaltests\nugetgallery.functionaltests\bin\nugetgallery.functionaltests.dll" id="e95ef3f5-4ae2-36dc-5d98-7ace7daaf2ea">
      <Execution id="f09d7ac3-6306-4204-9a1a-714d50276ace" />
      <WebTestClass assembly="NuGetGallery.FunctionalTests, Version=1.0.0.0, Culture=neutral, PublicKeyToken=null" namespace="NuGetGallery.FunctionalTests.WebUITests.PackageManagement" class="ContactUsAndReportAbuseLinkTest" />
    </CodedWebTest>
    <CodedWebTest name="UploadPackageWithMinClientVersionFromUITest" storage="d:\github.com\nugetgallery\functionaltests\nugetgallery.functionaltests\bin\nugetgallery.functionaltests.dll" id="336cce10-fc9c-411f-b491-c5f9f404e7b7">
      <Execution id="5f71f670-97b5-45d5-8750-a3dab639d3b4" />
      <WebTestClass assembly="NuGetGallery.FunctionalTests, Version=1.0.0.0, Culture=neutral, PublicKeyToken=null" namespace="NuGetGallery.FunctionalTests.WebUITests.PackageManagement" class="UploadPackageWithMinClientVersionFromUITest" />
    </CodedWebTest>
    <UnitTest name="UploadPackageWithNuGetCommandLineTest" storage="d:\github.com\nugetgallery\functionaltests\nugetgallery.functionaltests\bin\nugetgallery.functionaltests.dll" priority="0" id="baeffb56-e5a3-71a3-dcf4-ca714ba14856">
      <Description>Creates a test package and pushes it to the server using Nuget.exe</Description>
      <Execution id="049ff911-bd7e-46ca-b16f-e9d4f63bbc4b" />
      <TestMethod codeBase="d:/github.com/nugetgallery/functionaltests/nugetgallery.functionaltests/bin/NuGetGallery.FunctionalTests.DLL" adapterTypeName="Microsoft.VisualStudio.TestTools.TestTypes.Unit.UnitTestAdapter, Microsoft.VisualStudio.QualityTools.Tips.UnitTest.Adapter, Version=11.0.0.0, Culture=neutral, PublicKeyToken=b03f5f7f11d50a3a" className="NuGetGallery.FunctionalTests.ClientIntegrationTests.NugetCommandLineTests, NuGetGallery.FunctionalTests, Version=1.0.0.0, Culture=neutral, PublicKeyToken=null" name="UploadPackageWithNuGetCommandLineTest" />
    </UnitTest>
    <UnitTest name="UploadAndDownLoadPackageWithMinClientVersion" storage="d:\github.com\nugetgallery\functionaltests\nugetgallery.functionaltests\bin\nugetgallery.functionaltests.dll" priority="0" id="38905457-2302-9ddf-ad04-3107d5b18355">
      <Description>Creates a test package with minclientversion tag and pushes it to the server using Nuget.exe</Description>
      <Execution id="a51522a5-e103-446a-a7d9-5a07b1d7ed10" />
      <TestMethod codeBase="d:/github.com/nugetgallery/functionaltests/nugetgallery.functionaltests/bin/NuGetGallery.FunctionalTests.DLL" adapterTypeName="Microsoft.VisualStudio.TestTools.TestTypes.Unit.UnitTestAdapter, Microsoft.VisualStudio.QualityTools.Tips.UnitTest.Adapter, Version=11.0.0.0, Culture=neutral, PublicKeyToken=b03f5f7f11d50a3a" className="NuGetGallery.FunctionalTests.ClientIntegrationTests.NugetCommandLineTests, NuGetGallery.FunctionalTests, Version=1.0.0.0, Culture=neutral, PublicKeyToken=null" name="UploadAndDownLoadPackageWithMinClientVersion" />
    </UnitTest>
    <CodedWebTest name="DeletePackageTest" storage="d:\github.com\nugetgallery\functionaltests\nugetgallery.functionaltests\bin\nugetgallery.functionaltests.dll" id="9387a1a2-3523-2e44-8030-533d344923cf">
      <Execution id="5d6d2b2d-7ad2-436c-81f5-14d0c3d69ebf" />
      <WebTestClass assembly="NuGetGallery.FunctionalTests, Version=1.0.0.0, Culture=neutral, PublicKeyToken=null" namespace="NuGetGallery.FunctionalTests" class="DeletePackageTest" />
    </CodedWebTest>
    <CodedWebTest name="ReadOnlyModeRegisterNewUserTest" storage="d:\github.com\nugetgallery\functionaltests\nugetgallery.functionaltests\bin\nugetgallery.functionaltests.dll" id="c320789f-a801-c187-e7d8-0f17b24ff835">
      <Execution id="9604a0b5-56d9-4e10-b141-0a3d5bdbfa57" />
      <WebTestClass assembly="NuGetGallery.FunctionalTests, Version=1.0.0.0, Culture=neutral, PublicKeyToken=null" namespace="NuGetGallery.FunctionalTests" class="ReadOnlyModeRegisterNewUserTest" />
    </CodedWebTest>
  </TestDefinitions>
  <TestLists>
    <TestList name="Results Not in a List" id="8c84fa94-04c1-424b-9868-57a2d4851a1d" />
    <TestList name="P0Tests" id="01372d05-1ac1-4f00-ac37-5ca977686e4e" parentListId="8c43106b-9dc1-4907-a29f-aa66a61bf5b6">
      <TestLinks>
        <TestLink id="d527504e-456c-ed4a-8eba-7c20c18ba47d" name="HomePageValidationTest" storage="d:\github.com\nugetgallery\functionaltests\nugetgallery.functionaltests\bin\nugetgallery.functionaltests.dll" type="Microsoft.VisualStudio.TestTools.WebStress.CodedWebTestElement, Microsoft.VisualStudio.QualityTools.LoadTest,   PublicKeyToken=b03f5f7f11d50a3a" />
        <TestLink id="a1c602d9-292b-1042-380c-707cec091de9" name="LogonTest" storage="d:\github.com\nugetgallery\functionaltests\nugetgallery.functionaltests\bin\nugetgallery.functionaltests.dll" type="Microsoft.VisualStudio.TestTools.WebStress.CodedWebTestElement, Microsoft.VisualStudio.QualityTools.LoadTest,   PublicKeyToken=b03f5f7f11d50a3a" />
        <TestLink id="80baf145-2a87-1c50-450f-57e4de9d3b4f" name="UploadPackageFromUI" storage="d:\github.com\nugetgallery\functionaltests\nugetgallery.functionaltests\bin\nugetgallery.functionaltests.dll" type="Microsoft.VisualStudio.TestTools.WebStress.CodedWebTestElement, Microsoft.VisualStudio.QualityTools.LoadTest,   PublicKeyToken=b03f5f7f11d50a3a" />
        <TestLink id="cc44bdbd-ce3e-69f6-f020-1fcb65293738" name="DownloadPackageFromV2Feed" storage="d:\github.com\nugetgallery\functionaltests\nugetgallery.functionaltests\bin\nugetgallery.functionaltests.dll" type="Microsoft.VisualStudio.TestTools.TestTypes.Unit.UnitTestElement, Microsoft.VisualStudio.QualityTools.Tips.UnitTest.ObjectModel, Version=11.0.0.0, Culture=neutral, PublicKeyToken=b03f5f7f11d50a3a" />
        <TestLink id="916d542f-9953-383f-a9cc-e87980667cf3" name="RestorePackageFromV2Feed" storage="d:\github.com\nugetgallery\functionaltests\nugetgallery.functionaltests\bin\nugetgallery.functionaltests.dll" type="Microsoft.VisualStudio.TestTools.TestTypes.Unit.UnitTestElement, Microsoft.VisualStudio.QualityTools.Tips.UnitTest.ObjectModel, Version=11.0.0.0, Culture=neutral, PublicKeyToken=b03f5f7f11d50a3a" />
      </TestLinks>
    </TestList>
    <TestList name="ReadOnlyModeTests" id="f9b8ac1f-7978-4738-afc2-6918b063e5c3" parentListId="8c43106b-9dc1-4907-a29f-aa66a61bf5b6">
      <TestLinks>
        <TestLink id="c320789f-a801-c187-e7d8-0f17b24ff835" name="ReadOnlyModeRegisterNewUserTest" storage="d:\github.com\nugetgallery\functionaltests\nugetgallery.functionaltests\bin\nugetgallery.functionaltests.dll" type="Microsoft.VisualStudio.TestTools.WebStress.CodedWebTestElement, Microsoft.VisualStudio.QualityTools.LoadTest,   PublicKeyToken=b03f5f7f11d50a3a" />
        <TestLink id="04cd200b-33df-3564-ded5-686cdfe44f77" name="DownloadPackageWithNuGetCoreTest" storage="d:\github.com\nugetgallery\functionaltests\nugetgallery.functionaltests\bin\nugetgallery.functionaltests.dll" type="Microsoft.VisualStudio.TestTools.TestTypes.Unit.UnitTestElement, Microsoft.VisualStudio.QualityTools.Tips.UnitTest.ObjectModel, Version=11.0.0.0, Culture=neutral, PublicKeyToken=b03f5f7f11d50a3a" />
        <TestLink id="9ad6e2e2-a082-8088-00f6-e05079fd89a0" name="StatisticsPageTest" storage="d:\github.com\nugetgallery\functionaltests\nugetgallery.functionaltests\bin\nugetgallery.functionaltests.dll" type="Microsoft.VisualStudio.TestTools.WebStress.CodedWebTestElement, Microsoft.VisualStudio.QualityTools.LoadTest,   PublicKeyToken=b03f5f7f11d50a3a" />
        <TestLink id="f206f30d-af4b-ae66-9032-732bc03336c1" name="DownPackageWithNuGetCommandLineTest" storage="d:\github.com\nugetgallery\functionaltests\nugetgallery.functionaltests\bin\nugetgallery.functionaltests.dll" type="Microsoft.VisualStudio.TestTools.TestTypes.Unit.UnitTestElement, Microsoft.VisualStudio.QualityTools.Tips.UnitTest.ObjectModel, Version=11.0.0.0, Culture=neutral, PublicKeyToken=b03f5f7f11d50a3a" />
        <TestLink id="d527504e-456c-ed4a-8eba-7c20c18ba47d" name="HomePageValidationTest" storage="d:\github.com\nugetgallery\functionaltests\nugetgallery.functionaltests\bin\nugetgallery.functionaltests.dll" type="Microsoft.VisualStudio.TestTools.WebStress.CodedWebTestElement, Microsoft.VisualStudio.QualityTools.LoadTest,   PublicKeyToken=b03f5f7f11d50a3a" />
        <TestLink id="a1c602d9-292b-1042-380c-707cec091de9" name="LogonTest" storage="d:\github.com\nugetgallery\functionaltests\nugetgallery.functionaltests\bin\nugetgallery.functionaltests.dll" type="Microsoft.VisualStudio.TestTools.WebStress.CodedWebTestElement, Microsoft.VisualStudio.QualityTools.LoadTest,   PublicKeyToken=b03f5f7f11d50a3a" />
      </TestLinks>
    </TestList>
    <TestList name="AllHappyPathTests" id="b836686b-8922-4ce2-8bcc-bd368809954a" parentListId="8c43106b-9dc1-4907-a29f-aa66a61bf5b6">
      <TestLinks>
        <TestLink id="916d542f-9953-383f-a9cc-e87980667cf3" name="RestorePackageFromV2Feed" storage="d:\github.com\nugetgallery\functionaltests\nugetgallery.functionaltests\bin\nugetgallery.functionaltests.dll" type="Microsoft.VisualStudio.TestTools.TestTypes.Unit.UnitTestElement, Microsoft.VisualStudio.QualityTools.Tips.UnitTest.ObjectModel, Version=11.0.0.0, Culture=neutral, PublicKeyToken=b03f5f7f11d50a3a" />
        <TestLink id="04cd200b-33df-3564-ded5-686cdfe44f77" name="DownloadPackageWithNuGetCoreTest" storage="d:\github.com\nugetgallery\functionaltests\nugetgallery.functionaltests\bin\nugetgallery.functionaltests.dll" type="Microsoft.VisualStudio.TestTools.TestTypes.Unit.UnitTestElement, Microsoft.VisualStudio.QualityTools.Tips.UnitTest.ObjectModel, Version=11.0.0.0, Culture=neutral, PublicKeyToken=b03f5f7f11d50a3a" />
        <TestLink id="0449da0f-5881-ffca-f9d0-f7c0ad709071" name="UploadPackageWithoutLoginTest" storage="d:\github.com\nugetgallery\functionaltests\nugetgallery.functionaltests\bin\nugetgallery.functionaltests.dll" type="Microsoft.VisualStudio.TestTools.WebStress.CodedWebTestElement, Microsoft.VisualStudio.QualityTools.LoadTest,   PublicKeyToken=b03f5f7f11d50a3a" />
        <TestLink id="42a9bfc6-ed87-df50-c848-82aca2c8fd0d" name="ManagePackagesPageTest" storage="d:\github.com\nugetgallery\functionaltests\nugetgallery.functionaltests\bin\nugetgallery.functionaltests.dll" type="Microsoft.VisualStudio.TestTools.WebStress.CodedWebTestElement, Microsoft.VisualStudio.QualityTools.LoadTest,   PublicKeyToken=b03f5f7f11d50a3a" />
        <TestLink id="428c8a13-f822-cffc-6ae0-78452d15e1fb" name="RegisterNewUserTest" storage="d:\github.com\nugetgallery\functionaltests\nugetgallery.functionaltests\bin\nugetgallery.functionaltests.dll" type="Microsoft.VisualStudio.TestTools.WebStress.CodedWebTestElement, Microsoft.VisualStudio.QualityTools.LoadTest,   PublicKeyToken=b03f5f7f11d50a3a" />
        <TestLink id="a6f81ddd-4476-9109-b107-ff9673898e71" name="ContactOwnerTest" storage="d:\github.com\nugetgallery\functionaltests\nugetgallery.functionaltests\bin\nugetgallery.functionaltests.dll" type="Microsoft.VisualStudio.TestTools.WebStress.CodedWebTestElement, Microsoft.VisualStudio.QualityTools.LoadTest,   PublicKeyToken=b03f5f7f11d50a3a" />
        <TestLink id="f206f30d-af4b-ae66-9032-732bc03336c1" name="DownPackageWithNuGetCommandLineTest" storage="d:\github.com\nugetgallery\functionaltests\nugetgallery.functionaltests\bin\nugetgallery.functionaltests.dll" type="Microsoft.VisualStudio.TestTools.TestTypes.Unit.UnitTestElement, Microsoft.VisualStudio.QualityTools.Tips.UnitTest.ObjectModel, Version=11.0.0.0, Culture=neutral, PublicKeyToken=b03f5f7f11d50a3a" />
        <TestLink id="d527504e-456c-ed4a-8eba-7c20c18ba47d" name="HomePageValidationTest" storage="d:\github.com\nugetgallery\functionaltests\nugetgallery.functionaltests\bin\nugetgallery.functionaltests.dll" type="Microsoft.VisualStudio.TestTools.WebStress.CodedWebTestElement, Microsoft.VisualStudio.QualityTools.LoadTest,   PublicKeyToken=b03f5f7f11d50a3a" />
        <TestLink id="9387a1a2-3523-2e44-8030-533d344923cf" name="DeletePackageTest" storage="d:\github.com\nugetgallery\functionaltests\nugetgallery.functionaltests\bin\nugetgallery.functionaltests.dll" type="Microsoft.VisualStudio.TestTools.WebStress.CodedWebTestElement, Microsoft.VisualStudio.QualityTools.LoadTest,   PublicKeyToken=b03f5f7f11d50a3a" />
        <TestLink id="80baf145-2a87-1c50-450f-57e4de9d3b4f" name="UploadPackageFromUI" storage="d:\github.com\nugetgallery\functionaltests\nugetgallery.functionaltests\bin\nugetgallery.functionaltests.dll" type="Microsoft.VisualStudio.TestTools.WebStress.CodedWebTestElement, Microsoft.VisualStudio.QualityTools.LoadTest,   PublicKeyToken=b03f5f7f11d50a3a" />
        <TestLink id="5ceca307-8fd2-e863-65bb-d8151e5dafba" name="PackagesPageTest" storage="d:\github.com\nugetgallery\functionaltests\nugetgallery.functionaltests\bin\nugetgallery.functionaltests.dll" type="Microsoft.VisualStudio.TestTools.WebStress.CodedWebTestElement, Microsoft.VisualStudio.QualityTools.LoadTest,   PublicKeyToken=b03f5f7f11d50a3a" />
        <TestLink id="02d43bf4-c2fb-43fb-6999-a16887a86fa6" name="GetUpdatesTest" storage="d:\github.com\nugetgallery\functionaltests\nugetgallery.functionaltests\bin\nugetgallery.functionaltests.dll" type="Microsoft.VisualStudio.TestTools.TestTypes.Unit.UnitTestElement, Microsoft.VisualStudio.QualityTools.Tips.UnitTest.ObjectModel, Version=11.0.0.0, Culture=neutral, PublicKeyToken=b03f5f7f11d50a3a" />
        <TestLink id="5d62a4b0-dcba-4028-434b-2b747b4c411f" name="UploadMultipleVersionOfPackage" storage="d:\github.com\nugetgallery\functionaltests\nugetgallery.functionaltests\bin\nugetgallery.functionaltests.dll" type="Microsoft.VisualStudio.TestTools.TestTypes.Unit.UnitTestElement, Microsoft.VisualStudio.QualityTools.Tips.UnitTest.ObjectModel, Version=11.0.0.0, Culture=neutral, PublicKeyToken=b03f5f7f11d50a3a" />
        <TestLink id="baeffb56-e5a3-71a3-dcf4-ca714ba14856" name="UploadPackageWithNuGetCommandLineTest" storage="d:\github.com\nugetgallery\functionaltests\nugetgallery.functionaltests\bin\nugetgallery.functionaltests.dll" type="Microsoft.VisualStudio.TestTools.TestTypes.Unit.UnitTestElement, Microsoft.VisualStudio.QualityTools.Tips.UnitTest.ObjectModel, Version=11.0.0.0, Culture=neutral, PublicKeyToken=b03f5f7f11d50a3a" />
        <TestLink id="cc44bdbd-ce3e-69f6-f020-1fcb65293738" name="DownloadPackageFromV2Feed" storage="d:\github.com\nugetgallery\functionaltests\nugetgallery.functionaltests\bin\nugetgallery.functionaltests.dll" type="Microsoft.VisualStudio.TestTools.TestTypes.Unit.UnitTestElement, Microsoft.VisualStudio.QualityTools.Tips.UnitTest.ObjectModel, Version=11.0.0.0, Culture=neutral, PublicKeyToken=b03f5f7f11d50a3a" />
        <TestLink id="2a6c6363-3869-0c15-2d51-409738bef970" name="FindPackagesByIdTest" storage="d:\github.com\nugetgallery\functionaltests\nugetgallery.functionaltests\bin\nugetgallery.functionaltests.dll" type="Microsoft.VisualStudio.TestTools.TestTypes.Unit.UnitTestElement, Microsoft.VisualStudio.QualityTools.Tips.UnitTest.ObjectModel, Version=11.0.0.0, Culture=neutral, PublicKeyToken=b03f5f7f11d50a3a" />
        <TestLink id="a1c602d9-292b-1042-380c-707cec091de9" name="LogonTest" storage="d:\github.com\nugetgallery\functionaltests\nugetgallery.functionaltests\bin\nugetgallery.functionaltests.dll" type="Microsoft.VisualStudio.TestTools.WebStress.CodedWebTestElement, Microsoft.VisualStudio.QualityTools.LoadTest,   PublicKeyToken=b03f5f7f11d50a3a" />
      </TestLinks>
    </TestList>
    <TestList name="All Loaded Results" id="19431567-8539-422a-85d7-44ee4e166bda" />
    <TestList name="Lists of Results" id="8c43106b-9dc1-4907-a29f-aa66a61bf5b6" />
  </TestLists>
  <TestEntries>
    <TestEntry testId="916d542f-9953-383f-a9cc-e87980667cf3" executionId="70654417-1e87-40de-8f56-ba1e67424bf4" testListId="01372d05-1ac1-4f00-ac37-5ca977686e4e" />
    <TestEntry isTransparent="false" testId="a1c602d9-292b-1042-380c-707cec091de9" executionId="6b66af8d-cc87-4765-90fe-5fa75e0cacd4" testListId="01372d05-1ac1-4f00-ac37-5ca977686e4e" />
    <TestEntry isTransparent="false" testId="80baf145-2a87-1c50-450f-57e4de9d3b4f" executionId="03965a2c-b729-4742-b155-1422587a1132" testListId="01372d05-1ac1-4f00-ac37-5ca977686e4e" />
    <TestEntry testId="cc44bdbd-ce3e-69f6-f020-1fcb65293738" executionId="d2ae816a-85ff-4f61-a9a0-81b93c514038" testListId="01372d05-1ac1-4f00-ac37-5ca977686e4e" />
    <TestEntry isTransparent="false" testId="d527504e-456c-ed4a-8eba-7c20c18ba47d" executionId="e6c9d7f4-88c9-473c-a7f7-cc141c678c09" testListId="01372d05-1ac1-4f00-ac37-5ca977686e4e" />
    <TestEntry isTransparent="false" testId="5ceca307-8fd2-e863-65bb-d8151e5dafba" executionId="00a4c2a4-29b1-4a0d-a867-7fb97069a5e5" testListId="b836686b-8922-4ce2-8bcc-bd368809954a" />
    <TestEntry isTransparent="false" testId="80baf145-2a87-1c50-450f-57e4de9d3b4f" executionId="46c5705d-a7b4-4529-97c1-2fa260f3c228" testListId="b836686b-8922-4ce2-8bcc-bd368809954a" />
    <TestEntry isTransparent="false" testId="42a9bfc6-ed87-df50-c848-82aca2c8fd0d" executionId="d9353202-19bf-44a5-a459-5a553a607361" testListId="b836686b-8922-4ce2-8bcc-bd368809954a" />
    <TestEntry isTransparent="false" testId="a1c602d9-292b-1042-380c-707cec091de9" executionId="7fb8917f-b42c-47a3-8e86-166e5de8db7e" testListId="b836686b-8922-4ce2-8bcc-bd368809954a" />
    <TestEntry testId="2a6c6363-3869-0c15-2d51-409738bef970" executionId="601b0834-a8d0-4b96-91a1-e6e15ca7859b" testListId="b836686b-8922-4ce2-8bcc-bd368809954a" />
    <TestEntry isTransparent="false" testId="a6f81ddd-4476-9109-b107-ff9673898e71" executionId="e97fbc74-729c-4d41-8a28-493f20b01440" testListId="b836686b-8922-4ce2-8bcc-bd368809954a" />
    <TestEntry testId="cc44bdbd-ce3e-69f6-f020-1fcb65293738" executionId="49783cb1-a2f3-4481-8dcb-b4319879aae0" testListId="b836686b-8922-4ce2-8bcc-bd368809954a" />
    <TestEntry testId="916d542f-9953-383f-a9cc-e87980667cf3" executionId="62e1ae34-16f6-43d3-9619-6543f2097a69" testListId="b836686b-8922-4ce2-8bcc-bd368809954a" />
    <TestEntry isTransparent="false" testId="d527504e-456c-ed4a-8eba-7c20c18ba47d" executionId="0cb6e4eb-eb65-46bc-b00c-94ef67507ade" testListId="b836686b-8922-4ce2-8bcc-bd368809954a" />
    <TestEntry testId="baeffb56-e5a3-71a3-dcf4-ca714ba14856" executionId="049ff911-bd7e-46ca-b16f-e9d4f63bbc4b" testListId="b836686b-8922-4ce2-8bcc-bd368809954a" />
    <TestEntry testId="02d43bf4-c2fb-43fb-6999-a16887a86fa6" executionId="35c4337a-2765-47f0-8765-7c1577cb7168" testListId="b836686b-8922-4ce2-8bcc-bd368809954a" />
    <TestEntry testId="f206f30d-af4b-ae66-9032-732bc03336c1" executionId="d40b7784-8f3f-44db-b7fb-c9d6039a4504" testListId="b836686b-8922-4ce2-8bcc-bd368809954a" />
    <TestEntry isTransparent="false" testId="0449da0f-5881-ffca-f9d0-f7c0ad709071" executionId="4a408f99-ded8-46e1-9311-b6d186ad150e" testListId="b836686b-8922-4ce2-8bcc-bd368809954a" />
    <TestEntry isTransparent="false" testId="428c8a13-f822-cffc-6ae0-78452d15e1fb" executionId="4d365f0a-b6b5-43d3-82ce-6dc5ba11a3fd" testListId="b836686b-8922-4ce2-8bcc-bd368809954a" />
    <TestEntry testId="5d62a4b0-dcba-4028-434b-2b747b4c411f" executionId="8fbeebc2-23c1-44bd-b3a2-8d350b7c35ea" testListId="b836686b-8922-4ce2-8bcc-bd368809954a" />
    <TestEntry isTransparent="false" testId="9387a1a2-3523-2e44-8030-533d344923cf" executionId="5d6d2b2d-7ad2-436c-81f5-14d0c3d69ebf" testListId="b836686b-8922-4ce2-8bcc-bd368809954a" />
    <TestEntry testId="04cd200b-33df-3564-ded5-686cdfe44f77" executionId="f0eb6d8e-bf49-459d-8999-8e2f0391623b" testListId="b836686b-8922-4ce2-8bcc-bd368809954a" />
    <TestEntry isTransparent="false" testId="9ad6e2e2-a082-8088-00f6-e05079fd89a0" executionId="bb8d76ba-db4c-449d-a668-cdc7dc1819cf" testListId="f9b8ac1f-7978-4738-afc2-6918b063e5c3" />
    <TestEntry isTransparent="false" testId="a1c602d9-292b-1042-380c-707cec091de9" executionId="b78d3b6d-bcea-4205-8c14-8322aa2dae80" testListId="f9b8ac1f-7978-4738-afc2-6918b063e5c3" />
    <TestEntry testId="f206f30d-af4b-ae66-9032-732bc03336c1" executionId="20c208ea-92ad-4766-b1cb-39ec6eeee138" testListId="f9b8ac1f-7978-4738-afc2-6918b063e5c3" />
    <TestEntry isTransparent="false" testId="c320789f-a801-c187-e7d8-0f17b24ff835" executionId="9604a0b5-56d9-4e10-b141-0a3d5bdbfa57" testListId="f9b8ac1f-7978-4738-afc2-6918b063e5c3" />
    <TestEntry testId="04cd200b-33df-3564-ded5-686cdfe44f77" executionId="20fc1500-8a6c-45d3-9689-10f5fad122ce" testListId="f9b8ac1f-7978-4738-afc2-6918b063e5c3" />
    <TestEntry isTransparent="false" testId="d527504e-456c-ed4a-8eba-7c20c18ba47d" executionId="a04c126b-772a-4df2-a042-d86fae34bd66" testListId="f9b8ac1f-7978-4738-afc2-6918b063e5c3" />
    <TestEntry testId="38905457-2302-9ddf-ad04-3107d5b18355" executionId="a51522a5-e103-446a-a7d9-5a07b1d7ed10" testListId="8c84fa94-04c1-424b-9868-57a2d4851a1d" />
    <TestEntry testId="aedace0f-10de-70d5-5e45-b7227987df86" executionId="12542c76-2c6a-41e0-b3d8-75e64c35d20e" testListId="8c84fa94-04c1-424b-9868-57a2d4851a1d" />
    <TestEntry testId="2653a81d-b439-f73a-c036-efc0ec29de69" executionId="4e6d3e64-1b54-471a-b8df-e6766c83cd18" testListId="8c84fa94-04c1-424b-9868-57a2d4851a1d" />
    <TestEntry testId="e40da15b-eedb-5ba3-88d7-9972079c30a6" executionId="45b671cc-730c-4d66-b0f4-d0a435a55d2d" testListId="8c84fa94-04c1-424b-9868-57a2d4851a1d" />
    <TestEntry testId="4808abb0-e068-dde3-e6bf-b1a137b6f0f9" executionId="75a592a7-69b3-4dce-a900-cc257ad965d3" testListId="8c84fa94-04c1-424b-9868-57a2d4851a1d" />
    <TestEntry isTransparent="false" testId="5d66c021-336a-34c0-9414-19ea84bd29bc" executionId="2f0ce5f2-1bf3-4e84-bfa1-42286b91979c" testListId="8c84fa94-04c1-424b-9868-57a2d4851a1d" />
    <TestEntry isTransparent="false" testId="d53feaf3-be7c-3e85-2afa-d33fc0e450a3" executionId="5aa0652e-6ae2-403b-a9f5-de1b637b4107" testListId="8c84fa94-04c1-424b-9868-57a2d4851a1d" />
    <TestEntry isTransparent="false" testId="e95ef3f5-4ae2-36dc-5d98-7ace7daaf2ea" executionId="f09d7ac3-6306-4204-9a1a-714d50276ace" testListId="8c84fa94-04c1-424b-9868-57a2d4851a1d" />
    <TestEntry isTransparent="false" testId="336cce10-fc9c-411f-b491-c5f9f404e7b7" executionId="5f71f670-97b5-45d5-8750-a3dab639d3b4" testListId="8c84fa94-04c1-424b-9868-57a2d4851a1d" />
    <TestEntry isTransparent="false" testId="340e6bba-7e3d-842d-7ee1-669ddc667c0c" executionId="c50c365c-f863-4f6c-bac8-ebb00a21e7dc" testListId="8c84fa94-04c1-424b-9868-57a2d4851a1d" />
    <TestEntry isTransparent="false" testId="6c390634-83d7-955a-87c4-b41e59b8d7ae" executionId="6c051c8e-3c3d-4bff-beca-06b5b4c9ed50" testListId="8c84fa94-04c1-424b-9868-57a2d4851a1d" />
  </TestEntries>
  <Results>
    <UnitTestResult executionId="70654417-1e87-40de-8f56-ba1e67424bf4" testId="916d542f-9953-383f-a9cc-e87980667cf3" testName="RestorePackageFromV2Feed" computerName="CLAYCO7" duration="00:00:01.0540561" startTime="2013-04-22T18:34:42.2989466-07:00" endTime="2013-04-22T18:34:44.7520899-07:00" testType="13cdc9d9-ddb5-4fa4-a97d-d965ccfc6d4b" outcome="Passed" testListId="01372d05-1ac1-4f00-ac37-5ca977686e4e" relativeResultsDirectory="70654417-1e87-40de-8f56-ba1e67424bf4">
    </UnitTestResult>
    <WebTestResult executionId="6b66af8d-cc87-4765-90fe-5fa75e0cacd4" testId="a1c602d9-292b-1042-380c-707cec091de9" testName="LogonTest" computerName="CLAYCO7" duration="00:00:01.2868415" startTime="2013-04-22T18:34:44.7989658-07:00" endTime="2013-04-22T18:34:56.6501087-07:00" testType="37e36796-fb51-4610-8d5c-e00ceaa68b9f" outcome="Failed" testListId="01372d05-1ac1-4f00-ac37-5ca977686e4e" relativeResultsDirectory="6b66af8d-cc87-4765-90fe-5fa75e0cacd4">
      <Output>
        <ErrorInfo>
          <Message>1 primary requests, 0 dependant requests and 0 conditional rules failed</Message>
        </ErrorInfo>
      </Output>
      <ResultFiles>
        <ResultFile path="LogonTest.webtestResult" />
      </ResultFiles>
      <TestSettings name="Local" id="62f583f0-2eca-4773-bed0-474a13faad76">
        <Description>These are default test settings for a local test run.</Description>
        <Deployment userDeploymentRoot="." useDefaultDeploymentRoot="false" runDeploymentRoot="TestResults[43]">
          <DeploymentItem filename=".nuget\NuGet.Config" />
          <DeploymentItem filename=".nuget\NuGet.exe" />
          <DeploymentItem filename=".nuget\NuGet.targets" />
        </Deployment>
        <NamingScheme baseName="TestResults" appendTimeStamp="false" useDefault="false" />
        <Execution>
          <TestTypeSpecific>
            <UnitTestRunConfig testTypeId="13cdc9d9-ddb5-4fa4-a97d-d965ccfc6d4b">
              <AssemblyResolution>
                <TestDirectory useLoadContext="true" />
              </AssemblyResolution>
            </UnitTestRunConfig>
            <WebTestRunConfiguration testTypeId="4e7599fa-5ecb-43e9-a887-cd63cf72d207">
              <Browser name="Internet Explorer 9.0" MaxConnections="6">
                <Headers>
                  <Header name="User-Agent" value="Mozilla/5.0 (compatible; MSIE 9.0; Windows NT 6.1; Trident/5.0)" />
                  <Header name="Accept" value="*/*" />
                  <Header name="Accept-Language" value="{{$IEAcceptLanguage}}" />
                  <Header name="Accept-Encoding" value="GZIP" />
                </Headers>
              </Browser>
            </WebTestRunConfiguration>
          </TestTypeSpecific>
          <AgentRule name="LocalMachineDefaultRole">
          </AgentRule>
        </Execution>
      </TestSettings>
      <WebTestResultFilePath>TestResults[43]\In\6b66af8d-cc87-4765-90fe-5fa75e0cacd4\LogonTest.webtestResult</WebTestResultFilePath>
    </WebTestResult>
    <WebTestResult executionId="03965a2c-b729-4742-b155-1422587a1132" testId="80baf145-2a87-1c50-450f-57e4de9d3b4f" testName="UploadPackageFromUI" computerName="CLAYCO7" duration="00:00:02.8507129" startTime="2013-04-22T18:34:56.6501087-07:00" endTime="2013-04-22T18:34:59.5064173-07:00" testType="37e36796-fb51-4610-8d5c-e00ceaa68b9f" testListId="01372d05-1ac1-4f00-ac37-5ca977686e4e" relativeResultsDirectory="03965a2c-b729-4742-b155-1422587a1132">
      <Output>
        <ErrorInfo>
          <Message>Exception occurred: There is no context parameter with the name '$HIDDEN1.Listed' in the WebTestContext</Message>
          <StackTrace>   at Microsoft.VisualStudio.TestTools.WebTesting.WebTestContext.get_Item(String key)
   at NuGetGallery.FunctionalTests.AssertAndValidationHelper.GetVerifyPackagePostRequestForPackage(WebTest test, String packageId, String packageVersion) in d:\github.com\NuGetGallery\FunctionalTests\NuGetGallery.FunctionalTests\WebUITests\AssertAndValidationHelper.cs:line 145
   at NuGetGallery.FunctionalTests.UploadPackageFromUI.&lt;GetRequestEnumerator&gt;d__0.MoveNext() in d:\github.com\NuGetGallery\FunctionalTests\NuGetGallery.FunctionalTests\WebUITests\UploadAndDownload\UploadPackageFromUI.cs:line 53
   at Microsoft.VisualStudio.TestTools.WebStress.WebTestCaseVariation.ExecuteNextTopLevelRequest()</StackTrace>
        </ErrorInfo>
      </Output>
      <ResultFiles>
        <ResultFile path="UploadPackageFromUI.webtestResult" />
      </ResultFiles>
      <TestSettings name="Local" id="62f583f0-2eca-4773-bed0-474a13faad76">
        <Description>These are default test settings for a local test run.</Description>
        <Deployment userDeploymentRoot="." useDefaultDeploymentRoot="false" runDeploymentRoot="TestResults[43]">
          <DeploymentItem filename=".nuget\NuGet.Config" />
          <DeploymentItem filename=".nuget\NuGet.exe" />
          <DeploymentItem filename=".nuget\NuGet.targets" />
        </Deployment>
        <NamingScheme baseName="TestResults" appendTimeStamp="false" useDefault="false" />
        <Execution>
          <TestTypeSpecific>
            <UnitTestRunConfig testTypeId="13cdc9d9-ddb5-4fa4-a97d-d965ccfc6d4b">
              <AssemblyResolution>
                <TestDirectory useLoadContext="true" />
              </AssemblyResolution>
            </UnitTestRunConfig>
            <WebTestRunConfiguration testTypeId="4e7599fa-5ecb-43e9-a887-cd63cf72d207">
              <Browser name="Internet Explorer 9.0" MaxConnections="6">
                <Headers>
                  <Header name="User-Agent" value="Mozilla/5.0 (compatible; MSIE 9.0; Windows NT 6.1; Trident/5.0)" />
                  <Header name="Accept" value="*/*" />
                  <Header name="Accept-Language" value="en-US,en;q=0.8,zh-Hans-CN;q=0.5,zh-Hans;q=0.3" />
                  <Header name="Accept-Encoding" value="GZIP" />
                </Headers>
              </Browser>
            </WebTestRunConfiguration>
          </TestTypeSpecific>
          <AgentRule name="LocalMachineDefaultRole">
          </AgentRule>
        </Execution>
      </TestSettings>
      <WebTestResultFilePath>TestResults[43]\In\03965a2c-b729-4742-b155-1422587a1132\UploadPackageFromUI.webtestResult</WebTestResultFilePath>
    </WebTestResult>
    <UnitTestResult executionId="d2ae816a-85ff-4f61-a9a0-81b93c514038" testId="cc44bdbd-ce3e-69f6-f020-1fcb65293738" testName="DownloadPackageFromV2Feed" computerName="CLAYCO7" duration="00:00:00.2399792" startTime="2013-04-22T18:34:59.5074186-07:00" endTime="2013-04-22T18:34:59.7496084-07:00" testType="13cdc9d9-ddb5-4fa4-a97d-d965ccfc6d4b" outcome="Passed" testListId="01372d05-1ac1-4f00-ac37-5ca977686e4e" relativeResultsDirectory="d2ae816a-85ff-4f61-a9a0-81b93c514038">
    </UnitTestResult>
    <WebTestResult executionId="e6c9d7f4-88c9-473c-a7f7-cc141c678c09" testId="d527504e-456c-ed4a-8eba-7c20c18ba47d" testName="HomePageValidationTest" computerName="CLAYCO7" duration="00:00:00.5948023" startTime="2013-04-22T18:34:59.7516094-07:00" endTime="2013-04-22T18:35:00.3407533-07:00" testType="37e36796-fb51-4610-8d5c-e00ceaa68b9f" outcome="Passed" testListId="01372d05-1ac1-4f00-ac37-5ca977686e4e" relativeResultsDirectory="e6c9d7f4-88c9-473c-a7f7-cc141c678c09">
      <ResultFiles>
        <ResultFile path="HomePageValidationTest.webtestResult" />
      </ResultFiles>
      <TestSettings name="Local" id="62f583f0-2eca-4773-bed0-474a13faad76">
        <Description>These are default test settings for a local test run.</Description>
        <Deployment userDeploymentRoot="." useDefaultDeploymentRoot="false" runDeploymentRoot="TestResults[43]">
          <DeploymentItem filename=".nuget\NuGet.Config" />
          <DeploymentItem filename=".nuget\NuGet.exe" />
          <DeploymentItem filename=".nuget\NuGet.targets" />
        </Deployment>
        <NamingScheme baseName="TestResults" appendTimeStamp="false" useDefault="false" />
        <Execution>
          <TestTypeSpecific>
            <UnitTestRunConfig testTypeId="13cdc9d9-ddb5-4fa4-a97d-d965ccfc6d4b">
              <AssemblyResolution>
                <TestDirectory useLoadContext="true" />
              </AssemblyResolution>
            </UnitTestRunConfig>
            <WebTestRunConfiguration testTypeId="4e7599fa-5ecb-43e9-a887-cd63cf72d207">
              <Browser name="Internet Explorer 9.0" MaxConnections="6">
                <Headers>
                  <Header name="User-Agent" value="Mozilla/5.0 (compatible; MSIE 9.0; Windows NT 6.1; Trident/5.0)" />
                  <Header name="Accept" value="*/*" />
                  <Header name="Accept-Language" value="en-US,en;q=0.8,zh-Hans-CN;q=0.5,zh-Hans;q=0.3" />
                  <Header name="Accept-Encoding" value="GZIP" />
                </Headers>
              </Browser>
            </WebTestRunConfiguration>
          </TestTypeSpecific>
          <AgentRule name="LocalMachineDefaultRole">
          </AgentRule>
        </Execution>
      </TestSettings>
      <WebTestResultFilePath>TestResults[43]\In\e6c9d7f4-88c9-473c-a7f7-cc141c678c09\HomePageValidationTest.webtestResult</WebTestResultFilePath>
    </WebTestResult>
    <WebTestResult executionId="00a4c2a4-29b1-4a0d-a867-7fb97069a5e5" testId="5ceca307-8fd2-e863-65bb-d8151e5dafba" testName="PackagesPageTest" computerName="CLAYCO7" duration="00:00:01.4473544" startTime="2013-04-22T18:35:00.3407533-07:00" endTime="2013-04-22T18:35:01.7938946-07:00" testType="37e36796-fb51-4610-8d5c-e00ceaa68b9f" outcome="Passed" testListId="b836686b-8922-4ce2-8bcc-bd368809954a" relativeResultsDirectory="00a4c2a4-29b1-4a0d-a867-7fb97069a5e5">
      <ResultFiles>
        <ResultFile path="PackagesPageTest.webtestResult" />
      </ResultFiles>
      <TestSettings name="Local" id="62f583f0-2eca-4773-bed0-474a13faad76">
        <Description>These are default test settings for a local test run.</Description>
        <Deployment userDeploymentRoot="." useDefaultDeploymentRoot="false" runDeploymentRoot="TestResults[43]">
          <DeploymentItem filename=".nuget\NuGet.Config" />
          <DeploymentItem filename=".nuget\NuGet.exe" />
          <DeploymentItem filename=".nuget\NuGet.targets" />
        </Deployment>
        <NamingScheme baseName="TestResults" appendTimeStamp="false" useDefault="false" />
        <Execution>
          <TestTypeSpecific>
            <UnitTestRunConfig testTypeId="13cdc9d9-ddb5-4fa4-a97d-d965ccfc6d4b">
              <AssemblyResolution>
                <TestDirectory useLoadContext="true" />
              </AssemblyResolution>
            </UnitTestRunConfig>
            <WebTestRunConfiguration testTypeId="4e7599fa-5ecb-43e9-a887-cd63cf72d207">
              <Browser name="Internet Explorer 9.0" MaxConnections="6">
                <Headers>
                  <Header name="User-Agent" value="Mozilla/5.0 (compatible; MSIE 9.0; Windows NT 6.1; Trident/5.0)" />
                  <Header name="Accept" value="*/*" />
                  <Header name="Accept-Language" value="en-US,en;q=0.8,zh-Hans-CN;q=0.5,zh-Hans;q=0.3" />
                  <Header name="Accept-Encoding" value="GZIP" />
                </Headers>
              </Browser>
            </WebTestRunConfiguration>
          </TestTypeSpecific>
          <AgentRule name="LocalMachineDefaultRole">
          </AgentRule>
        </Execution>
      </TestSettings>
      <WebTestResultFilePath>TestResults[43]\In\00a4c2a4-29b1-4a0d-a867-7fb97069a5e5\PackagesPageTest.webtestResult</WebTestResultFilePath>
    </WebTestResult>
    <WebTestResult executionId="46c5705d-a7b4-4529-97c1-2fa260f3c228" testId="80baf145-2a87-1c50-450f-57e4de9d3b4f" testName="UploadPackageFromUI" computerName="CLAYCO7" duration="00:00:02.7609422" startTime="2013-04-22T18:35:01.7938946-07:00" endTime="2013-04-22T18:35:04.5595386-07:00" testType="37e36796-fb51-4610-8d5c-e00ceaa68b9f" testListId="b836686b-8922-4ce2-8bcc-bd368809954a" relativeResultsDirectory="46c5705d-a7b4-4529-97c1-2fa260f3c228">
      <Output>
        <ErrorInfo>
          <Message>Exception occurred: There is no context parameter with the name '$HIDDEN1.Listed' in the WebTestContext</Message>
          <StackTrace>   at Microsoft.VisualStudio.TestTools.WebTesting.WebTestContext.get_Item(String key)
   at NuGetGallery.FunctionalTests.AssertAndValidationHelper.GetVerifyPackagePostRequestForPackage(WebTest test, String packageId, String packageVersion) in d:\github.com\NuGetGallery\FunctionalTests\NuGetGallery.FunctionalTests\WebUITests\AssertAndValidationHelper.cs:line 145
   at NuGetGallery.FunctionalTests.UploadPackageFromUI.&lt;GetRequestEnumerator&gt;d__0.MoveNext() in d:\github.com\NuGetGallery\FunctionalTests\NuGetGallery.FunctionalTests\WebUITests\UploadAndDownload\UploadPackageFromUI.cs:line 53
   at Microsoft.VisualStudio.TestTools.WebStress.WebTestCaseVariation.ExecuteNextTopLevelRequest()</StackTrace>
        </ErrorInfo>
      </Output>
      <ResultFiles>
        <ResultFile path="UploadPackageFromUI.webtestResult" />
      </ResultFiles>
      <TestSettings name="Local" id="62f583f0-2eca-4773-bed0-474a13faad76">
        <Description>These are default test settings for a local test run.</Description>
        <Deployment userDeploymentRoot="." useDefaultDeploymentRoot="false" runDeploymentRoot="TestResults[43]">
          <DeploymentItem filename=".nuget\NuGet.Config" />
          <DeploymentItem filename=".nuget\NuGet.exe" />
          <DeploymentItem filename=".nuget\NuGet.targets" />
        </Deployment>
        <NamingScheme baseName="TestResults" appendTimeStamp="false" useDefault="false" />
        <Execution>
          <TestTypeSpecific>
            <UnitTestRunConfig testTypeId="13cdc9d9-ddb5-4fa4-a97d-d965ccfc6d4b">
              <AssemblyResolution>
                <TestDirectory useLoadContext="true" />
              </AssemblyResolution>
            </UnitTestRunConfig>
            <WebTestRunConfiguration testTypeId="4e7599fa-5ecb-43e9-a887-cd63cf72d207">
              <Browser name="Internet Explorer 9.0" MaxConnections="6">
                <Headers>
                  <Header name="User-Agent" value="Mozilla/5.0 (compatible; MSIE 9.0; Windows NT 6.1; Trident/5.0)" />
                  <Header name="Accept" value="*/*" />
                  <Header name="Accept-Language" value="en-US,en;q=0.8,zh-Hans-CN;q=0.5,zh-Hans;q=0.3" />
                  <Header name="Accept-Encoding" value="GZIP" />
                </Headers>
              </Browser>
            </WebTestRunConfiguration>
          </TestTypeSpecific>
          <AgentRule name="LocalMachineDefaultRole">
          </AgentRule>
        </Execution>
      </TestSettings>
      <WebTestResultFilePath>TestResults[43]\In\46c5705d-a7b4-4529-97c1-2fa260f3c228\UploadPackageFromUI.webtestResult</WebTestResultFilePath>
    </WebTestResult>
    <WebTestResult executionId="d9353202-19bf-44a5-a459-5a553a607361" testId="42a9bfc6-ed87-df50-c848-82aca2c8fd0d" testName="ManagePackagesPageTest" computerName="CLAYCO7" duration="00:00:01.2679459" startTime="2013-04-22T18:35:04.5595386-07:00" endTime="2013-04-22T18:35:05.8442299-07:00" testType="37e36796-fb51-4610-8d5c-e00ceaa68b9f" testListId="b836686b-8922-4ce2-8bcc-bd368809954a" relativeResultsDirectory="d9353202-19bf-44a5-a459-5a553a607361">
      <Output>
        <ErrorInfo>
          <Message>Exception occurred: Assert.IsTrue failed. The package upload via Nuget.exe didnt suceed properly. Check the logs to see the process error and output stream</Message>
          <StackTrace>   at Microsoft.VisualStudio.TestTools.UnitTesting.Assert.HandleFail(String assertionName, String message, Object[] parameters)
   at Microsoft.VisualStudio.TestTools.UnitTesting.Assert.IsTrue(Boolean condition, String message)
   at NuGetGallery.FunctionalTests.AssertAndValidationHelper.UploadNewPackageAndVerify(String packageId, String version) in d:\github.com\NuGetGallery\FunctionalTests\NuGetGallery.FunctionalTests\WebUITests\AssertAndValidationHelper.cs:line 170
   at NuGetGallery.FunctionalTests.WebUITests.PackageManagement.ManagePackagesPageTest.&lt;GetRequestEnumerator&gt;d__0.MoveNext() in d:\github.com\NuGetGallery\FunctionalTests\NuGetGallery.FunctionalTests\WebUITests\PackageManagement\ManagePackagesPageTest.cs:line 28
   at Microsoft.VisualStudio.TestTools.WebStress.WebTestCaseVariation.ExecuteNextTopLevelRequest()</StackTrace>
        </ErrorInfo>
      </Output>
      <ResultFiles>
        <ResultFile path="ManagePackagesPageTest.webtestResult" />
      </ResultFiles>
      <TestSettings name="Local" id="62f583f0-2eca-4773-bed0-474a13faad76">
        <Description>These are default test settings for a local test run.</Description>
        <Deployment userDeploymentRoot="." useDefaultDeploymentRoot="false" runDeploymentRoot="TestResults[43]">
          <DeploymentItem filename=".nuget\NuGet.Config" />
          <DeploymentItem filename=".nuget\NuGet.exe" />
          <DeploymentItem filename=".nuget\NuGet.targets" />
        </Deployment>
        <NamingScheme baseName="TestResults" appendTimeStamp="false" useDefault="false" />
        <Execution>
          <TestTypeSpecific>
            <UnitTestRunConfig testTypeId="13cdc9d9-ddb5-4fa4-a97d-d965ccfc6d4b">
              <AssemblyResolution>
                <TestDirectory useLoadContext="true" />
              </AssemblyResolution>
            </UnitTestRunConfig>
            <WebTestRunConfiguration testTypeId="4e7599fa-5ecb-43e9-a887-cd63cf72d207">
              <Browser name="Internet Explorer 9.0" MaxConnections="6">
                <Headers>
                  <Header name="User-Agent" value="Mozilla/5.0 (compatible; MSIE 9.0; Windows NT 6.1; Trident/5.0)" />
                  <Header name="Accept" value="*/*" />
                  <Header name="Accept-Language" value="en-US,en;q=0.8,zh-Hans-CN;q=0.5,zh-Hans;q=0.3" />
                  <Header name="Accept-Encoding" value="GZIP" />
                </Headers>
              </Browser>
            </WebTestRunConfiguration>
          </TestTypeSpecific>
          <AgentRule name="LocalMachineDefaultRole">
          </AgentRule>
        </Execution>
      </TestSettings>
      <WebTestResultFilePath>TestResults[43]\In\d9353202-19bf-44a5-a459-5a553a607361\ManagePackagesPageTest.webtestResult</WebTestResultFilePath>
    </WebTestResult>
    <WebTestResult executionId="7fb8917f-b42c-47a3-8e86-166e5de8db7e" testId="a1c602d9-292b-1042-380c-707cec091de9" testName="LogonTest" computerName="CLAYCO7" duration="00:00:00.8769976" startTime="2013-04-22T18:35:05.8472311-07:00" endTime="2013-04-22T18:35:07.2288116-07:00" testType="37e36796-fb51-4610-8d5c-e00ceaa68b9f" outcome="Failed" testListId="b836686b-8922-4ce2-8bcc-bd368809954a" relativeResultsDirectory="7fb8917f-b42c-47a3-8e86-166e5de8db7e">
      <Output>
        <ErrorInfo>
          <Message>1 primary requests, 0 dependant requests and 0 conditional rules failed</Message>
        </ErrorInfo>
      </Output>
      <ResultFiles>
        <ResultFile path="LogonTest.webtestResult" />
      </ResultFiles>
      <TestSettings name="Local" id="62f583f0-2eca-4773-bed0-474a13faad76">
        <Description>These are default test settings for a local test run.</Description>
        <Deployment userDeploymentRoot="." useDefaultDeploymentRoot="false" runDeploymentRoot="TestResults[43]">
          <DeploymentItem filename=".nuget\NuGet.Config" />
          <DeploymentItem filename=".nuget\NuGet.exe" />
          <DeploymentItem filename=".nuget\NuGet.targets" />
        </Deployment>
        <NamingScheme baseName="TestResults" appendTimeStamp="false" useDefault="false" />
        <Execution>
          <TestTypeSpecific>
            <UnitTestRunConfig testTypeId="13cdc9d9-ddb5-4fa4-a97d-d965ccfc6d4b">
              <AssemblyResolution>
                <TestDirectory useLoadContext="true" />
              </AssemblyResolution>
            </UnitTestRunConfig>
            <WebTestRunConfiguration testTypeId="4e7599fa-5ecb-43e9-a887-cd63cf72d207">
              <Browser name="Internet Explorer 9.0" MaxConnections="6">
                <Headers>
                  <Header name="User-Agent" value="Mozilla/5.0 (compatible; MSIE 9.0; Windows NT 6.1; Trident/5.0)" />
                  <Header name="Accept" value="*/*" />
                  <Header name="Accept-Language" value="en-US,en;q=0.8,zh-Hans-CN;q=0.5,zh-Hans;q=0.3" />
                  <Header name="Accept-Encoding" value="GZIP" />
                </Headers>
              </Browser>
            </WebTestRunConfiguration>
          </TestTypeSpecific>
          <AgentRule name="LocalMachineDefaultRole">
          </AgentRule>
        </Execution>
      </TestSettings>
      <WebTestResultFilePath>TestResults[43]\In\7fb8917f-b42c-47a3-8e86-166e5de8db7e\LogonTest.webtestResult</WebTestResultFilePath>
    </WebTestResult>
    <UnitTestResult executionId="601b0834-a8d0-4b96-91a1-e6e15ca7859b" testId="2a6c6363-3869-0c15-2d51-409738bef970" testName="FindPackagesByIdTest" computerName="CLAYCO7" duration="00:00:01.1577351" startTime="2013-04-22T18:35:07.2608362-07:00" endTime="2013-04-22T18:35:08.4093580-07:00" testType="13cdc9d9-ddb5-4fa4-a97d-d965ccfc6d4b" outcome="Failed" testListId="b836686b-8922-4ce2-8bcc-bd368809954a" relativeResultsDirectory="601b0834-a8d0-4b96-91a1-e6e15ca7859b">
      <Output>
        <StdOut>Created 'TestV2FeedFindPackagesById.635022525072628381.nuspec' successfully.


Attempting to build package from 'TestV2FeedFindPackagesById.635022525072628381.nuspec'.
Successfully created package 'D:\github.com\NuGetGallery\FunctionalTests\Scripts\TestResults[43]\Out\TestV2FeedFindPackagesById.635022525072628381\TestV2FeedFindPackagesById.635022525072628381.1.0.0.nupkg'.

WARNING: 4 issue(s) found with package 'TestV2FeedFindPackagesById.635022525072628381'.

Issue: Assembly not inside a framework folder.
Description: The assembly 'Lib\635022525075140344.dll' is placed directly under 'lib' folder. It is recommended that assemblies be placed inside a framework-specific folder.
Solution: Move it into a framework-specific folder. If this assembly is targeted for multiple frameworks, ignore this warning.

Issue: Remove sample nuspec values.
Description: The value "Tag1 Tag2" for Tags is a sample value and should be removed.
Solution: Replace with an appropriate value or remove and it and rebuild your package.

Issue: Remove sample nuspec values.
Description: The value "Summary of changes made in this release of the package." for ReleaseNotes is a sample value and should be removed.
Solution: Replace with an appropriate value or remove and it and rebuild your package.

Issue: Remove sample nuspec values.
Description: The value "Package description" for Description is a sample value and should be removed.
Solution: Replace with an appropriate value or remove and it and rebuild your package.

Failed to process request. 'The requested resource can only be accessed via SSL.'. 
The remote server returned an error: (403) Forbidden..

Pushing TestV2FeedFindPackagesById.635022525072628381 1.0.0 to 'http://nugetgallery-qa.cloudapp.net/api/v2/package/'...</StdOut>
        <ErrorInfo>
          <Message>Assert.IsTrue failed. The package upload via Nuget.exe didnt suceed properly. Check the logs to see the process error and output stream</Message>
          <StackTrace>   at NuGetGallery.FunctionalTests.AssertAndValidationHelper.UploadNewPackageAndVerify(String packageId, String version) in d:\github.com\NuGetGallery\FunctionalTests\NuGetGallery.FunctionalTests\WebUITests\AssertAndValidationHelper.cs:line 170
   at NuGetGallery.FunctionalTests.ODataTests.V2FeedTest.FindPackagesByIdTest() in d:\github.com\NuGetGallery\FunctionalTests\NuGetGallery.FunctionalTests\ODataTests\V2FeedExtendedTest.cs:line 22
</StackTrace>
        </ErrorInfo>
      </Output>
    </UnitTestResult>
    <WebTestResult executionId="e97fbc74-729c-4d41-8a28-493f20b01440" testId="a6f81ddd-4476-9109-b107-ff9673898e71" testName="ContactOwnerTest" computerName="CLAYCO7" duration="00:00:01.0580872" startTime="2013-04-22T18:35:08.4093580-07:00" endTime="2013-04-22T18:35:09.4718656-07:00" testType="37e36796-fb51-4610-8d5c-e00ceaa68b9f" testListId="b836686b-8922-4ce2-8bcc-bd368809954a" relativeResultsDirectory="e97fbc74-729c-4d41-8a28-493f20b01440">
      <Output>
        <ErrorInfo>
          <Message>Exception occurred: Assert.IsTrue failed. The package upload via Nuget.exe didnt suceed properly. Check the logs to see the process error and output stream</Message>
          <StackTrace>   at Microsoft.VisualStudio.TestTools.UnitTesting.Assert.HandleFail(String assertionName, String message, Object[] parameters)
   at Microsoft.VisualStudio.TestTools.UnitTesting.Assert.IsTrue(Boolean condition, String message)
   at NuGetGallery.FunctionalTests.AssertAndValidationHelper.UploadNewPackageAndVerify(String packageId, String version) in d:\github.com\NuGetGallery\FunctionalTests\NuGetGallery.FunctionalTests\WebUITests\AssertAndValidationHelper.cs:line 170
   at NuGetGallery.FunctionalTests.WebUITests.PackageManagement.ContactOwnerTest.&lt;GetRequestEnumerator&gt;d__0.MoveNext() in d:\github.com\NuGetGallery\FunctionalTests\NuGetGallery.FunctionalTests\WebUITests\PackageManagement\ContactOwnerTest.cs:line 24
   at Microsoft.VisualStudio.TestTools.WebStress.WebTestCaseVariation.ExecuteNextTopLevelRequest()</StackTrace>
        </ErrorInfo>
      </Output>
      <ResultFiles>
        <ResultFile path="ContactOwnerTest.webtestResult" />
      </ResultFiles>
      <TestSettings name="Local" id="62f583f0-2eca-4773-bed0-474a13faad76">
        <Description>These are default test settings for a local test run.</Description>
        <Deployment userDeploymentRoot="." useDefaultDeploymentRoot="false" runDeploymentRoot="TestResults[43]">
          <DeploymentItem filename=".nuget\NuGet.Config" />
          <DeploymentItem filename=".nuget\NuGet.exe" />
          <DeploymentItem filename=".nuget\NuGet.targets" />
        </Deployment>
        <NamingScheme baseName="TestResults" appendTimeStamp="false" useDefault="false" />
        <Execution>
          <TestTypeSpecific>
            <UnitTestRunConfig testTypeId="13cdc9d9-ddb5-4fa4-a97d-d965ccfc6d4b">
              <AssemblyResolution>
                <TestDirectory useLoadContext="true" />
              </AssemblyResolution>
            </UnitTestRunConfig>
            <WebTestRunConfiguration testTypeId="4e7599fa-5ecb-43e9-a887-cd63cf72d207">
              <Browser name="Internet Explorer 9.0" MaxConnections="6">
                <Headers>
                  <Header name="User-Agent" value="Mozilla/5.0 (compatible; MSIE 9.0; Windows NT 6.1; Trident/5.0)" />
                  <Header name="Accept" value="*/*" />
                  <Header name="Accept-Language" value="en-US,en;q=0.8,zh-Hans-CN;q=0.5,zh-Hans;q=0.3" />
                  <Header name="Accept-Encoding" value="GZIP" />
                </Headers>
              </Browser>
            </WebTestRunConfiguration>
          </TestTypeSpecific>
          <AgentRule name="LocalMachineDefaultRole">
          </AgentRule>
        </Execution>
      </TestSettings>
      <WebTestResultFilePath>TestResults[43]\In\e97fbc74-729c-4d41-8a28-493f20b01440\ContactOwnerTest.webtestResult</WebTestResultFilePath>
    </WebTestResult>
    <UnitTestResult executionId="49783cb1-a2f3-4481-8dcb-b4319879aae0" testId="cc44bdbd-ce3e-69f6-f020-1fcb65293738" testName="DownloadPackageFromV2Feed" computerName="CLAYCO7" duration="00:00:00.1965747" startTime="2013-04-22T18:35:09.4718656-07:00" endTime="2013-04-22T18:35:09.6749916-07:00" testType="13cdc9d9-ddb5-4fa4-a97d-d965ccfc6d4b" outcome="Passed" testListId="b836686b-8922-4ce2-8bcc-bd368809954a" relativeResultsDirectory="49783cb1-a2f3-4481-8dcb-b4319879aae0">
    </UnitTestResult>
    <UnitTestResult executionId="62e1ae34-16f6-43d3-9619-6543f2097a69" testId="916d542f-9953-383f-a9cc-e87980667cf3" testName="RestorePackageFromV2Feed" computerName="CLAYCO7" duration="00:00:00.2262693" startTime="2013-04-22T18:35:09.6749916-07:00" endTime="2013-04-22T18:35:09.9093724-07:00" testType="13cdc9d9-ddb5-4fa4-a97d-d965ccfc6d4b" outcome="Passed" testListId="b836686b-8922-4ce2-8bcc-bd368809954a" relativeResultsDirectory="62e1ae34-16f6-43d3-9619-6543f2097a69">
    </UnitTestResult>
    <WebTestResult executionId="0cb6e4eb-eb65-46bc-b00c-94ef67507ade" testId="d527504e-456c-ed4a-8eba-7c20c18ba47d" testName="HomePageValidationTest" computerName="CLAYCO7" duration="00:00:00.4973970" startTime="2013-04-22T18:35:09.9093724-07:00" endTime="2013-04-22T18:35:10.9162621-07:00" testType="37e36796-fb51-4610-8d5c-e00ceaa68b9f" outcome="Passed" testListId="b836686b-8922-4ce2-8bcc-bd368809954a" relativeResultsDirectory="0cb6e4eb-eb65-46bc-b00c-94ef67507ade">
      <ResultFiles>
        <ResultFile path="HomePageValidationTest.webtestResult" />
      </ResultFiles>
      <TestSettings name="Local" id="62f583f0-2eca-4773-bed0-474a13faad76">
        <Description>These are default test settings for a local test run.</Description>
        <Deployment userDeploymentRoot="." useDefaultDeploymentRoot="false" runDeploymentRoot="TestResults[43]">
          <DeploymentItem filename=".nuget\NuGet.Config" />
          <DeploymentItem filename=".nuget\NuGet.exe" />
          <DeploymentItem filename=".nuget\NuGet.targets" />
        </Deployment>
        <NamingScheme baseName="TestResults" appendTimeStamp="false" useDefault="false" />
        <Execution>
          <TestTypeSpecific>
            <UnitTestRunConfig testTypeId="13cdc9d9-ddb5-4fa4-a97d-d965ccfc6d4b">
              <AssemblyResolution>
                <TestDirectory useLoadContext="true" />
              </AssemblyResolution>
            </UnitTestRunConfig>
            <WebTestRunConfiguration testTypeId="4e7599fa-5ecb-43e9-a887-cd63cf72d207">
              <Browser name="Internet Explorer 9.0" MaxConnections="6">
                <Headers>
                  <Header name="User-Agent" value="Mozilla/5.0 (compatible; MSIE 9.0; Windows NT 6.1; Trident/5.0)" />
                  <Header name="Accept" value="*/*" />
                  <Header name="Accept-Language" value="en-US,en;q=0.8,zh-Hans-CN;q=0.5,zh-Hans;q=0.3" />
                  <Header name="Accept-Encoding" value="GZIP" />
                </Headers>
              </Browser>
            </WebTestRunConfiguration>
          </TestTypeSpecific>
          <AgentRule name="LocalMachineDefaultRole">
          </AgentRule>
        </Execution>
      </TestSettings>
      <WebTestResultFilePath>TestResults[43]\In\0cb6e4eb-eb65-46bc-b00c-94ef67507ade\HomePageValidationTest.webtestResult</WebTestResultFilePath>
    </WebTestResult>
    <UnitTestResult executionId="049ff911-bd7e-46ca-b16f-e9d4f63bbc4b" testId="baeffb56-e5a3-71a3-dcf4-ca714ba14856" testName="UploadPackageWithNuGetCommandLineTest" computerName="CLAYCO7" duration="00:00:01.1008993" startTime="2013-04-22T18:35:10.9172635-07:00" endTime="2013-04-22T18:35:12.0201351-07:00" testType="13cdc9d9-ddb5-4fa4-a97d-d965ccfc6d4b" outcome="Failed" testListId="b836686b-8922-4ce2-8bcc-bd368809954a" relativeResultsDirectory="049ff911-bd7e-46ca-b16f-e9d4f63bbc4b">
      <Output>
        <StdOut>Created '635022525109192648.nuspec' successfully.


Attempting to build package from '635022525109192648.nuspec'.
Successfully created package 'D:\github.com\NuGetGallery\FunctionalTests\Scripts\TestResults[43]\Out\635022525109192648\635022525109192648.1.0.0.nupkg'.

WARNING: 4 issue(s) found with package '635022525109192648'.

Issue: Assembly not inside a framework folder.
Description: The assembly 'Lib\635022525111844730.dll' is placed directly under 'lib' folder. It is recommended that assemblies be placed inside a framework-specific folder.
Solution: Move it into a framework-specific folder. If this assembly is targeted for multiple frameworks, ignore this warning.

Issue: Remove sample nuspec values.
Description: The value "Tag1 Tag2" for Tags is a sample value and should be removed.
Solution: Replace with an appropriate value or remove and it and rebuild your package.

Issue: Remove sample nuspec values.
Description: The value "Summary of changes made in this release of the package." for ReleaseNotes is a sample value and should be removed.
Solution: Replace with an appropriate value or remove and it and rebuild your package.

Issue: Remove sample nuspec values.
Description: The value "Package description" for Description is a sample value and should be removed.
Solution: Replace with an appropriate value or remove and it and rebuild your package.

Failed to process request. 'The requested resource can only be accessed via SSL.'. 
The remote server returned an error: (403) Forbidden..

Pushing 635022525109192648 1.0.0 to 'http://nugetgallery-qa.cloudapp.net/api/v2/package/'...</StdOut>
        <ErrorInfo>
          <Message>Assert.IsTrue failed. The package upload via Nuget.exe didnt suceed properly. Check the logs to see the process error and output stream</Message>
          <StackTrace>   at NuGetGallery.FunctionalTests.AssertAndValidationHelper.UploadNewPackageAndVerify(String packageId, String version) in d:\github.com\NuGetGallery\FunctionalTests\NuGetGallery.FunctionalTests\WebUITests\AssertAndValidationHelper.cs:line 170
   at NuGetGallery.FunctionalTests.ClientIntegrationTests.NugetCommandLineTests.UploadPackageWithNuGetCommandLineTest() in d:\github.com\NuGetGallery\FunctionalTests\NuGetGallery.FunctionalTests\ClientIntegrationTests\NuGetCommandLineTests.cs:line 50
</StackTrace>
        </ErrorInfo>
      </Output>
    </UnitTestResult>
    <UnitTestResult executionId="35c4337a-2765-47f0-8765-7c1577cb7168" testId="02d43bf4-c2fb-43fb-6999-a16887a86fa6" testName="GetUpdatesTest" computerName="CLAYCO7" duration="00:00:00.0009004" startTime="2013-04-22T18:35:12.0201351-07:00" endTime="2013-04-22T18:35:12.0201351-07:00" testType="13cdc9d9-ddb5-4fa4-a97d-d965ccfc6d4b" outcome="Passed" testListId="b836686b-8922-4ce2-8bcc-bd368809954a" relativeResultsDirectory="35c4337a-2765-47f0-8765-7c1577cb7168">
    </UnitTestResult>
    <UnitTestResult executionId="d40b7784-8f3f-44db-b7fb-c9d6039a4504" testId="f206f30d-af4b-ae66-9032-732bc03336c1" testName="DownPackageWithNuGetCommandLineTest" computerName="CLAYCO7" duration="00:00:01.3237684" startTime="2013-04-22T18:35:12.0201351-07:00" endTime="2013-04-22T18:35:13.3639005-07:00" testType="13cdc9d9-ddb5-4fa4-a97d-d965ccfc6d4b" outcome="Passed" testListId="b836686b-8922-4ce2-8bcc-bd368809954a" relativeResultsDirectory="d40b7784-8f3f-44db-b7fb-c9d6039a4504">
      <Output>
        <StdOut>Installing 'BaseTestPackage 1.0.0'.
Successfully installed 'BaseTestPackage 1.0.0'.</StdOut>
      </Output>
    </UnitTestResult>
    <WebTestResult executionId="4a408f99-ded8-46e1-9311-b6d186ad150e" testId="0449da0f-5881-ffca-f9d0-f7c0ad709071" testName="UploadPackageWithoutLoginTest" computerName="CLAYCO7" duration="00:00:00.8304045" startTime="2013-04-22T18:35:13.3639005-07:00" endTime="2013-04-22T18:35:14.2086969-07:00" testType="37e36796-fb51-4610-8d5c-e00ceaa68b9f" outcome="Passed" testListId="b836686b-8922-4ce2-8bcc-bd368809954a" relativeResultsDirectory="4a408f99-ded8-46e1-9311-b6d186ad150e">
      <ResultFiles>
        <ResultFile path="UploadPackageWithoutLoginTest.webtestResult" />
      </ResultFiles>
      <TestSettings name="Local" id="62f583f0-2eca-4773-bed0-474a13faad76">
        <Description>These are default test settings for a local test run.</Description>
        <Deployment userDeploymentRoot="." useDefaultDeploymentRoot="false" runDeploymentRoot="TestResults[43]">
          <DeploymentItem filename=".nuget\NuGet.Config" />
          <DeploymentItem filename=".nuget\NuGet.exe" />
          <DeploymentItem filename=".nuget\NuGet.targets" />
        </Deployment>
        <NamingScheme baseName="TestResults" appendTimeStamp="false" useDefault="false" />
        <Execution>
          <TestTypeSpecific>
            <UnitTestRunConfig testTypeId="13cdc9d9-ddb5-4fa4-a97d-d965ccfc6d4b">
              <AssemblyResolution>
                <TestDirectory useLoadContext="true" />
              </AssemblyResolution>
            </UnitTestRunConfig>
            <WebTestRunConfiguration testTypeId="4e7599fa-5ecb-43e9-a887-cd63cf72d207">
              <Browser name="Internet Explorer 9.0" MaxConnections="6">
                <Headers>
                  <Header name="User-Agent" value="Mozilla/5.0 (compatible; MSIE 9.0; Windows NT 6.1; Trident/5.0)" />
                  <Header name="Accept" value="*/*" />
                  <Header name="Accept-Language" value="en-US,en;q=0.8,zh-Hans-CN;q=0.5,zh-Hans;q=0.3" />
                  <Header name="Accept-Encoding" value="GZIP" />
                </Headers>
              </Browser>
            </WebTestRunConfiguration>
          </TestTypeSpecific>
          <AgentRule name="LocalMachineDefaultRole">
          </AgentRule>
        </Execution>
      </TestSettings>
      <WebTestResultFilePath>TestResults[43]\In\4a408f99-ded8-46e1-9311-b6d186ad150e\UploadPackageWithoutLoginTest.webtestResult</WebTestResultFilePath>
    </WebTestResult>
    <WebTestResult executionId="4d365f0a-b6b5-43d3-82ce-6dc5ba11a3fd" testId="428c8a13-f822-cffc-6ae0-78452d15e1fb" testName="RegisterNewUserTest" computerName="CLAYCO7" duration="00:00:04.1957287" startTime="2013-04-22T18:35:14.2106985-07:00" endTime="2013-04-22T18:35:18.4036877-07:00" testType="37e36796-fb51-4610-8d5c-e00ceaa68b9f" outcome="Passed" testListId="b836686b-8922-4ce2-8bcc-bd368809954a" relativeResultsDirectory="4d365f0a-b6b5-43d3-82ce-6dc5ba11a3fd">
      <ResultFiles>
        <ResultFile path="RegisterNewUserTest.webtestResult" />
      </ResultFiles>
      <TestSettings name="Local" id="62f583f0-2eca-4773-bed0-474a13faad76">
        <Description>These are default test settings for a local test run.</Description>
        <Deployment userDeploymentRoot="." useDefaultDeploymentRoot="false" runDeploymentRoot="TestResults[43]">
          <DeploymentItem filename=".nuget\NuGet.Config" />
          <DeploymentItem filename=".nuget\NuGet.exe" />
          <DeploymentItem filename=".nuget\NuGet.targets" />
        </Deployment>
        <NamingScheme baseName="TestResults" appendTimeStamp="false" useDefault="false" />
        <Execution>
          <TestTypeSpecific>
            <UnitTestRunConfig testTypeId="13cdc9d9-ddb5-4fa4-a97d-d965ccfc6d4b">
              <AssemblyResolution>
                <TestDirectory useLoadContext="true" />
              </AssemblyResolution>
            </UnitTestRunConfig>
            <WebTestRunConfiguration testTypeId="4e7599fa-5ecb-43e9-a887-cd63cf72d207">
              <Browser name="Internet Explorer 9.0" MaxConnections="6">
                <Headers>
                  <Header name="User-Agent" value="Mozilla/5.0 (compatible; MSIE 9.0; Windows NT 6.1; Trident/5.0)" />
                  <Header name="Accept" value="*/*" />
                  <Header name="Accept-Language" value="en-US,en;q=0.8,zh-Hans-CN;q=0.5,zh-Hans;q=0.3" />
                  <Header name="Accept-Encoding" value="GZIP" />
                </Headers>
              </Browser>
            </WebTestRunConfiguration>
          </TestTypeSpecific>
          <AgentRule name="LocalMachineDefaultRole">
          </AgentRule>
        </Execution>
      </TestSettings>
      <WebTestResultFilePath>TestResults[43]\In\4d365f0a-b6b5-43d3-82ce-6dc5ba11a3fd\RegisterNewUserTest.webtestResult</WebTestResultFilePath>
    </WebTestResult>
    <UnitTestResult executionId="8fbeebc2-23c1-44bd-b3a2-8d350b7c35ea" testId="5d62a4b0-dcba-4028-434b-2b747b4c411f" testName="UploadMultipleVersionOfPackage" computerName="CLAYCO7" duration="00:00:01.2244105" startTime="2013-04-22T18:35:18.4036877-07:00" endTime="2013-04-22T18:35:19.6224494-07:00" testType="13cdc9d9-ddb5-4fa4-a97d-d965ccfc6d4b" outcome="Failed" testListId="b836686b-8922-4ce2-8bcc-bd368809954a" relativeResultsDirectory="8fbeebc2-23c1-44bd-b3a2-8d350b7c35ea">
      <Output>
        <StdOut>Created 'TestMultipleVersion.635022525184036877.nuspec' successfully.


Attempting to build package from 'TestMultipleVersion.635022525184036877.nuspec'.
Successfully created package 'D:\github.com\NuGetGallery\FunctionalTests\Scripts\TestResults[43]\Out\TestMultipleVersion.635022525184036877\TestMultipleVersion.635022525184036877.1.0.0.nupkg'.

WARNING: 4 issue(s) found with package 'TestMultipleVersion.635022525184036877'.

Issue: Assembly not inside a framework folder.
Description: The assembly 'Lib\635022525186849399.dll' is placed directly under 'lib' folder. It is recommended that assemblies be placed inside a framework-specific folder.
Solution: Move it into a framework-specific folder. If this assembly is targeted for multiple frameworks, ignore this warning.

Issue: Remove sample nuspec values.
Description: The value "Tag1 Tag2" for Tags is a sample value and should be removed.
Solution: Replace with an appropriate value or remove and it and rebuild your package.

Issue: Remove sample nuspec values.
Description: The value "Summary of changes made in this release of the package." for ReleaseNotes is a sample value and should be removed.
Solution: Replace with an appropriate value or remove and it and rebuild your package.

Issue: Remove sample nuspec values.
Description: The value "Package description" for Description is a sample value and should be removed.
Solution: Replace with an appropriate value or remove and it and rebuild your package.

Failed to process request. 'The requested resource can only be accessed via SSL.'. 
The remote server returned an error: (403) Forbidden..

Pushing TestMultipleVersion.635022525184036877 1.0.0 to 'http://nugetgallery-qa.cloudapp.net/api/v2/package/'...</StdOut>
        <ErrorInfo>
          <Message>Assert.IsTrue failed. The package upload via Nuget.exe didnt suceed properly. Check the logs to see the process error and output stream</Message>
          <StackTrace>   at NuGetGallery.FunctionalTests.AssertAndValidationHelper.UploadNewPackageAndVerify(String packageId, String version) in d:\github.com\NuGetGallery\FunctionalTests\NuGetGallery.FunctionalTests\WebUITests\AssertAndValidationHelper.cs:line 170
   at NuGetGallery.FunctionalTests.Features.PackageVersionTest.UploadMultipleVersionOfPackage() in d:\github.com\NuGetGallery\FunctionalTests\NuGetGallery.FunctionalTests\Features\PackageVersionTest.cs:line 17
</StackTrace>
        </ErrorInfo>
      </Output>
    </UnitTestResult>
    <WebTestResult executionId="5d6d2b2d-7ad2-436c-81f5-14d0c3d69ebf" testId="9387a1a2-3523-2e44-8030-533d344923cf" testName="DeletePackageTest" computerName="CLAYCO7" duration="00:00:01.8553873" startTime="2013-04-22T18:35:19.6380722-07:00" endTime="2013-04-22T18:35:21.4910160-07:00" testType="37e36796-fb51-4610-8d5c-e00ceaa68b9f" testListId="b836686b-8922-4ce2-8bcc-bd368809954a" relativeResultsDirectory="5d6d2b2d-7ad2-436c-81f5-14d0c3d69ebf">
      <Output>
        <ErrorInfo>
          <Message>Exception occurred: Assert.IsTrue failed. The package upload via Nuget.exe didnt suceed properly. Check the logs to see the process error and output stream</Message>
          <StackTrace>   at Microsoft.VisualStudio.TestTools.UnitTesting.Assert.HandleFail(String assertionName, String message, Object[] parameters)
   at Microsoft.VisualStudio.TestTools.UnitTesting.Assert.IsTrue(Boolean condition, String message)
   at NuGetGallery.FunctionalTests.AssertAndValidationHelper.UploadNewPackageAndVerify(String packageId, String version) in d:\github.com\NuGetGallery\FunctionalTests\NuGetGallery.FunctionalTests\WebUITests\AssertAndValidationHelper.cs:line 170
   at NuGetGallery.FunctionalTests.DeletePackageTest.&lt;GetRequestEnumerator&gt;d__0.MoveNext() in d:\github.com\NuGetGallery\FunctionalTests\NuGetGallery.FunctionalTests\WebUITests\PackageManagement\DeletePackageTest.cs:line 30
   at Microsoft.VisualStudio.TestTools.WebStress.WebTestCaseVariation.ExecuteNextTopLevelRequest()</StackTrace>
        </ErrorInfo>
      </Output>
      <ResultFiles>
        <ResultFile path="DeletePackageTest.webtestResult" />
      </ResultFiles>
      <TestSettings name="Local" id="62f583f0-2eca-4773-bed0-474a13faad76">
        <Description>These are default test settings for a local test run.</Description>
        <Deployment userDeploymentRoot="." useDefaultDeploymentRoot="false" runDeploymentRoot="TestResults[43]">
          <DeploymentItem filename=".nuget\NuGet.Config" />
          <DeploymentItem filename=".nuget\NuGet.exe" />
          <DeploymentItem filename=".nuget\NuGet.targets" />
        </Deployment>
        <NamingScheme baseName="TestResults" appendTimeStamp="false" useDefault="false" />
        <Execution>
          <TestTypeSpecific>
            <UnitTestRunConfig testTypeId="13cdc9d9-ddb5-4fa4-a97d-d965ccfc6d4b">
              <AssemblyResolution>
                <TestDirectory useLoadContext="true" />
              </AssemblyResolution>
            </UnitTestRunConfig>
            <WebTestRunConfiguration testTypeId="4e7599fa-5ecb-43e9-a887-cd63cf72d207">
              <Browser name="Internet Explorer 9.0" MaxConnections="6">
                <Headers>
                  <Header name="User-Agent" value="Mozilla/5.0 (compatible; MSIE 9.0; Windows NT 6.1; Trident/5.0)" />
                  <Header name="Accept" value="*/*" />
                  <Header name="Accept-Language" value="en-US,en;q=0.8,zh-Hans-CN;q=0.5,zh-Hans;q=0.3" />
                  <Header name="Accept-Encoding" value="GZIP" />
                </Headers>
              </Browser>
            </WebTestRunConfiguration>
          </TestTypeSpecific>
          <AgentRule name="LocalMachineDefaultRole">
          </AgentRule>
        </Execution>
      </TestSettings>
      <WebTestResultFilePath>TestResults[43]\In\5d6d2b2d-7ad2-436c-81f5-14d0c3d69ebf\DeletePackageTest.webtestResult</WebTestResultFilePath>
    </WebTestResult>
    <UnitTestResult executionId="f0eb6d8e-bf49-459d-8999-8e2f0391623b" testId="04cd200b-33df-3564-ded5-686cdfe44f77" testName="DownloadPackageWithNuGetCoreTest" computerName="CLAYCO7" duration="00:00:00.4166533" startTime="2013-04-22T18:35:21.4910160-07:00" endTime="2013-04-22T18:35:21.9128948-07:00" testType="13cdc9d9-ddb5-4fa4-a97d-d965ccfc6d4b" outcome="Passed" testListId="b836686b-8922-4ce2-8bcc-bd368809954a" relativeResultsDirectory="f0eb6d8e-bf49-459d-8999-8e2f0391623b">
    </UnitTestResult>
    <WebTestResult executionId="bb8d76ba-db4c-449d-a668-cdc7dc1819cf" testId="9ad6e2e2-a082-8088-00f6-e05079fd89a0" testName="StatisticsPageTest" computerName="CLAYCO7" duration="00:00:00.9809062" startTime="2013-04-22T18:35:21.9128948-07:00" endTime="2013-04-22T18:35:23.3972821-07:00" testType="37e36796-fb51-4610-8d5c-e00ceaa68b9f" outcome="Passed" testListId="f9b8ac1f-7978-4738-afc2-6918b063e5c3" relativeResultsDirectory="bb8d76ba-db4c-449d-a668-cdc7dc1819cf">
      <ResultFiles>
        <ResultFile path="StatisticsPageTest.webtestResult" />
      </ResultFiles>
      <TestSettings name="Local" id="62f583f0-2eca-4773-bed0-474a13faad76">
        <Description>These are default test settings for a local test run.</Description>
        <Deployment userDeploymentRoot="." useDefaultDeploymentRoot="false" runDeploymentRoot="TestResults[43]">
          <DeploymentItem filename=".nuget\NuGet.Config" />
          <DeploymentItem filename=".nuget\NuGet.exe" />
          <DeploymentItem filename=".nuget\NuGet.targets" />
        </Deployment>
        <NamingScheme baseName="TestResults" appendTimeStamp="false" useDefault="false" />
        <Execution>
          <TestTypeSpecific>
            <UnitTestRunConfig testTypeId="13cdc9d9-ddb5-4fa4-a97d-d965ccfc6d4b">
              <AssemblyResolution>
                <TestDirectory useLoadContext="true" />
              </AssemblyResolution>
            </UnitTestRunConfig>
            <WebTestRunConfiguration testTypeId="4e7599fa-5ecb-43e9-a887-cd63cf72d207">
              <Browser name="Internet Explorer 9.0" MaxConnections="6">
                <Headers>
                  <Header name="User-Agent" value="Mozilla/5.0 (compatible; MSIE 9.0; Windows NT 6.1; Trident/5.0)" />
                  <Header name="Accept" value="*/*" />
                  <Header name="Accept-Language" value="en-US,en;q=0.8,zh-Hans-CN;q=0.5,zh-Hans;q=0.3" />
                  <Header name="Accept-Encoding" value="GZIP" />
                </Headers>
              </Browser>
            </WebTestRunConfiguration>
          </TestTypeSpecific>
          <AgentRule name="LocalMachineDefaultRole">
          </AgentRule>
        </Execution>
      </TestSettings>
      <WebTestResultFilePath>TestResults[43]\In\bb8d76ba-db4c-449d-a668-cdc7dc1819cf\StatisticsPageTest.webtestResult</WebTestResultFilePath>
    </WebTestResult>
    <WebTestResult executionId="b78d3b6d-bcea-4205-8c14-8322aa2dae80" testId="a1c602d9-292b-1042-380c-707cec091de9" testName="LogonTest" computerName="CLAYCO7" duration="00:00:00.9975065" startTime="2013-04-22T18:35:23.4129072-07:00" endTime="2013-04-22T18:35:24.4129158-07:00" testType="37e36796-fb51-4610-8d5c-e00ceaa68b9f" outcome="Failed" testListId="f9b8ac1f-7978-4738-afc2-6918b063e5c3" relativeResultsDirectory="b78d3b6d-bcea-4205-8c14-8322aa2dae80">
      <Output>
        <ErrorInfo>
          <Message>1 primary requests, 0 dependant requests and 0 conditional rules failed</Message>
        </ErrorInfo>
      </Output>
      <ResultFiles>
        <ResultFile path="LogonTest.webtestResult" />
      </ResultFiles>
      <TestSettings name="Local" id="62f583f0-2eca-4773-bed0-474a13faad76">
        <Description>These are default test settings for a local test run.</Description>
        <Deployment userDeploymentRoot="." useDefaultDeploymentRoot="false" runDeploymentRoot="TestResults[43]">
          <DeploymentItem filename=".nuget\NuGet.Config" />
          <DeploymentItem filename=".nuget\NuGet.exe" />
          <DeploymentItem filename=".nuget\NuGet.targets" />
        </Deployment>
        <NamingScheme baseName="TestResults" appendTimeStamp="false" useDefault="false" />
        <Execution>
          <TestTypeSpecific>
            <UnitTestRunConfig testTypeId="13cdc9d9-ddb5-4fa4-a97d-d965ccfc6d4b">
              <AssemblyResolution>
                <TestDirectory useLoadContext="true" />
              </AssemblyResolution>
            </UnitTestRunConfig>
            <WebTestRunConfiguration testTypeId="4e7599fa-5ecb-43e9-a887-cd63cf72d207">
              <Browser name="Internet Explorer 9.0" MaxConnections="6">
                <Headers>
                  <Header name="User-Agent" value="Mozilla/5.0 (compatible; MSIE 9.0; Windows NT 6.1; Trident/5.0)" />
                  <Header name="Accept" value="*/*" />
                  <Header name="Accept-Language" value="en-US,en;q=0.8,zh-Hans-CN;q=0.5,zh-Hans;q=0.3" />
                  <Header name="Accept-Encoding" value="GZIP" />
                </Headers>
              </Browser>
            </WebTestRunConfiguration>
          </TestTypeSpecific>
          <AgentRule name="LocalMachineDefaultRole">
          </AgentRule>
        </Execution>
      </TestSettings>
      <WebTestResultFilePath>TestResults[43]\In\b78d3b6d-bcea-4205-8c14-8322aa2dae80\LogonTest.webtestResult</WebTestResultFilePath>
    </WebTestResult>
    <UnitTestResult executionId="20c208ea-92ad-4766-b1cb-39ec6eeee138" testId="f206f30d-af4b-ae66-9032-732bc03336c1" testName="DownPackageWithNuGetCommandLineTest" computerName="CLAYCO7" duration="00:00:01.3045024" startTime="2013-04-22T18:35:24.4129158-07:00" endTime="2013-04-22T18:35:25.7254250-07:00" testType="13cdc9d9-ddb5-4fa4-a97d-d965ccfc6d4b" outcome="Passed" testListId="f9b8ac1f-7978-4738-afc2-6918b063e5c3" relativeResultsDirectory="20c208ea-92ad-4766-b1cb-39ec6eeee138">
      <Output>
        <StdOut>Installing 'BaseTestPackage 1.0.0'.
Successfully installed 'BaseTestPackage 1.0.0'.</StdOut>
      </Output>
    </UnitTestResult>
    <WebTestResult executionId="9604a0b5-56d9-4e10-b141-0a3d5bdbfa57" testId="c320789f-a801-c187-e7d8-0f17b24ff835" testName="ReadOnlyModeRegisterNewUserTest" computerName="CLAYCO7" duration="00:00:01.1938714" startTime="2013-04-22T18:35:25.7410510-07:00" endTime="2013-04-22T18:35:26.9477108-07:00" testType="37e36796-fb51-4610-8d5c-e00ceaa68b9f" outcome="Failed" testListId="f9b8ac1f-7978-4738-afc2-6918b063e5c3" relativeResultsDirectory="9604a0b5-56d9-4e10-b141-0a3d5bdbfa57">
      <Output>
        <ErrorInfo>
          <Message>1 primary requests, 0 dependant requests and 0 conditional rules failed</Message>
        </ErrorInfo>
      </Output>
      <ResultFiles>
        <ResultFile path="ReadOnlyModeRegisterNewUserTest.webtestResult" />
      </ResultFiles>
      <TestSettings name="Local" id="62f583f0-2eca-4773-bed0-474a13faad76">
        <Description>These are default test settings for a local test run.</Description>
        <Deployment userDeploymentRoot="." useDefaultDeploymentRoot="false" runDeploymentRoot="TestResults[43]">
          <DeploymentItem filename=".nuget\NuGet.Config" />
          <DeploymentItem filename=".nuget\NuGet.exe" />
          <DeploymentItem filename=".nuget\NuGet.targets" />
        </Deployment>
        <NamingScheme baseName="TestResults" appendTimeStamp="false" useDefault="false" />
        <Execution>
          <TestTypeSpecific>
            <UnitTestRunConfig testTypeId="13cdc9d9-ddb5-4fa4-a97d-d965ccfc6d4b">
              <AssemblyResolution>
                <TestDirectory useLoadContext="true" />
              </AssemblyResolution>
            </UnitTestRunConfig>
            <WebTestRunConfiguration testTypeId="4e7599fa-5ecb-43e9-a887-cd63cf72d207">
              <Browser name="Internet Explorer 9.0" MaxConnections="6">
                <Headers>
                  <Header name="User-Agent" value="Mozilla/5.0 (compatible; MSIE 9.0; Windows NT 6.1; Trident/5.0)" />
                  <Header name="Accept" value="*/*" />
                  <Header name="Accept-Language" value="en-US,en;q=0.8,zh-Hans-CN;q=0.5,zh-Hans;q=0.3" />
                  <Header name="Accept-Encoding" value="GZIP" />
                </Headers>
              </Browser>
            </WebTestRunConfiguration>
          </TestTypeSpecific>
          <AgentRule name="LocalMachineDefaultRole">
          </AgentRule>
        </Execution>
      </TestSettings>
      <WebTestResultFilePath>TestResults[43]\In\9604a0b5-56d9-4e10-b141-0a3d5bdbfa57\ReadOnlyModeRegisterNewUserTest.webtestResult</WebTestResultFilePath>
    </WebTestResult>
    <UnitTestResult executionId="20fc1500-8a6c-45d3-9689-10f5fad122ce" testId="04cd200b-33df-3564-ded5-686cdfe44f77" testName="DownloadPackageWithNuGetCoreTest" computerName="CLAYCO7" duration="00:00:00.5022080" startTime="2013-04-22T18:35:26.9487110-07:00" endTime="2013-04-22T18:35:27.4453960-07:00" testType="13cdc9d9-ddb5-4fa4-a97d-d965ccfc6d4b" outcome="Passed" testListId="f9b8ac1f-7978-4738-afc2-6918b063e5c3" relativeResultsDirectory="20fc1500-8a6c-45d3-9689-10f5fad122ce">
    </UnitTestResult>
    <WebTestResult executionId="a04c126b-772a-4df2-a042-d86fae34bd66" testId="d527504e-456c-ed4a-8eba-7c20c18ba47d" testName="HomePageValidationTest" computerName="CLAYCO7" duration="00:00:00.5009477" startTime="2013-04-22T18:35:27.4453960-07:00" endTime="2013-04-22T18:35:27.9595757-07:00" testType="37e36796-fb51-4610-8d5c-e00ceaa68b9f" outcome="Passed" testListId="f9b8ac1f-7978-4738-afc2-6918b063e5c3" relativeResultsDirectory="a04c126b-772a-4df2-a042-d86fae34bd66">
      <ResultFiles>
        <ResultFile path="HomePageValidationTest.webtestResult" />
      </ResultFiles>
      <TestSettings name="Local" id="62f583f0-2eca-4773-bed0-474a13faad76">
        <Description>These are default test settings for a local test run.</Description>
        <Deployment userDeploymentRoot="." useDefaultDeploymentRoot="false" runDeploymentRoot="TestResults[43]">
          <DeploymentItem filename=".nuget\NuGet.Config" />
          <DeploymentItem filename=".nuget\NuGet.exe" />
          <DeploymentItem filename=".nuget\NuGet.targets" />
        </Deployment>
        <NamingScheme baseName="TestResults" appendTimeStamp="false" useDefault="false" />
        <Execution>
          <TestTypeSpecific>
            <UnitTestRunConfig testTypeId="13cdc9d9-ddb5-4fa4-a97d-d965ccfc6d4b">
              <AssemblyResolution>
                <TestDirectory useLoadContext="true" />
              </AssemblyResolution>
            </UnitTestRunConfig>
            <WebTestRunConfiguration testTypeId="4e7599fa-5ecb-43e9-a887-cd63cf72d207">
              <Browser name="Internet Explorer 9.0" MaxConnections="6">
                <Headers>
                  <Header name="User-Agent" value="Mozilla/5.0 (compatible; MSIE 9.0; Windows NT 6.1; Trident/5.0)" />
                  <Header name="Accept" value="*/*" />
                  <Header name="Accept-Language" value="en-US,en;q=0.8,zh-Hans-CN;q=0.5,zh-Hans;q=0.3" />
                  <Header name="Accept-Encoding" value="GZIP" />
                </Headers>
              </Browser>
            </WebTestRunConfiguration>
          </TestTypeSpecific>
          <AgentRule name="LocalMachineDefaultRole">
          </AgentRule>
        </Execution>
      </TestSettings>
      <WebTestResultFilePath>TestResults[43]\In\a04c126b-772a-4df2-a042-d86fae34bd66\HomePageValidationTest.webtestResult</WebTestResultFilePath>
    </WebTestResult>
    <UnitTestResult executionId="a51522a5-e103-446a-a7d9-5a07b1d7ed10" testId="38905457-2302-9ddf-ad04-3107d5b18355" testName="UploadAndDownLoadPackageWithMinClientVersion" computerName="CLAYCO7" duration="00:00:01.1130817" startTime="2013-04-22T18:35:27.9615767-07:00" endTime="2013-04-22T18:35:29.0640913-07:00" testType="13cdc9d9-ddb5-4fa4-a97d-d965ccfc6d4b" outcome="Failed" testListId="8c84fa94-04c1-424b-9868-57a2d4851a1d" relativeResultsDirectory="a51522a5-e103-446a-a7d9-5a07b1d7ed10">
      <Output>
        <StdOut>Created '635022525279635794UploadAndDownLoadPackageWithMinClientVersion.nuspec' successfully.


Attempting to build package from '635022525279635794UploadAndDownLoadPackageWithMinClientVersion.nuspec'.
Successfully created package 'D:\github.com\NuGetGallery\FunctionalTests\Scripts\TestResults[43]\Out\635022525279635794UploadAndDownLoadPackageWithMinClientVersion\635022525279635794UploadAndDownLoadPackageWithMinClientVersion.1.0.0.nupkg'.

WARNING: 4 issue(s) found with package '635022525279635794UploadAndDownLoadPackageWithMinClientVersion'.

Issue: Assembly not inside a framework folder.
Description: The assembly 'Lib\635022525282267861.dll' is placed directly under 'lib' folder. It is recommended that assemblies be placed inside a framework-specific folder.
Solution: Move it into a framework-specific folder. If this assembly is targeted for multiple frameworks, ignore this warning.

Issue: Remove sample nuspec values.
Description: The value "Tag1 Tag2" for Tags is a sample value and should be removed.
Solution: Replace with an appropriate value or remove and it and rebuild your package.

Issue: Remove sample nuspec values.
Description: The value "Summary of changes made in this release of the package." for ReleaseNotes is a sample value and should be removed.
Solution: Replace with an appropriate value or remove and it and rebuild your package.

Issue: Remove sample nuspec values.
Description: The value "Package description" for Description is a sample value and should be removed.
Solution: Replace with an appropriate value or remove and it and rebuild your package.

Failed to process request. 'The requested resource can only be accessed via SSL.'. 
The remote server returned an error: (403) Forbidden..

Pushing 635022525279635794UploadAndDownLoadPackageWithMinClientVersion 1.0.0 to 'http://nugetgallery-qa.cloudapp.net/api/v2/package/'...</StdOut>
        <ErrorInfo>
          <Message>Assert.IsTrue failed. The package upload via Nuget.exe didnt suceed properly. Check the logs to see the process error and output stream</Message>
          <StackTrace>   at NuGetGallery.FunctionalTests.ClientIntegrationTests.NugetCommandLineTests.UploadAndDownLoadPackageWithMinClientVersion() in d:\github.com\NuGetGallery\FunctionalTests\NuGetGallery.FunctionalTests\ClientIntegrationTests\NuGetCommandLineTests.cs:line 62
</StackTrace>
        </ErrorInfo>
      </Output>
    </UnitTestResult>
    <UnitTestResult executionId="12542c76-2c6a-41e0-b3d8-75e64c35d20e" testId="aedace0f-10de-70d5-5e45-b7227987df86" testName="UploadAndDownLoadPackageWithDotCsNames" computerName="CLAYCO7" duration="00:00:01.1975627" startTime="2013-04-22T18:35:29.0640913-07:00" endTime="2013-04-22T18:35:30.2828498-07:00" testType="13cdc9d9-ddb5-4fa4-a97d-d965ccfc6d4b" outcome="Failed" testListId="8c84fa94-04c1-424b-9868-57a2d4851a1d" relativeResultsDirectory="12542c76-2c6a-41e0-b3d8-75e64c35d20e">
      <Output>
        <StdOut>Created '635022525290797207UploadAndDownLoadPackageWithDotCsNames.Cs.nuspec' successfully.


Attempting to build package from '635022525290797207UploadAndDownLoadPackageWithDotCsNames.Cs.nuspec'.
Successfully created package 'D:\github.com\NuGetGallery\FunctionalTests\Scripts\TestResults[43]\Out\635022525290797207UploadAndDownLoadPackageWithDotCsNames.Cs\635022525290797207UploadAndDownLoadPackageWithDotCsNames.Cs.1.0.0.nupkg'.

WARNING: 4 issue(s) found with package '635022525290797207UploadAndDownLoadPackageWithDotCsNames.Cs'.

Issue: Assembly not inside a framework folder.
Description: The assembly 'Lib\635022525293609726.dll' is placed directly under 'lib' folder. It is recommended that assemblies be placed inside a framework-specific folder.
Solution: Move it into a framework-specific folder. If this assembly is targeted for multiple frameworks, ignore this warning.

Issue: Remove sample nuspec values.
Description: The value "Tag1 Tag2" for Tags is a sample value and should be removed.
Solution: Replace with an appropriate value or remove and it and rebuild your package.

Issue: Remove sample nuspec values.
Description: The value "Summary of changes made in this release of the package." for ReleaseNotes is a sample value and should be removed.
Solution: Replace with an appropriate value or remove and it and rebuild your package.

Issue: Remove sample nuspec values.
Description: The value "Package description" for Description is a sample value and should be removed.
Solution: Replace with an appropriate value or remove and it and rebuild your package.

Failed to process request. 'The requested resource can only be accessed via SSL.'. 
The remote server returned an error: (403) Forbidden..

Pushing 635022525290797207UploadAndDownLoadPackageWithDotCsNames.Cs 1.0.0 to 'http://nugetgallery-qa.cloudapp.net/api/v2/package/'...</StdOut>
        <ErrorInfo>
          <Message>Assert.IsTrue failed. The package upload via Nuget.exe didnt suceed properly. Check the logs to see the process error and output stream</Message>
          <StackTrace>   at NuGetGallery.FunctionalTests.AssertAndValidationHelper.UploadNewPackageAndVerify(String packageId, String version) in d:\github.com\NuGetGallery\FunctionalTests\NuGetGallery.FunctionalTests\WebUITests\AssertAndValidationHelper.cs:line 170
   at NuGetGallery.FunctionalTests.ClientIntegrationTests.NugetCommandLineTests.UploadAndDownLoadPackageWithDotCsNames() in d:\github.com\NuGetGallery\FunctionalTests\NuGetGallery.FunctionalTests\ClientIntegrationTests\NuGetCommandLineTests.cs:line 81
</StackTrace>
        </ErrorInfo>
      </Output>
    </UnitTestResult>
    <UnitTestResult executionId="4e6d3e64-1b54-471a-b8df-e6766c83cd18" testId="2653a81d-b439-f73a-c036-efc0ec29de69" testName="AddPackageToWindows8CuratedFeed" computerName="CLAYCO7" duration="00:00:01.0758779" startTime="2013-04-22T18:35:30.2828498-07:00" endTime="2013-04-22T18:35:31.3609831-07:00" testType="13cdc9d9-ddb5-4fa4-a97d-d965ccfc6d4b" outcome="Failed" testListId="8c84fa94-04c1-424b-9868-57a2d4851a1d" relativeResultsDirectory="4e6d3e64-1b54-471a-b8df-e6766c83cd18">
      <Output>
        <StdOut>Created 'AddPackageToWindows8CuratedFeed635022525302828498.nuspec' successfully.


Attempting to build package from 'AddPackageToWindows8CuratedFeed635022525302828498.nuspec'.
Successfully created package 'D:\github.com\NuGetGallery\FunctionalTests\Scripts\TestResults[43]\Out\AddPackageToWindows8CuratedFeed635022525302828498\AddPackageToWindows8CuratedFeed635022525302828498.1.0.0.nupkg'.

WARNING: 3 issue(s) found with package 'AddPackageToWindows8CuratedFeed635022525302828498'.

Issue: Assembly not inside a framework folder.
Description: The assembly 'Lib\635022525305641023.dll' is placed directly under 'lib' folder. It is recommended that assemblies be placed inside a framework-specific folder.
Solution: Move it into a framework-specific folder. If this assembly is targeted for multiple frameworks, ignore this warning.

Issue: Remove sample nuspec values.
Description: The value "Summary of changes made in this release of the package." for ReleaseNotes is a sample value and should be removed.
Solution: Replace with an appropriate value or remove and it and rebuild your package.

Issue: Remove sample nuspec values.
Description: The value "Package description" for Description is a sample value and should be removed.
Solution: Replace with an appropriate value or remove and it and rebuild your package.

Failed to process request. 'The requested resource can only be accessed via SSL.'. 
The remote server returned an error: (403) Forbidden..

Pushing AddPackageToWindows8CuratedFeed635022525302828498 1.0.0 to 'http://nugetgallery-qa.cloudapp.net/api/v2/package/'...</StdOut>
        <ErrorInfo>
          <Message>Assert.IsTrue failed. The package upload via Nuget.exe didnt suceed properly. Check the logs to see the process error and output stream</Message>
          <StackTrace>   at NuGetGallery.FunctionalTests.Features.CuratedFeedTest.AddPackageToWindows8CuratedFeed() in d:\github.com\NuGetGallery\FunctionalTests\NuGetGallery.FunctionalTests\Features\CuratedFeedTest.cs:line 37
</StackTrace>
        </ErrorInfo>
      </Output>
    </UnitTestResult>
    <UnitTestResult executionId="45b671cc-730c-4d66-b0f4-d0a435a55d2d" testId="e40da15b-eedb-5ba3-88d7-9972079c30a6" testName="SearchWindows8CuratedFeed" computerName="CLAYCO7" duration="00:00:00.0027104" startTime="2013-04-22T18:35:31.3609831-07:00" endTime="2013-04-22T18:35:31.3766083-07:00" testType="13cdc9d9-ddb5-4fa4-a97d-d965ccfc6d4b" outcome="Failed" testListId="8c84fa94-04c1-424b-9868-57a2d4851a1d" relativeResultsDirectory="45b671cc-730c-4d66-b0f4-d0a435a55d2d">
      <Output>
        <ErrorInfo>
          <Message>Assert.IsTrue failed. This test should fail.</Message>
          <StackTrace>   at NuGetGallery.FunctionalTests.Features.CuratedFeedTest.SearchWindows8CuratedFeed() in d:\github.com\NuGetGallery\FunctionalTests\NuGetGallery.FunctionalTests\Features\CuratedFeedTest.cs:line 47
</StackTrace>
        </ErrorInfo>
      </Output>
    </UnitTestResult>
    <UnitTestResult executionId="75a592a7-69b3-4dce-a900-cc257ad965d3" testId="4808abb0-e068-dde3-e6bf-b1a137b6f0f9" testName="SearchWebMatrixCuratedFeed" computerName="CLAYCO7" duration="00:00:00.7835439" startTime="2013-04-22T18:35:31.3766083-07:00" endTime="2013-04-22T18:35:32.1660687-07:00" testType="13cdc9d9-ddb5-4fa4-a97d-d965ccfc6d4b" outcome="Failed" testListId="8c84fa94-04c1-424b-9868-57a2d4851a1d" relativeResultsDirectory="75a592a7-69b3-4dce-a900-cc257ad965d3">
      <Output>
        <ErrorInfo>
          <Message>Assert.IsTrue failed. String contains &lt;?xml version="1.0" encoding="utf-8" standalone="yes"?&gt;
&lt;feed xml:base="http://nugetgallery-qa.cloudapp.net/api/v2/curated-feeds/webmatrix/" xmlns:d="http://schemas.microsoft.com/ado/2007/08/dataservices" xmlns:m="http://schemas.microsoft.com/ado/2007/08/dataservices/metadata" xmlns="http://www.w3.org/2005/Atom"&gt;
  &lt;title type="text"&gt;Search&lt;/title&gt;
  &lt;id&gt;http://nugetgallery-qa.cloudapp.net/api/v2/curated-feeds/webmatrix/Search&lt;/id&gt;
  &lt;updated&gt;2013-04-23T01:35:32Z&lt;/updated&gt;
  &lt;link rel="self" title="Search" href="Search" /&gt;
  &lt;entry&gt;
    &lt;id&gt;http://nugetgallery-qa.cloudapp.net/api/v2/curated-feeds/webmatrix/Packages(Id='microsoft-web-helpers',Version='2.1.20710.2')&lt;/id&gt;
    &lt;title type="text"&gt;microsoft-web-helpers&lt;/title&gt;
    &lt;summary type="text"&gt;&lt;/summary&gt;
    &lt;updated&gt;2013-04-04T21:53:45Z&lt;/updated&gt;
    &lt;author&gt;
      &lt;name&gt;Microsoft&lt;/name&gt;
    &lt;/author&gt;
    &lt;link rel="edit-media" title="V2FeedPackage" href="Packages(Id='microsoft-web-helpers',Version='2.1.20710.2')/$value" /&gt;
    &lt;link rel="edit" title="V2FeedPackage" href="Packages(Id='microsoft-web-helpers',Version='2.1.20710.2')" /&gt;
    &lt;category term="NuGetGallery.V2FeedPackage" scheme="http://schemas.microsoft.com/ado/2007/08/dataservices/scheme" /&gt;
    &lt;content type="application/zip" src="http://nugetgallery-qa.cloudapp.net/api/v2/curated-feeds/package/microsoft-web-helpers/2.1.20710.2" /&gt;
    &lt;m:properties xmlns:m="http://schemas.microsoft.com/ado/2007/08/dataservices/metadata" xmlns:d="http://schemas.microsoft.com/ado/2007/08/dataservices"&gt;
      &lt;d:Version&gt;2.1.20710.2&lt;/d:Version&gt;
      &lt;d:Copyright&gt;&lt;/d:Copyright&gt;
      &lt;d:Created m:type="Edm.DateTime"&gt;2013-02-18T17:01:57&lt;/d:Created&gt;
      &lt;d:Dependencies&gt;Microsoft.AspNet.WebPages:[2.0.0, 2.1.0):|Microsoft.AspNet.WebPages.WebData:[2.0.0, 2.1.0):&lt;/d:Dependencies&gt;
      &lt;d:Description&gt;This package contains web helpers to easily add functionality to your site such as Captcha validation, Twitter profile and search boxes, Gravatars, Video, Bing search, site analytics or themes.

This package is not compatible with ASP.NET MVC.&lt;/d:Description&gt;
      &lt;d:DownloadCount m:type="Edm.Int32"&gt;526137&lt;/d:DownloadCount&gt;
      &lt;d:GalleryDetailsUrl&gt;http://qa.nugettest.org/packages/microsoft-web-helpers/2.1.20710.2&lt;/d:GalleryDetailsUrl&gt;
      &lt;d:IconUrl m:null="true"&gt;&lt;/d:IconUrl&gt;
      &lt;d:IsLatestVersion m:type="Edm.Boolean"&gt;true&lt;/d:IsLatestVersion&gt;
      &lt;d:IsAbsoluteLatestVersion m:type="Edm.Boolean"&gt;true&lt;/d:IsAbsoluteLatestVersion&gt;
      &lt;d:IsPrerelease m:type="Edm.Boolean"&gt;false&lt;/d:IsPrerelease&gt;
      &lt;d:Language&gt;en-US&lt;/d:Language&gt;
      &lt;d:Published m:type="Edm.DateTime"&gt;2013-02-18T17:01:57&lt;/d:Published&gt;
      &lt;d:LicenseUrl&gt;http://www.microsoft.com/web/webpi/eula/WebPages_2_eula_ENU.htm&lt;/d:LicenseUrl&gt;
      &lt;d:PackageHash&gt;1RPoyIoSb2DAdj0EruZEfP8IHLcBMERs88IJoQTCrLQscA3dnhtZcpN4CCw/dsc0HEJbrnAHQkLbxxpJ9XyRxA==&lt;/d:PackageHash&gt;
      &lt;d:PackageHashAlgorithm&gt;SHA512&lt;/d:PackageHashAlgorithm&gt;
      &lt;d:PackageSize m:type="Edm.Int64"&gt;47189&lt;/d:PackageSize&gt;
      &lt;d:ProjectUrl&gt;http://www.asp.net/web-pages&lt;/d:ProjectUrl&gt;
      &lt;d:ReportAbuseUrl&gt;http://qa.nugettest.org/package/ReportAbuse/microsoft-web-helpers/2.1.20710.2&lt;/d:ReportAbuseUrl&gt;
      &lt;d:ReleaseNotes&gt;&lt;/d:ReleaseNotes&gt;
      &lt;d:RequireLicenseAcceptance m:type="Edm.Boolean"&gt;true&lt;/d:RequireLicenseAcceptance&gt;
      &lt;d:Tags xml:space="preserve"&gt; ASPNETWEBPAGES &lt;/d:Tags&gt;
      &lt;d:Title&gt;ASP.NET Web Helpers Library&lt;/d:Title&gt;
      &lt;d:VersionDownloadCount m:type="Edm.Int32"&gt;5623&lt;/d:VersionDownloadCount&gt;
      &lt;d:MinClientVersion&gt;&lt;/d:MinClientVersion&gt;
    &lt;/m:properties&gt;
  &lt;/entry&gt;
  &lt;entry&gt;
    &lt;id&gt;http://nugetgallery-qa.cloudapp.net/api/v2/curated-feeds/webmatrix/Packages(Id='Microsoft.AspNet.WebPages',Version='2.0.20710.0')&lt;/id&gt;
    &lt;title type="text"&gt;Microsoft.AspNet.WebPages&lt;/title&gt;
    &lt;summary type="text"&gt;&lt;/summary&gt;
    &lt;updated&gt;2013-04-04T21:53:45Z&lt;/updated&gt;
    &lt;author&gt;
      &lt;name&gt;Microsoft&lt;/name&gt;
    &lt;/author&gt;
    &lt;link rel="edit-media" title="V2FeedPackage" href="Packages(Id='Microsoft.AspNet.WebPages',Version='2.0.20710.0')/$value" /&gt;
    &lt;link rel="edit" title="V2FeedPackage" href="Packages(Id='Microsoft.AspNet.WebPages',Version='2.0.20710.0')" /&gt;
    &lt;category term="NuGetGallery.V2FeedPackage" scheme="http://schemas.microsoft.com/ado/2007/08/dataservices/scheme" /&gt;
    &lt;content type="application/zip" src="http://nugetgallery-qa.cloudapp.net/api/v2/curated-feeds/package/Microsoft.AspNet.WebPages/2.0.20710.0" /&gt;
    &lt;m:properties xmlns:m="http://schemas.microsoft.com/ado/2007/08/dataservices/metadata" xmlns:d="http://schemas.microsoft.com/ado/2007/08/dataservices"&gt;
      &lt;d:Version&gt;2.0.20710.0&lt;/d:Version&gt;
      &lt;d:Copyright&gt;&lt;/d:Copyright&gt;
      &lt;d:Created m:type="Edm.DateTime"&gt;2012-08-11T05:30:39&lt;/d:Created&gt;
      &lt;d:Dependencies&gt;Microsoft.Web.Infrastructure:1.0.0.0:|Microsoft.AspNet.Razor:[2.0.20710.0, 2.1):&lt;/d:Dependencies&gt;
      &lt;d:Description&gt;This package contains core runtime assemblies shared between ASP.NET MVC and ASP.NET Web Pages.&lt;/d:Description&gt;
      &lt;d:DownloadCount m:type="Edm.Int32"&gt;572110&lt;/d:DownloadCount&gt;
      &lt;d:GalleryDetailsUrl&gt;http://qa.nugettest.org/packages/Microsoft.AspNet.WebPages/2.0.20710.0&lt;/d:GalleryDetailsUrl&gt;
      &lt;d:IconUrl&gt;https://download-codeplex.sec.s-msft.com/Download?ProjectName=aspnetwebstack&amp;amp;DownloadId=360555&lt;/d:IconUrl&gt;
      &lt;d:IsLatestVersion m:type="Edm.Boolean"&gt;true&lt;/d:IsLatestVersion&gt;
      &lt;d:IsAbsoluteLatestVersion m:type="Edm.Boolean"&gt;true&lt;/d:IsAbsoluteLatestVersion&gt;
      &lt;d:IsPrerelease m:type="Edm.Boolean"&gt;false&lt;/d:IsPrerelease&gt;
      &lt;d:Language&gt;&lt;/d:Language&gt;
      &lt;d:Published m:type="Edm.DateTime"&gt;2012-08-11T05:30:39&lt;/d:Published&gt;
      &lt;d:LicenseUrl&gt;http://www.microsoft.com/web/webpi/eula/WebPages_2_eula_ENU.htm&lt;/d:LicenseUrl&gt;
      &lt;d:PackageHash&gt;bpWbVKW0RpM/XtTwZL7pjhuVqpaB/cHutR7W4YXLIXFMHHXilqzVxpFmyzwoIZVO1xmSdoelbDRBncIA5D24EA==&lt;/d:PackageHash&gt;
      &lt;d:PackageHashAlgorithm&gt;SHA512&lt;/d:PackageHashAlgorithm&gt;
      &lt;d:PackageSize m:type="Edm.Int64"&gt;220065&lt;/d:PackageSize&gt;
      &lt;d:ProjectUrl&gt;http://www.asp.net/web-pages&lt;/d:ProjectUrl&gt;
      &lt;d:ReportAbuseUrl&gt;http://qa.nugettest.org/package/ReportAbuse/Microsoft.AspNet.WebPages/2.0.20710.0&lt;/d:ReportAbuseUrl&gt;
      &lt;d:ReleaseNotes&gt;&lt;/d:ReleaseNotes&gt;
      &lt;d:RequireLicenseAcceptance m:type="Edm.Boolean"&gt;true&lt;/d:RequireLicenseAcceptance&gt;
      &lt;d:Tags xml:space="preserve"&gt; Microsoft AspNet WebPages AspNetWebPages &lt;/d:Tags&gt;
      &lt;d:Title&gt;Microsoft ASP.NET Web Pages 2&lt;/d:Title&gt;
      &lt;d:VersionDownloadCount m:type="Edm.Int32"&gt;446977&lt;/d:VersionDownloadCount&gt;
      &lt;d:MinClientVersion&gt;&lt;/d:MinClientVersion&gt;
    &lt;/m:properties&gt;
  &lt;/entry&gt;
  &lt;entry&gt;
    &lt;id&gt;http://nugetgallery-qa.cloudapp.net/api/v2/curated-feeds/webmatrix/Packages(Id='Microsoft.AspNet.WebPages.Data',Version='2.0.20710.0')&lt;/id&gt;
    &lt;title type="text"&gt;Microsoft.AspNet.WebPages.Data&lt;/title&gt;
    &lt;summary type="text"&gt;&lt;/summary&gt;
    &lt;updated&gt;2013-04-04T21:53:45Z&lt;/updated&gt;
    &lt;author&gt;
      &lt;name&gt;Microsoft&lt;/name&gt;
    &lt;/author&gt;
    &lt;link rel="edit-media" title="V2FeedPackage" href="Packages(Id='Microsoft.AspNet.WebPages.Data',Version='2.0.20710.0')/$value" /&gt;
    &lt;link rel="edit" title="V2FeedPackage" href="Packages(Id='Microsoft.AspNet.WebPages.Data',Version='2.0.20710.0')" /&gt;
    &lt;category term="NuGetGallery.V2FeedPackage" scheme="http://schemas.microsoft.com/ado/2007/08/dataservices/scheme" /&gt;
    &lt;content type="application/zip" src="http://nugetgallery-qa.cloudapp.net/api/v2/curated-feeds/package/Microsoft.AspNet.WebPages.Data/2.0.20710.0" /&gt;
    &lt;m:properties xmlns:m="http://schemas.microsoft.com/ado/2007/08/dataservices/metadata" xmlns:d="http://schemas.microsoft.com/ado/2007/08/dataservices"&gt;
      &lt;d:Version&gt;2.0.20710.0&lt;/d:Version&gt;
      &lt;d:Copyright&gt;&lt;/d:Copyright&gt;
      &lt;d:Created m:type="Edm.DateTime"&gt;2012-08-11T05:33:08&lt;/d:Created&gt;
      &lt;d:Dependencies&gt;&lt;/d:Dependencies&gt;
      &lt;d:Description&gt;This package contains the runtime assemblies for ASP.NET Web Pages. ASP.NET Web Pages and the new Razor syntax provide a fast, terse, clean and lightweight way to combine server code with HTML to create dynamic web content.&lt;/d:Description&gt;
      &lt;d:DownloadCount m:type="Edm.Int32"&gt;408875&lt;/d:DownloadCount&gt;
      &lt;d:GalleryDetailsUrl&gt;http://qa.nugettest.org/packages/Microsoft.AspNet.WebPages.Data/2.0.20710.0&lt;/d:GalleryDetailsUrl&gt;
      &lt;d:IconUrl&gt;https://download-codeplex.sec.s-msft.com/Download?ProjectName=aspnetwebstack&amp;amp;DownloadId=360555&lt;/d:IconUrl&gt;
      &lt;d:IsLatestVersion m:type="Edm.Boolean"&gt;true&lt;/d:IsLatestVersion&gt;
      &lt;d:IsAbsoluteLatestVersion m:type="Edm.Boolean"&gt;true&lt;/d:IsAbsoluteLatestVersion&gt;
      &lt;d:IsPrerelease m:type="Edm.Boolean"&gt;false&lt;/d:IsPrerelease&gt;
      &lt;d:Language&gt;&lt;/d:Language&gt;
      &lt;d:Published m:type="Edm.DateTime"&gt;2012-08-11T05:33:08&lt;/d:Published&gt;
      &lt;d:LicenseUrl&gt;http://www.microsoft.com/web/webpi/eula/WebPages_2_eula_ENU.htm&lt;/d:LicenseUrl&gt;
      &lt;d:PackageHash&gt;PTwS5C1vF69FDikWhUkJZ4qb96yxtdVuVR90Hjt7e/GDNVOeR7tXMYWHs9cPP0v35EiO+V6BUj1c8dNCUXW7Ag==&lt;/d:PackageHash&gt;
      &lt;d:PackageHashAlgorithm&gt;SHA512&lt;/d:PackageHashAlgorithm&gt;
      &lt;d:PackageSize m:type="Edm.Int64"&gt;23605&lt;/d:PackageSize&gt;
      &lt;d:ProjectUrl&gt;http://www.asp.net/web-pages&lt;/d:ProjectUrl&gt;
      &lt;d:ReportAbuseUrl&gt;http://qa.nugettest.org/package/ReportAbuse/Microsoft.AspNet.WebPages.Data/2.0.20710.0&lt;/d:ReportAbuseUrl&gt;
      &lt;d:ReleaseNotes&gt;&lt;/d:ReleaseNotes&gt;
      &lt;d:RequireLicenseAcceptance m:type="Edm.Boolean"&gt;true&lt;/d:RequireLicenseAcceptance&gt;
      &lt;d:Tags xml:space="preserve"&gt; Microsoft AspNet WebPages AspNetWebPages &lt;/d:Tags&gt;
      &lt;d:Title&gt;Microsoft ASP.NET Web Pages 2 Data&lt;/d:Title&gt;
      &lt;d:VersionDownloadCount m:type="Edm.Int32"&gt;371364&lt;/d:VersionDownloadCount&gt;
      &lt;d:MinClientVersion&gt;&lt;/d:MinClientVersion&gt;
    &lt;/m:properties&gt;
  &lt;/entry&gt;
  &lt;entry&gt;
    &lt;id&gt;http://nugetgallery-qa.cloudapp.net/api/v2/curated-feeds/webmatrix/Packages(Id='Microsoft.AspNet.WebPages.Administration',Version='2.0.20713.0')&lt;/id&gt;
    &lt;title type="text"&gt;Microsoft.AspNet.WebPages.Administration&lt;/title&gt;
    &lt;summary type="text"&gt;&lt;/summary&gt;
    &lt;updated&gt;2013-04-04T21:53:45Z&lt;/updated&gt;
    &lt;author&gt;
      &lt;name&gt;Microsoft&lt;/name&gt;
    &lt;/author&gt;
    &lt;link rel="edit-media" title="V2FeedPackage" href="Packages(Id='Microsoft.AspNet.WebPages.Administration',Version='2.0.20713.0')/$value" /&gt;
    &lt;link rel="edit" title="V2FeedPackage" href="Packages(Id='Microsoft.AspNet.WebPages.Administration',Version='2.0.20713.0')" /&gt;
    &lt;category term="NuGetGallery.V2FeedPackage" scheme="http://schemas.microsoft.com/ado/2007/08/dataservices/scheme" /&gt;
    &lt;content type="application/zip" src="http://nugetgallery-qa.cloudapp.net/api/v2/curated-feeds/package/Microsoft.AspNet.WebPages.Administration/2.0.20713.0" /&gt;
    &lt;m:properties xmlns:m="http://schemas.microsoft.com/ado/2007/08/dataservices/metadata" xmlns:d="http://schemas.microsoft.com/ado/2007/08/dataservices"&gt;
      &lt;d:Version&gt;2.0.20713.0&lt;/d:Version&gt;
      &lt;d:Copyright&gt;&lt;/d:Copyright&gt;
      &lt;d:Created m:type="Edm.DateTime"&gt;2012-08-11T05:30:52&lt;/d:Created&gt;
      &lt;d:Dependencies&gt;Microsoft.AspNet.WebPages:[2.0.20710.0, 2.1):|NuGet.Core:[1.6.2, 1.7):&lt;/d:Dependencies&gt;
      &lt;d:Description&gt;This package contains the runtime assemblies for ASP.NET Web Pages. ASP.NET Web Pages and the new Razor syntax provide a fast, terse, clean and lightweight way to combine server code with HTML to create dynamic web content.&lt;/d:Description&gt;
      &lt;d:DownloadCount m:type="Edm.Int32"&gt;398535&lt;/d:DownloadCount&gt;
      &lt;d:GalleryDetailsUrl&gt;http://qa.nugettest.org/packages/Microsoft.AspNet.WebPages.Administration/2.0.20713.0&lt;/d:GalleryDetailsUrl&gt;
      &lt;d:IconUrl&gt;https://download-codeplex.sec.s-msft.com/Download?ProjectName=aspnetwebstack&amp;amp;DownloadId=360555&lt;/d:IconUrl&gt;
      &lt;d:IsLatestVersion m:type="Edm.Boolean"&gt;true&lt;/d:IsLatestVersion&gt;
      &lt;d:IsAbsoluteLatestVersion m:type="Edm.Boolean"&gt;true&lt;/d:IsAbsoluteLatestVersion&gt;
      &lt;d:IsPrerelease m:type="Edm.Boolean"&gt;false&lt;/d:IsPrerelease&gt;
      &lt;d:Language&gt;&lt;/d:Language&gt;
      &lt;d:Published m:type="Edm.DateTime"&gt;2012-08-11T05:30:52&lt;/d:Published&gt;
      &lt;d:LicenseUrl&gt;http://www.microsoft.com/web/webpi/eula/WebPages_2_eula_ENU.htm&lt;/d:LicenseUrl&gt;
      &lt;d:PackageHash&gt;aKuV0blkMZoVZtHdd7qhCjF16Xe1ILcr0EWS3bLV46ftnIb8+Ch+EALtY8/kGEXCU6z9hadYwtP/3XmVJG5cAg==&lt;/d:PackageHash&gt;
      &lt;d:PackageHashAlgorithm&gt;SHA512&lt;/d:PackageHashAlgorithm&gt;
      &lt;d:PackageSize m:type="Edm.Int64"&gt;59018&lt;/d:PackageSize&gt;
      &lt;d:ProjectUrl&gt;http://www.asp.net/web-pages&lt;/d:ProjectUrl&gt;
      &lt;d:ReportAbuseUrl&gt;http://qa.nugettest.org/package/ReportAbuse/Microsoft.AspNet.WebPages.Administration/2.0.20713.0&lt;/d:ReportAbuseUrl&gt;
      &lt;d:ReleaseNotes&gt;&lt;/d:ReleaseNotes&gt;
      &lt;d:RequireLicenseAcceptance m:type="Edm.Boolean"&gt;true&lt;/d:RequireLicenseAcceptance&gt;
      &lt;d:Tags xml:space="preserve"&gt; Microsoft AspNet WebPages AspNetWebPages &lt;/d:Tags&gt;
      &lt;d:Title&gt;Microsoft ASP.NET Web Pages 2 Administration&lt;/d:Title&gt;
      &lt;d:VersionDownloadCount m:type="Edm.Int32"&gt;164125&lt;/d:VersionDownloadCount&gt;
      &lt;d:MinClientVersion&gt;&lt;/d:MinClientVersion&gt;
    &lt;/m:properties&gt;
  &lt;/entry&gt;
  &lt;entry&gt;
    &lt;id&gt;http://nugetgallery-qa.cloudapp.net/api/v2/curated-feeds/webmatrix/Packages(Id='Microsoft.AspNet.Razor',Version='2.0.20715.0')&lt;/id&gt;
    &lt;title type="text"&gt;Microsoft.AspNet.Razor&lt;/title&gt;
    &lt;summary type="text"&gt;&lt;/summary&gt;
    &lt;updated&gt;2013-04-04T21:53:45Z&lt;/updated&gt;
    &lt;author&gt;
      &lt;name&gt;Microsoft&lt;/name&gt;
    &lt;/author&gt;
    &lt;link rel="edit-media" title="V2FeedPackage" href="Packages(Id='Microsoft.AspNet.Razor',Version='2.0.20715.0')/$value" /&gt;
    &lt;link rel="edit" title="V2FeedPackage" href="Packages(Id='Microsoft.AspNet.Razor',Version='2.0.20715.0')" /&gt;
    &lt;category term="NuGetGallery.V2FeedPackage" scheme="http://schemas.microsoft.com/ado/2007/08/dataservices/scheme" /&gt;
    &lt;content type="application/zip" src="http://nugetgallery-qa.cloudapp.net/api/v2/curated-feeds/package/Microsoft.AspNet.Razor/2.0.20715.0" /&gt;
    &lt;m:properties xmlns:m="http://schemas.microsoft.com/ado/2007/08/dataservices/metadata" xmlns:d="http://schemas.microsoft.com/ado/2007/08/dataservices"&gt;
      &lt;d:Version&gt;2.0.20715.0&lt;/d:Version&gt;
      &lt;d:Copyright&gt;&lt;/d:Copyright&gt;
      &lt;d:Created m:type="Edm.DateTime"&gt;2012-10-31T19:09:37&lt;/d:Created&gt;
      &lt;d:Dependencies&gt;&lt;/d:Dependencies&gt;
      &lt;d:Description&gt;This package contains the runtime assemblies for ASP.NET Web Pages. ASP.NET Web Pages and the new Razor syntax provide a fast, terse, clean and lightweight way to combine server code with HTML to create dynamic web content.&lt;/d:Description&gt;
      &lt;d:DownloadCount m:type="Edm.Int32"&gt;848200&lt;/d:DownloadCount&gt;
      &lt;d:GalleryDetailsUrl&gt;http://qa.nugettest.org/packages/Microsoft.AspNet.Razor/2.0.20715.0&lt;/d:GalleryDetailsUrl&gt;
      &lt;d:IconUrl m:null="true"&gt;&lt;/d:IconUrl&gt;
      &lt;d:IsLatestVersion m:type="Edm.Boolean"&gt;true&lt;/d:IsLatestVersion&gt;
      &lt;d:IsAbsoluteLatestVersion m:type="Edm.Boolean"&gt;true&lt;/d:IsAbsoluteLatestVersion&gt;
      &lt;d:IsPrerelease m:type="Edm.Boolean"&gt;false&lt;/d:IsPrerelease&gt;
      &lt;d:Language&gt;en-US&lt;/d:Language&gt;
      &lt;d:Published m:type="Edm.DateTime"&gt;2012-10-31T19:09:37&lt;/d:Published&gt;
      &lt;d:LicenseUrl&gt;http://www.microsoft.com/web/webpi/eula/WebPages_2_eula_ENU.htm&lt;/d:LicenseUrl&gt;
      &lt;d:PackageHash&gt;PL8ocxrG5Ltn8Z2zPOLnDVLxcaBk1B8KcXLG2YDdsw9tpqa5yFUWP6EwATbeysp+/j6Nt1nF6ouj3+VyBpzHGg==&lt;/d:PackageHash&gt;
      &lt;d:PackageHashAlgorithm&gt;SHA512&lt;/d:PackageHashAlgorithm&gt;
      &lt;d:PackageSize m:type="Edm.Int64"&gt;127166&lt;/d:PackageSize&gt;
      &lt;d:ProjectUrl&gt;http://www.asp.net/web-pages&lt;/d:ProjectUrl&gt;
      &lt;d:ReportAbuseUrl&gt;http://qa.nugettest.org/package/ReportAbuse/Microsoft.AspNet.Razor/2.0.20715.0&lt;/d:ReportAbuseUrl&gt;
      &lt;d:ReleaseNotes&gt;&lt;/d:ReleaseNotes&gt;
      &lt;d:RequireLicenseAcceptance m:type="Edm.Boolean"&gt;true&lt;/d:RequireLicenseAcceptance&gt;
      &lt;d:Tags xml:space="preserve"&gt; Microsoft AspNet WebPages AspNetWebPages Razor &lt;/d:Tags&gt;
      &lt;d:Title&gt;Microsoft ASP.NET Razor 2&lt;/d:Title&gt;
      &lt;d:VersionDownloadCount m:type="Edm.Int32"&gt;299609&lt;/d:VersionDownloadCount&gt;
      &lt;d:MinClientVersion&gt;&lt;/d:MinClientVersion&gt;
    &lt;/m:properties&gt;
  &lt;/entry&gt;
  &lt;entry&gt;
    &lt;id&gt;http://nugetgallery-qa.cloudapp.net/api/v2/curated-feeds/webmatrix/Packages(Id='Microsoft.AspNet.WebPages.WebData',Version='2.0.20710.0')&lt;/id&gt;
    &lt;title type="text"&gt;Microsoft.AspNet.WebPages.WebData&lt;/title&gt;
    &lt;summary type="text"&gt;&lt;/summary&gt;
    &lt;updated&gt;2013-04-04T21:53:45Z&lt;/updated&gt;
    &lt;author&gt;
      &lt;name&gt;Microsoft&lt;/name&gt;
    &lt;/author&gt;
    &lt;link rel="edit-media" title="V2FeedPackage" href="Packages(Id='Microsoft.AspNet.WebPages.WebData',Version='2.0.20710.0')/$value" /&gt;
    &lt;link rel="edit" title="V2FeedPackage" href="Packages(Id='Microsoft.AspNet.WebPages.WebData',Version='2.0.20710.0')" /&gt;
    &lt;category term="NuGetGallery.V2FeedPackage" scheme="http://schemas.microsoft.com/ado/2007/08/dataservices/scheme" /&gt;
    &lt;content type="application/zip" src="http://nugetgallery-qa.cloudapp.net/api/v2/curated-feeds/package/Microsoft.AspNet.WebPages.WebData/2.0.20710.0" /&gt;
    &lt;m:properties xmlns:m="http://schemas.microsoft.com/ado/2007/08/dataservices/metadata" xmlns:d="http://schemas.microsoft.com/ado/2007/08/dataservices"&gt;
      &lt;d:Version&gt;2.0.20710.0&lt;/d:Version&gt;
      &lt;d:Copyright&gt;&lt;/d:Copyright&gt;
      &lt;d:Created m:type="Edm.DateTime"&gt;2012-08-11T05:39:04&lt;/d:Created&gt;
      &lt;d:Dependencies&gt;Microsoft.AspNet.WebPages.Data:[2.0.20710.0, 2.1):&lt;/d:Dependencies&gt;
      &lt;d:Description&gt;This package contains the runtime assemblies for ASP.NET Web Pages. ASP.NET Web Pages and the new Razor syntax provide a fast, terse, clean and lightweight way to combine server code with HTML to create dynamic web content.&lt;/d:Description&gt;
      &lt;d:DownloadCount m:type="Edm.Int32"&gt;311370&lt;/d:DownloadCount&gt;
      &lt;d:GalleryDetailsUrl&gt;http://qa.nugettest.org/packages/Microsoft.AspNet.WebPages.WebData/2.0.20710.0&lt;/d:GalleryDetailsUrl&gt;
      &lt;d:IconUrl&gt;https://download-codeplex.sec.s-msft.com/Download?ProjectName=aspnetwebstack&amp;amp;DownloadId=360555&lt;/d:IconUrl&gt;
      &lt;d:IsLatestVersion m:type="Edm.Boolean"&gt;true&lt;/d:IsLatestVersion&gt;
      &lt;d:IsAbsoluteLatestVersion m:type="Edm.Boolean"&gt;true&lt;/d:IsAbsoluteLatestVersion&gt;
      &lt;d:IsPrerelease m:type="Edm.Boolean"&gt;false&lt;/d:IsPrerelease&gt;
      &lt;d:Language&gt;&lt;/d:Language&gt;
      &lt;d:Published m:type="Edm.DateTime"&gt;2012-08-11T05:39:04&lt;/d:Published&gt;
      &lt;d:LicenseUrl&gt;http://www.microsoft.com/web/webpi/eula/WebPages_2_eula_ENU.htm&lt;/d:LicenseUrl&gt;
      &lt;d:PackageHash&gt;BZsx1iI2qZ9c21QKD3KAk7BGrGQ3gkGw8a7AdkmDNJoK+RyEcEy46lyzpyiD7BkVKvlszO7er2m2nR2NWK6u9Q==&lt;/d:PackageHash&gt;
      &lt;d:PackageHashAlgorithm&gt;SHA512&lt;/d:PackageHashAlgorithm&gt;
      &lt;d:PackageSize m:type="Edm.Int64"&gt;40192&lt;/d:PackageSize&gt;
      &lt;d:ProjectUrl&gt;http://www.asp.net/web-pages&lt;/d:ProjectUrl&gt;
      &lt;d:ReportAbuseUrl&gt;http://qa.nugettest.org/package/ReportAbuse/Microsoft.AspNet.WebPages.WebData/2.0.20710.0&lt;/d:ReportAbuseUrl&gt;
      &lt;d:ReleaseNotes&gt;&lt;/d:ReleaseNotes&gt;
      &lt;d:RequireLicenseAcceptance m:type="Edm.Boolean"&gt;true&lt;/d:RequireLicenseAcceptance&gt;
      &lt;d:Tags xml:space="preserve"&gt; Microsoft AspNet WebPages AspNetWebPages &lt;/d:Tags&gt;
      &lt;d:Title&gt;Microsoft ASP.NET Web Pages 2 Web Data&lt;/d:Title&gt;
      &lt;d:VersionDownloadCount m:type="Edm.Int32"&gt;274096&lt;/d:VersionDownloadCount&gt;
      &lt;d:MinClientVersion&gt;&lt;/d:MinClientVersion&gt;
    &lt;/m:properties&gt;
  &lt;/entry&gt;
  &lt;entry&gt;
    &lt;id&gt;http://nugetgallery-qa.cloudapp.net/api/v2/curated-feeds/webmatrix/Packages(Id='WebBackgrounder',Version='0.2.0')&lt;/id&gt;
    &lt;title type="text"&gt;WebBackgrounder&lt;/title&gt;
    &lt;summary type="text"&gt;&lt;/summary&gt;
    &lt;updated&gt;2013-04-04T17:33:35Z&lt;/updated&gt;
    &lt;author&gt;
      &lt;name&gt;Outercurve Foundation&lt;/name&gt;
    &lt;/author&gt;
    &lt;link rel="edit-media" title="V2FeedPackage" href="Packages(Id='WebBackgrounder',Version='0.2.0')/$value" /&gt;
    &lt;link rel="edit" title="V2FeedPackage" href="Packages(Id='WebBackgrounder',Version='0.2.0')" /&gt;
    &lt;category term="NuGetGallery.V2FeedPackage" scheme="http://schemas.microsoft.com/ado/2007/08/dataservices/scheme" /&gt;
    &lt;content type="application/zip" src="http://nugetgallery-qa.cloudapp.net/api/v2/curated-feeds/package/WebBackgrounder/0.2.0" /&gt;
    &lt;m:properties xmlns:m="http://schemas.microsoft.com/ado/2007/08/dataservices/metadata" xmlns:d="http://schemas.microsoft.com/ado/2007/08/dataservices"&gt;
      &lt;d:Version&gt;0.2.0&lt;/d:Version&gt;
      &lt;d:Copyright&gt;&lt;/d:Copyright&gt;
      &lt;d:Created m:type="Edm.DateTime"&gt;2012-08-21T00:59:45&lt;/d:Created&gt;
      &lt;d:Dependencies&gt;&lt;/d:Dependencies&gt;
      &lt;d:Description&gt;WebBackgrounder is a proof-of-concept of a web-farm friendly background task manager meant to just work with a vanilla ASP.NET web application. See https://github.com/NuGet/WebBackgrounder for more information.&lt;/d:Description&gt;
      &lt;d:DownloadCount m:type="Edm.Int32"&gt;253212&lt;/d:DownloadCount&gt;
      &lt;d:GalleryDetailsUrl&gt;http://qa.nugettest.org/packages/WebBackgrounder/0.2.0&lt;/d:GalleryDetailsUrl&gt;
      &lt;d:IconUrl m:null="true"&gt;&lt;/d:IconUrl&gt;
      &lt;d:IsLatestVersion m:type="Edm.Boolean"&gt;true&lt;/d:IsLatestVersion&gt;
      &lt;d:IsAbsoluteLatestVersion m:type="Edm.Boolean"&gt;true&lt;/d:IsAbsoluteLatestVersion&gt;
      &lt;d:IsPrerelease m:type="Edm.Boolean"&gt;false&lt;/d:IsPrerelease&gt;
      &lt;d:Language&gt;&lt;/d:Language&gt;
      &lt;d:Published m:type="Edm.DateTime"&gt;2012-08-21T00:59:45&lt;/d:Published&gt;
      &lt;d:LicenseUrl&gt;http://nuget.codeplex.com/license&lt;/d:LicenseUrl&gt;
      &lt;d:PackageHash&gt;hBSTz2Ie4vAvmUpIc7D8HJ0+Cmxs+/yOhtByEyeMRjWygyVpo6aTfOoz8+HkG8ZCRPpj4bAgofbsoHSVfvOTpg==&lt;/d:PackageHash&gt;
      &lt;d:PackageHashAlgorithm&gt;SHA512&lt;/d:PackageHashAlgorithm&gt;
      &lt;d:PackageSize m:type="Edm.Int64"&gt;9711&lt;/d:PackageSize&gt;
      &lt;d:ProjectUrl&gt;https://github.com/NuGet/WebBackgrounder&lt;/d:ProjectUrl&gt;
      &lt;d:ReportAbuseUrl&gt;http://qa.nugettest.org/package/ReportAbuse/WebBackgrounder/0.2.0&lt;/d:ReportAbuseUrl&gt;
      &lt;d:ReleaseNotes&gt;* 0.0.1.1 Refactored the IWorkItemRepository interface to be stateless.
        * 0.0.1.4 Added more robust handling of badly behaving jobs (throwing exceptions).
        * 0.0.1.6 Fixed a bug in how the next task is scheduled&lt;/d:ReleaseNotes&gt;
      &lt;d:RequireLicenseAcceptance m:type="Edm.Boolean"&gt;false&lt;/d:RequireLicenseAcceptance&gt;
      &lt;d:Tags xml:space="preserve"&gt; aspnet threading background tasks jobs scheduled scheduling workers asp.net &lt;/d:Tags&gt;
      &lt;d:Title&gt;WebBackgrounder&lt;/d:Title&gt;
      &lt;d:VersionDownloadCount m:type="Edm.Int32"&gt;3024&lt;/d:VersionDownloadCount&gt;
      &lt;d:MinClientVersion&gt;&lt;/d:MinClientVersion&gt;
    &lt;/m:properties&gt;
  &lt;/entry&gt;
  &lt;entry&gt;
    &lt;id&gt;http://nugetgallery-qa.cloudapp.net/api/v2/curated-feeds/webmatrix/Packages(Id='DotNetOpenAuth.AspNet',Version='4.2.2.13055')&lt;/id&gt;
    &lt;title type="text"&gt;DotNetOpenAuth.AspNet&lt;/title&gt;
    &lt;summary type="text"&gt;Allow your web visitors to log into your web site using accounts they already have with popular services.&lt;/summary&gt;
    &lt;updated&gt;2013-04-04T21:53:45Z&lt;/updated&gt;
    &lt;author&gt;
      &lt;name&gt;Microsoft&lt;/name&gt;
    &lt;/author&gt;
    &lt;link rel="edit-media" title="V2FeedPackage" href="Packages(Id='DotNetOpenAuth.AspNet',Version='4.2.2.13055')/$value" /&gt;
    &lt;link rel="edit" title="V2FeedPackage" href="Packages(Id='DotNetOpenAuth.AspNet',Version='4.2.2.13055')" /&gt;
    &lt;category term="NuGetGallery.V2FeedPackage" scheme="http://schemas.microsoft.com/ado/2007/08/dataservices/scheme" /&gt;
    &lt;content type="application/zip" src="http://nugetgallery-qa.cloudapp.net/api/v2/curated-feeds/package/DotNetOpenAuth.AspNet/4.2.2.13055" /&gt;
    &lt;m:properties xmlns:m="http://schemas.microsoft.com/ado/2007/08/dataservices/metadata" xmlns:d="http://schemas.microsoft.com/ado/2007/08/dataservices"&gt;
      &lt;d:Version&gt;4.2.2.13055&lt;/d:Version&gt;
      &lt;d:Copyright&gt;&lt;/d:Copyright&gt;
      &lt;d:Created m:type="Edm.DateTime"&gt;2013-02-24T18:41:22&lt;/d:Created&gt;
      &lt;d:Dependencies&gt;DotNetOpenAuth.OpenId.RelyingParty:[4.2.2.13055]:|DotNetOpenAuth.OAuth.Consumer:[4.2.2.13055]:&lt;/d:Dependencies&gt;
      &lt;d:Description&gt;Enables web site visitors to log into an ASP.NET web application via popular identity providers,
			including Google, Yahoo!, Windows Live, Facebook, LinkedIn and Twitter.&lt;/d:Description&gt;
      &lt;d:DownloadCount m:type="Edm.Int32"&gt;520749&lt;/d:DownloadCount&gt;
      &lt;d:GalleryDetailsUrl&gt;http://qa.nugettest.org/packages/DotNetOpenAuth.AspNet/4.2.2.13055&lt;/d:GalleryDetailsUrl&gt;
      &lt;d:IconUrl&gt;https://github.com/AArnott/dotnetopenid/raw/v3.4/doc/logo/dnoa-logo_32x32.png&lt;/d:IconUrl&gt;
      &lt;d:IsLatestVersion m:type="Edm.Boolean"&gt;true&lt;/d:IsLatestVersion&gt;
      &lt;d:IsAbsoluteLatestVersion m:type="Edm.Boolean"&gt;true&lt;/d:IsAbsoluteLatestVersion&gt;
      &lt;d:IsPrerelease m:type="Edm.Boolean"&gt;false&lt;/d:IsPrerelease&gt;
      &lt;d:Language&gt;&lt;/d:Language&gt;
      &lt;d:Published m:type="Edm.DateTime"&gt;2013-02-24T18:41:22&lt;/d:Published&gt;
      &lt;d:LicenseUrl&gt;http://www.opensource.org/licenses/ms-pl.html&lt;/d:LicenseUrl&gt;
      &lt;d:PackageHash&gt;X22FL/ZFOCaTMOqjM/hpr2FPXsOVLg0onry615e0DCXHUDI+2GYXDqlLAOdyspr5EU6lzA6CI1z/QzYKN3u4xA==&lt;/d:PackageHash&gt;
      &lt;d:PackageHashAlgorithm&gt;SHA512&lt;/d:PackageHashAlgorithm&gt;
      &lt;d:PackageSize m:type="Edm.Int64"&gt;60997&lt;/d:PackageSize&gt;
      &lt;d:ProjectUrl&gt;http://www.dotnetopenauth.net/&lt;/d:ProjectUrl&gt;
      &lt;d:ReportAbuseUrl&gt;http://qa.nugettest.org/package/ReportAbuse/DotNetOpenAuth.AspNet/4.2.2.13055&lt;/d:ReportAbuseUrl&gt;
      &lt;d:ReleaseNotes&gt;&lt;/d:ReleaseNotes&gt;
      &lt;d:RequireLicenseAcceptance m:type="Edm.Boolean"&gt;false&lt;/d:RequireLicenseAcceptance&gt;
      &lt;d:Tags m:null="true"&gt;&lt;/d:Tags&gt;
      &lt;d:Title&gt;DotNetOpenAuth extensions for ASP.NET (WebPages)&lt;/d:Title&gt;
      &lt;d:VersionDownloadCount m:type="Edm.Int32"&gt;54229&lt;/d:VersionDownloadCount&gt;
      &lt;d:MinClientVersion&gt;&lt;/d:MinClientVersion&gt;
    &lt;/m:properties&gt;
  &lt;/entry&gt;
  &lt;entry&gt;
    &lt;id&gt;http://nugetgallery-qa.cloudapp.net/api/v2/curated-feeds/webmatrix/Packages(Id='Microsoft.AspNet.WebPages.OAuth',Version='2.0.20710.0')&lt;/id&gt;
    &lt;title type="text"&gt;Microsoft.AspNet.WebPages.OAuth&lt;/title&gt;
    &lt;summary type="text"&gt;&lt;/summary&gt;
    &lt;updated&gt;2013-04-04T21:53:45Z&lt;/updated&gt;
    &lt;author&gt;
      &lt;name&gt;Microsoft&lt;/name&gt;
    &lt;/author&gt;
    &lt;link rel="edit-media" title="V2FeedPackage" href="Packages(Id='Microsoft.AspNet.WebPages.OAuth',Version='2.0.20710.0')/$value" /&gt;
    &lt;link rel="edit" title="V2FeedPackage" href="Packages(Id='Microsoft.AspNet.WebPages.OAuth',Version='2.0.20710.0')" /&gt;
    &lt;category term="NuGetGallery.V2FeedPackage" scheme="http://schemas.microsoft.com/ado/2007/08/dataservices/scheme" /&gt;
    &lt;content type="application/zip" src="http://nugetgallery-qa.cloudapp.net/api/v2/curated-feeds/package/Microsoft.AspNet.WebPages.OAuth/2.0.20710.0" /&gt;
    &lt;m:properties xmlns:m="http://schemas.microsoft.com/ado/2007/08/dataservices/metadata" xmlns:d="http://schemas.microsoft.com/ado/2007/08/dataservices"&gt;
      &lt;d:Version&gt;2.0.20710.0&lt;/d:Version&gt;
      &lt;d:Copyright&gt;&lt;/d:Copyright&gt;
      &lt;d:Created m:type="Edm.DateTime"&gt;2012-08-11T05:36:22&lt;/d:Created&gt;
      &lt;d:Dependencies&gt;Microsoft.AspNet.WebPages.WebData:[2.0.20710.0, 2.1):|DotNetOpenAuth.AspNet:4.0.3.12153:&lt;/d:Dependencies&gt;
      &lt;d:Description&gt;This package contains the runtime assemblies for ASP.NET Web Pages. ASP.NET Web Pages and the new Razor syntax provide a fast, terse, clean and lightweight way to combine server code with HTML to create dynamic web content.&lt;/d:Description&gt;
      &lt;d:DownloadCount m:type="Edm.Int32"&gt;254429&lt;/d:DownloadCount&gt;
      &lt;d:GalleryDetailsUrl&gt;http://qa.nugettest.org/packages/Microsoft.AspNet.WebPages.OAuth/2.0.20710.0&lt;/d:GalleryDetailsUrl&gt;
      &lt;d:IconUrl&gt;https://download-codeplex.sec.s-msft.com/Download?ProjectName=aspnetwebstack&amp;amp;DownloadId=360555&lt;/d:IconUrl&gt;
      &lt;d:IsLatestVersion m:type="Edm.Boolean"&gt;true&lt;/d:IsLatestVersion&gt;
      &lt;d:IsAbsoluteLatestVersion m:type="Edm.Boolean"&gt;true&lt;/d:IsAbsoluteLatestVersion&gt;
      &lt;d:IsPrerelease m:type="Edm.Boolean"&gt;false&lt;/d:IsPrerelease&gt;
      &lt;d:Language&gt;&lt;/d:Language&gt;
      &lt;d:Published m:type="Edm.DateTime"&gt;2012-08-11T05:36:22&lt;/d:Published&gt;
      &lt;d:LicenseUrl&gt;http://www.microsoft.com/web/webpi/eula/WebPages_2_eula_ENU.htm&lt;/d:LicenseUrl&gt;
      &lt;d:PackageHash&gt;sj1TBya8GP1bOz9lzESVgeSZEghGkQlTu/fhf2FasOCZuS/0tJAFwf72eJOaF0OHSJcJR5vn2Ohz+vfrr18NmA==&lt;/d:PackageHash&gt;
      &lt;d:PackageHashAlgorithm&gt;SHA512&lt;/d:PackageHashAlgorithm&gt;
      &lt;d:PackageSize m:type="Edm.Int64"&gt;19123&lt;/d:PackageSize&gt;
      &lt;d:ProjectUrl&gt;http://www.asp.net/web-pages&lt;/d:ProjectUrl&gt;
      &lt;d:ReportAbuseUrl&gt;http://qa.nugettest.org/package/ReportAbuse/Microsoft.AspNet.WebPages.OAuth/2.0.20710.0&lt;/d:ReportAbuseUrl&gt;
      &lt;d:ReleaseNotes&gt;&lt;/d:ReleaseNotes&gt;
      &lt;d:RequireLicenseAcceptance m:type="Edm.Boolean"&gt;true&lt;/d:RequireLicenseAcceptance&gt;
      &lt;d:Tags xml:space="preserve"&gt; Microsoft AspNet WebPages AspNetWebPages OpenId OAuth authentication &lt;/d:Tags&gt;
      &lt;d:Title&gt;Microsoft WebPages OAuth library&lt;/d:Title&gt;
      &lt;d:VersionDownloadCount m:type="Edm.Int32"&gt;220855&lt;/d:VersionDownloadCount&gt;
      &lt;d:MinClientVersion&gt;&lt;/d:MinClientVersion&gt;
    &lt;/m:properties&gt;
  &lt;/entry&gt;
  &lt;entry&gt;
    &lt;id&gt;http://nugetgallery-qa.cloudapp.net/api/v2/curated-feeds/webmatrix/Packages(Id='Microsoft.Web.Infrastructure',Version='1.0.0.0')&lt;/id&gt;
    &lt;title type="text"&gt;Microsoft.Web.Infrastructure&lt;/title&gt;
    &lt;summary type="text"&gt;This package contains the Microsoft.Web.Infrastructure assembly that lets you dynamically register HTTP modules at run time.&lt;/summary&gt;
    &lt;updated&gt;2013-04-04T21:53:45Z&lt;/updated&gt;
    &lt;author&gt;
      &lt;name&gt;Microsoft&lt;/name&gt;
    &lt;/author&gt;
    &lt;link rel="edit-media" title="V2FeedPackage" href="Packages(Id='Microsoft.Web.Infrastructure',Version='1.0.0.0')/$value" /&gt;
    &lt;link rel="edit" title="V2FeedPackage" href="Packages(Id='Microsoft.Web.Infrastructure',Version='1.0.0.0')" /&gt;
    &lt;category term="NuGetGallery.V2FeedPackage" scheme="http://schemas.microsoft.com/ado/2007/08/dataservices/scheme" /&gt;
    &lt;content type="application/zip" src="http://nugetgallery-qa.cloudapp.net/api/v2/curated-feeds/package/Microsoft.Web.Infrastructure/1.0.0.0" /&gt;
    &lt;m:properties xmlns:m="http://schemas.microsoft.com/ado/2007/08/dataservices/metadata" xmlns:d="http://schemas.microsoft.com/ado/2007/08/dataservices"&gt;
      &lt;d:Version&gt;1.0.0.0&lt;/d:Version&gt;
      &lt;d:Copyright&gt;&lt;/d:Copyright&gt;
      &lt;d:Created m:type="Edm.DateTime"&gt;2011-09-14T17:56:15&lt;/d:Created&gt;
      &lt;d:Dependencies&gt;&lt;/d:Dependencies&gt;
      &lt;d:Description&gt;This package contains the Microsoft.Web.Infrastructure assembly that lets you dynamically register HTTP modules at run time.&lt;/d:Description&gt;
      &lt;d:DownloadCount m:type="Edm.Int32"&gt;1171124&lt;/d:DownloadCount&gt;
      &lt;d:GalleryDetailsUrl&gt;http://qa.nugettest.org/packages/Microsoft.Web.Infrastructure/1.0.0.0&lt;/d:GalleryDetailsUrl&gt;
      &lt;d:IconUrl&gt;https://download-codeplex.sec.s-msft.com/Download?ProjectName=aspnetwebstack&amp;amp;DownloadId=360555&lt;/d:IconUrl&gt;
      &lt;d:IsLatestVersion m:type="Edm.Boolean"&gt;true&lt;/d:IsLatestVersion&gt;
      &lt;d:IsAbsoluteLatestVersion m:type="Edm.Boolean"&gt;true&lt;/d:IsAbsoluteLatestVersion&gt;
      &lt;d:IsPrerelease m:type="Edm.Boolean"&gt;false&lt;/d:IsPrerelease&gt;
      &lt;d:Language&gt;&lt;/d:Language&gt;
      &lt;d:Published m:type="Edm.DateTime"&gt;2011-09-14T17:56:16&lt;/d:Published&gt;
      &lt;d:LicenseUrl&gt;http://go.microsoft.com/fwlink/?LinkID=214339&lt;/d:LicenseUrl&gt;
      &lt;d:PackageHash&gt;FNmvLn5m2LTU/Rs2KWVo0SIIh9Ek+U0ojex7xeDaSHw/zgEP77A8vY5cVWgUtBGS8MJfDGNn8rpXJWEIQaPwTg==&lt;/d:PackageHash&gt;
      &lt;d:PackageHashAlgorithm&gt;SHA512&lt;/d:PackageHashAlgorithm&gt;
      &lt;d:PackageSize m:type="Edm.Int64"&gt;30745&lt;/d:PackageSize&gt;
      &lt;d:ProjectUrl&gt;http://www.asp.net/&lt;/d:ProjectUrl&gt;
      &lt;d:ReportAbuseUrl&gt;http://qa.nugettest.org/package/ReportAbuse/Microsoft.Web.Infrastructure/1.0.0.0&lt;/d:ReportAbuseUrl&gt;
      &lt;d:ReleaseNotes&gt;&lt;/d:ReleaseNotes&gt;
      &lt;d:RequireLicenseAcceptance m:type="Edm.Boolean"&gt;false&lt;/d:RequireLicenseAcceptance&gt;
      &lt;d:Tags&gt;ASPNETWEBPAGES&lt;/d:Tags&gt;
      &lt;d:Title&gt;Microsoft.Web.Infrastructure&lt;/d:Title&gt;
      &lt;d:VersionDownloadCount m:type="Edm.Int32"&gt;1171124&lt;/d:VersionDownloadCount&gt;
      &lt;d:MinClientVersion&gt;&lt;/d:MinClientVersion&gt;
    &lt;/m:properties&gt;
  &lt;/entry&gt;
  &lt;entry&gt;
    &lt;id&gt;http://nugetgallery-qa.cloudapp.net/api/v2/curated-feeds/webmatrix/Packages(Id='WebGrease',Version='1.3.0')&lt;/id&gt;
    &lt;title type="text"&gt;WebGrease&lt;/title&gt;
    &lt;summary type="text"&gt;&lt;/summary&gt;
    &lt;updated&gt;2013-04-04T21:53:45Z&lt;/updated&gt;
    &lt;author&gt;
      &lt;name&gt;webgrease@microsoft.com&lt;/name&gt;
    &lt;/author&gt;
    &lt;link rel="edit-media" title="V2FeedPackage" href="Packages(Id='WebGrease',Version='1.3.0')/$value" /&gt;
    &lt;link rel="edit" title="V2FeedPackage" href="Packages(Id='WebGrease',Version='1.3.0')" /&gt;
    &lt;category term="NuGetGallery.V2FeedPackage" scheme="http://schemas.microsoft.com/ado/2007/08/dataservices/scheme" /&gt;
    &lt;content type="application/zip" src="http://nugetgallery-qa.cloudapp.net/api/v2/curated-feeds/package/WebGrease/1.3.0" /&gt;
    &lt;m:properties xmlns:m="http://schemas.microsoft.com/ado/2007/08/dataservices/metadata" xmlns:d="http://schemas.microsoft.com/ado/2007/08/dataservices"&gt;
      &lt;d:Version&gt;1.3.0&lt;/d:Version&gt;
      &lt;d:Copyright&gt;&lt;/d:Copyright&gt;
      &lt;d:Created m:type="Edm.DateTime"&gt;2012-10-17T19:18:58&lt;/d:Created&gt;
      &lt;d:Dependencies&gt;&lt;/d:Dependencies&gt;
      &lt;d:Description&gt;Web Grease is a suite of tools for optimizing javascript, css files and images.&lt;/d:Description&gt;
      &lt;d:DownloadCount m:type="Edm.Int32"&gt;326444&lt;/d:DownloadCount&gt;
      &lt;d:GalleryDetailsUrl&gt;http://qa.nugettest.org/packages/WebGrease/1.3.0&lt;/d:GalleryDetailsUrl&gt;
      &lt;d:IconUrl m:null="true"&gt;&lt;/d:IconUrl&gt;
      &lt;d:IsLatestVersion m:type="Edm.Boolean"&gt;true&lt;/d:IsLatestVersion&gt;
      &lt;d:IsAbsoluteLatestVersion m:type="Edm.Boolean"&gt;true&lt;/d:IsAbsoluteLatestVersion&gt;
      &lt;d:IsPrerelease m:type="Edm.Boolean"&gt;false&lt;/d:IsPrerelease&gt;
      &lt;d:Language&gt;en-US&lt;/d:Language&gt;
      &lt;d:Published m:type="Edm.DateTime"&gt;2012-10-17T19:18:59&lt;/d:Published&gt;
      &lt;d:LicenseUrl&gt;http://www.microsoft.com/web/webpi/eula/msn_webgrease_eula.htm&lt;/d:LicenseUrl&gt;
      &lt;d:PackageHash&gt;wyYTftAZFSpQyACdG+PkZsZoO6ruCicOWhzVPri9JOUt/stvpImyh0jMY+lkNupLCvitzUy9973ps3O2OYwJpg==&lt;/d:PackageHash&gt;
      &lt;d:PackageHashAlgorithm&gt;SHA512&lt;/d:PackageHashAlgorithm&gt;
      &lt;d:PackageSize m:type="Edm.Int64"&gt;773491&lt;/d:PackageSize&gt;
      &lt;d:ProjectUrl&gt;&lt;/d:ProjectUrl&gt;
      &lt;d:ReportAbuseUrl&gt;http://qa.nugettest.org/package/ReportAbuse/WebGrease/1.3.0&lt;/d:ReportAbuseUrl&gt;
      &lt;d:ReleaseNotes&gt;&lt;/d:ReleaseNotes&gt;
      &lt;d:RequireLicenseAcceptance m:type="Edm.Boolean"&gt;true&lt;/d:RequireLicenseAcceptance&gt;
      &lt;d:Tags m:null="true"&gt;&lt;/d:Tags&gt;
      &lt;d:Title&gt;WebGrease&lt;/d:Title&gt;
      &lt;d:VersionDownloadCount m:type="Edm.Int32"&gt;108014&lt;/d:VersionDownloadCount&gt;
      &lt;d:MinClientVersion&gt;&lt;/d:MinClientVersion&gt;
    &lt;/m:properties&gt;
  &lt;/entry&gt;
  &lt;entry&gt;
    &lt;id&gt;http://nugetgallery-qa.cloudapp.net/api/v2/curated-feeds/webmatrix/Packages(Id='Cassette.Views',Version='2.0.0')&lt;/id&gt;
    &lt;title type="text"&gt;Cassette.Views&lt;/title&gt;
    &lt;summary type="text"&gt;&lt;/summary&gt;
    &lt;updated&gt;2013-04-04T17:48:35Z&lt;/updated&gt;
    &lt;author&gt;
      &lt;name&gt;Andrew Davey&lt;/name&gt;
    &lt;/author&gt;
    &lt;link rel="edit-media" title="V2FeedPackage" href="Packages(Id='Cassette.Views',Version='2.0.0')/$value" /&gt;
    &lt;link rel="edit" title="V2FeedPackage" href="Packages(Id='Cassette.Views',Version='2.0.0')" /&gt;
    &lt;category term="NuGetGallery.V2FeedPackage" scheme="http://schemas.microsoft.com/ado/2007/08/dataservices/scheme" /&gt;
    &lt;content type="application/zip" src="http://nugetgallery-qa.cloudapp.net/api/v2/curated-feeds/package/Cassette.Views/2.0.0" /&gt;
    &lt;m:properties xmlns:m="http://schemas.microsoft.com/ado/2007/08/dataservices/metadata" xmlns:d="http://schemas.microsoft.com/ado/2007/08/dataservices"&gt;
      &lt;d:Version&gt;2.0.0&lt;/d:Version&gt;
      &lt;d:Copyright&gt;© 2011 Andrew Davey&lt;/d:Copyright&gt;
      &lt;d:Created m:type="Edm.DateTime"&gt;2012-08-30T09:00:36&lt;/d:Created&gt;
      &lt;d:Dependencies&gt;Cassette:2.0.0:&lt;/d:Dependencies&gt;
      &lt;d:Description&gt;View helpers for Cassette.&lt;/d:Description&gt;
      &lt;d:DownloadCount m:type="Edm.Int32"&gt;24673&lt;/d:DownloadCount&gt;
      &lt;d:GalleryDetailsUrl&gt;http://qa.nugettest.org/packages/Cassette.Views/2.0.0&lt;/d:GalleryDetailsUrl&gt;
      &lt;d:IconUrl m:null="true"&gt;&lt;/d:IconUrl&gt;
      &lt;d:IsLatestVersion m:type="Edm.Boolean"&gt;true&lt;/d:IsLatestVersion&gt;
      &lt;d:IsAbsoluteLatestVersion m:type="Edm.Boolean"&gt;false&lt;/d:IsAbsoluteLatestVersion&gt;
      &lt;d:IsPrerelease m:type="Edm.Boolean"&gt;false&lt;/d:IsPrerelease&gt;
      &lt;d:Language&gt;&lt;/d:Language&gt;
      &lt;d:Published m:type="Edm.DateTime"&gt;2012-08-30T09:00:36&lt;/d:Published&gt;
      &lt;d:LicenseUrl&gt;http://getcassette.net/licensing&lt;/d:LicenseUrl&gt;
      &lt;d:PackageHash&gt;3Fj6J/RWama3VchAZDkcqmnWhVy7y1aZAIEFfzDrmVEPEl4X6PBAyNskyIvVuPZWaUPsiujFz02Btmab9RjjKA==&lt;/d:PackageHash&gt;
      &lt;d:PackageHashAlgorithm&gt;SHA512&lt;/d:PackageHashAlgorithm&gt;
      &lt;d:PackageSize m:type="Edm.Int64"&gt;8034&lt;/d:PackageSize&gt;
      &lt;d:ProjectUrl&gt;http://getcassette.net/&lt;/d:ProjectUrl&gt;
      &lt;d:ReportAbuseUrl&gt;http://qa.nugettest.org/package/ReportAbuse/Cassette.Views/2.0.0&lt;/d:ReportAbuseUrl&gt;
      &lt;d:ReleaseNotes&gt;&lt;/d:ReleaseNotes&gt;
      &lt;d:RequireLicenseAcceptance m:type="Edm.Boolean"&gt;false&lt;/d:RequireLicenseAcceptance&gt;
      &lt;d:Tags xml:space="preserve"&gt; web javascript coffeescript css html templates asp.net &lt;/d:Tags&gt;
      &lt;d:Title&gt;Cassette.Views&lt;/d:Title&gt;
      &lt;d:VersionDownloadCount m:type="Edm.Int32"&gt;5771&lt;/d:VersionDownloadCount&gt;
      &lt;d:MinClientVersion&gt;&lt;/d:MinClientVersion&gt;
    &lt;/m:properties&gt;
  &lt;/entry&gt;
  &lt;entry&gt;
    &lt;id&gt;http://nugetgallery-qa.cloudapp.net/api/v2/curated-feeds/webmatrix/Packages(Id='WebBackgrounder.EntityFramework',Version='0.1')&lt;/id&gt;
    &lt;title type="text"&gt;WebBackgrounder.EntityFramework&lt;/title&gt;
    &lt;summary type="text"&gt;WebBackgrounder.EntityFramework is an implementation of the IJobCoordinator for WebBackgrounder that uses a Database (via EF Code First) as the synchronization mechanism (aka a mutex) for coordinating jobs.&lt;/summary&gt;
    &lt;updated&gt;2013-04-04T21:53:45Z&lt;/updated&gt;
    &lt;author&gt;
      &lt;name&gt;Outercurve Foundation&lt;/name&gt;
    &lt;/author&gt;
    &lt;link rel="edit-media" title="V2FeedPackage" href="Packages(Id='WebBackgrounder.EntityFramework',Version='0.1')/$value" /&gt;
    &lt;link rel="edit" title="V2FeedPackage" href="Packages(Id='WebBackgrounder.EntityFramework',Version='0.1')" /&gt;
    &lt;category term="NuGetGallery.V2FeedPackage" scheme="http://schemas.microsoft.com/ado/2007/08/dataservices/scheme" /&gt;
    &lt;content type="application/zip" src="http://nugetgallery-qa.cloudapp.net/api/v2/curated-feeds/package/WebBackgrounder.EntityFramework/0.1" /&gt;
    &lt;m:properties xmlns:m="http://schemas.microsoft.com/ado/2007/08/dataservices/metadata" xmlns:d="http://schemas.microsoft.com/ado/2007/08/dataservices"&gt;
      &lt;d:Version&gt;0.1&lt;/d:Version&gt;
      &lt;d:Copyright&gt;&lt;/d:Copyright&gt;
      &lt;d:Created m:type="Edm.DateTime"&gt;2011-11-24T00:18:40&lt;/d:Created&gt;
      &lt;d:Dependencies&gt;EntityFramework:4.1.10715.0|WebActivator:1.4.4|WebBackgrounder:0.1&lt;/d:Dependencies&gt;
      &lt;d:Description&gt;WebBackgrounder.EntityFramework is an implementation of the IJobCoordinator for WebBackgrounder that uses a Database (via EF Code First) as the synchronization mechanism (aka a mutex) for coordinating jobs.&lt;/d:Description&gt;
      &lt;d:DownloadCount m:type="Edm.Int32"&gt;250015&lt;/d:DownloadCount&gt;
      &lt;d:GalleryDetailsUrl&gt;http://qa.nugettest.org/packages/WebBackgrounder.EntityFramework/0.1&lt;/d:GalleryDetailsUrl&gt;
      &lt;d:IconUrl m:null="true"&gt;&lt;/d:IconUrl&gt;
      &lt;d:IsLatestVersion m:type="Edm.Boolean"&gt;true&lt;/d:IsLatestVersion&gt;
      &lt;d:IsAbsoluteLatestVersion m:type="Edm.Boolean"&gt;true&lt;/d:IsAbsoluteLatestVersion&gt;
      &lt;d:IsPrerelease m:type="Edm.Boolean"&gt;false&lt;/d:IsPrerelease&gt;
      &lt;d:Language&gt;&lt;/d:Language&gt;
      &lt;d:Published m:type="Edm.DateTime"&gt;2011-11-24T00:18:41&lt;/d:Published&gt;
      &lt;d:LicenseUrl&gt;http://nuget.codeplex.com/license&lt;/d:LicenseUrl&gt;
      &lt;d:PackageHash&gt;yiZLf54QNwy+5PHGGO43IFTzksw/auZ9Y8z1Hw8Uh7eQ+86tExK8tJ0kPHo2vipoM4sl/4NN+FgWJR6LGqKlLQ==&lt;/d:PackageHash&gt;
      &lt;d:PackageHashAlgorithm&gt;SHA512&lt;/d:PackageHashAlgorithm&gt;
      &lt;d:PackageSize m:type="Edm.Int64"&gt;8461&lt;/d:PackageSize&gt;
      &lt;d:ProjectUrl&gt;https://github.com/NuGet/WebBackgrounder&lt;/d:ProjectUrl&gt;
      &lt;d:ReportAbuseUrl&gt;http://qa.nugettest.org/package/ReportAbuse/WebBackgrounder.EntityFramework/0.1&lt;/d:ReportAbuseUrl&gt;
      &lt;d:ReleaseNotes&gt;&lt;/d:ReleaseNotes&gt;
      &lt;d:RequireLicenseAcceptance m:type="Edm.Boolean"&gt;false&lt;/d:RequireLicenseAcceptance&gt;
      &lt;d:Tags xml:space="preserve"&gt; aspnet threading background tasks jobs scheduled scheduling workers asp.net sql entity-framework database db &lt;/d:Tags&gt;
      &lt;d:Title&gt;WebBackgrounder.EntityFramework&lt;/d:Title&gt;
      &lt;d:VersionDownloadCount m:type="Edm.Int32"&gt;249746&lt;/d:VersionDownloadCount&gt;
      &lt;d:MinClientVersion&gt;&lt;/d:MinClientVersion&gt;
    &lt;/m:properties&gt;
  &lt;/entry&gt;
  &lt;entry&gt;
    &lt;id&gt;http://nugetgallery-qa.cloudapp.net/api/v2/curated-feeds/webmatrix/Packages(Id='Microsoft.AspNet.Web.Optimization',Version='1.0.0')&lt;/id&gt;
    &lt;title type="text"&gt;Microsoft.AspNet.Web.Optimization&lt;/title&gt;
    &lt;summary type="text"&gt;&lt;/summary&gt;
    &lt;updated&gt;2013-04-04T21:53:45Z&lt;/updated&gt;
    &lt;author&gt;
      &lt;name&gt;Microsoft&lt;/name&gt;
    &lt;/author&gt;
    &lt;link rel="edit-media" title="V2FeedPackage" href="Packages(Id='Microsoft.AspNet.Web.Optimization',Version='1.0.0')/$value" /&gt;
    &lt;link rel="edit" title="V2FeedPackage" href="Packages(Id='Microsoft.AspNet.Web.Optimization',Version='1.0.0')" /&gt;
    &lt;category term="NuGetGallery.V2FeedPackage" scheme="http://schemas.microsoft.com/ado/2007/08/dataservices/scheme" /&gt;
    &lt;content type="application/zip" src="http://nugetgallery-qa.cloudapp.net/api/v2/curated-feeds/package/Microsoft.AspNet.Web.Optimization/1.0.0" /&gt;
    &lt;m:properties xmlns:m="http://schemas.microsoft.com/ado/2007/08/dataservices/metadata" xmlns:d="http://schemas.microsoft.com/ado/2007/08/dataservices"&gt;
      &lt;d:Version&gt;1.0.0&lt;/d:Version&gt;
      &lt;d:Copyright&gt;&lt;/d:Copyright&gt;
      &lt;d:Created m:type="Edm.DateTime"&gt;2012-08-11T05:19:36&lt;/d:Created&gt;
      &lt;d:Dependencies&gt;Microsoft.Web.Infrastructure:1.0.0:|WebGrease:1.1.0:&lt;/d:Dependencies&gt;
      &lt;d:Description&gt;ASP.NET Optimization introduces a way to bundle and optimize css/js files.&lt;/d:Description&gt;
      &lt;d:DownloadCount m:type="Edm.Int32"&gt;269223&lt;/d:DownloadCount&gt;
      &lt;d:GalleryDetailsUrl&gt;http://qa.nugettest.org/packages/Microsoft.AspNet.Web.Optimization/1.0.0&lt;/d:GalleryDetailsUrl&gt;
      &lt;d:IconUrl&gt;https://download-codeplex.sec.s-msft.com/Download?ProjectName=aspnetwebstack&amp;amp;DownloadId=360555&lt;/d:IconUrl&gt;
      &lt;d:IsLatestVersion m:type="Edm.Boolean"&gt;true&lt;/d:IsLatestVersion&gt;
      &lt;d:IsAbsoluteLatestVersion m:type="Edm.Boolean"&gt;false&lt;/d:IsAbsoluteLatestVersion&gt;
      &lt;d:IsPrerelease m:type="Edm.Boolean"&gt;false&lt;/d:IsPrerelease&gt;
      &lt;d:Language&gt;&lt;/d:Language&gt;
      &lt;d:Published m:type="Edm.DateTime"&gt;2012-08-11T05:19:36&lt;/d:Published&gt;
      &lt;d:LicenseUrl&gt;http://www.microsoft.com/web/webpi/eula/weboptimization_1_eula_ENU.htm&lt;/d:LicenseUrl&gt;
      &lt;d:PackageHash&gt;4pMO9b/F9A2iQHcom3ruqNxK023iynMTA621M7Hr0TWMxSxqM2g8Soc0FRRETTEhVVcKlOMPhA6yNtSXh+xikQ==&lt;/d:PackageHash&gt;
      &lt;d:PackageHashAlgorithm&gt;SHA512&lt;/d:PackageHashAlgorithm&gt;
      &lt;d:PackageSize m:type="Edm.Int64"&gt;29808&lt;/d:PackageSize&gt;
      &lt;d:ProjectUrl&gt;&lt;/d:ProjectUrl&gt;
      &lt;d:ReportAbuseUrl&gt;http://qa.nugettest.org/package/ReportAbuse/Microsoft.AspNet.Web.Optimization/1.0.0&lt;/d:ReportAbuseUrl&gt;
      &lt;d:ReleaseNotes&gt;&lt;/d:ReleaseNotes&gt;
      &lt;d:RequireLicenseAcceptance m:type="Edm.Boolean"&gt;true&lt;/d:RequireLicenseAcceptance&gt;
      &lt;d:Tags xml:space="preserve"&gt; Microsoft AspNet optimization bundling minification &lt;/d:Tags&gt;
      &lt;d:Title&gt;Microsoft ASP.NET Web Optimization Framework&lt;/d:Title&gt;
      &lt;d:VersionDownloadCount m:type="Edm.Int32"&gt;213113&lt;/d:VersionDownloadCount&gt;
      &lt;d:MinClientVersion&gt;&lt;/d:MinClientVersion&gt;
    &lt;/m:properties&gt;
  &lt;/entry&gt;
  &lt;entry&gt;
    &lt;id&gt;http://nugetgallery-qa.cloudapp.net/api/v2/curated-feeds/webmatrix/Packages(Id='RouteMagic',Version='1.2')&lt;/id&gt;
    &lt;title type="text"&gt;RouteMagic&lt;/title&gt;
    &lt;summary type="text"&gt;RouteMagic is a library of useful Routing helpers. See http://haacked.com/archive/2011/01/30/introducing-routemagic.aspx for more information.&lt;/summary&gt;
    &lt;updated&gt;2013-04-04T21:53:45Z&lt;/updated&gt;
    &lt;author&gt;
      &lt;name&gt;Phil Haack&lt;/name&gt;
    &lt;/author&gt;
    &lt;link rel="edit-media" title="V2FeedPackage" href="Packages(Id='RouteMagic',Version='1.2')/$value" /&gt;
    &lt;link rel="edit" title="V2FeedPackage" href="Packages(Id='RouteMagic',Version='1.2')" /&gt;
    &lt;category term="NuGetGallery.V2FeedPackage" scheme="http://schemas.microsoft.com/ado/2007/08/dataservices/scheme" /&gt;
    &lt;content type="application/zip" src="http://nugetgallery-qa.cloudapp.net/api/v2/curated-feeds/package/RouteMagic/1.2" /&gt;
    &lt;m:properties xmlns:m="http://schemas.microsoft.com/ado/2007/08/dataservices/metadata" xmlns:d="http://schemas.microsoft.com/ado/2007/08/dataservices"&gt;
      &lt;d:Version&gt;1.2&lt;/d:Version&gt;
      &lt;d:Copyright&gt;&lt;/d:Copyright&gt;
      &lt;d:Created m:type="Edm.DateTime"&gt;2011-12-21T05:58:14&lt;/d:Created&gt;
      &lt;d:Dependencies&gt;&lt;/d:Dependencies&gt;
      &lt;d:Description&gt;RouteMagic is a library of useful Routing helpers. See http://haacked.com/archive/2011/01/30/introducing-routemagic.aspx for more information.&lt;/d:Description&gt;
      &lt;d:DownloadCount m:type="Edm.Int32"&gt;332315&lt;/d:DownloadCount&gt;
      &lt;d:GalleryDetailsUrl&gt;http://qa.nugettest.org/packages/RouteMagic/1.2&lt;/d:GalleryDetailsUrl&gt;
      &lt;d:IconUrl m:null="true"&gt;&lt;/d:IconUrl&gt;
      &lt;d:IsLatestVersion m:type="Edm.Boolean"&gt;true&lt;/d:IsLatestVersion&gt;
      &lt;d:IsAbsoluteLatestVersion m:type="Edm.Boolean"&gt;true&lt;/d:IsAbsoluteLatestVersion&gt;
      &lt;d:IsPrerelease m:type="Edm.Boolean"&gt;false&lt;/d:IsPrerelease&gt;
      &lt;d:Language&gt;&lt;/d:Language&gt;
      &lt;d:Published m:type="Edm.DateTime"&gt;2011-12-21T05:58:14&lt;/d:Published&gt;
      &lt;d:LicenseUrl&gt;http://routemagic.codeplex.com/license&lt;/d:LicenseUrl&gt;
      &lt;d:PackageHash&gt;y8SjKJmIhnfCVuzW4qITeulQ9eT4kOOkNcHIJtQyDhKyg6jkDVHFjGbwcpRDbKp+CN8AxDWiipTdCWB0OgM4ow==&lt;/d:PackageHash&gt;
      &lt;d:PackageHashAlgorithm&gt;SHA512&lt;/d:PackageHashAlgorithm&gt;
      &lt;d:PackageSize m:type="Edm.Int64"&gt;18153&lt;/d:PackageSize&gt;
      &lt;d:ProjectUrl&gt;http://routemagic.codeplex.com/&lt;/d:ProjectUrl&gt;
      &lt;d:ReportAbuseUrl&gt;http://qa.nugettest.org/package/ReportAbuse/RouteMagic/1.2&lt;/d:ReportAbuseUrl&gt;
      &lt;d:ReleaseNotes&gt;* 1.1.3 Added IncomingOnlyRouteConstraint for routes that should only be used to match 
        incoming HTTP requsets and should not be used for URL generation.&lt;/d:ReleaseNotes&gt;
      &lt;d:RequireLicenseAcceptance m:type="Edm.Boolean"&gt;false&lt;/d:RequireLicenseAcceptance&gt;
      &lt;d:Tags xml:space="preserve"&gt; routing asp.net &lt;/d:Tags&gt;
      &lt;d:Title&gt;RouteMagic&lt;/d:Title&gt;
      &lt;d:VersionDownloadCount m:type="Edm.Int32"&gt;126642&lt;/d:VersionDownloadCount&gt;
      &lt;d:MinClientVersion&gt;&lt;/d:MinClientVersion&gt;
    &lt;/m:properties&gt;
  &lt;/entry&gt;
  &lt;entry&gt;
    &lt;id&gt;http://nugetgallery-qa.cloudapp.net/api/v2/curated-feeds/webmatrix/Packages(Id='elmah',Version='1.2.2')&lt;/id&gt;
    &lt;title type="text"&gt;elmah&lt;/title&gt;
    &lt;summary type="text"&gt;ELMAH with initial configuration for getting started quickly. ELMAH (Error Logging Modules and Handlers) is an application-wide error logging facility that is completely pluggable. It can be dynamically added to a running ASP.NET web application, or even all ASP.NET web applications on a machine, without any need for re-compilation or re-deployment.&lt;/summary&gt;
    &lt;updated&gt;2013-04-16T15:37:46Z&lt;/updated&gt;
    &lt;author&gt;
      &lt;name&gt;Atif Aziz&lt;/name&gt;
    &lt;/author&gt;
    &lt;link rel="edit-media" title="V2FeedPackage" href="Packages(Id='elmah',Version='1.2.2')/$value" /&gt;
    &lt;link rel="edit" title="V2FeedPackage" href="Packages(Id='elmah',Version='1.2.2')" /&gt;
    &lt;category term="NuGetGallery.V2FeedPackage" scheme="http://schemas.microsoft.com/ado/2007/08/dataservices/scheme" /&gt;
    &lt;content type="application/zip" src="http://nugetgallery-qa.cloudapp.net/api/v2/curated-feeds/package/elmah/1.2.2" /&gt;
    &lt;m:properties xmlns:m="http://schemas.microsoft.com/ado/2007/08/dataservices/metadata" xmlns:d="http://schemas.microsoft.com/ado/2007/08/dataservices"&gt;
      &lt;d:Version&gt;1.2.2&lt;/d:Version&gt;
      &lt;d:Copyright&gt;&lt;/d:Copyright&gt;
      &lt;d:Created m:type="Edm.DateTime"&gt;2012-04-13T07:27:34&lt;/d:Created&gt;
      &lt;d:Dependencies&gt;elmah.corelibrary:1.2.2&lt;/d:Dependencies&gt;
      &lt;d:Description&gt;ELMAH with initial configuration for getting started quickly. ELMAH (Error Logging Modules and Handlers) is an application-wide error logging facility that is completely pluggable. It can be dynamically added to a running ASP.NET web application, or even all ASP.NET web applications on a machine, without any need for re-compilation or re-deployment.&lt;/d:Description&gt;
      &lt;d:DownloadCount m:type="Edm.Int32"&gt;711788&lt;/d:DownloadCount&gt;
      &lt;d:GalleryDetailsUrl&gt;http://qa.nugettest.org/packages/elmah/1.2.2&lt;/d:GalleryDetailsUrl&gt;
      &lt;d:IconUrl m:null="true"&gt;&lt;/d:IconUrl&gt;
      &lt;d:IsLatestVersion m:type="Edm.Boolean"&gt;true&lt;/d:IsLatestVersion&gt;
      &lt;d:IsAbsoluteLatestVersion m:type="Edm.Boolean"&gt;true&lt;/d:IsAbsoluteLatestVersion&gt;
      &lt;d:IsPrerelease m:type="Edm.Boolean"&gt;false&lt;/d:IsPrerelease&gt;
      &lt;d:Language&gt;&lt;/d:Language&gt;
      &lt;d:Published m:type="Edm.DateTime"&gt;2012-04-13T07:27:36&lt;/d:Published&gt;
      &lt;d:LicenseUrl&gt;http://www.apache.org/licenses/LICENSE-2.0&lt;/d:LicenseUrl&gt;
      &lt;d:PackageHash&gt;1N+UKxS2vnw8dqG+1bZA3LeYwu7pL2hEiSTO5cbS8WExyKJhekiauGI2WAJQ0EQhxZPayFihwtmiEMvx7+vCig==&lt;/d:PackageHash&gt;
      &lt;d:PackageHashAlgorithm&gt;SHA512&lt;/d:PackageHashAlgorithm&gt;
      &lt;d:PackageSize m:type="Edm.Int64"&gt;5902&lt;/d:PackageSize&gt;
      &lt;d:ProjectUrl&gt;http://elmah.googlecode.com/&lt;/d:ProjectUrl&gt;
      &lt;d:ReportAbuseUrl&gt;http://qa.nugettest.org/package/ReportAbuse/elmah/1.2.2&lt;/d:ReportAbuseUrl&gt;
      &lt;d:ReleaseNotes&gt;This release updates the way the HTTP handler is registered in the web.config and is designed to work more strictly and securely when enabling remote access for authorized users. See http://code.google.com/p/elmah/wiki/SecuringErrorLogPages on the project site for more information.&lt;/d:ReleaseNotes&gt;
      &lt;d:RequireLicenseAcceptance m:type="Edm.Boolean"&gt;false&lt;/d:RequireLicenseAcceptance&gt;
      &lt;d:Tags xml:space="preserve"&gt; elmah error logging unhandled exception &lt;/d:Tags&gt;
      &lt;d:Title&gt;ELMAH&lt;/d:Title&gt;
      &lt;d:VersionDownloadCount m:type="Edm.Int32"&gt;117429&lt;/d:VersionDownloadCount&gt;
      &lt;d:MinClientVersion&gt;&lt;/d:MinClientVersion&gt;
    &lt;/m:properties&gt;
  &lt;/entry&gt;
  &lt;entry&gt;
    &lt;id&gt;http://nugetgallery-qa.cloudapp.net/api/v2/curated-feeds/webmatrix/Packages(Id='Ninject.MVC3',Version='3.0.0.6')&lt;/id&gt;
    &lt;title type="text"&gt;Ninject.MVC3&lt;/title&gt;
    &lt;summary type="text"&gt;Extension for Ninject providing integration with ASP.NET MVC3&lt;/summary&gt;
    &lt;updated&gt;2013-04-04T21:53:45Z&lt;/updated&gt;
    &lt;author&gt;
      &lt;name&gt;Remo Gloor,  Ian Davis&lt;/name&gt;
    &lt;/author&gt;
    &lt;link rel="edit-media" title="V2FeedPackage" href="Packages(Id='Ninject.MVC3',Version='3.0.0.6')/$value" /&gt;
    &lt;link rel="edit" title="V2FeedPackage" href="Packages(Id='Ninject.MVC3',Version='3.0.0.6')" /&gt;
    &lt;category term="NuGetGallery.V2FeedPackage" scheme="http://schemas.microsoft.com/ado/2007/08/dataservices/scheme" /&gt;
    &lt;content type="application/zip" src="http://nugetgallery-qa.cloudapp.net/api/v2/curated-feeds/package/Ninject.MVC3/3.0.0.6" /&gt;
    &lt;m:properties xmlns:m="http://schemas.microsoft.com/ado/2007/08/dataservices/metadata" xmlns:d="http://schemas.microsoft.com/ado/2007/08/dataservices"&gt;
      &lt;d:Version&gt;3.0.0.6&lt;/d:Version&gt;
      &lt;d:Copyright&gt;&lt;/d:Copyright&gt;
      &lt;d:Created m:type="Edm.DateTime"&gt;2012-03-26T22:42:35&lt;/d:Created&gt;
      &lt;d:Dependencies&gt;Ninject:[3.0.0.0, 3.1.0.0)|Ninject.Web.Common:[3.0.0.0, 3.1.0.0)&lt;/d:Dependencies&gt;
      &lt;d:Description&gt;Extension for Ninject providing integration with ASP.NET MVC3&lt;/d:Description&gt;
      &lt;d:DownloadCount m:type="Edm.Int32"&gt;313926&lt;/d:DownloadCount&gt;
      &lt;d:GalleryDetailsUrl&gt;http://qa.nugettest.org/packages/Ninject.MVC3/3.0.0.6&lt;/d:GalleryDetailsUrl&gt;
      &lt;d:IconUrl&gt;https://github.com/ninject/ninject/raw/master/logos/Ninject-Logo32.png&lt;/d:IconUrl&gt;
      &lt;d:IsLatestVersion m:type="Edm.Boolean"&gt;true&lt;/d:IsLatestVersion&gt;
      &lt;d:IsAbsoluteLatestVersion m:type="Edm.Boolean"&gt;false&lt;/d:IsAbsoluteLatestVersion&gt;
      &lt;d:IsPrerelease m:type="Edm.Boolean"&gt;false&lt;/d:IsPrerelease&gt;
      &lt;d:Language&gt;&lt;/d:Language&gt;
      &lt;d:Published m:type="Edm.DateTime"&gt;2012-03-26T22:42:35&lt;/d:Published&gt;
      &lt;d:LicenseUrl&gt;https://github.com/ninject/ninject.web.mvc/raw/master/mvc3/LICENSE.txt&lt;/d:LicenseUrl&gt;
      &lt;d:PackageHash&gt;fFW1hNSVvFTmVAW6g+gVr22y6rpWS0QeNFx3/DRCpOZZTQn/4cZAuk/muJ6hRlFg4RbCAz5N/cLffM3gTqC5gA==&lt;/d:PackageHash&gt;
      &lt;d:PackageHashAlgorithm&gt;SHA512&lt;/d:PackageHashAlgorithm&gt;
      &lt;d:PackageSize m:type="Edm.Int64"&gt;53327&lt;/d:PackageSize&gt;
      &lt;d:ProjectUrl&gt;http://www.ninject.org/&lt;/d:ProjectUrl&gt;
      &lt;d:ReportAbuseUrl&gt;http://qa.nugettest.org/package/ReportAbuse/Ninject.MVC3/3.0.0.6&lt;/d:ReportAbuseUrl&gt;
      &lt;d:ReleaseNotes&gt;&lt;/d:ReleaseNotes&gt;
      &lt;d:RequireLicenseAcceptance m:type="Edm.Boolean"&gt;true&lt;/d:RequireLicenseAcceptance&gt;
      &lt;d:Tags xml:space="preserve"&gt; Ninject ioc di web mvc3 &lt;/d:Tags&gt;
      &lt;d:Title&gt;Ninject.MVC3&lt;/d:Title&gt;
      &lt;d:VersionDownloadCount m:type="Edm.Int32"&gt;78859&lt;/d:VersionDownloadCount&gt;
      &lt;d:MinClientVersion&gt;&lt;/d:MinClientVersion&gt;
    &lt;/m:properties&gt;
  &lt;/entry&gt;
  &lt;entry&gt;
    &lt;id&gt;http://nugetgallery-qa.cloudapp.net/api/v2/curated-feeds/webmatrix/Packages(Id='Ninject.Web.Common',Version='3.0.0.7')&lt;/id&gt;
    &lt;title type="text"&gt;Ninject.Web.Common&lt;/title&gt;
    &lt;summary type="text"&gt;&lt;/summary&gt;
    &lt;updated&gt;2013-04-04T21:53:45Z&lt;/updated&gt;
    &lt;author&gt;
      &lt;name&gt;Ninject Project Contributors&lt;/name&gt;
    &lt;/author&gt;
    &lt;link rel="edit-media" title="V2FeedPackage" href="Packages(Id='Ninject.Web.Common',Version='3.0.0.7')/$value" /&gt;
    &lt;link rel="edit" title="V2FeedPackage" href="Packages(Id='Ninject.Web.Common',Version='3.0.0.7')" /&gt;
    &lt;category term="NuGetGallery.V2FeedPackage" scheme="http://schemas.microsoft.com/ado/2007/08/dataservices/scheme" /&gt;
    &lt;content type="application/zip" src="http://nugetgallery-qa.cloudapp.net/api/v2/curated-feeds/package/Ninject.Web.Common/3.0.0.7" /&gt;
    &lt;m:properties xmlns:m="http://schemas.microsoft.com/ado/2007/08/dataservices/metadata" xmlns:d="http://schemas.microsoft.com/ado/2007/08/dataservices"&gt;
      &lt;d:Version&gt;3.0.0.7&lt;/d:Version&gt;
      &lt;d:Copyright&gt;&lt;/d:Copyright&gt;
      &lt;d:Created m:type="Edm.DateTime"&gt;2012-03-26T22:42:54&lt;/d:Created&gt;
      &lt;d:Dependencies&gt;Ninject:[3.0.0.0, 3.1.0.0)|WebActivator:1.5&lt;/d:Dependencies&gt;
      &lt;d:Description&gt;Bootstrapper for web projects&lt;/d:Description&gt;
      &lt;d:DownloadCount m:type="Edm.Int32"&gt;92551&lt;/d:DownloadCount&gt;
      &lt;d:GalleryDetailsUrl&gt;http://qa.nugettest.org/packages/Ninject.Web.Common/3.0.0.7&lt;/d:GalleryDetailsUrl&gt;
      &lt;d:IconUrl&gt;https://github.com/ninject/ninject/raw/master/logos/Ninject-Logo32.png&lt;/d:IconUrl&gt;
      &lt;d:IsLatestVersion m:type="Edm.Boolean"&gt;true&lt;/d:IsLatestVersion&gt;
      &lt;d:IsAbsoluteLatestVersion m:type="Edm.Boolean"&gt;false&lt;/d:IsAbsoluteLatestVersion&gt;
      &lt;d:IsPrerelease m:type="Edm.Boolean"&gt;false&lt;/d:IsPrerelease&gt;
      &lt;d:Language&gt;&lt;/d:Language&gt;
      &lt;d:Published m:type="Edm.DateTime"&gt;2012-03-26T22:42:54&lt;/d:Published&gt;
      &lt;d:LicenseUrl&gt;https://github.com/ninject/ninject.extensions.wcf/raw/master/LICENSE.txt&lt;/d:LicenseUrl&gt;
      &lt;d:PackageHash&gt;pTd1l0DxykX4RcNb1xO77lzp3ylvN0YmUEIDQ7UCH9jhvKEBKZGPrDLGu/s7LVLhvEMpT1Nr1cxch5EtpQL+tg==&lt;/d:PackageHash&gt;
      &lt;d:PackageHashAlgorithm&gt;SHA512&lt;/d:PackageHashAlgorithm&gt;
      &lt;d:PackageSize m:type="Edm.Int64"&gt;36945&lt;/d:PackageSize&gt;
      &lt;d:ProjectUrl&gt;http://www.ninject.org/&lt;/d:ProjectUrl&gt;
      &lt;d:ReportAbuseUrl&gt;http://qa.nugettest.org/package/ReportAbuse/Ninject.Web.Common/3.0.0.7&lt;/d:ReportAbuseUrl&gt;
      &lt;d:ReleaseNotes&gt;&lt;/d:ReleaseNotes&gt;
      &lt;d:RequireLicenseAcceptance m:type="Edm.Boolean"&gt;true&lt;/d:RequireLicenseAcceptance&gt;
      &lt;d:Tags xml:space="preserve"&gt; Ninject ioc di ASP.NET &lt;/d:Tags&gt;
      &lt;d:Title&gt;Ninject.Web.Common&lt;/d:Title&gt;
      &lt;d:VersionDownloadCount m:type="Edm.Int32"&gt;90248&lt;/d:VersionDownloadCount&gt;
      &lt;d:MinClientVersion&gt;&lt;/d:MinClientVersion&gt;
    &lt;/m:properties&gt;
  &lt;/entry&gt;
  &lt;entry&gt;
    &lt;id&gt;http://nugetgallery-qa.cloudapp.net/api/v2/curated-feeds/webmatrix/Packages(Id='MiniProfiler',Version='2.1.0')&lt;/id&gt;
    &lt;title type="text"&gt;MiniProfiler&lt;/title&gt;
    &lt;summary type="text"&gt;&lt;/summary&gt;
    &lt;updated&gt;2013-04-04T21:53:45Z&lt;/updated&gt;
    &lt;author&gt;
      &lt;name&gt;Marc Gravell,  Sam Saffron,  Jarrod Dixon&lt;/name&gt;
    &lt;/author&gt;
    &lt;link rel="edit-media" title="V2FeedPackage" href="Packages(Id='MiniProfiler',Version='2.1.0')/$value" /&gt;
    &lt;link rel="edit" title="V2FeedPackage" href="Packages(Id='MiniProfiler',Version='2.1.0')" /&gt;
    &lt;category term="NuGetGallery.V2FeedPackage" scheme="http://schemas.microsoft.com/ado/2007/08/dataservices/scheme" /&gt;
    &lt;content type="application/zip" src="http://nugetgallery-qa.cloudapp.net/api/v2/curated-feeds/package/MiniProfiler/2.1.0" /&gt;
    &lt;m:properties xmlns:m="http://schemas.microsoft.com/ado/2007/08/dataservices/metadata" xmlns:d="http://schemas.microsoft.com/ado/2007/08/dataservices"&gt;
      &lt;d:Version&gt;2.1.0&lt;/d:Version&gt;
      &lt;d:Copyright&gt;&lt;/d:Copyright&gt;
      &lt;d:Created m:type="Edm.DateTime"&gt;2013-03-04T03:46:47&lt;/d:Created&gt;
      &lt;d:Dependencies&gt;&lt;/d:Dependencies&gt;
      &lt;d:Description&gt;Lightweight mini-profiler, in particular designed for ASP.NET MVC sites&lt;/d:Description&gt;
      &lt;d:DownloadCount m:type="Edm.Int32"&gt;347120&lt;/d:DownloadCount&gt;
      &lt;d:GalleryDetailsUrl&gt;http://qa.nugettest.org/packages/MiniProfiler/2.1.0&lt;/d:GalleryDetailsUrl&gt;
      &lt;d:IconUrl m:null="true"&gt;&lt;/d:IconUrl&gt;
      &lt;d:IsLatestVersion m:type="Edm.Boolean"&gt;true&lt;/d:IsLatestVersion&gt;
      &lt;d:IsAbsoluteLatestVersion m:type="Edm.Boolean"&gt;true&lt;/d:IsAbsoluteLatestVersion&gt;
      &lt;d:IsPrerelease m:type="Edm.Boolean"&gt;false&lt;/d:IsPrerelease&gt;
      &lt;d:Language&gt;en-US&lt;/d:Language&gt;
      &lt;d:Published m:type="Edm.DateTime"&gt;2013-03-04T03:46:47&lt;/d:Published&gt;
      &lt;d:LicenseUrl&gt;http://www.apache.org/licenses/LICENSE-2.0&lt;/d:LicenseUrl&gt;
      &lt;d:PackageHash&gt;uTw6C4g2bGVaeonKRDZnWK68t4KllcptOI/kBWlD2jCl2PJOOM0u6StbYw8pi01niPOsYKiQZYE9GsVKPmUXSg==&lt;/d:PackageHash&gt;
      &lt;d:PackageHashAlgorithm&gt;SHA512&lt;/d:PackageHashAlgorithm&gt;
      &lt;d:PackageSize m:type="Edm.Int64"&gt;251250&lt;/d:PackageSize&gt;
      &lt;d:ProjectUrl&gt;http://miniprofiler.com/&lt;/d:ProjectUrl&gt;
      &lt;d:ReportAbuseUrl&gt;http://qa.nugettest.org/package/ReportAbuse/MiniProfiler/2.1.0&lt;/d:ReportAbuseUrl&gt;
      &lt;d:ReleaseNotes&gt;&lt;/d:ReleaseNotes&gt;
      &lt;d:RequireLicenseAcceptance m:type="Edm.Boolean"&gt;false&lt;/d:RequireLicenseAcceptance&gt;
      &lt;d:Tags xml:space="preserve"&gt; profiler sql mvc asp.net performance profiling timing &lt;/d:Tags&gt;
      &lt;d:Title&gt;MiniProfiler&lt;/d:Title&gt;
      &lt;d:VersionDownloadCount m:type="Edm.Int32"&gt;5376&lt;/d:VersionDownloadCount&gt;
      &lt;d:MinClientVersion&gt;&lt;/d:MinClientVersion&gt;
    &lt;/m:properties&gt;
  &lt;/entry&gt;
  &lt;entry&gt;
    &lt;id&gt;http://nugetgallery-qa.cloudapp.net/api/v2/curated-feeds/webmatrix/Packages(Id='Elmah.Contrib.Mvc',Version='1.0')&lt;/id&gt;
    &lt;title type="text"&gt;Elmah.Contrib.Mvc&lt;/title&gt;
    &lt;summary type="text"&gt;Elmah.Contrib.Mvc was designed to add ease-of-use to Elmah inside ASP.NET MVC projects&lt;/summary&gt;
    &lt;updated&gt;2013-04-04T21:53:45Z&lt;/updated&gt;
    &lt;author&gt;
      &lt;name&gt;Dev One&lt;/name&gt;
    &lt;/author&gt;
    &lt;link rel="edit-media" title="V2FeedPackage" href="Packages(Id='Elmah.Contrib.Mvc',Version='1.0')/$value" /&gt;
    &lt;link rel="edit" title="V2FeedPackage" href="Packages(Id='Elmah.Contrib.Mvc',Version='1.0')" /&gt;
    &lt;category term="NuGetGallery.V2FeedPackage" scheme="http://schemas.microsoft.com/ado/2007/08/dataservices/scheme" /&gt;
    &lt;content type="application/zip" src="http://nugetgallery-qa.cloudapp.net/api/v2/curated-feeds/package/Elmah.Contrib.Mvc/1.0" /&gt;
    &lt;m:properties xmlns:m="http://schemas.microsoft.com/ado/2007/08/dataservices/metadata" xmlns:d="http://schemas.microsoft.com/ado/2007/08/dataservices"&gt;
      &lt;d:Version&gt;1.0&lt;/d:Version&gt;
      &lt;d:Copyright&gt;&lt;/d:Copyright&gt;
      &lt;d:Created m:type="Edm.DateTime"&gt;2011-04-26T12:33:05&lt;/d:Created&gt;
      &lt;d:Dependencies&gt;elmah:1.1&lt;/d:Dependencies&gt;
      &lt;d:Description&gt;Elmah.Contrib.Mvc was designed to add ease-of-use to Elmah inside ASP.NET MVC projects&lt;/d:Description&gt;
      &lt;d:DownloadCount m:type="Edm.Int32"&gt;266384&lt;/d:DownloadCount&gt;
      &lt;d:GalleryDetailsUrl&gt;http://qa.nugettest.org/packages/Elmah.Contrib.Mvc/1.0&lt;/d:GalleryDetailsUrl&gt;
      &lt;d:IconUrl&gt;http://www.dev-one.com/Content/Images/apple-touch-icon.png&lt;/d:IconUrl&gt;
      &lt;d:IsLatestVersion m:type="Edm.Boolean"&gt;true&lt;/d:IsLatestVersion&gt;
      &lt;d:IsAbsoluteLatestVersion m:type="Edm.Boolean"&gt;true&lt;/d:IsAbsoluteLatestVersion&gt;
      &lt;d:IsPrerelease m:type="Edm.Boolean"&gt;false&lt;/d:IsPrerelease&gt;
      &lt;d:Language&gt;&lt;/d:Language&gt;
      &lt;d:Published m:type="Edm.DateTime"&gt;2011-08-24T15:02:59&lt;/d:Published&gt;
      &lt;d:LicenseUrl&gt;http://www.opensource.org/licenses/MS-PL&lt;/d:LicenseUrl&gt;
      &lt;d:PackageHash&gt;1jxHBN88dngwodXhgGJRhlxFuHHbnljM8Nlm5hkkkoRhyI0QLSp1pN1rfu5IhyiEQ9dhDtr+gEhXw+aK/G5l0A==&lt;/d:PackageHash&gt;
      &lt;d:PackageHashAlgorithm&gt;SHA512&lt;/d:PackageHashAlgorithm&gt;
      &lt;d:PackageSize m:type="Edm.Int64"&gt;5923&lt;/d:PackageSize&gt;
      &lt;d:ProjectUrl&gt;http://stackoverflow.com/questions/766610/how-to-get-elmah-to-work-with-asp-net-mvc-handleerror-attribute/779961#779961&lt;/d:ProjectUrl&gt;
      &lt;d:ReportAbuseUrl&gt;http://qa.nugettest.org/package/ReportAbuse/Elmah.Contrib.Mvc/1.0&lt;/d:ReportAbuseUrl&gt;
      &lt;d:ReleaseNotes&gt;&lt;/d:ReleaseNotes&gt;
      &lt;d:RequireLicenseAcceptance m:type="Edm.Boolean"&gt;false&lt;/d:RequireLicenseAcceptance&gt;
      &lt;d:Tags&gt;ASP.NET MVC Elmah&lt;/d:Tags&gt;
      &lt;d:Title&gt;Elmah.Contrib.Mvc&lt;/d:Title&gt;
      &lt;d:VersionDownloadCount m:type="Edm.Int32"&gt;266384&lt;/d:VersionDownloadCount&gt;
      &lt;d:MinClientVersion&gt;&lt;/d:MinClientVersion&gt;
    &lt;/m:properties&gt;
  &lt;/entry&gt;
  &lt;entry&gt;
    &lt;id&gt;http://nugetgallery-qa.cloudapp.net/api/v2/curated-feeds/webmatrix/Packages(Id='jQuery',Version='1.9.1')&lt;/id&gt;
    &lt;title type="text"&gt;jQuery&lt;/title&gt;
    &lt;summary type="text"&gt;&lt;/summary&gt;
    &lt;updated&gt;2013-04-19T23:33:23Z&lt;/updated&gt;
    &lt;author&gt;
      &lt;name&gt;jQuery Foundation,  Inc.&lt;/name&gt;
    &lt;/author&gt;
    &lt;link rel="edit-media" title="V2FeedPackage" href="Packages(Id='jQuery',Version='1.9.1')/$value" /&gt;
    &lt;link rel="edit" title="V2FeedPackage" href="Packages(Id='jQuery',Version='1.9.1')" /&gt;
    &lt;category term="NuGetGallery.V2FeedPackage" scheme="http://schemas.microsoft.com/ado/2007/08/dataservices/scheme" /&gt;
    &lt;content type="application/zip" src="http://nugetgallery-qa.cloudapp.net/api/v2/curated-feeds/package/jQuery/1.9.1" /&gt;
    &lt;m:properties xmlns:m="http://schemas.microsoft.com/ado/2007/08/dataservices/metadata" xmlns:d="http://schemas.microsoft.com/ado/2007/08/dataservices"&gt;
      &lt;d:Version&gt;1.9.1&lt;/d:Version&gt;
      &lt;d:Copyright&gt;&lt;/d:Copyright&gt;
      &lt;d:Created m:type="Edm.DateTime"&gt;2013-02-05T19:20:46&lt;/d:Created&gt;
      &lt;d:Dependencies&gt;&lt;/d:Dependencies&gt;
      &lt;d:Description&gt;jQuery is a new kind of JavaScript Library.
        jQuery is a fast and concise JavaScript Library that simplifies HTML document traversing, event handling, animating, and Ajax interactions for rapid web development. jQuery is designed to change the way that you write JavaScript.
        NOTE: This package is maintained on behalf of the library owners by the NuGet Community Packages project at http://nugetpackages.codeplex.com/&lt;/d:Description&gt;
      &lt;d:DownloadCount m:type="Edm.Int32"&gt;2073216&lt;/d:DownloadCount&gt;
      &lt;d:GalleryDetailsUrl&gt;http://qa.nugettest.org/packages/jQuery/1.9.1&lt;/d:GalleryDetailsUrl&gt;
      &lt;d:IconUrl m:null="true"&gt;&lt;/d:IconUrl&gt;
      &lt;d:IsLatestVersion m:type="Edm.Boolean"&gt;true&lt;/d:IsLatestVersion&gt;
      &lt;d:IsAbsoluteLatestVersion m:type="Edm.Boolean"&gt;true&lt;/d:IsAbsoluteLatestVersion&gt;
      &lt;d:IsPrerelease m:type="Edm.Boolean"&gt;false&lt;/d:IsPrerelease&gt;
      &lt;d:Language&gt;en-US&lt;/d:Language&gt;
      &lt;d:Published m:type="Edm.DateTime"&gt;2013-02-05T19:20:46&lt;/d:Published&gt;
      &lt;d:LicenseUrl&gt;http://jquery.org/license&lt;/d:LicenseUrl&gt;
      &lt;d:PackageHash&gt;HiX9icLyiJGgiL5EOIn0d1MBPHVV2M9mzWT4mANdniDNR51RvAFTyKEXEd2+5yQJ4PJ5xePOR61Vjj/omQzYcw==&lt;/d:PackageHash&gt;
      &lt;d:PackageHashAlgorithm&gt;SHA512&lt;/d:PackageHashAlgorithm&gt;
      &lt;d:PackageSize m:type="Edm.Int64"&gt;240271&lt;/d:PackageSize&gt;
      &lt;d:ProjectUrl&gt;http://jquery.com/&lt;/d:ProjectUrl&gt;
      &lt;d:ReportAbuseUrl&gt;http://qa.nugettest.org/package/ReportAbuse/jQuery/1.9.1&lt;/d:ReportAbuseUrl&gt;
      &lt;d:ReleaseNotes&gt;&lt;/d:ReleaseNotes&gt;
      &lt;d:RequireLicenseAcceptance m:type="Edm.Boolean"&gt;false&lt;/d:RequireLicenseAcceptance&gt;
      &lt;d:Tags xml:space="preserve"&gt; jQuery &lt;/d:Tags&gt;
      &lt;d:Title&gt;jQuery&lt;/d:Title&gt;
      &lt;d:VersionDownloadCount m:type="Edm.Int32"&gt;168238&lt;/d:VersionDownloadCount&gt;
      &lt;d:MinClientVersion&gt;&lt;/d:MinClientVersion&gt;
    &lt;/m:properties&gt;
  &lt;/entry&gt;
  &lt;entry&gt;
    &lt;id&gt;http://nugetgallery-qa.cloudapp.net/api/v2/curated-feeds/webmatrix/Packages(Id='MvcHaack.Ajax',Version='1.1')&lt;/id&gt;
    &lt;title type="text"&gt;MvcHaack.Ajax&lt;/title&gt;
    &lt;summary type="text"&gt;A libary for easily calling ASP.NET MVC Action methods from JavaScript&lt;/summary&gt;
    &lt;updated&gt;2013-04-04T21:53:45Z&lt;/updated&gt;
    &lt;author&gt;
      &lt;name&gt;Phil Haack&lt;/name&gt;
    &lt;/author&gt;
    &lt;link rel="edit-media" title="V2FeedPackage" href="Packages(Id='MvcHaack.Ajax',Version='1.1')/$value" /&gt;
    &lt;link rel="edit" title="V2FeedPackage" href="Packages(Id='MvcHaack.Ajax',Version='1.1')" /&gt;
    &lt;category term="NuGetGallery.V2FeedPackage" scheme="http://schemas.microsoft.com/ado/2007/08/dataservices/scheme" /&gt;
    &lt;content type="application/zip" src="http://nugetgallery-qa.cloudapp.net/api/v2/curated-feeds/package/MvcHaack.Ajax/1.1" /&gt;
    &lt;m:properties xmlns:m="http://schemas.microsoft.com/ado/2007/08/dataservices/metadata" xmlns:d="http://schemas.microsoft.com/ado/2007/08/dataservices"&gt;
      &lt;d:Version&gt;1.1&lt;/d:Version&gt;
      &lt;d:Copyright&gt;&lt;/d:Copyright&gt;
      &lt;d:Created m:type="Edm.DateTime"&gt;2011-10-11T05:05:44&lt;/d:Created&gt;
      &lt;d:Dependencies&gt;&lt;/d:Dependencies&gt;
      &lt;d:Description&gt;A libary for easily calling ASP.NET MVC Action methods from JavaScript&lt;/d:Description&gt;
      &lt;d:DownloadCount m:type="Edm.Int32"&gt;257380&lt;/d:DownloadCount&gt;
      &lt;d:GalleryDetailsUrl&gt;http://qa.nugettest.org/packages/MvcHaack.Ajax/1.1&lt;/d:GalleryDetailsUrl&gt;
      &lt;d:IconUrl&gt;http://haacked.com/images/Inspector-120x120.png&lt;/d:IconUrl&gt;
      &lt;d:IsLatestVersion m:type="Edm.Boolean"&gt;true&lt;/d:IsLatestVersion&gt;
      &lt;d:IsAbsoluteLatestVersion m:type="Edm.Boolean"&gt;true&lt;/d:IsAbsoluteLatestVersion&gt;
      &lt;d:IsPrerelease m:type="Edm.Boolean"&gt;false&lt;/d:IsPrerelease&gt;
      &lt;d:Language&gt;&lt;/d:Language&gt;
      &lt;d:Published m:type="Edm.DateTime"&gt;2011-10-11T05:05:45&lt;/d:Published&gt;
      &lt;d:LicenseUrl&gt;http://www.opensource.org/licenses/mit-license.php&lt;/d:LicenseUrl&gt;
      &lt;d:PackageHash&gt;mFIM1qSwUkklIBN+X9NamLNSOclDh17kD4vPLhtoax81C9OHIwY3a3f/66sE3f9b75k7JOd3ZHSgbVgtgiw+CQ==&lt;/d:PackageHash&gt;
      &lt;d:PackageHashAlgorithm&gt;SHA512&lt;/d:PackageHashAlgorithm&gt;
      &lt;d:PackageSize m:type="Edm.Int64"&gt;9880&lt;/d:PackageSize&gt;
      &lt;d:ProjectUrl&gt;https://github.com/Haacked/CodeHaacks&lt;/d:ProjectUrl&gt;
      &lt;d:ReportAbuseUrl&gt;http://qa.nugettest.org/package/ReportAbuse/MvcHaack.Ajax/1.1&lt;/d:ReportAbuseUrl&gt;
      &lt;d:ReleaseNotes&gt;&lt;/d:ReleaseNotes&gt;
      &lt;d:RequireLicenseAcceptance m:type="Edm.Boolean"&gt;false&lt;/d:RequireLicenseAcceptance&gt;
      &lt;d:Tags xml:space="preserve"&gt; aspnetmvc asp.net aspnet asp.net-mvc controllerdescriptor controller &lt;/d:Tags&gt;
      &lt;d:Title&gt;MvcHaack.Ajax&lt;/d:Title&gt;
      &lt;d:VersionDownloadCount m:type="Edm.Int32"&gt;256950&lt;/d:VersionDownloadCount&gt;
      &lt;d:MinClientVersion&gt;&lt;/d:MinClientVersion&gt;
    &lt;/m:properties&gt;
  &lt;/entry&gt;
  &lt;entry&gt;
    &lt;id&gt;http://nugetgallery-qa.cloudapp.net/api/v2/curated-feeds/webmatrix/Packages(Id='Selenium.WebDriver',Version='2.31.2')&lt;/id&gt;
    &lt;title type="text"&gt;Selenium.WebDriver&lt;/title&gt;
    &lt;summary type="text"&gt;.NET bindings for the Selenium WebDriver API&lt;/summary&gt;
    &lt;updated&gt;2013-04-04T18:18:35Z&lt;/updated&gt;
    &lt;author&gt;
      &lt;name&gt;Selenium Committers&lt;/name&gt;
    &lt;/author&gt;
    &lt;link rel="edit-media" title="V2FeedPackage" href="Packages(Id='Selenium.WebDriver',Version='2.31.2')/$value" /&gt;
    &lt;link rel="edit" title="V2FeedPackage" href="Packages(Id='Selenium.WebDriver',Version='2.31.2')" /&gt;
    &lt;category term="NuGetGallery.V2FeedPackage" scheme="http://schemas.microsoft.com/ado/2007/08/dataservices/scheme" /&gt;
    &lt;content type="application/zip" src="http://nugetgallery-qa.cloudapp.net/api/v2/curated-feeds/package/Selenium.WebDriver/2.31.2" /&gt;
    &lt;m:properties xmlns:m="http://schemas.microsoft.com/ado/2007/08/dataservices/metadata" xmlns:d="http://schemas.microsoft.com/ado/2007/08/dataservices"&gt;
      &lt;d:Version&gt;2.31.2&lt;/d:Version&gt;
      &lt;d:Copyright&gt;&lt;/d:Copyright&gt;
      &lt;d:Created m:type="Edm.DateTime"&gt;2013-03-04T17:58:55&lt;/d:Created&gt;
      &lt;d:Dependencies&gt;&lt;/d:Dependencies&gt;
      &lt;d:Description&gt;Selenium is a set of different software tools each with a different approach to supporting browser automation. These tools are highly flexible, allowing many options for locating and manipulating elements within a browser, and one of its key features is the support for automating multiple browser platforms. This package contains the .NET bindings for the newer, more concise and object-based Selenium WebDriver API, which uses native OS-level events to manipulate the browser, bypassing the JavaScript sandbox, and does not require the Selenium Server to automate the browser.&lt;/d:Description&gt;
      &lt;d:DownloadCount m:type="Edm.Int32"&gt;84510&lt;/d:DownloadCount&gt;
      &lt;d:GalleryDetailsUrl&gt;http://qa.nugettest.org/packages/Selenium.WebDriver/2.31.2&lt;/d:GalleryDetailsUrl&gt;
      &lt;d:IconUrl&gt;http://seleniumhq.org/images/big-logo.png&lt;/d:IconUrl&gt;
      &lt;d:IsLatestVersion m:type="Edm.Boolean"&gt;true&lt;/d:IsLatestVersion&gt;
      &lt;d:IsAbsoluteLatestVersion m:type="Edm.Boolean"&gt;true&lt;/d:IsAbsoluteLatestVersion&gt;
      &lt;d:IsPrerelease m:type="Edm.Boolean"&gt;false&lt;/d:IsPrerelease&gt;
      &lt;d:Language&gt;&lt;/d:Language&gt;
      &lt;d:Published m:type="Edm.DateTime"&gt;2013-03-04T17:58:55&lt;/d:Published&gt;
      &lt;d:LicenseUrl&gt;http://www.apache.org/licenses/LICENSE-2.0&lt;/d:LicenseUrl&gt;
      &lt;d:PackageHash&gt;aPf9QSrlKrzOE+NGLqIbzKaLSDp7x2o5EH1OT3fJEnbtQTFmE/OOONHR7HiwMtlTmPp7OtzuvhFB6jWn87V6Mw==&lt;/d:PackageHash&gt;
      &lt;d:PackageHashAlgorithm&gt;SHA512&lt;/d:PackageHashAlgorithm&gt;
      &lt;d:PackageSize m:type="Edm.Int64"&gt;6182979&lt;/d:PackageSize&gt;
      &lt;d:ProjectUrl&gt;http://code.google.com/p/selenium/&lt;/d:ProjectUrl&gt;
      &lt;d:ReportAbuseUrl&gt;http://qa.nugettest.org/package/ReportAbuse/Selenium.WebDriver/2.31.2&lt;/d:ReportAbuseUrl&gt;
      &lt;d:ReleaseNotes&gt;&lt;/d:ReleaseNotes&gt;
      &lt;d:RequireLicenseAcceptance m:type="Edm.Boolean"&gt;false&lt;/d:RequireLicenseAcceptance&gt;
      &lt;d:Tags xml:space="preserve"&gt; Selenium WebDriver browser automation &lt;/d:Tags&gt;
      &lt;d:Title&gt;Selenium WebDriver&lt;/d:Title&gt;
      &lt;d:VersionDownloadCount m:type="Edm.Int32"&gt;5305&lt;/d:VersionDownloadCount&gt;
      &lt;d:MinClientVersion&gt;&lt;/d:MinClientVersion&gt;
    &lt;/m:properties&gt;
  &lt;/entry&gt;
  &lt;entry&gt;
    &lt;id&gt;http://nugetgallery-qa.cloudapp.net/api/v2/curated-feeds/webmatrix/Packages(Id='QUnit-MVC',Version='1.6.2.0')&lt;/id&gt;
    &lt;title type="text"&gt;QUnit-MVC&lt;/title&gt;
    &lt;summary type="text"&gt;QUnit is a powerful, easy-to-use, JavaScript test suite. It is capable of testing any generic JavaScript code. This adds support for ASP.NET MVC.&lt;/summary&gt;
    &lt;updated&gt;2013-04-04T21:53:45Z&lt;/updated&gt;
    &lt;author&gt;
      &lt;name&gt;John Resig, Jörn Zaefferer&lt;/name&gt;
    &lt;/author&gt;
    &lt;link rel="edit-media" title="V2FeedPackage" href="Packages(Id='QUnit-MVC',Version='1.6.2.0')/$value" /&gt;
    &lt;link rel="edit" title="V2FeedPackage" href="Packages(Id='QUnit-MVC',Version='1.6.2.0')" /&gt;
    &lt;category term="NuGetGallery.V2FeedPackage" scheme="http://schemas.microsoft.com/ado/2007/08/dataservices/scheme" /&gt;
    &lt;content type="application/zip" src="http://nugetgallery-qa.cloudapp.net/api/v2/curated-feeds/package/QUnit-MVC/1.6.2.0" /&gt;
    &lt;m:properties xmlns:m="http://schemas.microsoft.com/ado/2007/08/dataservices/metadata" xmlns:d="http://schemas.microsoft.com/ado/2007/08/dataservices"&gt;
      &lt;d:Version&gt;1.6.2.0&lt;/d:Version&gt;
      &lt;d:Copyright&gt;&lt;/d:Copyright&gt;
      &lt;d:Created m:type="Edm.DateTime"&gt;2011-07-30T16:19:53&lt;/d:Created&gt;
      &lt;d:Dependencies&gt;&lt;/d:Dependencies&gt;
      &lt;d:Description&gt;This QUnit support for ASP.NET MVC. You may also use it for ASP.NET Webforms, but the css folder will not be on the default location.
QUnit is a powerful, easy-to-use, JavaScript test suite. It's used by the jQuery project to test its code and plugins but is capable of testing any generic JavaScript code (and even capable of testing JavaScript code on the server-side).

QUnit is especially useful for regression testing: Whenever a bug is reported, write a test that asserts the existence of that particular bug. Then fix it and commit both. Every time you work on the code again, run the tests. If the bug comes up again - a regression - you'll spot it immediately and know how to fix it, because you know what code you just changed.

Having good unit test coverage makes safe refactoring easy and cheap. You can run the tests after each small refactoring step and always know what change broke something.

QUnit is similar to other unit testing frameworks like JUnit, but makes use of the features JavaScript provides and helps with testing code in the browser, eg. with it's stop/start facilities for testing asynchronous code.&lt;/d:Description&gt;
      &lt;d:DownloadCount m:type="Edm.Int32"&gt;197321&lt;/d:DownloadCount&gt;
      &lt;d:GalleryDetailsUrl&gt;http://qa.nugettest.org/packages/QUnit-MVC/1.6.2.0&lt;/d:GalleryDetailsUrl&gt;
      &lt;d:IconUrl m:null="true"&gt;&lt;/d:IconUrl&gt;
      &lt;d:IsLatestVersion m:type="Edm.Boolean"&gt;true&lt;/d:IsLatestVersion&gt;
      &lt;d:IsAbsoluteLatestVersion m:type="Edm.Boolean"&gt;true&lt;/d:IsAbsoluteLatestVersion&gt;
      &lt;d:IsPrerelease m:type="Edm.Boolean"&gt;false&lt;/d:IsPrerelease&gt;
      &lt;d:Language&gt;&lt;/d:Language&gt;
      &lt;d:Published m:type="Edm.DateTime"&gt;2011-07-30T16:19:53&lt;/d:Published&gt;
      &lt;d:LicenseUrl&gt;https://raw.github.com/jquery/jquery/master/GPL-LICENSE.txt&lt;/d:LicenseUrl&gt;
      &lt;d:PackageHash&gt;9gWCTxvzKRQwjRgyA26Fdx/IvShDJHogeo8A2+72WV5+Dqh+YPQqEOYC70l0ey8lNck6N2QntEl8vtE+QDU7DA==&lt;/d:PackageHash&gt;
      &lt;d:PackageHashAlgorithm&gt;SHA512&lt;/d:PackageHashAlgorithm&gt;
      &lt;d:PackageSize m:type="Edm.Int64"&gt;18701&lt;/d:PackageSize&gt;
      &lt;d:ProjectUrl&gt;http://docs.jquery.com/QUnit&lt;/d:ProjectUrl&gt;
      &lt;d:ReportAbuseUrl&gt;http://qa.nugettest.org/package/ReportAbuse/QUnit-MVC/1.6.2.0&lt;/d:ReportAbuseUrl&gt;
      &lt;d:ReleaseNotes&gt;&lt;/d:ReleaseNotes&gt;
      &lt;d:RequireLicenseAcceptance m:type="Edm.Boolean"&gt;false&lt;/d:RequireLicenseAcceptance&gt;
      &lt;d:Tags xml:space="preserve"&gt; qunit, jquery,test,unit,javascript,coffeescript &lt;/d:Tags&gt;
      &lt;d:Title&gt;QUnit for ASP.NET MVC&lt;/d:Title&gt;
      &lt;d:VersionDownloadCount m:type="Edm.Int32"&gt;197321&lt;/d:VersionDownloadCount&gt;
      &lt;d:MinClientVersion&gt;&lt;/d:MinClientVersion&gt;
    &lt;/m:properties&gt;
  &lt;/entry&gt;
  &lt;entry&gt;
    &lt;id&gt;http://nugetgallery-qa.cloudapp.net/api/v2/curated-feeds/webmatrix/Packages(Id='jQuery.Mobile.MVC',Version='1.0.0')&lt;/id&gt;
    &lt;title type="text"&gt;jQuery.Mobile.MVC&lt;/title&gt;
    &lt;summary type="text"&gt;&lt;/summary&gt;
    &lt;updated&gt;2013-04-04T18:13:35Z&lt;/updated&gt;
    &lt;author&gt;
      &lt;name&gt;ASP.NET team&lt;/name&gt;
    &lt;/author&gt;
    &lt;link rel="edit-media" title="V2FeedPackage" href="Packages(Id='jQuery.Mobile.MVC',Version='1.0.0')/$value" /&gt;
    &lt;link rel="edit" title="V2FeedPackage" href="Packages(Id='jQuery.Mobile.MVC',Version='1.0.0')" /&gt;
    &lt;category term="NuGetGallery.V2FeedPackage" scheme="http://schemas.microsoft.com/ado/2007/08/dataservices/scheme" /&gt;
    &lt;content type="application/zip" src="http://nugetgallery-qa.cloudapp.net/api/v2/curated-feeds/package/jQuery.Mobile.MVC/1.0.0" /&gt;
    &lt;m:properties xmlns:m="http://schemas.microsoft.com/ado/2007/08/dataservices/metadata" xmlns:d="http://schemas.microsoft.com/ado/2007/08/dataservices"&gt;
      &lt;d:Version&gt;1.0.0&lt;/d:Version&gt;
      &lt;d:Copyright&gt;&lt;/d:Copyright&gt;
      &lt;d:Created m:type="Edm.DateTime"&gt;2012-08-15T18:39:48&lt;/d:Created&gt;
      &lt;d:Dependencies&gt;jquery.mobile:1.1.0:|Microsoft.AspNet.Mvc:4.0.20710.0:|Microsoft.AspNet.Web.Optimization:1.0.0:&lt;/d:Dependencies&gt;
      &lt;d:Description&gt;Helpers for jQuery Mobile in ASP.NET MVC 4&lt;/d:Description&gt;
      &lt;d:DownloadCount m:type="Edm.Int32"&gt;16973&lt;/d:DownloadCount&gt;
      &lt;d:GalleryDetailsUrl&gt;http://qa.nugettest.org/packages/jQuery.Mobile.MVC/1.0.0&lt;/d:GalleryDetailsUrl&gt;
      &lt;d:IconUrl m:null="true"&gt;&lt;/d:IconUrl&gt;
      &lt;d:IsLatestVersion m:type="Edm.Boolean"&gt;true&lt;/d:IsLatestVersion&gt;
      &lt;d:IsAbsoluteLatestVersion m:type="Edm.Boolean"&gt;true&lt;/d:IsAbsoluteLatestVersion&gt;
      &lt;d:IsPrerelease m:type="Edm.Boolean"&gt;false&lt;/d:IsPrerelease&gt;
      &lt;d:Language&gt;&lt;/d:Language&gt;
      &lt;d:Published m:type="Edm.DateTime"&gt;2012-08-15T18:39:50&lt;/d:Published&gt;
      &lt;d:LicenseUrl&gt;&lt;/d:LicenseUrl&gt;
      &lt;d:PackageHash&gt;henzs4guJdS505tp4JLOwIFKkV8A5RqXrncpJHVLcK94UgBwXYk12zwBp3w15X9pKUkoBa2W4WrZp3xqrfjw/w==&lt;/d:PackageHash&gt;
      &lt;d:PackageHashAlgorithm&gt;SHA512&lt;/d:PackageHashAlgorithm&gt;
      &lt;d:PackageSize m:type="Edm.Int64"&gt;6287&lt;/d:PackageSize&gt;
      &lt;d:ProjectUrl&gt;&lt;/d:ProjectUrl&gt;
      &lt;d:ReportAbuseUrl&gt;http://qa.nugettest.org/package/ReportAbuse/jQuery.Mobile.MVC/1.0.0&lt;/d:ReportAbuseUrl&gt;
      &lt;d:ReleaseNotes&gt;&lt;/d:ReleaseNotes&gt;
      &lt;d:RequireLicenseAcceptance m:type="Edm.Boolean"&gt;false&lt;/d:RequireLicenseAcceptance&gt;
      &lt;d:Tags m:null="true"&gt;&lt;/d:Tags&gt;
      &lt;d:Title&gt;jQuery.Mobile.MVC&lt;/d:Title&gt;
      &lt;d:VersionDownloadCount m:type="Edm.Int32"&gt;9632&lt;/d:VersionDownloadCount&gt;
      &lt;d:MinClientVersion&gt;&lt;/d:MinClientVersion&gt;
    &lt;/m:properties&gt;
  &lt;/entry&gt;
  &lt;entry&gt;
    &lt;id&gt;http://nugetgallery-qa.cloudapp.net/api/v2/curated-feeds/webmatrix/Packages(Id='AjaxControlToolkit',Version='7.0123')&lt;/id&gt;
    &lt;title type="text"&gt;AjaxControlToolkit&lt;/title&gt;
    &lt;summary type="text"&gt;Build Ajax applications in Web Forms using the more than 40 controls in the Ajax Control Toolkit&lt;/summary&gt;
    &lt;updated&gt;2013-04-20T01:08:23Z&lt;/updated&gt;
    &lt;author&gt;
      &lt;name&gt;Microsoft&lt;/name&gt;
    &lt;/author&gt;
    &lt;link rel="edit-media" title="V2FeedPackage" href="Packages(Id='AjaxControlToolkit',Version='7.0123')/$value" /&gt;
    &lt;link rel="edit" title="V2FeedPackage" href="Packages(Id='AjaxControlToolkit',Version='7.0123')" /&gt;
    &lt;category term="NuGetGallery.V2FeedPackage" scheme="http://schemas.microsoft.com/ado/2007/08/dataservices/scheme" /&gt;
    &lt;content type="application/zip" src="http://nugetgallery-qa.cloudapp.net/api/v2/curated-feeds/package/AjaxControlToolkit/7.0123" /&gt;
    &lt;m:properties xmlns:m="http://schemas.microsoft.com/ado/2007/08/dataservices/metadata" xmlns:d="http://schemas.microsoft.com/ado/2007/08/dataservices"&gt;
      &lt;d:Version&gt;7.0123&lt;/d:Version&gt;
      &lt;d:Copyright&gt;&lt;/d:Copyright&gt;
      &lt;d:Created m:type="Edm.DateTime"&gt;2013-01-24T19:11:50&lt;/d:Created&gt;
      &lt;d:Dependencies&gt;&lt;/d:Dependencies&gt;
      &lt;d:Description&gt;The Ajax Control Toolkit contains a rich set of controls that you can use to build highly responsive and interactive Ajax-enabled Web applications. The Ajax Control Toolkit contains more than 40 controls, including the AutoComplete, CollapsiblePanel, ColorPicker, MaskedEdit, Calendar, Accordion, and Watermark controls. Using the Ajax Control Toolkit, you can build Ajax-enabled ASP.NET Web Forms applications by dragging-and-dropping Toolkit controls from the Visual Studio Toolbox onto a Web Forms page.&lt;/d:Description&gt;
      &lt;d:DownloadCount m:type="Edm.Int32"&gt;274795&lt;/d:DownloadCount&gt;
      &lt;d:GalleryDetailsUrl&gt;http://qa.nugettest.org/packages/AjaxControlToolkit/7.0123&lt;/d:GalleryDetailsUrl&gt;
      &lt;d:IconUrl m:null="true"&gt;&lt;/d:IconUrl&gt;
      &lt;d:IsLatestVersion m:type="Edm.Boolean"&gt;true&lt;/d:IsLatestVersion&gt;
      &lt;d:IsAbsoluteLatestVersion m:type="Edm.Boolean"&gt;true&lt;/d:IsAbsoluteLatestVersion&gt;
      &lt;d:IsPrerelease m:type="Edm.Boolean"&gt;false&lt;/d:IsPrerelease&gt;
      &lt;d:Language&gt;en-US&lt;/d:Language&gt;
      &lt;d:Published m:type="Edm.DateTime"&gt;2013-01-24T19:11:52&lt;/d:Published&gt;
      &lt;d:LicenseUrl&gt;http://ajaxcontroltoolkit.codeplex.com/license&lt;/d:LicenseUrl&gt;
      &lt;d:PackageHash&gt;5sh1QZTJxqhCphrKgTcN8S8yy3EPmb+eAMvDzBmGaECoAqc0dDN7zCGmZnYtXpsbjvG7ryWL45uG3oWgPzX1qA==&lt;/d:PackageHash&gt;
      &lt;d:PackageHashAlgorithm&gt;SHA512&lt;/d:PackageHashAlgorithm&gt;
      &lt;d:PackageSize m:type="Edm.Int64"&gt;5214861&lt;/d:PackageSize&gt;
      &lt;d:ProjectUrl&gt;http://ajaxcontroltoolkit.codeplex.com/&lt;/d:ProjectUrl&gt;
      &lt;d:ReportAbuseUrl&gt;http://qa.nugettest.org/package/ReportAbuse/AjaxControlToolkit/7.0123&lt;/d:ReportAbuseUrl&gt;
      &lt;d:ReleaseNotes&gt;&lt;/d:ReleaseNotes&gt;
      &lt;d:RequireLicenseAcceptance m:type="Edm.Boolean"&gt;false&lt;/d:RequireLicenseAcceptance&gt;
      &lt;d:Tags m:null="true"&gt;&lt;/d:Tags&gt;
      &lt;d:Title&gt;AjaxControlToolkit&lt;/d:Title&gt;
      &lt;d:VersionDownloadCount m:type="Edm.Int32"&gt;107588&lt;/d:VersionDownloadCount&gt;
      &lt;d:MinClientVersion&gt;&lt;/d:MinClientVersion&gt;
    &lt;/m:properties&gt;
  &lt;/entry&gt;
  &lt;entry&gt;
    &lt;id&gt;http://nugetgallery-qa.cloudapp.net/api/v2/curated-feeds/webmatrix/Packages(Id='Microsoft.AspNet.Web.Helpers.Mvc',Version='2.0.20710.0')&lt;/id&gt;
    &lt;title type="text"&gt;Microsoft.AspNet.Web.Helpers.Mvc&lt;/title&gt;
    &lt;summary type="text"&gt;&lt;/summary&gt;
    &lt;updated&gt;2013-04-04T21:53:45Z&lt;/updated&gt;
    &lt;author&gt;
      &lt;name&gt;Microsoft&lt;/name&gt;
    &lt;/author&gt;
    &lt;link rel="edit-media" title="V2FeedPackage" href="Packages(Id='Microsoft.AspNet.Web.Helpers.Mvc',Version='2.0.20710.0')/$value" /&gt;
    &lt;link rel="edit" title="V2FeedPackage" href="Packages(Id='Microsoft.AspNet.Web.Helpers.Mvc',Version='2.0.20710.0')" /&gt;
    &lt;category term="NuGetGallery.V2FeedPackage" scheme="http://schemas.microsoft.com/ado/2007/08/dataservices/scheme" /&gt;
    &lt;content type="application/zip" src="http://nugetgallery-qa.cloudapp.net/api/v2/curated-feeds/package/Microsoft.AspNet.Web.Helpers.Mvc/2.0.20710.0" /&gt;
    &lt;m:properties xmlns:m="http://schemas.microsoft.com/ado/2007/08/dataservices/metadata" xmlns:d="http://schemas.microsoft.com/ado/2007/08/dataservices"&gt;
      &lt;d:Version&gt;2.0.20710.0&lt;/d:Version&gt;
      &lt;d:Copyright&gt;&lt;/d:Copyright&gt;
      &lt;d:Created m:type="Edm.DateTime"&gt;2012-11-13T16:19:00&lt;/d:Created&gt;
      &lt;d:Dependencies&gt;Microsoft.AspNet.WebPages:[2.0, 2.1):&lt;/d:Dependencies&gt;
      &lt;d:Description&gt;This package contains web helpers to easily add functionality to your site such as Captcha validation, Twitter profile and search boxes, Gravatars, Video, Bing search, site analytics or themes.&lt;/d:Description&gt;
      &lt;d:DownloadCount m:type="Edm.Int32"&gt;7392&lt;/d:DownloadCount&gt;
      &lt;d:GalleryDetailsUrl&gt;http://qa.nugettest.org/packages/Microsoft.AspNet.Web.Helpers.Mvc/2.0.20710.0&lt;/d:GalleryDetailsUrl&gt;
      &lt;d:IconUrl m:null="true"&gt;&lt;/d:IconUrl&gt;
      &lt;d:IsLatestVersion m:type="Edm.Boolean"&gt;true&lt;/d:IsLatestVersion&gt;
      &lt;d:IsAbsoluteLatestVersion m:type="Edm.Boolean"&gt;true&lt;/d:IsAbsoluteLatestVersion&gt;
      &lt;d:IsPrerelease m:type="Edm.Boolean"&gt;false&lt;/d:IsPrerelease&gt;
      &lt;d:Language&gt;en-US&lt;/d:Language&gt;
      &lt;d:Published m:type="Edm.DateTime"&gt;2012-11-13T16:19:01&lt;/d:Published&gt;
      &lt;d:LicenseUrl&gt;&lt;/d:LicenseUrl&gt;
      &lt;d:PackageHash&gt;ntnePN1LsA8CEJTzRabig9mEq+BaBCGgsy11hhgxpOHT+wrRpMgxDL7fPfdNIkFv0Ap0q///WGt2rMP8SlH9pA==&lt;/d:PackageHash&gt;
      &lt;d:PackageHashAlgorithm&gt;SHA512&lt;/d:PackageHashAlgorithm&gt;
      &lt;d:PackageSize m:type="Edm.Int64"&gt;46700&lt;/d:PackageSize&gt;
      &lt;d:ProjectUrl&gt;&lt;/d:ProjectUrl&gt;
      &lt;d:ReportAbuseUrl&gt;http://qa.nugettest.org/package/ReportAbuse/Microsoft.AspNet.Web.Helpers.Mvc/2.0.20710.0&lt;/d:ReportAbuseUrl&gt;
      &lt;d:ReleaseNotes&gt;&lt;/d:ReleaseNotes&gt;
      &lt;d:RequireLicenseAcceptance m:type="Edm.Boolean"&gt;false&lt;/d:RequireLicenseAcceptance&gt;
      &lt;d:Tags xml:space="preserve"&gt; microsoft-web-helpers aspnet mvc microsoft web helpers &lt;/d:Tags&gt;
      &lt;d:Title&gt;Microsoft.AspNet.Web.Helpers.Mvc&lt;/d:Title&gt;
      &lt;d:VersionDownloadCount m:type="Edm.Int32"&gt;4540&lt;/d:VersionDownloadCount&gt;
      &lt;d:MinClientVersion&gt;&lt;/d:MinClientVersion&gt;
    &lt;/m:properties&gt;
  &lt;/entry&gt;
  &lt;entry&gt;
    &lt;id&gt;http://nugetgallery-qa.cloudapp.net/api/v2/curated-feeds/webmatrix/Packages(Id='Modernizr',Version='2.6.2')&lt;/id&gt;
    &lt;title type="text"&gt;Modernizr&lt;/title&gt;
    &lt;summary type="text"&gt;Modernizr is a small and simple JavaScript library that helps you take advantage of emerging web technologies (CSS3, HTML 5) while still maintaining a fine level of control over older browsers that may not yet support these new technologies.&lt;/summary&gt;
    &lt;updated&gt;2013-04-16T15:37:46Z&lt;/updated&gt;
    &lt;author&gt;
      &lt;name&gt;Faruk Ateş,  Paul Irish,  Alex Sexton&lt;/name&gt;
    &lt;/author&gt;
    &lt;link rel="edit-media" title="V2FeedPackage" href="Packages(Id='Modernizr',Version='2.6.2')/$value" /&gt;
    &lt;link rel="edit" title="V2FeedPackage" href="Packages(Id='Modernizr',Version='2.6.2')" /&gt;
    &lt;category term="NuGetGallery.V2FeedPackage" scheme="http://schemas.microsoft.com/ado/2007/08/dataservices/scheme" /&gt;
    &lt;content type="application/zip" src="http://nugetgallery-qa.cloudapp.net/api/v2/curated-feeds/package/Modernizr/2.6.2" /&gt;
    &lt;m:properties xmlns:m="http://schemas.microsoft.com/ado/2007/08/dataservices/metadata" xmlns:d="http://schemas.microsoft.com/ado/2007/08/dataservices"&gt;
      &lt;d:Version&gt;2.6.2&lt;/d:Version&gt;
      &lt;d:Copyright&gt;&lt;/d:Copyright&gt;
      &lt;d:Created m:type="Edm.DateTime"&gt;2012-09-06T04:25:17&lt;/d:Created&gt;
      &lt;d:Dependencies&gt;&lt;/d:Dependencies&gt;
      &lt;d:Description&gt;Modernizr adds classes to the &amp;lt;html&amp;gt; element which allow you to target specific browser functionality in your stylesheet. You don't actually need to write any Javascript to use it.
        Modernizr is a small and simple JavaScript library that helps you take advantage of emerging web technologies (CSS3, HTML5) while still maintaining a fine level of control over older browsers that may not yet support these new technologies.
        NOTE: This package is maintained on behalf of the library owners by the NuGet Community Packages project at http://nugetpackages.codeplex.com/&lt;/d:Description&gt;
      &lt;d:DownloadCount m:type="Edm.Int32"&gt;1038202&lt;/d:DownloadCount&gt;
      &lt;d:GalleryDetailsUrl&gt;http://qa.nugettest.org/packages/Modernizr/2.6.2&lt;/d:GalleryDetailsUrl&gt;
      &lt;d:IconUrl&gt;http://www.modernizr.com/i/logo.png&lt;/d:IconUrl&gt;
      &lt;d:IsLatestVersion m:type="Edm.Boolean"&gt;true&lt;/d:IsLatestVersion&gt;
      &lt;d:IsAbsoluteLatestVersion m:type="Edm.Boolean"&gt;true&lt;/d:IsAbsoluteLatestVersion&gt;
      &lt;d:IsPrerelease m:type="Edm.Boolean"&gt;false&lt;/d:IsPrerelease&gt;
      &lt;d:Language&gt;en-US&lt;/d:Language&gt;
      &lt;d:Published m:type="Edm.DateTime"&gt;2012-09-06T04:25:17&lt;/d:Published&gt;
      &lt;d:LicenseUrl&gt;http://www.modernizr.com/license/&lt;/d:LicenseUrl&gt;
      &lt;d:PackageHash&gt;3KcdGI/xNPSCqwazIlh+W9TFK9WH0v++qj6L2UXNAjt8FrXIz8QKR51XIzJwdIUVCOp8asdbyGaCcXTCT6ppFg==&lt;/d:PackageHash&gt;
      &lt;d:PackageHashAlgorithm&gt;SHA512&lt;/d:PackageHashAlgorithm&gt;
      &lt;d:PackageSize m:type="Edm.Int64"&gt;20868&lt;/d:PackageSize&gt;
      &lt;d:ProjectUrl&gt;http://www.modernizr.com/&lt;/d:ProjectUrl&gt;
      &lt;d:ReportAbuseUrl&gt;http://qa.nugettest.org/package/ReportAbuse/Modernizr/2.6.2&lt;/d:ReportAbuseUrl&gt;
      &lt;d:ReleaseNotes&gt;&lt;/d:ReleaseNotes&gt;
      &lt;d:RequireLicenseAcceptance m:type="Edm.Boolean"&gt;false&lt;/d:RequireLicenseAcceptance&gt;
      &lt;d:Tags xml:space="preserve"&gt; JavaScript HTML HTML5 CSS CSS3 SVG &lt;/d:Tags&gt;
      &lt;d:Title&gt;Modernizr&lt;/d:Title&gt;
      &lt;d:VersionDownloadCount m:type="Edm.Int32"&gt;139725&lt;/d:VersionDownloadCount&gt;
      &lt;d:MinClientVersion&gt;&lt;/d:MinClientVersion&gt;
    &lt;/m:properties&gt;
  &lt;/entry&gt;
  &lt;entry&gt;
    &lt;id&gt;http://nugetgallery-qa.cloudapp.net/api/v2/curated-feeds/webmatrix/Packages(Id='Delay.Web.Helpers',Version='1.1.1')&lt;/id&gt;
    &lt;title type="text"&gt;Delay.Web.Helpers&lt;/title&gt;
    &lt;summary type="text"&gt;Delay.Web.Helpers is an ASP.NET web helper assembly that includes support for Amazon Simple Storage Service (S3) blob/bucket access and data URIs. (Note: This assembly can be used with other .NET project types as well.)&lt;/summary&gt;
    &lt;updated&gt;2013-04-04T13:18:33Z&lt;/updated&gt;
    &lt;author&gt;
      &lt;name&gt;David Anson (Delay)&lt;/name&gt;
    &lt;/author&gt;
    &lt;link rel="edit-media" title="V2FeedPackage" href="Packages(Id='Delay.Web.Helpers',Version='1.1.1')/$value" /&gt;
    &lt;link rel="edit" title="V2FeedPackage" href="Packages(Id='Delay.Web.Helpers',Version='1.1.1')" /&gt;
    &lt;category term="NuGetGallery.V2FeedPackage" scheme="http://schemas.microsoft.com/ado/2007/08/dataservices/scheme" /&gt;
    &lt;content type="application/zip" src="http://nugetgallery-qa.cloudapp.net/api/v2/curated-feeds/package/Delay.Web.Helpers/1.1.1" /&gt;
    &lt;m:properties xmlns:m="http://schemas.microsoft.com/ado/2007/08/dataservices/metadata" xmlns:d="http://schemas.microsoft.com/ado/2007/08/dataservices"&gt;
      &lt;d:Version&gt;1.1.1&lt;/d:Version&gt;
      &lt;d:Copyright&gt;&lt;/d:Copyright&gt;
      &lt;d:Created m:type="Edm.DateTime"&gt;2011-05-06T04:09:40&lt;/d:Created&gt;
      &lt;d:Dependencies&gt;&lt;/d:Dependencies&gt;
      &lt;d:Description&gt;Delay.Web.Helpers is an ASP.NET web helper assembly that includes support for Amazon Simple Storage Service (S3) blob/bucket access and data URIs. (Note: This assembly can be used with other .NET project types as well.)&lt;/d:Description&gt;
      &lt;d:DownloadCount m:type="Edm.Int32"&gt;945&lt;/d:DownloadCount&gt;
      &lt;d:GalleryDetailsUrl&gt;http://qa.nugettest.org/packages/Delay.Web.Helpers/1.1.1&lt;/d:GalleryDetailsUrl&gt;
      &lt;d:IconUrl m:null="true"&gt;&lt;/d:IconUrl&gt;
      &lt;d:IsLatestVersion m:type="Edm.Boolean"&gt;true&lt;/d:IsLatestVersion&gt;
      &lt;d:IsAbsoluteLatestVersion m:type="Edm.Boolean"&gt;true&lt;/d:IsAbsoluteLatestVersion&gt;
      &lt;d:IsPrerelease m:type="Edm.Boolean"&gt;false&lt;/d:IsPrerelease&gt;
      &lt;d:Language&gt;&lt;/d:Language&gt;
      &lt;d:Published m:type="Edm.DateTime"&gt;2011-05-06T04:10:00&lt;/d:Published&gt;
      &lt;d:LicenseUrl&gt;http://opensource.org/licenses/ms-pl.html&lt;/d:LicenseUrl&gt;
      &lt;d:PackageHash&gt;2R3Sz46NCj4ZcLzRUYvLc2HYl+Crz220WZssUOy7eNGFXe6dK1Ra1BjdyY+Yieo9BnY97bcFGtd2NYx1s9KTNA==&lt;/d:PackageHash&gt;
      &lt;d:PackageHashAlgorithm&gt;SHA512&lt;/d:PackageHashAlgorithm&gt;
      &lt;d:PackageSize m:type="Edm.Int64"&gt;20474&lt;/d:PackageSize&gt;
      &lt;d:ProjectUrl&gt;http://blogs.msdn.com/b/delay/&lt;/d:ProjectUrl&gt;
      &lt;d:ReportAbuseUrl&gt;http://qa.nugettest.org/package/ReportAbuse/Delay.Web.Helpers/1.1.1&lt;/d:ReportAbuseUrl&gt;
      &lt;d:ReleaseNotes&gt;&lt;/d:ReleaseNotes&gt;
      &lt;d:RequireLicenseAcceptance m:type="Edm.Boolean"&gt;false&lt;/d:RequireLicenseAcceptance&gt;
      &lt;d:Tags&gt;Delay web helper Amazon S3 blob bucket data uri url&lt;/d:Tags&gt;
      &lt;d:Title&gt;Delay.Web.Helpers&lt;/d:Title&gt;
      &lt;d:VersionDownloadCount m:type="Edm.Int32"&gt;710&lt;/d:VersionDownloadCount&gt;
      &lt;d:MinClientVersion&gt;&lt;/d:MinClientVersion&gt;
    &lt;/m:properties&gt;
  &lt;/entry&gt;
  &lt;entry&gt;
    &lt;id&gt;http://nugetgallery-qa.cloudapp.net/api/v2/curated-feeds/webmatrix/Packages(Id='Twitter.Helper',Version='1.0')&lt;/id&gt;
    &lt;title type="text"&gt;Twitter.Helper&lt;/title&gt;
    &lt;summary type="text"&gt;ASP.NET Web Pages helpers for displaying Twitter widgets like Follow Me and Tweet Buttons.&lt;/summary&gt;
    &lt;updated&gt;2013-04-04T17:53:35Z&lt;/updated&gt;
    &lt;author&gt;
      &lt;name&gt;Microsoft&lt;/name&gt;
    &lt;/author&gt;
    &lt;link rel="edit-media" title="V2FeedPackage" href="Packages(Id='Twitter.Helper',Version='1.0')/$value" /&gt;
    &lt;link rel="edit" title="V2FeedPackage" href="Packages(Id='Twitter.Helper',Version='1.0')" /&gt;
    &lt;category term="NuGetGallery.V2FeedPackage" scheme="http://schemas.microsoft.com/ado/2007/08/dataservices/scheme" /&gt;
    &lt;content type="application/zip" src="http://nugetgallery-qa.cloudapp.net/api/v2/curated-feeds/package/Twitter.Helper/1.0" /&gt;
    &lt;m:properties xmlns:m="http://schemas.microsoft.com/ado/2007/08/dataservices/metadata" xmlns:d="http://schemas.microsoft.com/ado/2007/08/dataservices"&gt;
      &lt;d:Version&gt;1.0&lt;/d:Version&gt;
      &lt;d:Copyright&gt;&lt;/d:Copyright&gt;
      &lt;d:Created m:type="Edm.DateTime"&gt;2011-01-07T08:03:09&lt;/d:Created&gt;
      &lt;d:Dependencies&gt;&lt;/d:Dependencies&gt;
      &lt;d:Description&gt;ASP.NET Web Pages helpers for displaying Twitter widgets like Follow Me and Tweet Buttons.&lt;/d:Description&gt;
      &lt;d:DownloadCount m:type="Edm.Int32"&gt;30209&lt;/d:DownloadCount&gt;
      &lt;d:GalleryDetailsUrl&gt;http://qa.nugettest.org/packages/Twitter.Helper/1.0&lt;/d:GalleryDetailsUrl&gt;
      &lt;d:IconUrl m:null="true"&gt;&lt;/d:IconUrl&gt;
      &lt;d:IsLatestVersion m:type="Edm.Boolean"&gt;true&lt;/d:IsLatestVersion&gt;
      &lt;d:IsAbsoluteLatestVersion m:type="Edm.Boolean"&gt;true&lt;/d:IsAbsoluteLatestVersion&gt;
      &lt;d:IsPrerelease m:type="Edm.Boolean"&gt;false&lt;/d:IsPrerelease&gt;
      &lt;d:Language&gt;&lt;/d:Language&gt;
      &lt;d:Published m:type="Edm.DateTime"&gt;2011-01-07T08:03:10&lt;/d:Published&gt;
      &lt;d:LicenseUrl&gt;&lt;/d:LicenseUrl&gt;
      &lt;d:PackageHash&gt;93Q3PGm51II3JrcMF4EJ/fgj9V6f7pAYIMnp2stcX0V+l4QA2tgRhg6+cv46Ao2HFk9dsMivuCKhkWWO34fUxw==&lt;/d:PackageHash&gt;
      &lt;d:PackageHashAlgorithm&gt;SHA512&lt;/d:PackageHashAlgorithm&gt;
      &lt;d:PackageSize m:type="Edm.Int64"&gt;4869&lt;/d:PackageSize&gt;
      &lt;d:ProjectUrl&gt;&lt;/d:ProjectUrl&gt;
      &lt;d:ReportAbuseUrl&gt;http://qa.nugettest.org/package/ReportAbuse/Twitter.Helper/1.0&lt;/d:ReportAbuseUrl&gt;
      &lt;d:ReleaseNotes&gt;&lt;/d:ReleaseNotes&gt;
      &lt;d:RequireLicenseAcceptance m:type="Edm.Boolean"&gt;false&lt;/d:RequireLicenseAcceptance&gt;
      &lt;d:Tags xml:space="preserve"&gt; ASPNETWEBPAGES &lt;/d:Tags&gt;
      &lt;d:Title&gt;Twitter.Helper&lt;/d:Title&gt;
      &lt;d:VersionDownloadCount m:type="Edm.Int32"&gt;30209&lt;/d:VersionDownloadCount&gt;
      &lt;d:MinClientVersion&gt;&lt;/d:MinClientVersion&gt;
    &lt;/m:properties&gt;
  &lt;/entry&gt;
&lt;/feed&gt;</Message>
          <StackTrace>   at NuGetGallery.FunctionalTests.Features.CuratedFeedTest.SearchWebMatrixCuratedFeed() in d:\github.com\NuGetGallery\FunctionalTests\NuGetGallery.FunctionalTests\Features\CuratedFeedTest.cs:line 61
</StackTrace>
        </ErrorInfo>
      </Output>
    </UnitTestResult>
    <WebTestResult executionId="2f0ce5f2-1bf3-4e84-bfa1-42286b91979c" testId="5d66c021-336a-34c0-9414-19ea84bd29bc" testName="InvalidLogonTest" computerName="CLAYCO7" duration="00:00:01.1789995" startTime="2013-04-22T18:35:32.1690742-07:00" endTime="2013-04-22T18:35:33.3461652-07:00" testType="37e36796-fb51-4610-8d5c-e00ceaa68b9f" outcome="Passed" testListId="8c84fa94-04c1-424b-9868-57a2d4851a1d" relativeResultsDirectory="2f0ce5f2-1bf3-4e84-bfa1-42286b91979c">
      <ResultFiles>
        <ResultFile path="InvalidLogonTest.webtestResult" />
      </ResultFiles>
      <TestSettings name="Local" id="62f583f0-2eca-4773-bed0-474a13faad76">
        <Description>These are default test settings for a local test run.</Description>
        <Deployment userDeploymentRoot="." useDefaultDeploymentRoot="false" runDeploymentRoot="TestResults[43]">
          <DeploymentItem filename=".nuget\NuGet.Config" />
          <DeploymentItem filename=".nuget\NuGet.exe" />
          <DeploymentItem filename=".nuget\NuGet.targets" />
        </Deployment>
        <NamingScheme baseName="TestResults" appendTimeStamp="false" useDefault="false" />
        <Execution>
          <TestTypeSpecific>
            <UnitTestRunConfig testTypeId="13cdc9d9-ddb5-4fa4-a97d-d965ccfc6d4b">
              <AssemblyResolution>
                <TestDirectory useLoadContext="true" />
              </AssemblyResolution>
            </UnitTestRunConfig>
            <WebTestRunConfiguration testTypeId="4e7599fa-5ecb-43e9-a887-cd63cf72d207">
              <Browser name="Internet Explorer 9.0" MaxConnections="6">
                <Headers>
                  <Header name="User-Agent" value="Mozilla/5.0 (compatible; MSIE 9.0; Windows NT 6.1; Trident/5.0)" />
                  <Header name="Accept" value="*/*" />
                  <Header name="Accept-Language" value="en-US,en;q=0.8,zh-Hans-CN;q=0.5,zh-Hans;q=0.3" />
                  <Header name="Accept-Encoding" value="GZIP" />
                </Headers>
              </Browser>
            </WebTestRunConfiguration>
          </TestTypeSpecific>
          <AgentRule name="LocalMachineDefaultRole">
          </AgentRule>
        </Execution>
      </TestSettings>
      <WebTestResultFilePath>TestResults[43]\In\2f0ce5f2-1bf3-4e84-bfa1-42286b91979c\InvalidLogonTest.webtestResult</WebTestResultFilePath>
    </WebTestResult>
    <WebTestResult executionId="5aa0652e-6ae2-403b-a9f5-de1b637b4107" testId="d53feaf3-be7c-3e85-2afa-d33fc0e450a3" testName="SecurityHeaderTest" computerName="CLAYCO7" duration="00:00:01.5349928" startTime="2013-04-22T18:35:33.3461652-07:00" endTime="2013-04-22T18:35:34.8811895-07:00" testType="37e36796-fb51-4610-8d5c-e00ceaa68b9f" outcome="Passed" testListId="8c84fa94-04c1-424b-9868-57a2d4851a1d" relativeResultsDirectory="5aa0652e-6ae2-403b-a9f5-de1b637b4107">
      <ResultFiles>
        <ResultFile path="SecurityHeaderTest.webtestResult" />
      </ResultFiles>
      <TestSettings name="Local" id="62f583f0-2eca-4773-bed0-474a13faad76">
        <Description>These are default test settings for a local test run.</Description>
        <Deployment userDeploymentRoot="." useDefaultDeploymentRoot="false" runDeploymentRoot="TestResults[43]">
          <DeploymentItem filename=".nuget\NuGet.Config" />
          <DeploymentItem filename=".nuget\NuGet.exe" />
          <DeploymentItem filename=".nuget\NuGet.targets" />
        </Deployment>
        <NamingScheme baseName="TestResults" appendTimeStamp="false" useDefault="false" />
        <Execution>
          <TestTypeSpecific>
            <UnitTestRunConfig testTypeId="13cdc9d9-ddb5-4fa4-a97d-d965ccfc6d4b">
              <AssemblyResolution>
                <TestDirectory useLoadContext="true" />
              </AssemblyResolution>
            </UnitTestRunConfig>
            <WebTestRunConfiguration testTypeId="4e7599fa-5ecb-43e9-a887-cd63cf72d207">
              <Browser name="Internet Explorer 9.0" MaxConnections="6">
                <Headers>
                  <Header name="User-Agent" value="Mozilla/5.0 (compatible; MSIE 9.0; Windows NT 6.1; Trident/5.0)" />
                  <Header name="Accept" value="*/*" />
                  <Header name="Accept-Language" value="en-US,en;q=0.8,zh-Hans-CN;q=0.5,zh-Hans;q=0.3" />
                  <Header name="Accept-Encoding" value="GZIP" />
                </Headers>
              </Browser>
            </WebTestRunConfiguration>
          </TestTypeSpecific>
          <AgentRule name="LocalMachineDefaultRole">
          </AgentRule>
        </Execution>
      </TestSettings>
      <WebTestResultFilePath>TestResults[43]\In\5aa0652e-6ae2-403b-a9f5-de1b637b4107\SecurityHeaderTest.webtestResult</WebTestResultFilePath>
    </WebTestResult>
    <WebTestResult executionId="f09d7ac3-6306-4204-9a1a-714d50276ace" testId="e95ef3f5-4ae2-36dc-5d98-7ace7daaf2ea" testName="ContactUsAndReportAbuseLinkTest" computerName="CLAYCO7" duration="00:00:02.9849340" startTime="2013-04-22T18:35:34.8811895-07:00" endTime="2013-04-22T18:35:37.8843216-07:00" testType="37e36796-fb51-4610-8d5c-e00ceaa68b9f" outcome="Failed" testListId="8c84fa94-04c1-424b-9868-57a2d4851a1d" relativeResultsDirectory="f09d7ac3-6306-4204-9a1a-714d50276ace">
      <Output>
        <ErrorInfo>
          <Message>3 primary requests, 0 dependant requests and 0 conditional rules failed</Message>
        </ErrorInfo>
      </Output>
      <ResultFiles>
        <ResultFile path="ContactUsAndReportAbuseLinkTest.webtestResult" />
      </ResultFiles>
      <TestSettings name="Local" id="62f583f0-2eca-4773-bed0-474a13faad76">
        <Description>These are default test settings for a local test run.</Description>
        <Deployment userDeploymentRoot="." useDefaultDeploymentRoot="false" runDeploymentRoot="TestResults[43]">
          <DeploymentItem filename=".nuget\NuGet.Config" />
          <DeploymentItem filename=".nuget\NuGet.exe" />
          <DeploymentItem filename=".nuget\NuGet.targets" />
        </Deployment>
        <NamingScheme baseName="TestResults" appendTimeStamp="false" useDefault="false" />
        <Execution>
          <TestTypeSpecific>
            <UnitTestRunConfig testTypeId="13cdc9d9-ddb5-4fa4-a97d-d965ccfc6d4b">
              <AssemblyResolution>
                <TestDirectory useLoadContext="true" />
              </AssemblyResolution>
            </UnitTestRunConfig>
            <WebTestRunConfiguration testTypeId="4e7599fa-5ecb-43e9-a887-cd63cf72d207">
              <Browser name="Internet Explorer 9.0" MaxConnections="6">
                <Headers>
                  <Header name="User-Agent" value="Mozilla/5.0 (compatible; MSIE 9.0; Windows NT 6.1; Trident/5.0)" />
                  <Header name="Accept" value="*/*" />
                  <Header name="Accept-Language" value="en-US,en;q=0.8,zh-Hans-CN;q=0.5,zh-Hans;q=0.3" />
                  <Header name="Accept-Encoding" value="GZIP" />
                </Headers>
              </Browser>
            </WebTestRunConfiguration>
          </TestTypeSpecific>
          <AgentRule name="LocalMachineDefaultRole">
          </AgentRule>
        </Execution>
      </TestSettings>
      <WebTestResultFilePath>TestResults[43]\In\f09d7ac3-6306-4204-9a1a-714d50276ace\ContactUsAndReportAbuseLinkTest.webtestResult</WebTestResultFilePath>
    </WebTestResult>
    <WebTestResult executionId="5f71f670-97b5-45d5-8750-a3dab639d3b4" testId="336cce10-fc9c-411f-b491-c5f9f404e7b7" testName="UploadPackageWithMinClientVersionFromUITest" computerName="CLAYCO7" duration="00:00:02.4900800" startTime="2013-04-22T18:35:37.8883208-07:00" endTime="2013-04-22T18:35:40.3827302-07:00" testType="37e36796-fb51-4610-8d5c-e00ceaa68b9f" outcome="Failed" testListId="8c84fa94-04c1-424b-9868-57a2d4851a1d" relativeResultsDirectory="5f71f670-97b5-45d5-8750-a3dab639d3b4">
      <Output>
        <ErrorInfo>
          <Message>3 primary requests, 0 dependant requests and 0 conditional rules failed</Message>
        </ErrorInfo>
      </Output>
      <ResultFiles>
        <ResultFile path="UploadPackageWithMinClientVersionFromUITest.webtestResult" />
      </ResultFiles>
      <TestSettings name="Local" id="62f583f0-2eca-4773-bed0-474a13faad76">
        <Description>These are default test settings for a local test run.</Description>
        <Deployment userDeploymentRoot="." useDefaultDeploymentRoot="false" runDeploymentRoot="TestResults[43]">
          <DeploymentItem filename=".nuget\NuGet.Config" />
          <DeploymentItem filename=".nuget\NuGet.exe" />
          <DeploymentItem filename=".nuget\NuGet.targets" />
        </Deployment>
        <NamingScheme baseName="TestResults" appendTimeStamp="false" useDefault="false" />
        <Execution>
          <TestTypeSpecific>
            <UnitTestRunConfig testTypeId="13cdc9d9-ddb5-4fa4-a97d-d965ccfc6d4b">
              <AssemblyResolution>
                <TestDirectory useLoadContext="true" />
              </AssemblyResolution>
            </UnitTestRunConfig>
            <WebTestRunConfiguration testTypeId="4e7599fa-5ecb-43e9-a887-cd63cf72d207">
              <Browser name="Internet Explorer 9.0" MaxConnections="6">
                <Headers>
                  <Header name="User-Agent" value="Mozilla/5.0 (compatible; MSIE 9.0; Windows NT 6.1; Trident/5.0)" />
                  <Header name="Accept" value="*/*" />
                  <Header name="Accept-Language" value="en-US,en;q=0.8,zh-Hans-CN;q=0.5,zh-Hans;q=0.3" />
                  <Header name="Accept-Encoding" value="GZIP" />
                </Headers>
              </Browser>
            </WebTestRunConfiguration>
          </TestTypeSpecific>
          <AgentRule name="LocalMachineDefaultRole">
          </AgentRule>
        </Execution>
      </TestSettings>
      <WebTestResultFilePath>TestResults[43]\In\5f71f670-97b5-45d5-8750-a3dab639d3b4\UploadPackageWithMinClientVersionFromUITest.webtestResult</WebTestResultFilePath>
    </WebTestResult>
    <WebTestResult executionId="c50c365c-f863-4f6c-bac8-ebb00a21e7dc" testId="340e6bba-7e3d-842d-7ee1-669ddc667c0c" testName="AggregateStatsInHomePage" computerName="CLAYCO7" duration="00:00:01.5727116" startTime="2013-04-22T18:35:40.3827302-07:00" endTime="2013-04-22T18:35:41.9618653-07:00" testType="37e36796-fb51-4610-8d5c-e00ceaa68b9f" testListId="8c84fa94-04c1-424b-9868-57a2d4851a1d" relativeResultsDirectory="c50c365c-f863-4f6c-bac8-ebb00a21e7dc">
      <Output>
        <ErrorInfo>
          <Message>Exception occurred: Assert.IsTrue failed. The package upload via Nuget.exe didnt suceed properly. Check the logs to see the process error and output stream</Message>
          <StackTrace>   at Microsoft.VisualStudio.TestTools.UnitTesting.Assert.HandleFail(String assertionName, String message, Object[] parameters)
   at Microsoft.VisualStudio.TestTools.UnitTesting.Assert.IsTrue(Boolean condition, String message)
   at NuGetGallery.FunctionalTests.AssertAndValidationHelper.UploadNewPackageAndVerify(String packageId, String version) in d:\github.com\NuGetGallery\FunctionalTests\NuGetGallery.FunctionalTests\WebUITests\AssertAndValidationHelper.cs:line 170
   at NuGetGallery.FunctionalTests.AggregateStatsInHomePage.&lt;GetRequestEnumerator&gt;d__0.MoveNext() in d:\github.com\NuGetGallery\FunctionalTests\NuGetGallery.FunctionalTests\WebUITests\UploadAndDownload\AggregateStatsAfterDownload.cs:line 33
   at Microsoft.VisualStudio.TestTools.WebStress.WebTestCaseVariation.ExecuteNextTopLevelRequest()</StackTrace>
        </ErrorInfo>
      </Output>
      <ResultFiles>
        <ResultFile path="AggregateStatsInHomePage.webtestResult" />
      </ResultFiles>
      <TestSettings name="Local" id="62f583f0-2eca-4773-bed0-474a13faad76">
        <Description>These are default test settings for a local test run.</Description>
        <Deployment userDeploymentRoot="." useDefaultDeploymentRoot="false" runDeploymentRoot="TestResults[43]">
          <DeploymentItem filename=".nuget\NuGet.Config" />
          <DeploymentItem filename=".nuget\NuGet.exe" />
          <DeploymentItem filename=".nuget\NuGet.targets" />
        </Deployment>
        <NamingScheme baseName="TestResults" appendTimeStamp="false" useDefault="false" />
        <Execution>
          <TestTypeSpecific>
            <UnitTestRunConfig testTypeId="13cdc9d9-ddb5-4fa4-a97d-d965ccfc6d4b">
              <AssemblyResolution>
                <TestDirectory useLoadContext="true" />
              </AssemblyResolution>
            </UnitTestRunConfig>
            <WebTestRunConfiguration testTypeId="4e7599fa-5ecb-43e9-a887-cd63cf72d207">
              <Browser name="Internet Explorer 9.0" MaxConnections="6">
                <Headers>
                  <Header name="User-Agent" value="Mozilla/5.0 (compatible; MSIE 9.0; Windows NT 6.1; Trident/5.0)" />
                  <Header name="Accept" value="*/*" />
                  <Header name="Accept-Language" value="en-US,en;q=0.8,zh-Hans-CN;q=0.5,zh-Hans;q=0.3" />
                  <Header name="Accept-Encoding" value="GZIP" />
                </Headers>
              </Browser>
            </WebTestRunConfiguration>
          </TestTypeSpecific>
          <AgentRule name="LocalMachineDefaultRole">
          </AgentRule>
        </Execution>
      </TestSettings>
      <WebTestResultFilePath>TestResults[43]\In\c50c365c-f863-4f6c-bac8-ebb00a21e7dc\AggregateStatsInHomePage.webtestResult</WebTestResultFilePath>
    </WebTestResult>
    <WebTestResult executionId="6c051c8e-3c3d-4bff-beca-06b5b4c9ed50" testId="6c390634-83d7-955a-87c4-b41e59b8d7ae" testName="RegisterInvalidUserTest" computerName="CLAYCO7" duration="00:00:01.0836851" startTime="2013-04-22T18:35:41.9618653-07:00" endTime="2013-04-22T18:35:43.0399966-07:00" testType="37e36796-fb51-4610-8d5c-e00ceaa68b9f" outcome="Passed" testListId="8c84fa94-04c1-424b-9868-57a2d4851a1d" relativeResultsDirectory="6c051c8e-3c3d-4bff-beca-06b5b4c9ed50">
      <ResultFiles>
        <ResultFile path="RegisterInvalidUserTest.webtestResult" />
      </ResultFiles>
      <TestSettings name="Local" id="62f583f0-2eca-4773-bed0-474a13faad76">
        <Description>These are default test settings for a local test run.</Description>
        <Deployment userDeploymentRoot="." useDefaultDeploymentRoot="false" runDeploymentRoot="TestResults[43]">
          <DeploymentItem filename=".nuget\NuGet.Config" />
          <DeploymentItem filename=".nuget\NuGet.exe" />
          <DeploymentItem filename=".nuget\NuGet.targets" />
        </Deployment>
        <NamingScheme baseName="TestResults" appendTimeStamp="false" useDefault="false" />
        <Execution>
          <TestTypeSpecific>
            <UnitTestRunConfig testTypeId="13cdc9d9-ddb5-4fa4-a97d-d965ccfc6d4b">
              <AssemblyResolution>
                <TestDirectory useLoadContext="true" />
              </AssemblyResolution>
            </UnitTestRunConfig>
            <WebTestRunConfiguration testTypeId="4e7599fa-5ecb-43e9-a887-cd63cf72d207">
              <Browser name="Internet Explorer 9.0" MaxConnections="6">
                <Headers>
                  <Header name="User-Agent" value="Mozilla/5.0 (compatible; MSIE 9.0; Windows NT 6.1; Trident/5.0)" />
                  <Header name="Accept" value="*/*" />
                  <Header name="Accept-Language" value="en-US,en;q=0.8,zh-Hans-CN;q=0.5,zh-Hans;q=0.3" />
                  <Header name="Accept-Encoding" value="GZIP" />
                </Headers>
              </Browser>
            </WebTestRunConfiguration>
          </TestTypeSpecific>
          <AgentRule name="LocalMachineDefaultRole">
          </AgentRule>
        </Execution>
      </TestSettings>
      <WebTestResultFilePath>TestResults[43]\In\6c051c8e-3c3d-4bff-beca-06b5b4c9ed50\RegisterInvalidUserTest.webtestResult</WebTestResultFilePath>
    </WebTestResult>
  </Results>
</TestRun>