<?xml version="1.0" encoding="UTF-8"?>
<TestRun id="2150ee3f-196a-4158-ba82-f99c8d3a82b9" name="TestResults" runUser="REDMOND\clayco" xmlns="http://microsoft.com/schemas/VisualStudio/TeamTest/2010">
  <TestSettings name="Local" id="62f583f0-2eca-4773-bed0-474a13faad76">
    <Description>These are default test settings for a local test run.</Description>
    <Deployment userDeploymentRoot="." useDefaultDeploymentRoot="false" runDeploymentRoot="TestResults[38]">
      <DeploymentItem filename=".nuget\NuGet.Config" />
      <DeploymentItem filename=".nuget\NuGet.exe" />
      <DeploymentItem filename=".nuget\NuGet.targets" />
    </Deployment>
    <NamingScheme baseName="TestResults" appendTimeStamp="false" useDefault="false" />
    <Execution>
      <TestTypeSpecific>
        <UnitTestRunConfig testTypeId="13cdc9d9-ddb5-4fa4-a97d-d965ccfc6d4b">
          <AssemblyResolution>
            <TestDirectory useLoadContext="true" />
          </AssemblyResolution>
        </UnitTestRunConfig>
        <WebTestRunConfiguration testTypeId="4e7599fa-5ecb-43e9-a887-cd63cf72d207">
          <Browser name="Internet Explorer 9.0" MaxConnections="6">
            <Headers>
              <Header name="User-Agent" value="Mozilla/5.0 (compatible; MSIE 9.0; Windows NT 6.1; Trident/5.0)" />
              <Header name="Accept" value="*/*" />
              <Header name="Accept-Language" value="{{$IEAcceptLanguage}}" />
              <Header name="Accept-Encoding" value="GZIP" />
            </Headers>
          </Browser>
        </WebTestRunConfiguration>
      </TestTypeSpecific>
      <AgentRule name="LocalMachineDefaultRole">
      </AgentRule>
    </Execution>
  </TestSettings>
  <Times creation="2013-04-17T12:31:48.5074889-07:00" queuing="2013-04-17T12:31:48.7066501-07:00" start="2013-04-17T12:31:48.7857123-07:00" finish="2013-04-17T12:35:37.2959664-07:00" />
  <ResultSummary outcome="Error">
    <Counters total="37" executed="37" passed="21" error="5" failed="11" timeout="0" aborted="0" inconclusive="0" passedButRunAborted="0" notRunnable="0" notExecuted="0" disconnected="0" warning="0" completed="0" inProgress="0" pending="0" />
  </ResultSummary>
  <TestDefinitions>
    <CodedWebTest name="ContactOwnerTest" storage="d:\github.com\nugetgallery\functionaltests\nugetgallery.functionaltests\bin\nugetgallery.functionaltests.dll" id="a6f81ddd-4476-9109-b107-ff9673898e71">
      <Execution id="c5ad4e94-d0a9-417e-959d-bda013d7b740" />
      <WebTestClass assembly="NuGetGallery.FunctionalTests, Version=1.0.0.0, Culture=neutral, PublicKeyToken=null" namespace="NuGetGallery.FunctionalTests.WebUITests.PackageManagement" class="ContactOwnerTest" />
    </CodedWebTest>
    <UnitTest name="UploadMultipleVersionOfPackage" storage="d:\github.com\nugetgallery\functionaltests\nugetgallery.functionaltests\bin\nugetgallery.functionaltests.dll" priority="1" id="5d62a4b0-dcba-4028-434b-2b747b4c411f">
      <Description>Upload multiple versions of a package and see if it gets uploaded properly</Description>
      <Execution id="01981571-e24f-49e2-a9c0-a5d7c13f874f" />
      <TestMethod codeBase="d:/github.com/nugetgallery/functionaltests/nugetgallery.functionaltests/bin/NuGetGallery.FunctionalTests.DLL" adapterTypeName="Microsoft.VisualStudio.TestTools.TestTypes.Unit.UnitTestAdapter, Microsoft.VisualStudio.QualityTools.Tips.UnitTest.Adapter, Version=11.0.0.0, Culture=neutral, PublicKeyToken=b03f5f7f11d50a3a" className="NuGetGallery.FunctionalTests.Features.PackageVersionTest, NuGetGallery.FunctionalTests, Version=1.0.0.0, Culture=neutral, PublicKeyToken=null" name="UploadMultipleVersionOfPackage" />
    </UnitTest>
    <UnitTest name="AddPackageToWindows8CuratedFeed" storage="d:\github.com\nugetgallery\functionaltests\nugetgallery.functionaltests\bin\nugetgallery.functionaltests.dll" priority="1" id="2653a81d-b439-f73a-c036-efc0ec29de69">
      <Description>Creates a package with Windows8 tags. Uploads it and checks if it has been curated</Description>
      <Execution id="97f28c7a-ea43-4bba-996f-d4a10755854a" />
      <TestMethod codeBase="d:/github.com/nugetgallery/functionaltests/nugetgallery.functionaltests/bin/NuGetGallery.FunctionalTests.DLL" adapterTypeName="Microsoft.VisualStudio.TestTools.TestTypes.Unit.UnitTestAdapter, Microsoft.VisualStudio.QualityTools.Tips.UnitTest.Adapter, Version=11.0.0.0, Culture=neutral, PublicKeyToken=b03f5f7f11d50a3a" className="NuGetGallery.FunctionalTests.Features.CuratedFeedTest, NuGetGallery.FunctionalTests, Version=1.0.0.0, Culture=neutral, PublicKeyToken=null" name="AddPackageToWindows8CuratedFeed" />
    </UnitTest>
    <UnitTest name="FindPackagesByIdTest" storage="d:\github.com\nugetgallery\functionaltests\nugetgallery.functionaltests\bin\nugetgallery.functionaltests.dll" id="2a6c6363-3869-0c15-2d51-409738bef970">
      <Execution id="54f2cb59-351f-4d88-9c0b-b3955cf5e8ed" />
      <TestMethod codeBase="d:/github.com/nugetgallery/functionaltests/nugetgallery.functionaltests/bin/NuGetGallery.FunctionalTests.DLL" adapterTypeName="Microsoft.VisualStudio.TestTools.TestTypes.Unit.UnitTestAdapter, Microsoft.VisualStudio.QualityTools.Tips.UnitTest.Adapter, Version=11.0.0.0, Culture=neutral, PublicKeyToken=b03f5f7f11d50a3a" className="NuGetGallery.FunctionalTests.ODataTests.V2FeedTest, NuGetGallery.FunctionalTests, Version=1.0.0.0, Culture=neutral, PublicKeyToken=null" name="FindPackagesByIdTest" />
    </UnitTest>
    <CodedWebTest name="HomePageValidationTest" storage="d:\github.com\nugetgallery\functionaltests\nugetgallery.functionaltests\bin\nugetgallery.functionaltests.dll" id="d527504e-456c-ed4a-8eba-7c20c18ba47d">
      <Execution id="9be903cb-9f34-4362-90bf-81b4b075dab1" />
      <WebTestClass assembly="NuGetGallery.FunctionalTests, Version=1.0.0.0, Culture=neutral, PublicKeyToken=null" namespace="NuGetGallery.FunctionalTests" class="HomePageValidationTest" />
    </CodedWebTest>
    <UnitTest name="RestorePackageFromV2Feed" storage="d:\github.com\nugetgallery\functionaltests\nugetgallery.functionaltests\bin\nugetgallery.functionaltests.dll" priority="0" id="916d542f-9953-383f-a9cc-e87980667cf3">
      <Description>Restores a package from the V2 feed and checks if the file is present on local disk</Description>
      <Execution id="e6bc5244-ea01-4bb8-8dca-2efb135dc73a" />
      <TestMethod codeBase="d:/github.com/nugetgallery/functionaltests/nugetgallery.functionaltests/bin/NuGetGallery.FunctionalTests.DLL" adapterTypeName="Microsoft.VisualStudio.TestTools.TestTypes.Unit.UnitTestAdapter, Microsoft.VisualStudio.QualityTools.Tips.UnitTest.Adapter, Version=11.0.0.0, Culture=neutral, PublicKeyToken=b03f5f7f11d50a3a" className="NuGetGallery.FunctionalTests.ODataFeedTests.V2FeedTest, NuGetGallery.FunctionalTests, Version=1.0.0.0, Culture=neutral, PublicKeyToken=null" name="RestorePackageFromV2Feed" />
    </UnitTest>
    <CodedWebTest name="SecurityHeaderTest" storage="d:\github.com\nugetgallery\functionaltests\nugetgallery.functionaltests\bin\nugetgallery.functionaltests.dll" id="d53feaf3-be7c-3e85-2afa-d33fc0e450a3">
      <Execution id="19a65985-a892-4391-8477-66460c1eddf0" />
      <WebTestClass assembly="NuGetGallery.FunctionalTests, Version=1.0.0.0, Culture=neutral, PublicKeyToken=null" namespace="NuGetGallery.FunctionalTests" class="SecurityHeaderTest" />
    </CodedWebTest>
    <CodedWebTest name="LogonTest" storage="d:\github.com\nugetgallery\functionaltests\nugetgallery.functionaltests\bin\nugetgallery.functionaltests.dll" id="a1c602d9-292b-1042-380c-707cec091de9">
      <Execution id="81f7da86-9395-45b3-ab9e-ae041ea691b7" />
      <WebTestClass assembly="NuGetGallery.FunctionalTests, Version=1.0.0.0, Culture=neutral, PublicKeyToken=null" namespace="NuGetGallery.FunctionalTests" class="LogonTest" />
    </CodedWebTest>
    <CodedWebTest name="RegisterInvalidUserTest" storage="d:\github.com\nugetgallery\functionaltests\nugetgallery.functionaltests\bin\nugetgallery.functionaltests.dll" id="6c390634-83d7-955a-87c4-b41e59b8d7ae">
      <Execution id="9acb2f6a-45a3-454d-916b-0bc1fa540c08" />
      <WebTestClass assembly="NuGetGallery.FunctionalTests, Version=1.0.0.0, Culture=neutral, PublicKeyToken=null" namespace="NuGetGallery.FunctionalTests" class="RegisterInvalidUserTest" />
    </CodedWebTest>
    <CodedWebTest name="InvalidLogonTest" storage="d:\github.com\nugetgallery\functionaltests\nugetgallery.functionaltests\bin\nugetgallery.functionaltests.dll" id="5d66c021-336a-34c0-9414-19ea84bd29bc">
      <Execution id="39a53cf4-cf95-4f79-ba0f-120ebba53889" />
      <WebTestClass assembly="NuGetGallery.FunctionalTests, Version=1.0.0.0, Culture=neutral, PublicKeyToken=null" namespace="NuGetGallery.FunctionalTests" class="InvalidLogonTest" />
    </CodedWebTest>
    <CodedWebTest name="AggregateStatsInHomePage" storage="d:\github.com\nugetgallery\functionaltests\nugetgallery.functionaltests\bin\nugetgallery.functionaltests.dll" id="340e6bba-7e3d-842d-7ee1-669ddc667c0c">
      <Execution id="e32cff5f-2ec6-444c-bb1b-bae67487ebc4" />
      <WebTestClass assembly="NuGetGallery.FunctionalTests, Version=1.0.0.0, Culture=neutral, PublicKeyToken=null" namespace="NuGetGallery.FunctionalTests" class="AggregateStatsInHomePage" />
    </CodedWebTest>
    <CodedWebTest name="ManagePackagesPageTest" storage="d:\github.com\nugetgallery\functionaltests\nugetgallery.functionaltests\bin\nugetgallery.functionaltests.dll" id="42a9bfc6-ed87-df50-c848-82aca2c8fd0d">
      <Execution id="1ab1977b-b21c-481b-b5e6-90baf16019bd" />
      <WebTestClass assembly="NuGetGallery.FunctionalTests, Version=1.0.0.0, Culture=neutral, PublicKeyToken=null" namespace="NuGetGallery.FunctionalTests.WebUITests.PackageManagement" class="ManagePackagesPageTest" />
    </CodedWebTest>
    <UnitTest name="DownloadPackageWithNuGetCoreTest" storage="d:\github.com\nugetgallery\functionaltests\nugetgallery.functionaltests\bin\nugetgallery.functionaltests.dll" priority="0" id="04cd200b-33df-3564-ded5-686cdfe44f77">
      <Description>Downloads a package from the server and validates that the file is present in the local disk</Description>
      <Execution id="c92b0817-b44c-4ffb-a3eb-8a191a9d79c4" />
      <TestMethod codeBase="d:/github.com/nugetgallery/functionaltests/nugetgallery.functionaltests/bin/NuGetGallery.FunctionalTests.DLL" adapterTypeName="Microsoft.VisualStudio.TestTools.TestTypes.Unit.UnitTestAdapter, Microsoft.VisualStudio.QualityTools.Tips.UnitTest.Adapter, Version=11.0.0.0, Culture=neutral, PublicKeyToken=b03f5f7f11d50a3a" className="NuGetGallery.FunctionalTests.NuGetCoreTests, NuGetGallery.FunctionalTests, Version=1.0.0.0, Culture=neutral, PublicKeyToken=null" name="DownloadPackageWithNuGetCoreTest" />
    </UnitTest>
    <CodedWebTest name="StatisticsPageTest" storage="d:\github.com\nugetgallery\functionaltests\nugetgallery.functionaltests\bin\nugetgallery.functionaltests.dll" id="9ad6e2e2-a082-8088-00f6-e05079fd89a0">
      <Execution id="dac870d8-0860-4e70-affd-4055974ccab0" />
      <WebTestClass assembly="NuGetGallery.FunctionalTests, Version=1.0.0.0, Culture=neutral, PublicKeyToken=null" namespace="NuGetGallery.FunctionalTests" class="StatisticsPageTest" />
    </CodedWebTest>
    <UnitTest name="UploadAndDownLoadPackageWithDotCsNames" storage="d:\github.com\nugetgallery\functionaltests\nugetgallery.functionaltests\bin\nugetgallery.functionaltests.dll" priority="1" id="aedace0f-10de-70d5-5e45-b7227987df86">
      <Description>Creates a test package which ends with .cs and pushes it to the server using Nuget.exe</Description>
      <Execution id="4ad41dfd-2629-4a58-a145-b7f3df7e265d" />
      <TestMethod codeBase="d:/github.com/nugetgallery/functionaltests/nugetgallery.functionaltests/bin/NuGetGallery.FunctionalTests.DLL" adapterTypeName="Microsoft.VisualStudio.TestTools.TestTypes.Unit.UnitTestAdapter, Microsoft.VisualStudio.QualityTools.Tips.UnitTest.Adapter, Version=11.0.0.0, Culture=neutral, PublicKeyToken=b03f5f7f11d50a3a" className="NuGetGallery.FunctionalTests.ClientIntegrationTests.NugetCommandLineTests, NuGetGallery.FunctionalTests, Version=1.0.0.0, Culture=neutral, PublicKeyToken=null" name="UploadAndDownLoadPackageWithDotCsNames" />
    </UnitTest>
    <UnitTest name="GetUpdatesTest" storage="d:\github.com\nugetgallery\functionaltests\nugetgallery.functionaltests\bin\nugetgallery.functionaltests.dll" id="02d43bf4-c2fb-43fb-6999-a16887a86fa6">
      <Execution id="88924e2d-4744-471a-9021-91cc4191f6f3" />
      <TestMethod codeBase="d:/github.com/nugetgallery/functionaltests/nugetgallery.functionaltests/bin/NuGetGallery.FunctionalTests.DLL" adapterTypeName="Microsoft.VisualStudio.TestTools.TestTypes.Unit.UnitTestAdapter, Microsoft.VisualStudio.QualityTools.Tips.UnitTest.Adapter, Version=11.0.0.0, Culture=neutral, PublicKeyToken=b03f5f7f11d50a3a" className="NuGetGallery.FunctionalTests.ODataTests.V2FeedTest, NuGetGallery.FunctionalTests, Version=1.0.0.0, Culture=neutral, PublicKeyToken=null" name="GetUpdatesTest" />
    </UnitTest>
    <CodedWebTest name="UploadPackageWithoutLoginTest" storage="d:\github.com\nugetgallery\functionaltests\nugetgallery.functionaltests\bin\nugetgallery.functionaltests.dll" id="0449da0f-5881-ffca-f9d0-f7c0ad709071">
      <Execution id="7466067e-e6dc-4edd-9080-955a7a97d47f" />
      <WebTestClass assembly="NuGetGallery.FunctionalTests, Version=1.0.0.0, Culture=neutral, PublicKeyToken=null" namespace="NuGetGallery.FunctionalTests" class="UploadPackageWithoutLoginTest" />
    </CodedWebTest>
    <CodedWebTest name="UploadPackageFromUI" storage="d:\github.com\nugetgallery\functionaltests\nugetgallery.functionaltests\bin\nugetgallery.functionaltests.dll" id="80baf145-2a87-1c50-450f-57e4de9d3b4f">
      <Execution id="e9916752-086f-4340-91c9-502b667c78ee" />
      <WebTestClass assembly="NuGetGallery.FunctionalTests, Version=1.0.0.0, Culture=neutral, PublicKeyToken=null" namespace="NuGetGallery.FunctionalTests" class="UploadPackageFromUI" />
    </CodedWebTest>
    <UnitTest name="DownloadPackageFromV2Feed" storage="d:\github.com\nugetgallery\functionaltests\nugetgallery.functionaltests\bin\nugetgallery.functionaltests.dll" priority="0" id="cc44bdbd-ce3e-69f6-f020-1fcb65293738">
      <Description>Downloads a package from the V2 feed and checks if the file is present on local disk</Description>
      <Execution id="78d1dc42-78dc-45c9-8f1f-de71c7faa57c" />
      <TestMethod codeBase="d:/github.com/nugetgallery/functionaltests/nugetgallery.functionaltests/bin/NuGetGallery.FunctionalTests.DLL" adapterTypeName="Microsoft.VisualStudio.TestTools.TestTypes.Unit.UnitTestAdapter, Microsoft.VisualStudio.QualityTools.Tips.UnitTest.Adapter, Version=11.0.0.0, Culture=neutral, PublicKeyToken=b03f5f7f11d50a3a" className="NuGetGallery.FunctionalTests.ODataFeedTests.V2FeedTest, NuGetGallery.FunctionalTests, Version=1.0.0.0, Culture=neutral, PublicKeyToken=null" name="DownloadPackageFromV2Feed" />
    </UnitTest>
    <CodedWebTest name="RegisterNewUserTest" storage="d:\github.com\nugetgallery\functionaltests\nugetgallery.functionaltests\bin\nugetgallery.functionaltests.dll" id="428c8a13-f822-cffc-6ae0-78452d15e1fb">
      <Execution id="196c392f-89f0-4d19-8cfa-ecff0991638f" />
      <WebTestClass assembly="NuGetGallery.FunctionalTests, Version=1.0.0.0, Culture=neutral, PublicKeyToken=null" namespace="NuGetGallery.FunctionalTests" class="RegisterNewUserTest" />
    </CodedWebTest>
    <CodedWebTest name="PackagesPageTest" storage="d:\github.com\nugetgallery\functionaltests\nugetgallery.functionaltests\bin\nugetgallery.functionaltests.dll" id="5ceca307-8fd2-e863-65bb-d8151e5dafba">
      <Execution id="638bccd5-fc9a-478d-a681-ab07d3d2ba51" />
      <WebTestClass assembly="NuGetGallery.FunctionalTests, Version=1.0.0.0, Culture=neutral, PublicKeyToken=null" namespace="NuGetGallery.FunctionalTests" class="PackagesPageTest" />
    </CodedWebTest>
    <UnitTest name="DownPackageWithNuGetCommandLineTest" storage="d:\github.com\nugetgallery\functionaltests\nugetgallery.functionaltests\bin\nugetgallery.functionaltests.dll" priority="0" id="f206f30d-af4b-ae66-9032-732bc03336c1">
      <Description>Downloads a package using NuGet.exe and checks if the package file is present in the output dir</Description>
      <Execution id="3e80515f-0d40-406d-b478-3e1355629123" />
      <TestMethod codeBase="d:/github.com/nugetgallery/functionaltests/nugetgallery.functionaltests/bin/NuGetGallery.FunctionalTests.DLL" adapterTypeName="Microsoft.VisualStudio.TestTools.TestTypes.Unit.UnitTestAdapter, Microsoft.VisualStudio.QualityTools.Tips.UnitTest.Adapter, Version=11.0.0.0, Culture=neutral, PublicKeyToken=b03f5f7f11d50a3a" className="NuGetGallery.FunctionalTests.ClientIntegrationTests.NugetCommandLineTests, NuGetGallery.FunctionalTests, Version=1.0.0.0, Culture=neutral, PublicKeyToken=null" name="DownPackageWithNuGetCommandLineTest" />
    </UnitTest>
    <CodedWebTest name="ContactUsAndReportAbuseLinkTest" storage="d:\github.com\nugetgallery\functionaltests\nugetgallery.functionaltests\bin\nugetgallery.functionaltests.dll" id="e95ef3f5-4ae2-36dc-5d98-7ace7daaf2ea">
      <Execution id="8d4516be-a869-4c94-8c66-d73f9685e924" />
      <WebTestClass assembly="NuGetGallery.FunctionalTests, Version=1.0.0.0, Culture=neutral, PublicKeyToken=null" namespace="NuGetGallery.FunctionalTests.WebUITests.PackageManagement" class="ContactUsAndReportAbuseLinkTest" />
    </CodedWebTest>
    <CodedWebTest name="UploadPackageWithMinClientVersionFromUITest" storage="d:\github.com\nugetgallery\functionaltests\nugetgallery.functionaltests\bin\nugetgallery.functionaltests.dll" id="336cce10-fc9c-411f-b491-c5f9f404e7b7">
      <Execution id="278d1125-0a3e-44a9-8e62-bba953692f62" />
      <WebTestClass assembly="NuGetGallery.FunctionalTests, Version=1.0.0.0, Culture=neutral, PublicKeyToken=null" namespace="NuGetGallery.FunctionalTests.WebUITests.PackageManagement" class="UploadPackageWithMinClientVersionFromUITest" />
    </CodedWebTest>
    <UnitTest name="UploadPackageWithNuGetCommandLineTest" storage="d:\github.com\nugetgallery\functionaltests\nugetgallery.functionaltests\bin\nugetgallery.functionaltests.dll" priority="0" id="baeffb56-e5a3-71a3-dcf4-ca714ba14856">
      <Description>Creates a test package and pushes it to the server using Nuget.exe</Description>
      <Execution id="6ec48ee6-7951-438d-92d5-f8b6ba5cda29" />
      <TestMethod codeBase="d:/github.com/nugetgallery/functionaltests/nugetgallery.functionaltests/bin/NuGetGallery.FunctionalTests.DLL" adapterTypeName="Microsoft.VisualStudio.TestTools.TestTypes.Unit.UnitTestAdapter, Microsoft.VisualStudio.QualityTools.Tips.UnitTest.Adapter, Version=11.0.0.0, Culture=neutral, PublicKeyToken=b03f5f7f11d50a3a" className="NuGetGallery.FunctionalTests.ClientIntegrationTests.NugetCommandLineTests, NuGetGallery.FunctionalTests, Version=1.0.0.0, Culture=neutral, PublicKeyToken=null" name="UploadPackageWithNuGetCommandLineTest" />
    </UnitTest>
    <UnitTest name="UploadAndDownLoadPackageWithMinClientVersion" storage="d:\github.com\nugetgallery\functionaltests\nugetgallery.functionaltests\bin\nugetgallery.functionaltests.dll" priority="0" id="38905457-2302-9ddf-ad04-3107d5b18355">
      <Description>Creates a test package with minclientversion tag and pushes it to the server using Nuget.exe</Description>
      <Execution id="580a0085-ab63-4391-b65f-532ff4baa113" />
      <TestMethod codeBase="d:/github.com/nugetgallery/functionaltests/nugetgallery.functionaltests/bin/NuGetGallery.FunctionalTests.DLL" adapterTypeName="Microsoft.VisualStudio.TestTools.TestTypes.Unit.UnitTestAdapter, Microsoft.VisualStudio.QualityTools.Tips.UnitTest.Adapter, Version=11.0.0.0, Culture=neutral, PublicKeyToken=b03f5f7f11d50a3a" className="NuGetGallery.FunctionalTests.ClientIntegrationTests.NugetCommandLineTests, NuGetGallery.FunctionalTests, Version=1.0.0.0, Culture=neutral, PublicKeyToken=null" name="UploadAndDownLoadPackageWithMinClientVersion" />
    </UnitTest>
    <CodedWebTest name="DeletePackageTest" storage="d:\github.com\nugetgallery\functionaltests\nugetgallery.functionaltests\bin\nugetgallery.functionaltests.dll" id="9387a1a2-3523-2e44-8030-533d344923cf">
      <Execution id="d4e39882-0a81-4d3c-901a-68b89b7567d8" />
      <WebTestClass assembly="NuGetGallery.FunctionalTests, Version=1.0.0.0, Culture=neutral, PublicKeyToken=null" namespace="NuGetGallery.FunctionalTests" class="DeletePackageTest" />
    </CodedWebTest>
    <CodedWebTest name="ReadOnlyModeRegisterNewUserTest" storage="d:\github.com\nugetgallery\functionaltests\nugetgallery.functionaltests\bin\nugetgallery.functionaltests.dll" id="c320789f-a801-c187-e7d8-0f17b24ff835">
      <Execution id="fb9c737f-7d09-4668-bd28-b69c0447f1e4" />
      <WebTestClass assembly="NuGetGallery.FunctionalTests, Version=1.0.0.0, Culture=neutral, PublicKeyToken=null" namespace="NuGetGallery.FunctionalTests" class="ReadOnlyModeRegisterNewUserTest" />
    </CodedWebTest>
  </TestDefinitions>
  <TestLists>
    <TestList name="Results Not in a List" id="8c84fa94-04c1-424b-9868-57a2d4851a1d" />
    <TestList name="P0Tests" id="01372d05-1ac1-4f00-ac37-5ca977686e4e" parentListId="8c43106b-9dc1-4907-a29f-aa66a61bf5b6">
      <TestLinks>
        <TestLink id="d527504e-456c-ed4a-8eba-7c20c18ba47d" name="HomePageValidationTest" storage="d:\github.com\nugetgallery\functionaltests\nugetgallery.functionaltests\bin\nugetgallery.functionaltests.dll" type="Microsoft.VisualStudio.TestTools.WebStress.CodedWebTestElement, Microsoft.VisualStudio.QualityTools.LoadTest,   PublicKeyToken=b03f5f7f11d50a3a" />
        <TestLink id="a1c602d9-292b-1042-380c-707cec091de9" name="LogonTest" storage="d:\github.com\nugetgallery\functionaltests\nugetgallery.functionaltests\bin\nugetgallery.functionaltests.dll" type="Microsoft.VisualStudio.TestTools.WebStress.CodedWebTestElement, Microsoft.VisualStudio.QualityTools.LoadTest,   PublicKeyToken=b03f5f7f11d50a3a" />
        <TestLink id="80baf145-2a87-1c50-450f-57e4de9d3b4f" name="UploadPackageFromUI" storage="d:\github.com\nugetgallery\functionaltests\nugetgallery.functionaltests\bin\nugetgallery.functionaltests.dll" type="Microsoft.VisualStudio.TestTools.WebStress.CodedWebTestElement, Microsoft.VisualStudio.QualityTools.LoadTest,   PublicKeyToken=b03f5f7f11d50a3a" />
        <TestLink id="cc44bdbd-ce3e-69f6-f020-1fcb65293738" name="DownloadPackageFromV2Feed" storage="d:\github.com\nugetgallery\functionaltests\nugetgallery.functionaltests\bin\nugetgallery.functionaltests.dll" type="Microsoft.VisualStudio.TestTools.TestTypes.Unit.UnitTestElement, Microsoft.VisualStudio.QualityTools.Tips.UnitTest.ObjectModel, Version=11.0.0.0, Culture=neutral, PublicKeyToken=b03f5f7f11d50a3a" />
        <TestLink id="916d542f-9953-383f-a9cc-e87980667cf3" name="RestorePackageFromV2Feed" storage="d:\github.com\nugetgallery\functionaltests\nugetgallery.functionaltests\bin\nugetgallery.functionaltests.dll" type="Microsoft.VisualStudio.TestTools.TestTypes.Unit.UnitTestElement, Microsoft.VisualStudio.QualityTools.Tips.UnitTest.ObjectModel, Version=11.0.0.0, Culture=neutral, PublicKeyToken=b03f5f7f11d50a3a" />
      </TestLinks>
    </TestList>
    <TestList name="ReadOnlyModeTests" id="f9b8ac1f-7978-4738-afc2-6918b063e5c3" parentListId="8c43106b-9dc1-4907-a29f-aa66a61bf5b6">
      <TestLinks>
        <TestLink id="c320789f-a801-c187-e7d8-0f17b24ff835" name="ReadOnlyModeRegisterNewUserTest" storage="d:\github.com\nugetgallery\functionaltests\nugetgallery.functionaltests\bin\nugetgallery.functionaltests.dll" type="Microsoft.VisualStudio.TestTools.WebStress.CodedWebTestElement, Microsoft.VisualStudio.QualityTools.LoadTest,   PublicKeyToken=b03f5f7f11d50a3a" />
        <TestLink id="04cd200b-33df-3564-ded5-686cdfe44f77" name="DownloadPackageWithNuGetCoreTest" storage="d:\github.com\nugetgallery\functionaltests\nugetgallery.functionaltests\bin\nugetgallery.functionaltests.dll" type="Microsoft.VisualStudio.TestTools.TestTypes.Unit.UnitTestElement, Microsoft.VisualStudio.QualityTools.Tips.UnitTest.ObjectModel, Version=11.0.0.0, Culture=neutral, PublicKeyToken=b03f5f7f11d50a3a" />
        <TestLink id="9ad6e2e2-a082-8088-00f6-e05079fd89a0" name="StatisticsPageTest" storage="d:\github.com\nugetgallery\functionaltests\nugetgallery.functionaltests\bin\nugetgallery.functionaltests.dll" type="Microsoft.VisualStudio.TestTools.WebStress.CodedWebTestElement, Microsoft.VisualStudio.QualityTools.LoadTest,   PublicKeyToken=b03f5f7f11d50a3a" />
        <TestLink id="f206f30d-af4b-ae66-9032-732bc03336c1" name="DownPackageWithNuGetCommandLineTest" storage="d:\github.com\nugetgallery\functionaltests\nugetgallery.functionaltests\bin\nugetgallery.functionaltests.dll" type="Microsoft.VisualStudio.TestTools.TestTypes.Unit.UnitTestElement, Microsoft.VisualStudio.QualityTools.Tips.UnitTest.ObjectModel, Version=11.0.0.0, Culture=neutral, PublicKeyToken=b03f5f7f11d50a3a" />
        <TestLink id="d527504e-456c-ed4a-8eba-7c20c18ba47d" name="HomePageValidationTest" storage="d:\github.com\nugetgallery\functionaltests\nugetgallery.functionaltests\bin\nugetgallery.functionaltests.dll" type="Microsoft.VisualStudio.TestTools.WebStress.CodedWebTestElement, Microsoft.VisualStudio.QualityTools.LoadTest,   PublicKeyToken=b03f5f7f11d50a3a" />
        <TestLink id="a1c602d9-292b-1042-380c-707cec091de9" name="LogonTest" storage="d:\github.com\nugetgallery\functionaltests\nugetgallery.functionaltests\bin\nugetgallery.functionaltests.dll" type="Microsoft.VisualStudio.TestTools.WebStress.CodedWebTestElement, Microsoft.VisualStudio.QualityTools.LoadTest,   PublicKeyToken=b03f5f7f11d50a3a" />
      </TestLinks>
    </TestList>
    <TestList name="AllHappyPathTests" id="b836686b-8922-4ce2-8bcc-bd368809954a" parentListId="8c43106b-9dc1-4907-a29f-aa66a61bf5b6">
      <TestLinks>
        <TestLink id="916d542f-9953-383f-a9cc-e87980667cf3" name="RestorePackageFromV2Feed" storage="d:\github.com\nugetgallery\functionaltests\nugetgallery.functionaltests\bin\nugetgallery.functionaltests.dll" type="Microsoft.VisualStudio.TestTools.TestTypes.Unit.UnitTestElement, Microsoft.VisualStudio.QualityTools.Tips.UnitTest.ObjectModel, Version=11.0.0.0, Culture=neutral, PublicKeyToken=b03f5f7f11d50a3a" />
        <TestLink id="04cd200b-33df-3564-ded5-686cdfe44f77" name="DownloadPackageWithNuGetCoreTest" storage="d:\github.com\nugetgallery\functionaltests\nugetgallery.functionaltests\bin\nugetgallery.functionaltests.dll" type="Microsoft.VisualStudio.TestTools.TestTypes.Unit.UnitTestElement, Microsoft.VisualStudio.QualityTools.Tips.UnitTest.ObjectModel, Version=11.0.0.0, Culture=neutral, PublicKeyToken=b03f5f7f11d50a3a" />
        <TestLink id="0449da0f-5881-ffca-f9d0-f7c0ad709071" name="UploadPackageWithoutLoginTest" storage="d:\github.com\nugetgallery\functionaltests\nugetgallery.functionaltests\bin\nugetgallery.functionaltests.dll" type="Microsoft.VisualStudio.TestTools.WebStress.CodedWebTestElement, Microsoft.VisualStudio.QualityTools.LoadTest,   PublicKeyToken=b03f5f7f11d50a3a" />
        <TestLink id="42a9bfc6-ed87-df50-c848-82aca2c8fd0d" name="ManagePackagesPageTest" storage="d:\github.com\nugetgallery\functionaltests\nugetgallery.functionaltests\bin\nugetgallery.functionaltests.dll" type="Microsoft.VisualStudio.TestTools.WebStress.CodedWebTestElement, Microsoft.VisualStudio.QualityTools.LoadTest,   PublicKeyToken=b03f5f7f11d50a3a" />
        <TestLink id="428c8a13-f822-cffc-6ae0-78452d15e1fb" name="RegisterNewUserTest" storage="d:\github.com\nugetgallery\functionaltests\nugetgallery.functionaltests\bin\nugetgallery.functionaltests.dll" type="Microsoft.VisualStudio.TestTools.WebStress.CodedWebTestElement, Microsoft.VisualStudio.QualityTools.LoadTest,   PublicKeyToken=b03f5f7f11d50a3a" />
        <TestLink id="a6f81ddd-4476-9109-b107-ff9673898e71" name="ContactOwnerTest" storage="d:\github.com\nugetgallery\functionaltests\nugetgallery.functionaltests\bin\nugetgallery.functionaltests.dll" type="Microsoft.VisualStudio.TestTools.WebStress.CodedWebTestElement, Microsoft.VisualStudio.QualityTools.LoadTest,   PublicKeyToken=b03f5f7f11d50a3a" />
        <TestLink id="f206f30d-af4b-ae66-9032-732bc03336c1" name="DownPackageWithNuGetCommandLineTest" storage="d:\github.com\nugetgallery\functionaltests\nugetgallery.functionaltests\bin\nugetgallery.functionaltests.dll" type="Microsoft.VisualStudio.TestTools.TestTypes.Unit.UnitTestElement, Microsoft.VisualStudio.QualityTools.Tips.UnitTest.ObjectModel, Version=11.0.0.0, Culture=neutral, PublicKeyToken=b03f5f7f11d50a3a" />
        <TestLink id="d527504e-456c-ed4a-8eba-7c20c18ba47d" name="HomePageValidationTest" storage="d:\github.com\nugetgallery\functionaltests\nugetgallery.functionaltests\bin\nugetgallery.functionaltests.dll" type="Microsoft.VisualStudio.TestTools.WebStress.CodedWebTestElement, Microsoft.VisualStudio.QualityTools.LoadTest,   PublicKeyToken=b03f5f7f11d50a3a" />
        <TestLink id="9387a1a2-3523-2e44-8030-533d344923cf" name="DeletePackageTest" storage="d:\github.com\nugetgallery\functionaltests\nugetgallery.functionaltests\bin\nugetgallery.functionaltests.dll" type="Microsoft.VisualStudio.TestTools.WebStress.CodedWebTestElement, Microsoft.VisualStudio.QualityTools.LoadTest,   PublicKeyToken=b03f5f7f11d50a3a" />
        <TestLink id="80baf145-2a87-1c50-450f-57e4de9d3b4f" name="UploadPackageFromUI" storage="d:\github.com\nugetgallery\functionaltests\nugetgallery.functionaltests\bin\nugetgallery.functionaltests.dll" type="Microsoft.VisualStudio.TestTools.WebStress.CodedWebTestElement, Microsoft.VisualStudio.QualityTools.LoadTest,   PublicKeyToken=b03f5f7f11d50a3a" />
        <TestLink id="5ceca307-8fd2-e863-65bb-d8151e5dafba" name="PackagesPageTest" storage="d:\github.com\nugetgallery\functionaltests\nugetgallery.functionaltests\bin\nugetgallery.functionaltests.dll" type="Microsoft.VisualStudio.TestTools.WebStress.CodedWebTestElement, Microsoft.VisualStudio.QualityTools.LoadTest,   PublicKeyToken=b03f5f7f11d50a3a" />
        <TestLink id="02d43bf4-c2fb-43fb-6999-a16887a86fa6" name="GetUpdatesTest" storage="d:\github.com\nugetgallery\functionaltests\nugetgallery.functionaltests\bin\nugetgallery.functionaltests.dll" type="Microsoft.VisualStudio.TestTools.TestTypes.Unit.UnitTestElement, Microsoft.VisualStudio.QualityTools.Tips.UnitTest.ObjectModel, Version=11.0.0.0, Culture=neutral, PublicKeyToken=b03f5f7f11d50a3a" />
        <TestLink id="5d62a4b0-dcba-4028-434b-2b747b4c411f" name="UploadMultipleVersionOfPackage" storage="d:\github.com\nugetgallery\functionaltests\nugetgallery.functionaltests\bin\nugetgallery.functionaltests.dll" type="Microsoft.VisualStudio.TestTools.TestTypes.Unit.UnitTestElement, Microsoft.VisualStudio.QualityTools.Tips.UnitTest.ObjectModel, Version=11.0.0.0, Culture=neutral, PublicKeyToken=b03f5f7f11d50a3a" />
        <TestLink id="baeffb56-e5a3-71a3-dcf4-ca714ba14856" name="UploadPackageWithNuGetCommandLineTest" storage="d:\github.com\nugetgallery\functionaltests\nugetgallery.functionaltests\bin\nugetgallery.functionaltests.dll" type="Microsoft.VisualStudio.TestTools.TestTypes.Unit.UnitTestElement, Microsoft.VisualStudio.QualityTools.Tips.UnitTest.ObjectModel, Version=11.0.0.0, Culture=neutral, PublicKeyToken=b03f5f7f11d50a3a" />
        <TestLink id="cc44bdbd-ce3e-69f6-f020-1fcb65293738" name="DownloadPackageFromV2Feed" storage="d:\github.com\nugetgallery\functionaltests\nugetgallery.functionaltests\bin\nugetgallery.functionaltests.dll" type="Microsoft.VisualStudio.TestTools.TestTypes.Unit.UnitTestElement, Microsoft.VisualStudio.QualityTools.Tips.UnitTest.ObjectModel, Version=11.0.0.0, Culture=neutral, PublicKeyToken=b03f5f7f11d50a3a" />
        <TestLink id="2a6c6363-3869-0c15-2d51-409738bef970" name="FindPackagesByIdTest" storage="d:\github.com\nugetgallery\functionaltests\nugetgallery.functionaltests\bin\nugetgallery.functionaltests.dll" type="Microsoft.VisualStudio.TestTools.TestTypes.Unit.UnitTestElement, Microsoft.VisualStudio.QualityTools.Tips.UnitTest.ObjectModel, Version=11.0.0.0, Culture=neutral, PublicKeyToken=b03f5f7f11d50a3a" />
        <TestLink id="a1c602d9-292b-1042-380c-707cec091de9" name="LogonTest" storage="d:\github.com\nugetgallery\functionaltests\nugetgallery.functionaltests\bin\nugetgallery.functionaltests.dll" type="Microsoft.VisualStudio.TestTools.WebStress.CodedWebTestElement, Microsoft.VisualStudio.QualityTools.LoadTest,   PublicKeyToken=b03f5f7f11d50a3a" />
      </TestLinks>
    </TestList>
    <TestList name="All Loaded Results" id="19431567-8539-422a-85d7-44ee4e166bda" />
    <TestList name="Lists of Results" id="8c43106b-9dc1-4907-a29f-aa66a61bf5b6" />
  </TestLists>
  <TestEntries>
    <TestEntry testId="916d542f-9953-383f-a9cc-e87980667cf3" executionId="f6551e17-d8a0-4344-ac87-8927c3764db9" testListId="01372d05-1ac1-4f00-ac37-5ca977686e4e" />
    <TestEntry isTransparent="false" testId="a1c602d9-292b-1042-380c-707cec091de9" executionId="8786bb53-d868-42ed-84f0-5b1fcd774b2d" testListId="01372d05-1ac1-4f00-ac37-5ca977686e4e" />
    <TestEntry isTransparent="false" testId="80baf145-2a87-1c50-450f-57e4de9d3b4f" executionId="bc62d523-d401-45aa-8fc5-d587ee44fad8" testListId="01372d05-1ac1-4f00-ac37-5ca977686e4e" />
    <TestEntry testId="cc44bdbd-ce3e-69f6-f020-1fcb65293738" executionId="86af1d83-1902-452f-9c06-8193e55ae8b3" testListId="01372d05-1ac1-4f00-ac37-5ca977686e4e" />
    <TestEntry isTransparent="false" testId="d527504e-456c-ed4a-8eba-7c20c18ba47d" executionId="b1ca0209-d1eb-404d-8ce1-695a385f64b4" testListId="01372d05-1ac1-4f00-ac37-5ca977686e4e" />
    <TestEntry isTransparent="false" testId="5ceca307-8fd2-e863-65bb-d8151e5dafba" executionId="638bccd5-fc9a-478d-a681-ab07d3d2ba51" testListId="b836686b-8922-4ce2-8bcc-bd368809954a" />
    <TestEntry isTransparent="false" testId="80baf145-2a87-1c50-450f-57e4de9d3b4f" executionId="e9916752-086f-4340-91c9-502b667c78ee" testListId="b836686b-8922-4ce2-8bcc-bd368809954a" />
    <TestEntry isTransparent="false" testId="42a9bfc6-ed87-df50-c848-82aca2c8fd0d" executionId="1ab1977b-b21c-481b-b5e6-90baf16019bd" testListId="b836686b-8922-4ce2-8bcc-bd368809954a" />
    <TestEntry isTransparent="false" testId="a1c602d9-292b-1042-380c-707cec091de9" executionId="ed1d12f1-098a-4ffa-918f-e9a96b37da5a" testListId="b836686b-8922-4ce2-8bcc-bd368809954a" />
    <TestEntry testId="2a6c6363-3869-0c15-2d51-409738bef970" executionId="54f2cb59-351f-4d88-9c0b-b3955cf5e8ed" testListId="b836686b-8922-4ce2-8bcc-bd368809954a" />
    <TestEntry isTransparent="false" testId="a6f81ddd-4476-9109-b107-ff9673898e71" executionId="c5ad4e94-d0a9-417e-959d-bda013d7b740" testListId="b836686b-8922-4ce2-8bcc-bd368809954a" />
    <TestEntry testId="cc44bdbd-ce3e-69f6-f020-1fcb65293738" executionId="78d1dc42-78dc-45c9-8f1f-de71c7faa57c" testListId="b836686b-8922-4ce2-8bcc-bd368809954a" />
    <TestEntry testId="916d542f-9953-383f-a9cc-e87980667cf3" executionId="e6bc5244-ea01-4bb8-8dca-2efb135dc73a" testListId="b836686b-8922-4ce2-8bcc-bd368809954a" />
    <TestEntry isTransparent="false" testId="d527504e-456c-ed4a-8eba-7c20c18ba47d" executionId="5f734868-686b-43f3-a1dc-509d2f4d76ee" testListId="b836686b-8922-4ce2-8bcc-bd368809954a" />
    <TestEntry testId="baeffb56-e5a3-71a3-dcf4-ca714ba14856" executionId="6ec48ee6-7951-438d-92d5-f8b6ba5cda29" testListId="b836686b-8922-4ce2-8bcc-bd368809954a" />
    <TestEntry testId="02d43bf4-c2fb-43fb-6999-a16887a86fa6" executionId="88924e2d-4744-471a-9021-91cc4191f6f3" testListId="b836686b-8922-4ce2-8bcc-bd368809954a" />
    <TestEntry testId="f206f30d-af4b-ae66-9032-732bc03336c1" executionId="721898b3-c04a-4db8-ab91-42dde5b6ac19" testListId="b836686b-8922-4ce2-8bcc-bd368809954a" />
    <TestEntry isTransparent="false" testId="0449da0f-5881-ffca-f9d0-f7c0ad709071" executionId="7466067e-e6dc-4edd-9080-955a7a97d47f" testListId="b836686b-8922-4ce2-8bcc-bd368809954a" />
    <TestEntry isTransparent="false" testId="428c8a13-f822-cffc-6ae0-78452d15e1fb" executionId="196c392f-89f0-4d19-8cfa-ecff0991638f" testListId="b836686b-8922-4ce2-8bcc-bd368809954a" />
    <TestEntry testId="5d62a4b0-dcba-4028-434b-2b747b4c411f" executionId="01981571-e24f-49e2-a9c0-a5d7c13f874f" testListId="b836686b-8922-4ce2-8bcc-bd368809954a" />
    <TestEntry isTransparent="false" testId="9387a1a2-3523-2e44-8030-533d344923cf" executionId="d4e39882-0a81-4d3c-901a-68b89b7567d8" testListId="b836686b-8922-4ce2-8bcc-bd368809954a" />
    <TestEntry testId="04cd200b-33df-3564-ded5-686cdfe44f77" executionId="5beff461-7c2d-4219-9a70-f96c95cae47c" testListId="b836686b-8922-4ce2-8bcc-bd368809954a" />
    <TestEntry isTransparent="false" testId="9ad6e2e2-a082-8088-00f6-e05079fd89a0" executionId="dac870d8-0860-4e70-affd-4055974ccab0" testListId="f9b8ac1f-7978-4738-afc2-6918b063e5c3" />
    <TestEntry isTransparent="false" testId="a1c602d9-292b-1042-380c-707cec091de9" executionId="81f7da86-9395-45b3-ab9e-ae041ea691b7" testListId="f9b8ac1f-7978-4738-afc2-6918b063e5c3" />
    <TestEntry testId="f206f30d-af4b-ae66-9032-732bc03336c1" executionId="3e80515f-0d40-406d-b478-3e1355629123" testListId="f9b8ac1f-7978-4738-afc2-6918b063e5c3" />
    <TestEntry isTransparent="false" testId="c320789f-a801-c187-e7d8-0f17b24ff835" executionId="fb9c737f-7d09-4668-bd28-b69c0447f1e4" testListId="f9b8ac1f-7978-4738-afc2-6918b063e5c3" />
    <TestEntry testId="04cd200b-33df-3564-ded5-686cdfe44f77" executionId="c92b0817-b44c-4ffb-a3eb-8a191a9d79c4" testListId="f9b8ac1f-7978-4738-afc2-6918b063e5c3" />
    <TestEntry isTransparent="false" testId="d527504e-456c-ed4a-8eba-7c20c18ba47d" executionId="9be903cb-9f34-4362-90bf-81b4b075dab1" testListId="f9b8ac1f-7978-4738-afc2-6918b063e5c3" />
    <TestEntry testId="38905457-2302-9ddf-ad04-3107d5b18355" executionId="580a0085-ab63-4391-b65f-532ff4baa113" testListId="8c84fa94-04c1-424b-9868-57a2d4851a1d" />
    <TestEntry testId="aedace0f-10de-70d5-5e45-b7227987df86" executionId="4ad41dfd-2629-4a58-a145-b7f3df7e265d" testListId="8c84fa94-04c1-424b-9868-57a2d4851a1d" />
    <TestEntry testId="2653a81d-b439-f73a-c036-efc0ec29de69" executionId="97f28c7a-ea43-4bba-996f-d4a10755854a" testListId="8c84fa94-04c1-424b-9868-57a2d4851a1d" />
    <TestEntry isTransparent="false" testId="5d66c021-336a-34c0-9414-19ea84bd29bc" executionId="39a53cf4-cf95-4f79-ba0f-120ebba53889" testListId="8c84fa94-04c1-424b-9868-57a2d4851a1d" />
    <TestEntry isTransparent="false" testId="d53feaf3-be7c-3e85-2afa-d33fc0e450a3" executionId="19a65985-a892-4391-8477-66460c1eddf0" testListId="8c84fa94-04c1-424b-9868-57a2d4851a1d" />
    <TestEntry isTransparent="false" testId="e95ef3f5-4ae2-36dc-5d98-7ace7daaf2ea" executionId="8d4516be-a869-4c94-8c66-d73f9685e924" testListId="8c84fa94-04c1-424b-9868-57a2d4851a1d" />
    <TestEntry isTransparent="false" testId="336cce10-fc9c-411f-b491-c5f9f404e7b7" executionId="278d1125-0a3e-44a9-8e62-bba953692f62" testListId="8c84fa94-04c1-424b-9868-57a2d4851a1d" />
    <TestEntry isTransparent="false" testId="340e6bba-7e3d-842d-7ee1-669ddc667c0c" executionId="e32cff5f-2ec6-444c-bb1b-bae67487ebc4" testListId="8c84fa94-04c1-424b-9868-57a2d4851a1d" />
    <TestEntry isTransparent="false" testId="6c390634-83d7-955a-87c4-b41e59b8d7ae" executionId="9acb2f6a-45a3-454d-916b-0bc1fa540c08" testListId="8c84fa94-04c1-424b-9868-57a2d4851a1d" />
  </TestEntries>
  <Results>
    <UnitTestResult executionId="f6551e17-d8a0-4344-ac87-8927c3764db9" testId="916d542f-9953-383f-a9cc-e87980667cf3" testName="RestorePackageFromV2Feed" computerName="CLAYCO7" duration="00:00:01.8560836" startTime="2013-04-17T12:31:48.8097333-07:00" endTime="2013-04-17T12:31:51.9412318-07:00" testType="13cdc9d9-ddb5-4fa4-a97d-d965ccfc6d4b" outcome="Passed" testListId="01372d05-1ac1-4f00-ac37-5ca977686e4e" relativeResultsDirectory="f6551e17-d8a0-4344-ac87-8927c3764db9">
    </UnitTestResult>
    <WebTestResult executionId="8786bb53-d868-42ed-84f0-5b1fcd774b2d" testId="a1c602d9-292b-1042-380c-707cec091de9" testName="LogonTest" computerName="CLAYCO7" duration="00:00:03.4359788" startTime="2013-04-17T12:31:51.9724826-07:00" endTime="2013-04-17T12:32:05.9533803-07:00" testType="37e36796-fb51-4610-8d5c-e00ceaa68b9f" outcome="Failed" testListId="01372d05-1ac1-4f00-ac37-5ca977686e4e" relativeResultsDirectory="8786bb53-d868-42ed-84f0-5b1fcd774b2d">
      <Output>
        <ErrorInfo>
          <Message>1 primary requests, 0 dependant requests and 0 conditional rules failed</Message>
        </ErrorInfo>
      </Output>
      <ResultFiles>
        <ResultFile path="LogonTest.webtestResult" />
      </ResultFiles>
      <TestSettings name="Local" id="62f583f0-2eca-4773-bed0-474a13faad76">
        <Description>These are default test settings for a local test run.</Description>
        <Deployment userDeploymentRoot="." useDefaultDeploymentRoot="false" runDeploymentRoot="TestResults[38]">
          <DeploymentItem filename=".nuget\NuGet.Config" />
          <DeploymentItem filename=".nuget\NuGet.exe" />
          <DeploymentItem filename=".nuget\NuGet.targets" />
        </Deployment>
        <NamingScheme baseName="TestResults" appendTimeStamp="false" useDefault="false" />
        <Execution>
          <TestTypeSpecific>
            <UnitTestRunConfig testTypeId="13cdc9d9-ddb5-4fa4-a97d-d965ccfc6d4b">
              <AssemblyResolution>
                <TestDirectory useLoadContext="true" />
              </AssemblyResolution>
            </UnitTestRunConfig>
            <WebTestRunConfiguration testTypeId="4e7599fa-5ecb-43e9-a887-cd63cf72d207">
              <Browser name="Internet Explorer 9.0" MaxConnections="6">
                <Headers>
                  <Header name="User-Agent" value="Mozilla/5.0 (compatible; MSIE 9.0; Windows NT 6.1; Trident/5.0)" />
                  <Header name="Accept" value="*/*" />
                  <Header name="Accept-Language" value="{{$IEAcceptLanguage}}" />
                  <Header name="Accept-Encoding" value="GZIP" />
                </Headers>
              </Browser>
            </WebTestRunConfiguration>
          </TestTypeSpecific>
          <AgentRule name="LocalMachineDefaultRole">
          </AgentRule>
        </Execution>
      </TestSettings>
      <WebTestResultFilePath>TestResults[38]\In\8786bb53-d868-42ed-84f0-5b1fcd774b2d\LogonTest.webtestResult</WebTestResultFilePath>
    </WebTestResult>
    <WebTestResult executionId="bc62d523-d401-45aa-8fc5-d587ee44fad8" testId="80baf145-2a87-1c50-450f-57e4de9d3b4f" testName="UploadPackageFromUI" computerName="CLAYCO7" duration="00:00:02.4336222" startTime="2013-04-17T12:32:05.9553816-07:00" endTime="2013-04-17T12:32:08.3933446-07:00" testType="37e36796-fb51-4610-8d5c-e00ceaa68b9f" testListId="01372d05-1ac1-4f00-ac37-5ca977686e4e" relativeResultsDirectory="bc62d523-d401-45aa-8fc5-d587ee44fad8">
      <Output>
        <ErrorInfo>
          <Message>Exception occurred: There is no context parameter with the name '$HIDDEN1.Listed' in the WebTestContext</Message>
          <StackTrace>   at Microsoft.VisualStudio.TestTools.WebTesting.WebTestContext.get_Item(String key)
   at NuGetGallery.FunctionalTests.AssertAndValidationHelper.GetVerifyPackagePostRequestForPackage(WebTest test, String packageId, String packageVersion) in d:\github.com\NuGetGallery\FunctionalTests\NuGetGallery.FunctionalTests\WebUITests\AssertAndValidationHelper.cs:line 145
   at NuGetGallery.FunctionalTests.UploadPackageFromUI.&lt;GetRequestEnumerator&gt;d__0.MoveNext() in d:\github.com\NuGetGallery\FunctionalTests\NuGetGallery.FunctionalTests\WebUITests\UploadAndDownload\UploadPackageFromUI.cs:line 53
   at Microsoft.VisualStudio.TestTools.WebStress.WebTestCaseVariation.ExecuteNextTopLevelRequest()</StackTrace>
        </ErrorInfo>
      </Output>
      <ResultFiles>
        <ResultFile path="UploadPackageFromUI.webtestResult" />
      </ResultFiles>
      <TestSettings name="Local" id="62f583f0-2eca-4773-bed0-474a13faad76">
        <Description>These are default test settings for a local test run.</Description>
        <Deployment userDeploymentRoot="." useDefaultDeploymentRoot="false" runDeploymentRoot="TestResults[38]">
          <DeploymentItem filename=".nuget\NuGet.Config" />
          <DeploymentItem filename=".nuget\NuGet.exe" />
          <DeploymentItem filename=".nuget\NuGet.targets" />
        </Deployment>
        <NamingScheme baseName="TestResults" appendTimeStamp="false" useDefault="false" />
        <Execution>
          <TestTypeSpecific>
            <UnitTestRunConfig testTypeId="13cdc9d9-ddb5-4fa4-a97d-d965ccfc6d4b">
              <AssemblyResolution>
                <TestDirectory useLoadContext="true" />
              </AssemblyResolution>
            </UnitTestRunConfig>
            <WebTestRunConfiguration testTypeId="4e7599fa-5ecb-43e9-a887-cd63cf72d207">
              <Browser name="Internet Explorer 9.0" MaxConnections="6">
                <Headers>
                  <Header name="User-Agent" value="Mozilla/5.0 (compatible; MSIE 9.0; Windows NT 6.1; Trident/5.0)" />
                  <Header name="Accept" value="*/*" />
                  <Header name="Accept-Language" value="en-US,en;q=0.8,zh-Hans-CN;q=0.5,zh-Hans;q=0.3" />
                  <Header name="Accept-Encoding" value="GZIP" />
                </Headers>
              </Browser>
            </WebTestRunConfiguration>
          </TestTypeSpecific>
          <AgentRule name="LocalMachineDefaultRole">
          </AgentRule>
        </Execution>
      </TestSettings>
      <WebTestResultFilePath>TestResults[38]\In\bc62d523-d401-45aa-8fc5-d587ee44fad8\UploadPackageFromUI.webtestResult</WebTestResultFilePath>
    </WebTestResult>
    <UnitTestResult executionId="86af1d83-1902-452f-9c06-8193e55ae8b3" testId="cc44bdbd-ce3e-69f6-f020-1fcb65293738" testName="DownloadPackageFromV2Feed" computerName="CLAYCO7" duration="00:00:00.1857346" startTime="2013-04-17T12:32:08.3943460-07:00" endTime="2013-04-17T12:32:08.5814972-07:00" testType="13cdc9d9-ddb5-4fa4-a97d-d965ccfc6d4b" outcome="Passed" testListId="01372d05-1ac1-4f00-ac37-5ca977686e4e" relativeResultsDirectory="86af1d83-1902-452f-9c06-8193e55ae8b3">
    </UnitTestResult>
    <WebTestResult executionId="b1ca0209-d1eb-404d-8ce1-695a385f64b4" testId="d527504e-456c-ed4a-8eba-7c20c18ba47d" testName="HomePageValidationTest" computerName="CLAYCO7" duration="00:00:00.4146211" startTime="2013-04-17T12:32:08.5854982-07:00" endTime="2013-04-17T12:32:09.0023279-07:00" testType="37e36796-fb51-4610-8d5c-e00ceaa68b9f" outcome="Passed" testListId="01372d05-1ac1-4f00-ac37-5ca977686e4e" relativeResultsDirectory="b1ca0209-d1eb-404d-8ce1-695a385f64b4">
      <ResultFiles>
        <ResultFile path="HomePageValidationTest.webtestResult" />
      </ResultFiles>
      <TestSettings name="Local" id="62f583f0-2eca-4773-bed0-474a13faad76">
        <Description>These are default test settings for a local test run.</Description>
        <Deployment userDeploymentRoot="." useDefaultDeploymentRoot="false" runDeploymentRoot="TestResults[38]">
          <DeploymentItem filename=".nuget\NuGet.Config" />
          <DeploymentItem filename=".nuget\NuGet.exe" />
          <DeploymentItem filename=".nuget\NuGet.targets" />
        </Deployment>
        <NamingScheme baseName="TestResults" appendTimeStamp="false" useDefault="false" />
        <Execution>
          <TestTypeSpecific>
            <UnitTestRunConfig testTypeId="13cdc9d9-ddb5-4fa4-a97d-d965ccfc6d4b">
              <AssemblyResolution>
                <TestDirectory useLoadContext="true" />
              </AssemblyResolution>
            </UnitTestRunConfig>
            <WebTestRunConfiguration testTypeId="4e7599fa-5ecb-43e9-a887-cd63cf72d207">
              <Browser name="Internet Explorer 9.0" MaxConnections="6">
                <Headers>
                  <Header name="User-Agent" value="Mozilla/5.0 (compatible; MSIE 9.0; Windows NT 6.1; Trident/5.0)" />
                  <Header name="Accept" value="*/*" />
                  <Header name="Accept-Language" value="en-US,en;q=0.8,zh-Hans-CN;q=0.5,zh-Hans;q=0.3" />
                  <Header name="Accept-Encoding" value="GZIP" />
                </Headers>
              </Browser>
            </WebTestRunConfiguration>
          </TestTypeSpecific>
          <AgentRule name="LocalMachineDefaultRole">
          </AgentRule>
        </Execution>
      </TestSettings>
      <WebTestResultFilePath>TestResults[38]\In\b1ca0209-d1eb-404d-8ce1-695a385f64b4\HomePageValidationTest.webtestResult</WebTestResultFilePath>
    </WebTestResult>
    <WebTestResult executionId="638bccd5-fc9a-478d-a681-ab07d3d2ba51" testId="5ceca307-8fd2-e863-65bb-d8151e5dafba" testName="PackagesPageTest" computerName="CLAYCO7" duration="00:00:02.7823099" startTime="2013-04-17T12:32:09.0043310-07:00" endTime="2013-04-17T12:32:11.7830061-07:00" testType="37e36796-fb51-4610-8d5c-e00ceaa68b9f" outcome="Passed" testListId="b836686b-8922-4ce2-8bcc-bd368809954a" relativeResultsDirectory="638bccd5-fc9a-478d-a681-ab07d3d2ba51">
      <ResultFiles>
        <ResultFile path="PackagesPageTest.webtestResult" />
      </ResultFiles>
      <TestSettings name="Local" id="62f583f0-2eca-4773-bed0-474a13faad76">
        <Description>These are default test settings for a local test run.</Description>
        <Deployment userDeploymentRoot="." useDefaultDeploymentRoot="false" runDeploymentRoot="TestResults[38]">
          <DeploymentItem filename=".nuget\NuGet.Config" />
          <DeploymentItem filename=".nuget\NuGet.exe" />
          <DeploymentItem filename=".nuget\NuGet.targets" />
        </Deployment>
        <NamingScheme baseName="TestResults" appendTimeStamp="false" useDefault="false" />
        <Execution>
          <TestTypeSpecific>
            <UnitTestRunConfig testTypeId="13cdc9d9-ddb5-4fa4-a97d-d965ccfc6d4b">
              <AssemblyResolution>
                <TestDirectory useLoadContext="true" />
              </AssemblyResolution>
            </UnitTestRunConfig>
            <WebTestRunConfiguration testTypeId="4e7599fa-5ecb-43e9-a887-cd63cf72d207">
              <Browser name="Internet Explorer 9.0" MaxConnections="6">
                <Headers>
                  <Header name="User-Agent" value="Mozilla/5.0 (compatible; MSIE 9.0; Windows NT 6.1; Trident/5.0)" />
                  <Header name="Accept" value="*/*" />
                  <Header name="Accept-Language" value="en-US,en;q=0.8,zh-Hans-CN;q=0.5,zh-Hans;q=0.3" />
                  <Header name="Accept-Encoding" value="GZIP" />
                </Headers>
              </Browser>
            </WebTestRunConfiguration>
          </TestTypeSpecific>
          <AgentRule name="LocalMachineDefaultRole">
          </AgentRule>
        </Execution>
      </TestSettings>
      <WebTestResultFilePath>TestResults[38]\In\638bccd5-fc9a-478d-a681-ab07d3d2ba51\PackagesPageTest.webtestResult</WebTestResultFilePath>
    </WebTestResult>
    <WebTestResult executionId="e9916752-086f-4340-91c9-502b667c78ee" testId="80baf145-2a87-1c50-450f-57e4de9d3b4f" testName="UploadPackageFromUI" computerName="CLAYCO7" duration="00:00:02.3633311" startTime="2013-04-17T12:32:11.7830061-07:00" endTime="2013-04-17T12:32:14.1579472-07:00" testType="37e36796-fb51-4610-8d5c-e00ceaa68b9f" testListId="b836686b-8922-4ce2-8bcc-bd368809954a" relativeResultsDirectory="e9916752-086f-4340-91c9-502b667c78ee">
      <Output>
        <ErrorInfo>
          <Message>Exception occurred: There is no context parameter with the name '$HIDDEN1.Listed' in the WebTestContext</Message>
          <StackTrace>   at Microsoft.VisualStudio.TestTools.WebTesting.WebTestContext.get_Item(String key)
   at NuGetGallery.FunctionalTests.AssertAndValidationHelper.GetVerifyPackagePostRequestForPackage(WebTest test, String packageId, String packageVersion) in d:\github.com\NuGetGallery\FunctionalTests\NuGetGallery.FunctionalTests\WebUITests\AssertAndValidationHelper.cs:line 145
   at NuGetGallery.FunctionalTests.UploadPackageFromUI.&lt;GetRequestEnumerator&gt;d__0.MoveNext() in d:\github.com\NuGetGallery\FunctionalTests\NuGetGallery.FunctionalTests\WebUITests\UploadAndDownload\UploadPackageFromUI.cs:line 53
   at Microsoft.VisualStudio.TestTools.WebStress.WebTestCaseVariation.ExecuteNextTopLevelRequest()</StackTrace>
        </ErrorInfo>
      </Output>
      <ResultFiles>
        <ResultFile path="UploadPackageFromUI.webtestResult" />
      </ResultFiles>
      <TestSettings name="Local" id="62f583f0-2eca-4773-bed0-474a13faad76">
        <Description>These are default test settings for a local test run.</Description>
        <Deployment userDeploymentRoot="." useDefaultDeploymentRoot="false" runDeploymentRoot="TestResults[38]">
          <DeploymentItem filename=".nuget\NuGet.Config" />
          <DeploymentItem filename=".nuget\NuGet.exe" />
          <DeploymentItem filename=".nuget\NuGet.targets" />
        </Deployment>
        <NamingScheme baseName="TestResults" appendTimeStamp="false" useDefault="false" />
        <Execution>
          <TestTypeSpecific>
            <UnitTestRunConfig testTypeId="13cdc9d9-ddb5-4fa4-a97d-d965ccfc6d4b">
              <AssemblyResolution>
                <TestDirectory useLoadContext="true" />
              </AssemblyResolution>
            </UnitTestRunConfig>
            <WebTestRunConfiguration testTypeId="4e7599fa-5ecb-43e9-a887-cd63cf72d207">
              <Browser name="Internet Explorer 9.0" MaxConnections="6">
                <Headers>
                  <Header name="User-Agent" value="Mozilla/5.0 (compatible; MSIE 9.0; Windows NT 6.1; Trident/5.0)" />
                  <Header name="Accept" value="*/*" />
                  <Header name="Accept-Language" value="en-US,en;q=0.8,zh-Hans-CN;q=0.5,zh-Hans;q=0.3" />
                  <Header name="Accept-Encoding" value="GZIP" />
                </Headers>
              </Browser>
            </WebTestRunConfiguration>
          </TestTypeSpecific>
          <AgentRule name="LocalMachineDefaultRole">
          </AgentRule>
        </Execution>
      </TestSettings>
      <WebTestResultFilePath>TestResults[38]\In\e9916752-086f-4340-91c9-502b667c78ee\UploadPackageFromUI.webtestResult</WebTestResultFilePath>
    </WebTestResult>
    <WebTestResult executionId="1ab1977b-b21c-481b-b5e6-90baf16019bd" testId="42a9bfc6-ed87-df50-c848-82aca2c8fd0d" testName="ManagePackagesPageTest" computerName="CLAYCO7" duration="00:00:06.5255962" startTime="2013-04-17T12:32:14.1599485-07:00" endTime="2013-04-17T12:32:20.6884765-07:00" testType="37e36796-fb51-4610-8d5c-e00ceaa68b9f" outcome="Failed" testListId="b836686b-8922-4ce2-8bcc-bd368809954a" relativeResultsDirectory="1ab1977b-b21c-481b-b5e6-90baf16019bd">
      <Output>
        <ErrorInfo>
          <Message>2 primary requests, 0 dependant requests and 0 conditional rules failed</Message>
        </ErrorInfo>
      </Output>
      <ResultFiles>
        <ResultFile path="ManagePackagesPageTest.webtestResult" />
      </ResultFiles>
      <TestSettings name="Local" id="62f583f0-2eca-4773-bed0-474a13faad76">
        <Description>These are default test settings for a local test run.</Description>
        <Deployment userDeploymentRoot="." useDefaultDeploymentRoot="false" runDeploymentRoot="TestResults[38]">
          <DeploymentItem filename=".nuget\NuGet.Config" />
          <DeploymentItem filename=".nuget\NuGet.exe" />
          <DeploymentItem filename=".nuget\NuGet.targets" />
        </Deployment>
        <NamingScheme baseName="TestResults" appendTimeStamp="false" useDefault="false" />
        <Execution>
          <TestTypeSpecific>
            <UnitTestRunConfig testTypeId="13cdc9d9-ddb5-4fa4-a97d-d965ccfc6d4b">
              <AssemblyResolution>
                <TestDirectory useLoadContext="true" />
              </AssemblyResolution>
            </UnitTestRunConfig>
            <WebTestRunConfiguration testTypeId="4e7599fa-5ecb-43e9-a887-cd63cf72d207">
              <Browser name="Internet Explorer 9.0" MaxConnections="6">
                <Headers>
                  <Header name="User-Agent" value="Mozilla/5.0 (compatible; MSIE 9.0; Windows NT 6.1; Trident/5.0)" />
                  <Header name="Accept" value="*/*" />
                  <Header name="Accept-Language" value="en-US,en;q=0.8,zh-Hans-CN;q=0.5,zh-Hans;q=0.3" />
                  <Header name="Accept-Encoding" value="GZIP" />
                </Headers>
              </Browser>
            </WebTestRunConfiguration>
          </TestTypeSpecific>
          <AgentRule name="LocalMachineDefaultRole">
          </AgentRule>
        </Execution>
      </TestSettings>
      <WebTestResultFilePath>TestResults[38]\In\1ab1977b-b21c-481b-b5e6-90baf16019bd\ManagePackagesPageTest.webtestResult</WebTestResultFilePath>
    </WebTestResult>
    <WebTestResult executionId="ed1d12f1-098a-4ffa-918f-e9a96b37da5a" testId="a1c602d9-292b-1042-380c-707cec091de9" testName="LogonTest" computerName="CLAYCO7" duration="00:00:02.0264654" startTime="2013-04-17T12:32:20.6894776-07:00" endTime="2013-04-17T12:32:22.7191975-07:00" testType="37e36796-fb51-4610-8d5c-e00ceaa68b9f" outcome="Failed" testListId="b836686b-8922-4ce2-8bcc-bd368809954a" relativeResultsDirectory="ed1d12f1-098a-4ffa-918f-e9a96b37da5a">
      <Output>
        <ErrorInfo>
          <Message>1 primary requests, 0 dependant requests and 0 conditional rules failed</Message>
        </ErrorInfo>
      </Output>
      <ResultFiles>
        <ResultFile path="LogonTest.webtestResult" />
      </ResultFiles>
      <TestSettings name="Local" id="62f583f0-2eca-4773-bed0-474a13faad76">
        <Description>These are default test settings for a local test run.</Description>
        <Deployment userDeploymentRoot="." useDefaultDeploymentRoot="false" runDeploymentRoot="TestResults[38]">
          <DeploymentItem filename=".nuget\NuGet.Config" />
          <DeploymentItem filename=".nuget\NuGet.exe" />
          <DeploymentItem filename=".nuget\NuGet.targets" />
        </Deployment>
        <NamingScheme baseName="TestResults" appendTimeStamp="false" useDefault="false" />
        <Execution>
          <TestTypeSpecific>
            <UnitTestRunConfig testTypeId="13cdc9d9-ddb5-4fa4-a97d-d965ccfc6d4b">
              <AssemblyResolution>
                <TestDirectory useLoadContext="true" />
              </AssemblyResolution>
            </UnitTestRunConfig>
            <WebTestRunConfiguration testTypeId="4e7599fa-5ecb-43e9-a887-cd63cf72d207">
              <Browser name="Internet Explorer 9.0" MaxConnections="6">
                <Headers>
                  <Header name="User-Agent" value="Mozilla/5.0 (compatible; MSIE 9.0; Windows NT 6.1; Trident/5.0)" />
                  <Header name="Accept" value="*/*" />
                  <Header name="Accept-Language" value="en-US,en;q=0.8,zh-Hans-CN;q=0.5,zh-Hans;q=0.3" />
                  <Header name="Accept-Encoding" value="GZIP" />
                </Headers>
              </Browser>
            </WebTestRunConfiguration>
          </TestTypeSpecific>
          <AgentRule name="LocalMachineDefaultRole">
          </AgentRule>
        </Execution>
      </TestSettings>
      <WebTestResultFilePath>TestResults[38]\In\ed1d12f1-098a-4ffa-918f-e9a96b37da5a\LogonTest.webtestResult</WebTestResultFilePath>
    </WebTestResult>
    <UnitTestResult executionId="54f2cb59-351f-4d88-9c0b-b3955cf5e8ed" testId="2a6c6363-3869-0c15-2d51-409738bef970" testName="FindPackagesByIdTest" computerName="CLAYCO7" duration="00:00:03.5469744" startTime="2013-04-17T12:32:22.7211988-07:00" endTime="2013-04-17T12:32:26.2691569-07:00" testType="13cdc9d9-ddb5-4fa4-a97d-d965ccfc6d4b" outcome="Passed" testListId="b836686b-8922-4ce2-8bcc-bd368809954a" relativeResultsDirectory="54f2cb59-351f-4d88-9c0b-b3955cf5e8ed">
      <Output>
        <StdOut>Created 'TestV2FeedFindPackagesById.635017987427232002.nuspec' successfully.


Attempting to build package from 'TestV2FeedFindPackagesById.635017987427232002.nuspec'.
Successfully created package 'D:\github.com\NuGetGallery\FunctionalTests\Scripts\TestResults[38]\Out\TestV2FeedFindPackagesById.635017987427232002\TestV2FeedFindPackagesById.635017987427232002.1.0.0.nupkg'.

WARNING: 4 issue(s) found with package 'TestV2FeedFindPackagesById.635017987427232002'.

Issue: Assembly not inside a framework folder.
Description: The assembly 'Lib\635017987430054282.dll' is placed directly under 'lib' folder. It is recommended that assemblies be placed inside a framework-specific folder.
Solution: Move it into a framework-specific folder. If this assembly is targeted for multiple frameworks, ignore this warning.

Issue: Remove sample nuspec values.
Description: The value "Tag1 Tag2" for Tags is a sample value and should be removed.
Solution: Replace with an appropriate value or remove and it and rebuild your package.

Issue: Remove sample nuspec values.
Description: The value "Summary of changes made in this release of the package." for ReleaseNotes is a sample value and should be removed.
Solution: Replace with an appropriate value or remove and it and rebuild your package.

Issue: Remove sample nuspec values.
Description: The value "Package description" for Description is a sample value and should be removed.
Solution: Replace with an appropriate value or remove and it and rebuild your package.


Pushing TestV2FeedFindPackagesById.635017987427232002 1.0.0 to 'http://nugetgallery-qa.cloudapp.net/api/v2/package/'...
Your package was pushed.




Created 'TestV2FeedFindPackagesById.635017987427232002.nuspec' successfully.


Attempting to build package from 'TestV2FeedFindPackagesById.635017987427232002.nuspec'.
Successfully created package 'D:\github.com\NuGetGallery\FunctionalTests\Scripts\TestResults[38]\Out\TestV2FeedFindPackagesById.635017987427232002\TestV2FeedFindPackagesById.635017987427232002.2.0.0.nupkg'.

WARNING: 4 issue(s) found with package 'TestV2FeedFindPackagesById.635017987427232002'.

Issue: Assembly not inside a framework folder.
Description: The assembly 'Lib\635017987446671856.dll' is placed directly under 'lib' folder. It is recommended that assemblies be placed inside a framework-specific folder.
Solution: Move it into a framework-specific folder. If this assembly is targeted for multiple frameworks, ignore this warning.

Issue: Remove sample nuspec values.
Description: The value "Tag1 Tag2" for Tags is a sample value and should be removed.
Solution: Replace with an appropriate value or remove and it and rebuild your package.

Issue: Remove sample nuspec values.
Description: The value "Summary of changes made in this release of the package." for ReleaseNotes is a sample value and should be removed.
Solution: Replace with an appropriate value or remove and it and rebuild your package.

Issue: Remove sample nuspec values.
Description: The value "Package description" for Description is a sample value and should be removed.
Solution: Replace with an appropriate value or remove and it and rebuild your package.


Pushing TestV2FeedFindPackagesById.635017987427232002 2.0.0 to 'http://nugetgallery-qa.cloudapp.net/api/v2/package/'...
Your package was pushed.</StdOut>
      </Output>
    </UnitTestResult>
    <WebTestResult executionId="c5ad4e94-d0a9-417e-959d-bda013d7b740" testId="a6f81ddd-4476-9109-b107-ff9673898e71" testName="ContactOwnerTest" computerName="CLAYCO7" duration="00:00:01.1211043" startTime="2013-04-17T12:32:26.2721602-07:00" endTime="2013-04-17T12:32:27.3970647-07:00" testType="37e36796-fb51-4610-8d5c-e00ceaa68b9f" testListId="b836686b-8922-4ce2-8bcc-bd368809954a" relativeResultsDirectory="c5ad4e94-d0a9-417e-959d-bda013d7b740">
      <Output>
        <ErrorInfo>
          <Message>Exception occurred: Assert.IsTrue failed. The package upload via Nuget.exe didnt suceed properly. Check the logs to see the process error and output stream</Message>
          <StackTrace>   at Microsoft.VisualStudio.TestTools.UnitTesting.Assert.HandleFail(String assertionName, String message, Object[] parameters)
   at Microsoft.VisualStudio.TestTools.UnitTesting.Assert.IsTrue(Boolean condition, String message)
   at NuGetGallery.FunctionalTests.AssertAndValidationHelper.UploadNewPackageAndVerify(String packageId, String version) in d:\github.com\NuGetGallery\FunctionalTests\NuGetGallery.FunctionalTests\WebUITests\AssertAndValidationHelper.cs:line 170
   at NuGetGallery.FunctionalTests.WebUITests.PackageManagement.ContactOwnerTest.&lt;GetRequestEnumerator&gt;d__0.MoveNext() in d:\github.com\NuGetGallery\FunctionalTests\NuGetGallery.FunctionalTests\WebUITests\PackageManagement\ContactOwnerTest.cs:line 24
   at Microsoft.VisualStudio.TestTools.WebStress.WebTestCaseVariation.ExecuteNextTopLevelRequest()</StackTrace>
        </ErrorInfo>
      </Output>
      <ResultFiles>
        <ResultFile path="ContactOwnerTest.webtestResult" />
      </ResultFiles>
      <TestSettings name="Local" id="62f583f0-2eca-4773-bed0-474a13faad76">
        <Description>These are default test settings for a local test run.</Description>
        <Deployment userDeploymentRoot="." useDefaultDeploymentRoot="false" runDeploymentRoot="TestResults[38]">
          <DeploymentItem filename=".nuget\NuGet.Config" />
          <DeploymentItem filename=".nuget\NuGet.exe" />
          <DeploymentItem filename=".nuget\NuGet.targets" />
        </Deployment>
        <NamingScheme baseName="TestResults" appendTimeStamp="false" useDefault="false" />
        <Execution>
          <TestTypeSpecific>
            <UnitTestRunConfig testTypeId="13cdc9d9-ddb5-4fa4-a97d-d965ccfc6d4b">
              <AssemblyResolution>
                <TestDirectory useLoadContext="true" />
              </AssemblyResolution>
            </UnitTestRunConfig>
            <WebTestRunConfiguration testTypeId="4e7599fa-5ecb-43e9-a887-cd63cf72d207">
              <Browser name="Internet Explorer 9.0" MaxConnections="6">
                <Headers>
                  <Header name="User-Agent" value="Mozilla/5.0 (compatible; MSIE 9.0; Windows NT 6.1; Trident/5.0)" />
                  <Header name="Accept" value="*/*" />
                  <Header name="Accept-Language" value="en-US,en;q=0.8,zh-Hans-CN;q=0.5,zh-Hans;q=0.3" />
                  <Header name="Accept-Encoding" value="GZIP" />
                </Headers>
              </Browser>
            </WebTestRunConfiguration>
          </TestTypeSpecific>
          <AgentRule name="LocalMachineDefaultRole">
          </AgentRule>
        </Execution>
      </TestSettings>
      <WebTestResultFilePath>TestResults[38]\In\c5ad4e94-d0a9-417e-959d-bda013d7b740\ContactOwnerTest.webtestResult</WebTestResultFilePath>
    </WebTestResult>
    <UnitTestResult executionId="78d1dc42-78dc-45c9-8f1f-de71c7faa57c" testId="cc44bdbd-ce3e-69f6-f020-1fcb65293738" testName="DownloadPackageFromV2Feed" computerName="CLAYCO7" duration="00:00:00.3744540" startTime="2013-04-17T12:32:27.3980661-07:00" endTime="2013-04-17T12:32:27.7743678-07:00" testType="13cdc9d9-ddb5-4fa4-a97d-d965ccfc6d4b" outcome="Passed" testListId="b836686b-8922-4ce2-8bcc-bd368809954a" relativeResultsDirectory="78d1dc42-78dc-45c9-8f1f-de71c7faa57c">
    </UnitTestResult>
    <UnitTestResult executionId="e6bc5244-ea01-4bb8-8dca-2efb135dc73a" testId="916d542f-9953-383f-a9cc-e87980667cf3" testName="RestorePackageFromV2Feed" computerName="CLAYCO7" duration="00:00:00.1746342" startTime="2013-04-17T12:32:27.7753686-07:00" endTime="2013-04-17T12:32:27.9525112-07:00" testType="13cdc9d9-ddb5-4fa4-a97d-d965ccfc6d4b" outcome="Passed" testListId="b836686b-8922-4ce2-8bcc-bd368809954a" relativeResultsDirectory="e6bc5244-ea01-4bb8-8dca-2efb135dc73a">
    </UnitTestResult>
    <WebTestResult executionId="5f734868-686b-43f3-a1dc-509d2f4d76ee" testId="d527504e-456c-ed4a-8eba-7c20c18ba47d" testName="HomePageValidationTest" computerName="CLAYCO7" duration="00:00:00.4082336" startTime="2013-04-17T12:32:27.9545128-07:00" endTime="2013-04-17T12:32:28.8645387-07:00" testType="37e36796-fb51-4610-8d5c-e00ceaa68b9f" outcome="Passed" testListId="b836686b-8922-4ce2-8bcc-bd368809954a" relativeResultsDirectory="5f734868-686b-43f3-a1dc-509d2f4d76ee">
      <ResultFiles>
        <ResultFile path="HomePageValidationTest.webtestResult" />
      </ResultFiles>
      <TestSettings name="Local" id="62f583f0-2eca-4773-bed0-474a13faad76">
        <Description>These are default test settings for a local test run.</Description>
        <Deployment userDeploymentRoot="." useDefaultDeploymentRoot="false" runDeploymentRoot="TestResults[38]">
          <DeploymentItem filename=".nuget\NuGet.Config" />
          <DeploymentItem filename=".nuget\NuGet.exe" />
          <DeploymentItem filename=".nuget\NuGet.targets" />
        </Deployment>
        <NamingScheme baseName="TestResults" appendTimeStamp="false" useDefault="false" />
        <Execution>
          <TestTypeSpecific>
            <UnitTestRunConfig testTypeId="13cdc9d9-ddb5-4fa4-a97d-d965ccfc6d4b">
              <AssemblyResolution>
                <TestDirectory useLoadContext="true" />
              </AssemblyResolution>
            </UnitTestRunConfig>
            <WebTestRunConfiguration testTypeId="4e7599fa-5ecb-43e9-a887-cd63cf72d207">
              <Browser name="Internet Explorer 9.0" MaxConnections="6">
                <Headers>
                  <Header name="User-Agent" value="Mozilla/5.0 (compatible; MSIE 9.0; Windows NT 6.1; Trident/5.0)" />
                  <Header name="Accept" value="*/*" />
                  <Header name="Accept-Language" value="en-US,en;q=0.8,zh-Hans-CN;q=0.5,zh-Hans;q=0.3" />
                  <Header name="Accept-Encoding" value="GZIP" />
                </Headers>
              </Browser>
            </WebTestRunConfiguration>
          </TestTypeSpecific>
          <AgentRule name="LocalMachineDefaultRole">
          </AgentRule>
        </Execution>
      </TestSettings>
      <WebTestResultFilePath>TestResults[38]\In\5f734868-686b-43f3-a1dc-509d2f4d76ee\HomePageValidationTest.webtestResult</WebTestResultFilePath>
    </WebTestResult>
    <UnitTestResult executionId="6ec48ee6-7951-438d-92d5-f8b6ba5cda29" testId="baeffb56-e5a3-71a3-dcf4-ca714ba14856" testName="UploadPackageWithNuGetCommandLineTest" computerName="CLAYCO7" duration="00:00:01.8142790" startTime="2013-04-17T12:32:28.8645387-07:00" endTime="2013-04-17T12:32:30.6833872-07:00" testType="13cdc9d9-ddb5-4fa4-a97d-d965ccfc6d4b" outcome="Passed" testListId="b836686b-8922-4ce2-8bcc-bd368809954a" relativeResultsDirectory="6ec48ee6-7951-438d-92d5-f8b6ba5cda29">
      <Output>
        <StdOut>Created '635017987488645387.nuspec' successfully.


Attempting to build package from '635017987488645387.nuspec'.
Successfully created package 'D:\github.com\NuGetGallery\FunctionalTests\Scripts\TestResults[38]\Out\635017987488645387\635017987488645387.1.0.0.nupkg'.

WARNING: 4 issue(s) found with package '635017987488645387'.

Issue: Assembly not inside a framework folder.
Description: The assembly 'Lib\635017987491145450.dll' is placed directly under 'lib' folder. It is recommended that assemblies be placed inside a framework-specific folder.
Solution: Move it into a framework-specific folder. If this assembly is targeted for multiple frameworks, ignore this warning.

Issue: Remove sample nuspec values.
Description: The value "Tag1 Tag2" for Tags is a sample value and should be removed.
Solution: Replace with an appropriate value or remove and it and rebuild your package.

Issue: Remove sample nuspec values.
Description: The value "Summary of changes made in this release of the package." for ReleaseNotes is a sample value and should be removed.
Solution: Replace with an appropriate value or remove and it and rebuild your package.

Issue: Remove sample nuspec values.
Description: The value "Package description" for Description is a sample value and should be removed.
Solution: Replace with an appropriate value or remove and it and rebuild your package.


Pushing 635017987488645387 1.0.0 to 'http://nugetgallery-qa.cloudapp.net/api/v2/package/'...
Your package was pushed.</StdOut>
      </Output>
    </UnitTestResult>
    <UnitTestResult executionId="88924e2d-4744-471a-9021-91cc4191f6f3" testId="02d43bf4-c2fb-43fb-6999-a16887a86fa6" testName="GetUpdatesTest" computerName="CLAYCO7" duration="00:00:00.0003772" startTime="2013-04-17T12:32:30.6853885-07:00" endTime="2013-04-17T12:32:30.6873904-07:00" testType="13cdc9d9-ddb5-4fa4-a97d-d965ccfc6d4b" outcome="Passed" testListId="b836686b-8922-4ce2-8bcc-bd368809954a" relativeResultsDirectory="88924e2d-4744-471a-9021-91cc4191f6f3">
    </UnitTestResult>
    <UnitTestResult executionId="721898b3-c04a-4db8-ab91-42dde5b6ac19" testId="f206f30d-af4b-ae66-9032-732bc03336c1" testName="DownPackageWithNuGetCommandLineTest" computerName="CLAYCO7" duration="00:00:01.3163360" startTime="2013-04-17T12:32:30.6893963-07:00" endTime="2013-04-17T12:32:31.9971483-07:00" testType="13cdc9d9-ddb5-4fa4-a97d-d965ccfc6d4b" outcome="Passed" testListId="b836686b-8922-4ce2-8bcc-bd368809954a" relativeResultsDirectory="721898b3-c04a-4db8-ab91-42dde5b6ac19">
      <Output>
        <StdOut>Installing 'BaseTestPackage 1.0.0'.
Successfully installed 'BaseTestPackage 1.0.0'.</StdOut>
      </Output>
    </UnitTestResult>
    <WebTestResult executionId="7466067e-e6dc-4edd-9080-955a7a97d47f" testId="0449da0f-5881-ffca-f9d0-f7c0ad709071" testName="UploadPackageWithoutLoginTest" computerName="CLAYCO7" duration="00:00:00.5293496" startTime="2013-04-17T12:32:31.9971483-07:00" endTime="2013-04-17T12:32:32.5480635-07:00" testType="37e36796-fb51-4610-8d5c-e00ceaa68b9f" outcome="Passed" testListId="b836686b-8922-4ce2-8bcc-bd368809954a" relativeResultsDirectory="7466067e-e6dc-4edd-9080-955a7a97d47f">
      <ResultFiles>
        <ResultFile path="UploadPackageWithoutLoginTest.webtestResult" />
      </ResultFiles>
      <TestSettings name="Local" id="62f583f0-2eca-4773-bed0-474a13faad76">
        <Description>These are default test settings for a local test run.</Description>
        <Deployment userDeploymentRoot="." useDefaultDeploymentRoot="false" runDeploymentRoot="TestResults[38]">
          <DeploymentItem filename=".nuget\NuGet.Config" />
          <DeploymentItem filename=".nuget\NuGet.exe" />
          <DeploymentItem filename=".nuget\NuGet.targets" />
        </Deployment>
        <NamingScheme baseName="TestResults" appendTimeStamp="false" useDefault="false" />
        <Execution>
          <TestTypeSpecific>
            <UnitTestRunConfig testTypeId="13cdc9d9-ddb5-4fa4-a97d-d965ccfc6d4b">
              <AssemblyResolution>
                <TestDirectory useLoadContext="true" />
              </AssemblyResolution>
            </UnitTestRunConfig>
            <WebTestRunConfiguration testTypeId="4e7599fa-5ecb-43e9-a887-cd63cf72d207">
              <Browser name="Internet Explorer 9.0" MaxConnections="6">
                <Headers>
                  <Header name="User-Agent" value="Mozilla/5.0 (compatible; MSIE 9.0; Windows NT 6.1; Trident/5.0)" />
                  <Header name="Accept" value="*/*" />
                  <Header name="Accept-Language" value="en-US,en;q=0.8,zh-Hans-CN;q=0.5,zh-Hans;q=0.3" />
                  <Header name="Accept-Encoding" value="GZIP" />
                </Headers>
              </Browser>
            </WebTestRunConfiguration>
          </TestTypeSpecific>
          <AgentRule name="LocalMachineDefaultRole">
          </AgentRule>
        </Execution>
      </TestSettings>
      <WebTestResultFilePath>TestResults[38]\In\7466067e-e6dc-4edd-9080-955a7a97d47f\UploadPackageWithoutLoginTest.webtestResult</WebTestResultFilePath>
    </WebTestResult>
    <WebTestResult executionId="196c392f-89f0-4d19-8cfa-ecff0991638f" testId="428c8a13-f822-cffc-6ae0-78452d15e1fb" testName="RegisterNewUserTest" computerName="CLAYCO7" duration="00:00:04.9137510" startTime="2013-04-17T12:32:32.5480635-07:00" endTime="2013-04-17T12:32:37.4725671-07:00" testType="37e36796-fb51-4610-8d5c-e00ceaa68b9f" outcome="Passed" testListId="b836686b-8922-4ce2-8bcc-bd368809954a" relativeResultsDirectory="196c392f-89f0-4d19-8cfa-ecff0991638f">
      <ResultFiles>
        <ResultFile path="RegisterNewUserTest.webtestResult" />
      </ResultFiles>
      <TestSettings name="Local" id="62f583f0-2eca-4773-bed0-474a13faad76">
        <Description>These are default test settings for a local test run.</Description>
        <Deployment userDeploymentRoot="." useDefaultDeploymentRoot="false" runDeploymentRoot="TestResults[38]">
          <DeploymentItem filename=".nuget\NuGet.Config" />
          <DeploymentItem filename=".nuget\NuGet.exe" />
          <DeploymentItem filename=".nuget\NuGet.targets" />
        </Deployment>
        <NamingScheme baseName="TestResults" appendTimeStamp="false" useDefault="false" />
        <Execution>
          <TestTypeSpecific>
            <UnitTestRunConfig testTypeId="13cdc9d9-ddb5-4fa4-a97d-d965ccfc6d4b">
              <AssemblyResolution>
                <TestDirectory useLoadContext="true" />
              </AssemblyResolution>
            </UnitTestRunConfig>
            <WebTestRunConfiguration testTypeId="4e7599fa-5ecb-43e9-a887-cd63cf72d207">
              <Browser name="Internet Explorer 9.0" MaxConnections="6">
                <Headers>
                  <Header name="User-Agent" value="Mozilla/5.0 (compatible; MSIE 9.0; Windows NT 6.1; Trident/5.0)" />
                  <Header name="Accept" value="*/*" />
                  <Header name="Accept-Language" value="en-US,en;q=0.8,zh-Hans-CN;q=0.5,zh-Hans;q=0.3" />
                  <Header name="Accept-Encoding" value="GZIP" />
                </Headers>
              </Browser>
            </WebTestRunConfiguration>
          </TestTypeSpecific>
          <AgentRule name="LocalMachineDefaultRole">
          </AgentRule>
        </Execution>
      </TestSettings>
      <WebTestResultFilePath>TestResults[38]\In\196c392f-89f0-4d19-8cfa-ecff0991638f\RegisterNewUserTest.webtestResult</WebTestResultFilePath>
    </WebTestResult>
    <UnitTestResult executionId="01981571-e24f-49e2-a9c0-a5d7c13f874f" testId="5d62a4b0-dcba-4028-434b-2b747b4c411f" testName="UploadMultipleVersionOfPackage" computerName="CLAYCO7" duration="00:00:01.1060922" startTime="2013-04-17T12:32:37.4735682-07:00" endTime="2013-04-17T12:32:38.5814593-07:00" testType="13cdc9d9-ddb5-4fa4-a97d-d965ccfc6d4b" outcome="Failed" testListId="b836686b-8922-4ce2-8bcc-bd368809954a" relativeResultsDirectory="01981571-e24f-49e2-a9c0-a5d7c13f874f">
      <Output>
        <StdOut>Created 'TestMultipleVersion.635017987574765703.nuspec' successfully.


Attempting to build package from 'TestMultipleVersion.635017987574765703.nuspec'.
Successfully created package 'D:\github.com\NuGetGallery\FunctionalTests\Scripts\TestResults[38]\Out\TestMultipleVersion.635017987574765703\TestMultipleVersion.635017987574765703.1.0.0.nupkg'.

WARNING: 4 issue(s) found with package 'TestMultipleVersion.635017987574765703'.

Issue: Assembly not inside a framework folder.
Description: The assembly 'Lib\635017987577287742.dll' is placed directly under 'lib' folder. It is recommended that assemblies be placed inside a framework-specific folder.
Solution: Move it into a framework-specific folder. If this assembly is targeted for multiple frameworks, ignore this warning.

Issue: Remove sample nuspec values.
Description: The value "Tag1 Tag2" for Tags is a sample value and should be removed.
Solution: Replace with an appropriate value or remove and it and rebuild your package.

Issue: Remove sample nuspec values.
Description: The value "Summary of changes made in this release of the package." for ReleaseNotes is a sample value and should be removed.
Solution: Replace with an appropriate value or remove and it and rebuild your package.

Issue: Remove sample nuspec values.
Description: The value "Package description" for Description is a sample value and should be removed.
Solution: Replace with an appropriate value or remove and it and rebuild your package.

Failed to process request. 'The requested resource can only be accessed via SSL.'. 
The remote server returned an error: (403) Forbidden..

Pushing TestMultipleVersion.635017987574765703 1.0.0 to 'http://nugetgallery-qa.cloudapp.net/api/v2/package/'...</StdOut>
        <ErrorInfo>
          <Message>Assert.IsTrue failed. The package upload via Nuget.exe didnt suceed properly. Check the logs to see the process error and output stream</Message>
          <StackTrace>   at NuGetGallery.FunctionalTests.AssertAndValidationHelper.UploadNewPackageAndVerify(String packageId, String version) in d:\github.com\NuGetGallery\FunctionalTests\NuGetGallery.FunctionalTests\WebUITests\AssertAndValidationHelper.cs:line 170
   at NuGetGallery.FunctionalTests.Features.PackageVersionTest.UploadMultipleVersionOfPackage() in d:\github.com\NuGetGallery\FunctionalTests\NuGetGallery.FunctionalTests\Features\PackageVersionTest.cs:line 17
</StackTrace>
        </ErrorInfo>
      </Output>
    </UnitTestResult>
    <WebTestResult executionId="d4e39882-0a81-4d3c-901a-68b89b7567d8" testId="9387a1a2-3523-2e44-8030-533d344923cf" testName="DeletePackageTest" computerName="CLAYCO7" duration="00:00:00.9681430" startTime="2013-04-17T12:32:38.5834609-07:00" endTime="2013-04-17T12:32:39.5542434-07:00" testType="37e36796-fb51-4610-8d5c-e00ceaa68b9f" testListId="b836686b-8922-4ce2-8bcc-bd368809954a" relativeResultsDirectory="d4e39882-0a81-4d3c-901a-68b89b7567d8">
      <Output>
        <ErrorInfo>
          <Message>Exception occurred: Assert.IsTrue failed. The package upload via Nuget.exe didnt suceed properly. Check the logs to see the process error and output stream</Message>
          <StackTrace>   at Microsoft.VisualStudio.TestTools.UnitTesting.Assert.HandleFail(String assertionName, String message, Object[] parameters)
   at Microsoft.VisualStudio.TestTools.UnitTesting.Assert.IsTrue(Boolean condition, String message)
   at NuGetGallery.FunctionalTests.AssertAndValidationHelper.UploadNewPackageAndVerify(String packageId, String version) in d:\github.com\NuGetGallery\FunctionalTests\NuGetGallery.FunctionalTests\WebUITests\AssertAndValidationHelper.cs:line 170
   at NuGetGallery.FunctionalTests.DeletePackageTest.&lt;GetRequestEnumerator&gt;d__0.MoveNext() in d:\github.com\NuGetGallery\FunctionalTests\NuGetGallery.FunctionalTests\WebUITests\PackageManagement\DeletePackageTest.cs:line 30
   at Microsoft.VisualStudio.TestTools.WebStress.WebTestCaseVariation.ExecuteNextTopLevelRequest()</StackTrace>
        </ErrorInfo>
      </Output>
      <ResultFiles>
        <ResultFile path="DeletePackageTest.webtestResult" />
      </ResultFiles>
      <TestSettings name="Local" id="62f583f0-2eca-4773-bed0-474a13faad76">
        <Description>These are default test settings for a local test run.</Description>
        <Deployment userDeploymentRoot="." useDefaultDeploymentRoot="false" runDeploymentRoot="TestResults[38]">
          <DeploymentItem filename=".nuget\NuGet.Config" />
          <DeploymentItem filename=".nuget\NuGet.exe" />
          <DeploymentItem filename=".nuget\NuGet.targets" />
        </Deployment>
        <NamingScheme baseName="TestResults" appendTimeStamp="false" useDefault="false" />
        <Execution>
          <TestTypeSpecific>
            <UnitTestRunConfig testTypeId="13cdc9d9-ddb5-4fa4-a97d-d965ccfc6d4b">
              <AssemblyResolution>
                <TestDirectory useLoadContext="true" />
              </AssemblyResolution>
            </UnitTestRunConfig>
            <WebTestRunConfiguration testTypeId="4e7599fa-5ecb-43e9-a887-cd63cf72d207">
              <Browser name="Internet Explorer 9.0" MaxConnections="6">
                <Headers>
                  <Header name="User-Agent" value="Mozilla/5.0 (compatible; MSIE 9.0; Windows NT 6.1; Trident/5.0)" />
                  <Header name="Accept" value="*/*" />
                  <Header name="Accept-Language" value="en-US,en;q=0.8,zh-Hans-CN;q=0.5,zh-Hans;q=0.3" />
                  <Header name="Accept-Encoding" value="GZIP" />
                </Headers>
              </Browser>
            </WebTestRunConfiguration>
          </TestTypeSpecific>
          <AgentRule name="LocalMachineDefaultRole">
          </AgentRule>
        </Execution>
      </TestSettings>
      <WebTestResultFilePath>TestResults[38]\In\d4e39882-0a81-4d3c-901a-68b89b7567d8\DeletePackageTest.webtestResult</WebTestResultFilePath>
    </WebTestResult>
    <UnitTestResult executionId="5beff461-7c2d-4219-9a70-f96c95cae47c" testId="04cd200b-33df-3564-ded5-686cdfe44f77" testName="DownloadPackageWithNuGetCoreTest" computerName="CLAYCO7" duration="00:00:00.3241221" startTime="2013-04-17T12:32:39.5562470-07:00" endTime="2013-04-17T12:32:39.8827716-07:00" testType="13cdc9d9-ddb5-4fa4-a97d-d965ccfc6d4b" outcome="Passed" testListId="b836686b-8922-4ce2-8bcc-bd368809954a" relativeResultsDirectory="5beff461-7c2d-4219-9a70-f96c95cae47c">
    </UnitTestResult>
    <WebTestResult executionId="dac870d8-0860-4e70-affd-4055974ccab0" testId="9ad6e2e2-a082-8088-00f6-e05079fd89a0" testName="StatisticsPageTest" computerName="CLAYCO7" duration="00:00:00.4600834" startTime="2013-04-17T12:32:39.8827716-07:00" endTime="2013-04-17T12:32:40.8403021-07:00" testType="37e36796-fb51-4610-8d5c-e00ceaa68b9f" outcome="Passed" testListId="f9b8ac1f-7978-4738-afc2-6918b063e5c3" relativeResultsDirectory="dac870d8-0860-4e70-affd-4055974ccab0">
      <ResultFiles>
        <ResultFile path="StatisticsPageTest.webtestResult" />
      </ResultFiles>
      <TestSettings name="Local" id="62f583f0-2eca-4773-bed0-474a13faad76">
        <Description>These are default test settings for a local test run.</Description>
        <Deployment userDeploymentRoot="." useDefaultDeploymentRoot="false" runDeploymentRoot="TestResults[38]">
          <DeploymentItem filename=".nuget\NuGet.Config" />
          <DeploymentItem filename=".nuget\NuGet.exe" />
          <DeploymentItem filename=".nuget\NuGet.targets" />
        </Deployment>
        <NamingScheme baseName="TestResults" appendTimeStamp="false" useDefault="false" />
        <Execution>
          <TestTypeSpecific>
            <UnitTestRunConfig testTypeId="13cdc9d9-ddb5-4fa4-a97d-d965ccfc6d4b">
              <AssemblyResolution>
                <TestDirectory useLoadContext="true" />
              </AssemblyResolution>
            </UnitTestRunConfig>
            <WebTestRunConfiguration testTypeId="4e7599fa-5ecb-43e9-a887-cd63cf72d207">
              <Browser name="Internet Explorer 9.0" MaxConnections="6">
                <Headers>
                  <Header name="User-Agent" value="Mozilla/5.0 (compatible; MSIE 9.0; Windows NT 6.1; Trident/5.0)" />
                  <Header name="Accept" value="*/*" />
                  <Header name="Accept-Language" value="en-US,en;q=0.8,zh-Hans-CN;q=0.5,zh-Hans;q=0.3" />
                  <Header name="Accept-Encoding" value="GZIP" />
                </Headers>
              </Browser>
            </WebTestRunConfiguration>
          </TestTypeSpecific>
          <AgentRule name="LocalMachineDefaultRole">
          </AgentRule>
        </Execution>
      </TestSettings>
      <WebTestResultFilePath>TestResults[38]\In\dac870d8-0860-4e70-affd-4055974ccab0\StatisticsPageTest.webtestResult</WebTestResultFilePath>
    </WebTestResult>
    <WebTestResult executionId="81f7da86-9395-45b3-ab9e-ae041ea691b7" testId="a1c602d9-292b-1042-380c-707cec091de9" testName="LogonTest" computerName="CLAYCO7" duration="00:00:00.8442107" startTime="2013-04-17T12:32:40.8403021-07:00" endTime="2013-04-17T12:32:41.6840741-07:00" testType="37e36796-fb51-4610-8d5c-e00ceaa68b9f" outcome="Failed" testListId="f9b8ac1f-7978-4738-afc2-6918b063e5c3" relativeResultsDirectory="81f7da86-9395-45b3-ab9e-ae041ea691b7">
      <Output>
        <ErrorInfo>
          <Message>1 primary requests, 0 dependant requests and 0 conditional rules failed</Message>
        </ErrorInfo>
      </Output>
      <ResultFiles>
        <ResultFile path="LogonTest.webtestResult" />
      </ResultFiles>
      <TestSettings name="Local" id="62f583f0-2eca-4773-bed0-474a13faad76">
        <Description>These are default test settings for a local test run.</Description>
        <Deployment userDeploymentRoot="." useDefaultDeploymentRoot="false" runDeploymentRoot="TestResults[38]">
          <DeploymentItem filename=".nuget\NuGet.Config" />
          <DeploymentItem filename=".nuget\NuGet.exe" />
          <DeploymentItem filename=".nuget\NuGet.targets" />
        </Deployment>
        <NamingScheme baseName="TestResults" appendTimeStamp="false" useDefault="false" />
        <Execution>
          <TestTypeSpecific>
            <UnitTestRunConfig testTypeId="13cdc9d9-ddb5-4fa4-a97d-d965ccfc6d4b">
              <AssemblyResolution>
                <TestDirectory useLoadContext="true" />
              </AssemblyResolution>
            </UnitTestRunConfig>
            <WebTestRunConfiguration testTypeId="4e7599fa-5ecb-43e9-a887-cd63cf72d207">
              <Browser name="Internet Explorer 9.0" MaxConnections="6">
                <Headers>
                  <Header name="User-Agent" value="Mozilla/5.0 (compatible; MSIE 9.0; Windows NT 6.1; Trident/5.0)" />
                  <Header name="Accept" value="*/*" />
                  <Header name="Accept-Language" value="en-US,en;q=0.8,zh-Hans-CN;q=0.5,zh-Hans;q=0.3" />
                  <Header name="Accept-Encoding" value="GZIP" />
                </Headers>
              </Browser>
            </WebTestRunConfiguration>
          </TestTypeSpecific>
          <AgentRule name="LocalMachineDefaultRole">
          </AgentRule>
        </Execution>
      </TestSettings>
      <WebTestResultFilePath>TestResults[38]\In\81f7da86-9395-45b3-ab9e-ae041ea691b7\LogonTest.webtestResult</WebTestResultFilePath>
    </WebTestResult>
    <UnitTestResult executionId="3e80515f-0d40-406d-b478-3e1355629123" testId="f206f30d-af4b-ae66-9032-732bc03336c1" testName="DownPackageWithNuGetCommandLineTest" computerName="CLAYCO7" duration="00:00:01.0140181" startTime="2013-04-17T12:32:41.6840741-07:00" endTime="2013-04-17T12:32:42.7081271-07:00" testType="13cdc9d9-ddb5-4fa4-a97d-d965ccfc6d4b" outcome="Passed" testListId="f9b8ac1f-7978-4738-afc2-6918b063e5c3" relativeResultsDirectory="3e80515f-0d40-406d-b478-3e1355629123">
      <Output>
        <StdOut>Installing 'BaseTestPackage 1.0.0'.
Successfully installed 'BaseTestPackage 1.0.0'.</StdOut>
      </Output>
    </UnitTestResult>
    <WebTestResult executionId="fb9c737f-7d09-4668-bd28-b69c0447f1e4" testId="c320789f-a801-c187-e7d8-0f17b24ff835" testName="ReadOnlyModeRegisterNewUserTest" computerName="CLAYCO7" duration="00:00:00.7568664" startTime="2013-04-17T12:32:42.7081271-07:00" endTime="2013-04-17T12:32:43.4581484-07:00" testType="37e36796-fb51-4610-8d5c-e00ceaa68b9f" outcome="Failed" testListId="f9b8ac1f-7978-4738-afc2-6918b063e5c3" relativeResultsDirectory="fb9c737f-7d09-4668-bd28-b69c0447f1e4">
      <Output>
        <ErrorInfo>
          <Message>1 primary requests, 0 dependant requests and 0 conditional rules failed</Message>
        </ErrorInfo>
      </Output>
      <ResultFiles>
        <ResultFile path="ReadOnlyModeRegisterNewUserTest.webtestResult" />
      </ResultFiles>
      <TestSettings name="Local" id="62f583f0-2eca-4773-bed0-474a13faad76">
        <Description>These are default test settings for a local test run.</Description>
        <Deployment userDeploymentRoot="." useDefaultDeploymentRoot="false" runDeploymentRoot="TestResults[38]">
          <DeploymentItem filename=".nuget\NuGet.Config" />
          <DeploymentItem filename=".nuget\NuGet.exe" />
          <DeploymentItem filename=".nuget\NuGet.targets" />
        </Deployment>
        <NamingScheme baseName="TestResults" appendTimeStamp="false" useDefault="false" />
        <Execution>
          <TestTypeSpecific>
            <UnitTestRunConfig testTypeId="13cdc9d9-ddb5-4fa4-a97d-d965ccfc6d4b">
              <AssemblyResolution>
                <TestDirectory useLoadContext="true" />
              </AssemblyResolution>
            </UnitTestRunConfig>
            <WebTestRunConfiguration testTypeId="4e7599fa-5ecb-43e9-a887-cd63cf72d207">
              <Browser name="Internet Explorer 9.0" MaxConnections="6">
                <Headers>
                  <Header name="User-Agent" value="Mozilla/5.0 (compatible; MSIE 9.0; Windows NT 6.1; Trident/5.0)" />
                  <Header name="Accept" value="*/*" />
                  <Header name="Accept-Language" value="en-US,en;q=0.8,zh-Hans-CN;q=0.5,zh-Hans;q=0.3" />
                  <Header name="Accept-Encoding" value="GZIP" />
                </Headers>
              </Browser>
            </WebTestRunConfiguration>
          </TestTypeSpecific>
          <AgentRule name="LocalMachineDefaultRole">
          </AgentRule>
        </Execution>
      </TestSettings>
      <WebTestResultFilePath>TestResults[38]\In\fb9c737f-7d09-4668-bd28-b69c0447f1e4\ReadOnlyModeRegisterNewUserTest.webtestResult</WebTestResultFilePath>
    </WebTestResult>
    <UnitTestResult executionId="c92b0817-b44c-4ffb-a3eb-8a191a9d79c4" testId="04cd200b-33df-3564-ded5-686cdfe44f77" testName="DownloadPackageWithNuGetCoreTest" computerName="CLAYCO7" duration="00:00:00.2471422" startTime="2013-04-17T12:32:43.4581484-07:00" endTime="2013-04-17T12:32:43.7081496-07:00" testType="13cdc9d9-ddb5-4fa4-a97d-d965ccfc6d4b" outcome="Passed" testListId="f9b8ac1f-7978-4738-afc2-6918b063e5c3" relativeResultsDirectory="c92b0817-b44c-4ffb-a3eb-8a191a9d79c4">
    </UnitTestResult>
    <WebTestResult executionId="9be903cb-9f34-4362-90bf-81b4b075dab1" testId="d527504e-456c-ed4a-8eba-7c20c18ba47d" testName="HomePageValidationTest" computerName="CLAYCO7" duration="00:00:00.4393969" startTime="2013-04-17T12:32:43.7237755-07:00" endTime="2013-04-17T12:32:44.1612875-07:00" testType="37e36796-fb51-4610-8d5c-e00ceaa68b9f" outcome="Passed" testListId="f9b8ac1f-7978-4738-afc2-6918b063e5c3" relativeResultsDirectory="9be903cb-9f34-4362-90bf-81b4b075dab1">
      <ResultFiles>
        <ResultFile path="HomePageValidationTest.webtestResult" />
      </ResultFiles>
      <TestSettings name="Local" id="62f583f0-2eca-4773-bed0-474a13faad76">
        <Description>These are default test settings for a local test run.</Description>
        <Deployment userDeploymentRoot="." useDefaultDeploymentRoot="false" runDeploymentRoot="TestResults[38]">
          <DeploymentItem filename=".nuget\NuGet.Config" />
          <DeploymentItem filename=".nuget\NuGet.exe" />
          <DeploymentItem filename=".nuget\NuGet.targets" />
        </Deployment>
        <NamingScheme baseName="TestResults" appendTimeStamp="false" useDefault="false" />
        <Execution>
          <TestTypeSpecific>
            <UnitTestRunConfig testTypeId="13cdc9d9-ddb5-4fa4-a97d-d965ccfc6d4b">
              <AssemblyResolution>
                <TestDirectory useLoadContext="true" />
              </AssemblyResolution>
            </UnitTestRunConfig>
            <WebTestRunConfiguration testTypeId="4e7599fa-5ecb-43e9-a887-cd63cf72d207">
              <Browser name="Internet Explorer 9.0" MaxConnections="6">
                <Headers>
                  <Header name="User-Agent" value="Mozilla/5.0 (compatible; MSIE 9.0; Windows NT 6.1; Trident/5.0)" />
                  <Header name="Accept" value="*/*" />
                  <Header name="Accept-Language" value="en-US,en;q=0.8,zh-Hans-CN;q=0.5,zh-Hans;q=0.3" />
                  <Header name="Accept-Encoding" value="GZIP" />
                </Headers>
              </Browser>
            </WebTestRunConfiguration>
          </TestTypeSpecific>
          <AgentRule name="LocalMachineDefaultRole">
          </AgentRule>
        </Execution>
      </TestSettings>
      <WebTestResultFilePath>TestResults[38]\In\9be903cb-9f34-4362-90bf-81b4b075dab1\HomePageValidationTest.webtestResult</WebTestResultFilePath>
    </WebTestResult>
    <UnitTestResult executionId="580a0085-ab63-4391-b65f-532ff4baa113" testId="38905457-2302-9ddf-ad04-3107d5b18355" testName="UploadAndDownLoadPackageWithMinClientVersion" computerName="CLAYCO7" duration="00:00:01.1317151" startTime="2013-04-17T12:32:44.1612875-07:00" endTime="2013-04-17T12:32:45.2863155-07:00" testType="13cdc9d9-ddb5-4fa4-a97d-d965ccfc6d4b" outcome="Failed" testListId="8c84fa94-04c1-424b-9868-57a2d4851a1d" relativeResultsDirectory="580a0085-ab63-4391-b65f-532ff4baa113">
      <Output>
        <StdOut>Created '635017987641612875UploadAndDownLoadPackageWithMinClientVersion.nuspec' successfully.


Attempting to build package from '635017987641612875UploadAndDownLoadPackageWithMinClientVersion.nuspec'.
Successfully created package 'D:\github.com\NuGetGallery\FunctionalTests\Scripts\TestResults[38]\Out\635017987641612875UploadAndDownLoadPackageWithMinClientVersion\635017987641612875UploadAndDownLoadPackageWithMinClientVersion.1.0.0.nupkg'.

WARNING: 4 issue(s) found with package '635017987641612875UploadAndDownLoadPackageWithMinClientVersion'.

Issue: Assembly not inside a framework folder.
Description: The assembly 'Lib\635017987644581692.dll' is placed directly under 'lib' folder. It is recommended that assemblies be placed inside a framework-specific folder.
Solution: Move it into a framework-specific folder. If this assembly is targeted for multiple frameworks, ignore this warning.

Issue: Remove sample nuspec values.
Description: The value "Tag1 Tag2" for Tags is a sample value and should be removed.
Solution: Replace with an appropriate value or remove and it and rebuild your package.

Issue: Remove sample nuspec values.
Description: The value "Summary of changes made in this release of the package." for ReleaseNotes is a sample value and should be removed.
Solution: Replace with an appropriate value or remove and it and rebuild your package.

Issue: Remove sample nuspec values.
Description: The value "Package description" for Description is a sample value and should be removed.
Solution: Replace with an appropriate value or remove and it and rebuild your package.

Failed to process request. 'The requested resource can only be accessed via SSL.'. 
The remote server returned an error: (403) Forbidden..

Pushing 635017987641612875UploadAndDownLoadPackageWithMinClientVersion 1.0.0 to 'http://nugetgallery-qa.cloudapp.net/api/v2/package/'...</StdOut>
        <ErrorInfo>
          <Message>Assert.IsTrue failed. The package upload via Nuget.exe didnt suceed properly. Check the logs to see the process error and output stream</Message>
          <StackTrace>   at NuGetGallery.FunctionalTests.ClientIntegrationTests.NugetCommandLineTests.UploadAndDownLoadPackageWithMinClientVersion() in d:\github.com\NuGetGallery\FunctionalTests\NuGetGallery.FunctionalTests\ClientIntegrationTests\NuGetCommandLineTests.cs:line 62
</StackTrace>
        </ErrorInfo>
      </Output>
    </UnitTestResult>
    <UnitTestResult executionId="4ad41dfd-2629-4a58-a145-b7f3df7e265d" testId="aedace0f-10de-70d5-5e45-b7227987df86" testName="UploadAndDownLoadPackageWithDotCsNames" computerName="CLAYCO7" duration="00:00:01.0894628" startTime="2013-04-17T12:32:45.3019406-07:00" endTime="2013-04-17T12:32:46.3957198-07:00" testType="13cdc9d9-ddb5-4fa4-a97d-d965ccfc6d4b" outcome="Failed" testListId="8c84fa94-04c1-424b-9868-57a2d4851a1d" relativeResultsDirectory="4ad41dfd-2629-4a58-a145-b7f3df7e265d">
      <Output>
        <StdOut>Created '635017987653019406UploadAndDownLoadPackageWithDotCsNames.Cs.nuspec' successfully.


Attempting to build package from '635017987653019406UploadAndDownLoadPackageWithDotCsNames.Cs.nuspec'.
Successfully created package 'D:\github.com\NuGetGallery\FunctionalTests\Scripts\TestResults[38]\Out\635017987653019406UploadAndDownLoadPackageWithDotCsNames.Cs\635017987653019406UploadAndDownLoadPackageWithDotCsNames.Cs.1.0.0.nupkg'.

WARNING: 4 issue(s) found with package '635017987653019406UploadAndDownLoadPackageWithDotCsNames.Cs'.

Issue: Assembly not inside a framework folder.
Description: The assembly 'Lib\635017987655675735.dll' is placed directly under 'lib' folder. It is recommended that assemblies be placed inside a framework-specific folder.
Solution: Move it into a framework-specific folder. If this assembly is targeted for multiple frameworks, ignore this warning.

Issue: Remove sample nuspec values.
Description: The value "Tag1 Tag2" for Tags is a sample value and should be removed.
Solution: Replace with an appropriate value or remove and it and rebuild your package.

Issue: Remove sample nuspec values.
Description: The value "Summary of changes made in this release of the package." for ReleaseNotes is a sample value and should be removed.
Solution: Replace with an appropriate value or remove and it and rebuild your package.

Issue: Remove sample nuspec values.
Description: The value "Package description" for Description is a sample value and should be removed.
Solution: Replace with an appropriate value or remove and it and rebuild your package.

Failed to process request. 'The requested resource can only be accessed via SSL.'. 
The remote server returned an error: (403) Forbidden..

Pushing 635017987653019406UploadAndDownLoadPackageWithDotCsNames.Cs 1.0.0 to 'http://nugetgallery-qa.cloudapp.net/api/v2/package/'...</StdOut>
        <ErrorInfo>
          <Message>Assert.IsTrue failed. The package upload via Nuget.exe didnt suceed properly. Check the logs to see the process error and output stream</Message>
          <StackTrace>   at NuGetGallery.FunctionalTests.AssertAndValidationHelper.UploadNewPackageAndVerify(String packageId, String version) in d:\github.com\NuGetGallery\FunctionalTests\NuGetGallery.FunctionalTests\WebUITests\AssertAndValidationHelper.cs:line 170
   at NuGetGallery.FunctionalTests.ClientIntegrationTests.NugetCommandLineTests.UploadAndDownLoadPackageWithDotCsNames() in d:\github.com\NuGetGallery\FunctionalTests\NuGetGallery.FunctionalTests\ClientIntegrationTests\NuGetCommandLineTests.cs:line 81
</StackTrace>
        </ErrorInfo>
      </Output>
    </UnitTestResult>
    <UnitTestResult executionId="97f28c7a-ea43-4bba-996f-d4a10755854a" testId="2653a81d-b439-f73a-c036-efc0ec29de69" testName="AddPackageToWindows8CuratedFeed" computerName="CLAYCO7" duration="00:00:02.7439762" startTime="2013-04-17T12:32:46.3957198-07:00" endTime="2013-04-17T12:32:49.1309414-07:00" testType="13cdc9d9-ddb5-4fa4-a97d-d965ccfc6d4b" outcome="Failed" testListId="8c84fa94-04c1-424b-9868-57a2d4851a1d" relativeResultsDirectory="97f28c7a-ea43-4bba-996f-d4a10755854a">
      <Output>
        <StdOut>Created 'AddPackageToWindows8CuratedFeed635017987663957198.nuspec' successfully.


Attempting to build package from 'AddPackageToWindows8CuratedFeed635017987663957198.nuspec'.
Successfully created package 'D:\github.com\NuGetGallery\FunctionalTests\Scripts\TestResults[38]\Out\AddPackageToWindows8CuratedFeed635017987663957198\AddPackageToWindows8CuratedFeed635017987663957198.1.0.0.nupkg'.

WARNING: 3 issue(s) found with package 'AddPackageToWindows8CuratedFeed635017987663957198'.

Issue: Assembly not inside a framework folder.
Description: The assembly 'Lib\635017987666769758.dll' is placed directly under 'lib' folder. It is recommended that assemblies be placed inside a framework-specific folder.
Solution: Move it into a framework-specific folder. If this assembly is targeted for multiple frameworks, ignore this warning.

Issue: Remove sample nuspec values.
Description: The value "Summary of changes made in this release of the package." for ReleaseNotes is a sample value and should be removed.
Solution: Replace with an appropriate value or remove and it and rebuild your package.

Issue: Remove sample nuspec values.
Description: The value "Package description" for Description is a sample value and should be removed.
Solution: Replace with an appropriate value or remove and it and rebuild your package.


Pushing AddPackageToWindows8CuratedFeed635017987663957198 1.0.0 to 'http://nugetgallery-qa.cloudapp.net/api/v2/package/'...
Your package was pushed.</StdOut>
        <ErrorInfo>
          <Message>Assert.IsTrue failed. Package AddPackageToWindows8CuratedFeed635017987663957198 is not found in the site http://nugetgallery-qa.cloudapp.net/api/v2/curated-feeds/windows8-packages/ after uploading.</Message>
          <StackTrace>   at NuGetGallery.FunctionalTests.Features.CuratedFeedTest.AddPackageToWindows8CuratedFeed() in d:\github.com\NuGetGallery\FunctionalTests\NuGetGallery.FunctionalTests\Features\CuratedFeedTest.cs:line 38
</StackTrace>
        </ErrorInfo>
      </Output>
    </UnitTestResult>
    <WebTestResult executionId="39a53cf4-cf95-4f79-ba0f-120ebba53889" testId="5d66c021-336a-34c0-9414-19ea84bd29bc" testName="InvalidLogonTest" computerName="CLAYCO7" duration="00:00:05.2179740" startTime="2013-04-17T12:32:49.1465657-07:00" endTime="2013-04-17T12:32:54.3740890-07:00" testType="37e36796-fb51-4610-8d5c-e00ceaa68b9f" outcome="Passed" testListId="8c84fa94-04c1-424b-9868-57a2d4851a1d" relativeResultsDirectory="39a53cf4-cf95-4f79-ba0f-120ebba53889">
      <ResultFiles>
        <ResultFile path="InvalidLogonTest.webtestResult" />
      </ResultFiles>
      <TestSettings name="Local" id="62f583f0-2eca-4773-bed0-474a13faad76">
        <Description>These are default test settings for a local test run.</Description>
        <Deployment userDeploymentRoot="." useDefaultDeploymentRoot="false" runDeploymentRoot="TestResults[38]">
          <DeploymentItem filename=".nuget\NuGet.Config" />
          <DeploymentItem filename=".nuget\NuGet.exe" />
          <DeploymentItem filename=".nuget\NuGet.targets" />
        </Deployment>
        <NamingScheme baseName="TestResults" appendTimeStamp="false" useDefault="false" />
        <Execution>
          <TestTypeSpecific>
            <UnitTestRunConfig testTypeId="13cdc9d9-ddb5-4fa4-a97d-d965ccfc6d4b">
              <AssemblyResolution>
                <TestDirectory useLoadContext="true" />
              </AssemblyResolution>
            </UnitTestRunConfig>
            <WebTestRunConfiguration testTypeId="4e7599fa-5ecb-43e9-a887-cd63cf72d207">
              <Browser name="Internet Explorer 9.0" MaxConnections="6">
                <Headers>
                  <Header name="User-Agent" value="Mozilla/5.0 (compatible; MSIE 9.0; Windows NT 6.1; Trident/5.0)" />
                  <Header name="Accept" value="*/*" />
                  <Header name="Accept-Language" value="en-US,en;q=0.8,zh-Hans-CN;q=0.5,zh-Hans;q=0.3" />
                  <Header name="Accept-Encoding" value="GZIP" />
                </Headers>
              </Browser>
            </WebTestRunConfiguration>
          </TestTypeSpecific>
          <AgentRule name="LocalMachineDefaultRole">
          </AgentRule>
        </Execution>
      </TestSettings>
      <WebTestResultFilePath>TestResults[38]\In\39a53cf4-cf95-4f79-ba0f-120ebba53889\InvalidLogonTest.webtestResult</WebTestResultFilePath>
    </WebTestResult>
    <WebTestResult executionId="19a65985-a892-4391-8477-66460c1eddf0" testId="d53feaf3-be7c-3e85-2afa-d33fc0e450a3" testName="SecurityHeaderTest" computerName="CLAYCO7" duration="00:00:01.4080526" startTime="2013-04-17T12:32:54.3760900-07:00" endTime="2013-04-17T12:32:55.7882280-07:00" testType="37e36796-fb51-4610-8d5c-e00ceaa68b9f" outcome="Passed" testListId="8c84fa94-04c1-424b-9868-57a2d4851a1d" relativeResultsDirectory="19a65985-a892-4391-8477-66460c1eddf0">
      <ResultFiles>
        <ResultFile path="SecurityHeaderTest.webtestResult" />
      </ResultFiles>
      <TestSettings name="Local" id="62f583f0-2eca-4773-bed0-474a13faad76">
        <Description>These are default test settings for a local test run.</Description>
        <Deployment userDeploymentRoot="." useDefaultDeploymentRoot="false" runDeploymentRoot="TestResults[38]">
          <DeploymentItem filename=".nuget\NuGet.Config" />
          <DeploymentItem filename=".nuget\NuGet.exe" />
          <DeploymentItem filename=".nuget\NuGet.targets" />
        </Deployment>
        <NamingScheme baseName="TestResults" appendTimeStamp="false" useDefault="false" />
        <Execution>
          <TestTypeSpecific>
            <UnitTestRunConfig testTypeId="13cdc9d9-ddb5-4fa4-a97d-d965ccfc6d4b">
              <AssemblyResolution>
                <TestDirectory useLoadContext="true" />
              </AssemblyResolution>
            </UnitTestRunConfig>
            <WebTestRunConfiguration testTypeId="4e7599fa-5ecb-43e9-a887-cd63cf72d207">
              <Browser name="Internet Explorer 9.0" MaxConnections="6">
                <Headers>
                  <Header name="User-Agent" value="Mozilla/5.0 (compatible; MSIE 9.0; Windows NT 6.1; Trident/5.0)" />
                  <Header name="Accept" value="*/*" />
                  <Header name="Accept-Language" value="en-US,en;q=0.8,zh-Hans-CN;q=0.5,zh-Hans;q=0.3" />
                  <Header name="Accept-Encoding" value="GZIP" />
                </Headers>
              </Browser>
            </WebTestRunConfiguration>
          </TestTypeSpecific>
          <AgentRule name="LocalMachineDefaultRole">
          </AgentRule>
        </Execution>
      </TestSettings>
      <WebTestResultFilePath>TestResults[38]\In\19a65985-a892-4391-8477-66460c1eddf0\SecurityHeaderTest.webtestResult</WebTestResultFilePath>
    </WebTestResult>
    <WebTestResult executionId="8d4516be-a869-4c94-8c66-d73f9685e924" testId="e95ef3f5-4ae2-36dc-5d98-7ace7daaf2ea" testName="ContactUsAndReportAbuseLinkTest" computerName="CLAYCO7" duration="00:00:03.9192244" startTime="2013-04-17T12:32:55.7902290-07:00" endTime="2013-04-17T12:32:59.7113838-07:00" testType="37e36796-fb51-4610-8d5c-e00ceaa68b9f" outcome="Failed" testListId="8c84fa94-04c1-424b-9868-57a2d4851a1d" relativeResultsDirectory="8d4516be-a869-4c94-8c66-d73f9685e924">
      <Output>
        <ErrorInfo>
          <Message>3 primary requests, 0 dependant requests and 0 conditional rules failed</Message>
        </ErrorInfo>
      </Output>
      <ResultFiles>
        <ResultFile path="ContactUsAndReportAbuseLinkTest.webtestResult" />
      </ResultFiles>
      <TestSettings name="Local" id="62f583f0-2eca-4773-bed0-474a13faad76">
        <Description>These are default test settings for a local test run.</Description>
        <Deployment userDeploymentRoot="." useDefaultDeploymentRoot="false" runDeploymentRoot="TestResults[38]">
          <DeploymentItem filename=".nuget\NuGet.Config" />
          <DeploymentItem filename=".nuget\NuGet.exe" />
          <DeploymentItem filename=".nuget\NuGet.targets" />
        </Deployment>
        <NamingScheme baseName="TestResults" appendTimeStamp="false" useDefault="false" />
        <Execution>
          <TestTypeSpecific>
            <UnitTestRunConfig testTypeId="13cdc9d9-ddb5-4fa4-a97d-d965ccfc6d4b">
              <AssemblyResolution>
                <TestDirectory useLoadContext="true" />
              </AssemblyResolution>
            </UnitTestRunConfig>
            <WebTestRunConfiguration testTypeId="4e7599fa-5ecb-43e9-a887-cd63cf72d207">
              <Browser name="Internet Explorer 9.0" MaxConnections="6">
                <Headers>
                  <Header name="User-Agent" value="Mozilla/5.0 (compatible; MSIE 9.0; Windows NT 6.1; Trident/5.0)" />
                  <Header name="Accept" value="*/*" />
                  <Header name="Accept-Language" value="en-US,en;q=0.8,zh-Hans-CN;q=0.5,zh-Hans;q=0.3" />
                  <Header name="Accept-Encoding" value="GZIP" />
                </Headers>
              </Browser>
            </WebTestRunConfiguration>
          </TestTypeSpecific>
          <AgentRule name="LocalMachineDefaultRole">
          </AgentRule>
        </Execution>
      </TestSettings>
      <WebTestResultFilePath>TestResults[38]\In\8d4516be-a869-4c94-8c66-d73f9685e924\ContactUsAndReportAbuseLinkTest.webtestResult</WebTestResultFilePath>
    </WebTestResult>
    <WebTestResult executionId="278d1125-0a3e-44a9-8e62-bba953692f62" testId="336cce10-fc9c-411f-b491-c5f9f404e7b7" testName="UploadPackageWithMinClientVersionFromUITest" computerName="CLAYCO7" duration="00:00:03.7140989" startTime="2013-04-17T12:32:59.7133854-07:00" endTime="2013-04-17T12:33:03.4242256-07:00" testType="37e36796-fb51-4610-8d5c-e00ceaa68b9f" outcome="Failed" testListId="8c84fa94-04c1-424b-9868-57a2d4851a1d" relativeResultsDirectory="278d1125-0a3e-44a9-8e62-bba953692f62">
      <Output>
        <ErrorInfo>
          <Message>1 primary requests, 0 dependant requests and 0 conditional rules failed</Message>
        </ErrorInfo>
      </Output>
      <ResultFiles>
        <ResultFile path="UploadPackageWithMinClientVersionFromUITest.webtestResult" />
      </ResultFiles>
      <TestSettings name="Local" id="62f583f0-2eca-4773-bed0-474a13faad76">
        <Description>These are default test settings for a local test run.</Description>
        <Deployment userDeploymentRoot="." useDefaultDeploymentRoot="false" runDeploymentRoot="TestResults[38]">
          <DeploymentItem filename=".nuget\NuGet.Config" />
          <DeploymentItem filename=".nuget\NuGet.exe" />
          <DeploymentItem filename=".nuget\NuGet.targets" />
        </Deployment>
        <NamingScheme baseName="TestResults" appendTimeStamp="false" useDefault="false" />
        <Execution>
          <TestTypeSpecific>
            <UnitTestRunConfig testTypeId="13cdc9d9-ddb5-4fa4-a97d-d965ccfc6d4b">
              <AssemblyResolution>
                <TestDirectory useLoadContext="true" />
              </AssemblyResolution>
            </UnitTestRunConfig>
            <WebTestRunConfiguration testTypeId="4e7599fa-5ecb-43e9-a887-cd63cf72d207">
              <Browser name="Internet Explorer 9.0" MaxConnections="6">
                <Headers>
                  <Header name="User-Agent" value="Mozilla/5.0 (compatible; MSIE 9.0; Windows NT 6.1; Trident/5.0)" />
                  <Header name="Accept" value="*/*" />
                  <Header name="Accept-Language" value="en-US,en;q=0.8,zh-Hans-CN;q=0.5,zh-Hans;q=0.3" />
                  <Header name="Accept-Encoding" value="GZIP" />
                </Headers>
              </Browser>
            </WebTestRunConfiguration>
          </TestTypeSpecific>
          <AgentRule name="LocalMachineDefaultRole">
          </AgentRule>
        </Execution>
      </TestSettings>
      <WebTestResultFilePath>TestResults[38]\In\278d1125-0a3e-44a9-8e62-bba953692f62\UploadPackageWithMinClientVersionFromUITest.webtestResult</WebTestResultFilePath>
    </WebTestResult>
    <WebTestResult executionId="e32cff5f-2ec6-444c-bb1b-bae67487ebc4" testId="340e6bba-7e3d-842d-7ee1-669ddc667c0c" testName="AggregateStatsInHomePage" computerName="CLAYCO7" duration="00:02:32.8181716" startTime="2013-04-17T12:33:03.4242256-07:00" endTime="2013-04-17T12:35:36.2533764-07:00" testType="37e36796-fb51-4610-8d5c-e00ceaa68b9f" testListId="8c84fa94-04c1-424b-9868-57a2d4851a1d" relativeResultsDirectory="e32cff5f-2ec6-444c-bb1b-bae67487ebc4">
      <Output>
        <ErrorInfo>
          <Message>Exception occurred: Assert.IsTrue failed. Aggregate stats count is not increased by 1 after downloading. Aggregate stats before download :60647747. Stats after download : 60647756</Message>
          <StackTrace>   at Microsoft.VisualStudio.TestTools.UnitTesting.Assert.HandleFail(String assertionName, String message, Object[] parameters)
   at Microsoft.VisualStudio.TestTools.UnitTesting.Assert.IsTrue(Boolean condition, String message, Object[] parameters)
   at NuGetGallery.FunctionalTests.AggregateStatsInHomePage.&lt;GetRequestEnumerator&gt;d__0.MoveNext() in d:\github.com\NuGetGallery\FunctionalTests\NuGetGallery.FunctionalTests\WebUITests\UploadAndDownload\AggregateStatsAfterDownload.cs:line 52
   at Microsoft.VisualStudio.TestTools.WebStress.WebTestCaseVariation.ExecuteNextTopLevelRequest()</StackTrace>
        </ErrorInfo>
      </Output>
      <ResultFiles>
        <ResultFile path="AggregateStatsInHomePage.webtestResult" />
      </ResultFiles>
      <TestSettings name="Local" id="62f583f0-2eca-4773-bed0-474a13faad76">
        <Description>These are default test settings for a local test run.</Description>
        <Deployment userDeploymentRoot="." useDefaultDeploymentRoot="false" runDeploymentRoot="TestResults[38]">
          <DeploymentItem filename=".nuget\NuGet.Config" />
          <DeploymentItem filename=".nuget\NuGet.exe" />
          <DeploymentItem filename=".nuget\NuGet.targets" />
        </Deployment>
        <NamingScheme baseName="TestResults" appendTimeStamp="false" useDefault="false" />
        <Execution>
          <TestTypeSpecific>
            <UnitTestRunConfig testTypeId="13cdc9d9-ddb5-4fa4-a97d-d965ccfc6d4b">
              <AssemblyResolution>
                <TestDirectory useLoadContext="true" />
              </AssemblyResolution>
            </UnitTestRunConfig>
            <WebTestRunConfiguration testTypeId="4e7599fa-5ecb-43e9-a887-cd63cf72d207">
              <Browser name="Internet Explorer 9.0" MaxConnections="6">
                <Headers>
                  <Header name="User-Agent" value="Mozilla/5.0 (compatible; MSIE 9.0; Windows NT 6.1; Trident/5.0)" />
                  <Header name="Accept" value="*/*" />
                  <Header name="Accept-Language" value="en-US,en;q=0.8,zh-Hans-CN;q=0.5,zh-Hans;q=0.3" />
                  <Header name="Accept-Encoding" value="GZIP" />
                </Headers>
              </Browser>
            </WebTestRunConfiguration>
          </TestTypeSpecific>
          <AgentRule name="LocalMachineDefaultRole">
          </AgentRule>
        </Execution>
      </TestSettings>
      <WebTestResultFilePath>TestResults[38]\In\e32cff5f-2ec6-444c-bb1b-bae67487ebc4\AggregateStatsInHomePage.webtestResult</WebTestResultFilePath>
    </WebTestResult>
    <WebTestResult executionId="9acb2f6a-45a3-454d-916b-0bc1fa540c08" testId="6c390634-83d7-955a-87c4-b41e59b8d7ae" testName="RegisterInvalidUserTest" computerName="CLAYCO7" duration="00:00:00.9878979" startTime="2013-04-17T12:35:36.2533764-07:00" endTime="2013-04-17T12:35:37.2473055-07:00" testType="37e36796-fb51-4610-8d5c-e00ceaa68b9f" outcome="Passed" testListId="8c84fa94-04c1-424b-9868-57a2d4851a1d" relativeResultsDirectory="9acb2f6a-45a3-454d-916b-0bc1fa540c08">
      <ResultFiles>
        <ResultFile path="RegisterInvalidUserTest.webtestResult" />
      </ResultFiles>
      <TestSettings name="Local" id="62f583f0-2eca-4773-bed0-474a13faad76">
        <Description>These are default test settings for a local test run.</Description>
        <Deployment userDeploymentRoot="." useDefaultDeploymentRoot="false" runDeploymentRoot="TestResults[38]">
          <DeploymentItem filename=".nuget\NuGet.Config" />
          <DeploymentItem filename=".nuget\NuGet.exe" />
          <DeploymentItem filename=".nuget\NuGet.targets" />
        </Deployment>
        <NamingScheme baseName="TestResults" appendTimeStamp="false" useDefault="false" />
        <Execution>
          <TestTypeSpecific>
            <UnitTestRunConfig testTypeId="13cdc9d9-ddb5-4fa4-a97d-d965ccfc6d4b">
              <AssemblyResolution>
                <TestDirectory useLoadContext="true" />
              </AssemblyResolution>
            </UnitTestRunConfig>
            <WebTestRunConfiguration testTypeId="4e7599fa-5ecb-43e9-a887-cd63cf72d207">
              <Browser name="Internet Explorer 9.0" MaxConnections="6">
                <Headers>
                  <Header name="User-Agent" value="Mozilla/5.0 (compatible; MSIE 9.0; Windows NT 6.1; Trident/5.0)" />
                  <Header name="Accept" value="*/*" />
                  <Header name="Accept-Language" value="en-US,en;q=0.8,zh-Hans-CN;q=0.5,zh-Hans;q=0.3" />
                  <Header name="Accept-Encoding" value="GZIP" />
                </Headers>
              </Browser>
            </WebTestRunConfiguration>
          </TestTypeSpecific>
          <AgentRule name="LocalMachineDefaultRole">
          </AgentRule>
        </Execution>
      </TestSettings>
      <WebTestResultFilePath>TestResults[38]\In\9acb2f6a-45a3-454d-916b-0bc1fa540c08\RegisterInvalidUserTest.webtestResult</WebTestResultFilePath>
    </WebTestResult>
  </Results>
</TestRun>