<?xml version="1.0" encoding="UTF-8"?>
<TestRun id="9cedc06a-30ab-4ca1-a985-e6ad258065ad" name="TestResults" runUser="REDMOND\clayco" xmlns="http://microsoft.com/schemas/VisualStudio/TeamTest/2010">
  <TestSettings name="Local" id="62f583f0-2eca-4773-bed0-474a13faad76">
    <Description>These are default test settings for a local test run.</Description>
    <Deployment userDeploymentRoot="." useDefaultDeploymentRoot="false" runDeploymentRoot="TestResults[51]">
      <DeploymentItem filename=".nuget\NuGet.Config" />
      <DeploymentItem filename=".nuget\NuGet.exe" />
      <DeploymentItem filename=".nuget\NuGet.targets" />
    </Deployment>
    <NamingScheme baseName="TestResults" appendTimeStamp="false" useDefault="false" />
    <Execution>
      <TestTypeSpecific>
        <UnitTestRunConfig testTypeId="13cdc9d9-ddb5-4fa4-a97d-d965ccfc6d4b">
          <AssemblyResolution>
            <TestDirectory useLoadContext="true" />
          </AssemblyResolution>
        </UnitTestRunConfig>
        <WebTestRunConfiguration testTypeId="4e7599fa-5ecb-43e9-a887-cd63cf72d207">
          <Browser name="Internet Explorer 9.0" MaxConnections="6">
            <Headers>
              <Header name="User-Agent" value="Mozilla/5.0 (compatible; MSIE 9.0; Windows NT 6.1; Trident/5.0)" />
              <Header name="Accept" value="*/*" />
              <Header name="Accept-Language" value="{{$IEAcceptLanguage}}" />
              <Header name="Accept-Encoding" value="GZIP" />
            </Headers>
          </Browser>
        </WebTestRunConfiguration>
      </TestTypeSpecific>
      <AgentRule name="LocalMachineDefaultRole">
      </AgentRule>
    </Execution>
  </TestSettings>
  <Times creation="2013-04-22T20:46:57.2061893-07:00" queuing="2013-04-22T20:46:57.4583859-07:00" start="2013-04-22T20:46:57.5784846-07:00" finish="2013-04-22T20:47:50.8858098-07:00" />
  <ResultSummary outcome="Error">
    <Counters total="41" executed="41" passed="22" error="6" failed="13" timeout="0" aborted="0" inconclusive="0" passedButRunAborted="0" notRunnable="0" notExecuted="0" disconnected="0" warning="0" completed="0" inProgress="0" pending="0" />
  </ResultSummary>
  <TestDefinitions>
    <UnitTest name="SearchWebMatrixCuratedFeed" storage="d:\github.com\nugetgallery\functionaltests\nugetgallery.functionaltests\bin\nugetgallery.functionaltests.dll" id="4808abb0-e068-dde3-e6bf-b1a137b6f0f9">
      <Description>Performs a querystring-based search of the WebMatrix curated feed.  Confirms expected packages are returned.</Description>
      <Execution id="426241d2-aa31-4161-b977-9e612d009e9f" />
      <TestMethod codeBase="d:/github.com/nugetgallery/functionaltests/nugetgallery.functionaltests/bin/NuGetGallery.FunctionalTests.DLL" adapterTypeName="Microsoft.VisualStudio.TestTools.TestTypes.Unit.UnitTestAdapter, Microsoft.VisualStudio.QualityTools.Tips.UnitTest.Adapter, Version=11.0.0.0, Culture=neutral, PublicKeyToken=b03f5f7f11d50a3a" className="NuGetGallery.FunctionalTests.Features.CuratedFeedTest, NuGetGallery.FunctionalTests, Version=1.0.0.0, Culture=neutral, PublicKeyToken=null" name="SearchWebMatrixCuratedFeed" />
    </UnitTest>
    <UnitTest name="SearchWindows8CuratedFeed" storage="d:\github.com\nugetgallery\functionaltests\nugetgallery.functionaltests\bin\nugetgallery.functionaltests.dll" id="e40da15b-eedb-5ba3-88d7-9972079c30a6">
      <Description>Performs a querystring-based search of the Windows 8 curated feed.  Confirms expected packages are returned.</Description>
      <Execution id="25c35871-5d10-4e5c-983b-e771bf72b59a" />
      <TestMethod codeBase="d:/github.com/nugetgallery/functionaltests/nugetgallery.functionaltests/bin/NuGetGallery.FunctionalTests.DLL" adapterTypeName="Microsoft.VisualStudio.TestTools.TestTypes.Unit.UnitTestAdapter, Microsoft.VisualStudio.QualityTools.Tips.UnitTest.Adapter, Version=11.0.0.0, Culture=neutral, PublicKeyToken=b03f5f7f11d50a3a" className="NuGetGallery.FunctionalTests.Features.CuratedFeedTest, NuGetGallery.FunctionalTests, Version=1.0.0.0, Culture=neutral, PublicKeyToken=null" name="SearchWindows8CuratedFeed" />
    </UnitTest>
    <CodedWebTest name="ContactOwnerTest" storage="d:\github.com\nugetgallery\functionaltests\nugetgallery.functionaltests\bin\nugetgallery.functionaltests.dll" id="a6f81ddd-4476-9109-b107-ff9673898e71">
      <Execution id="7d160aeb-7569-4489-be8c-66d8225d29c3" />
      <WebTestClass assembly="NuGetGallery.FunctionalTests, Version=1.0.0.0, Culture=neutral, PublicKeyToken=null" namespace="NuGetGallery.FunctionalTests.WebUITests.PackageManagement" class="ContactOwnerTest" />
    </CodedWebTest>
    <UnitTest name="UploadMultipleVersionOfPackage" storage="d:\github.com\nugetgallery\functionaltests\nugetgallery.functionaltests\bin\nugetgallery.functionaltests.dll" priority="1" id="5d62a4b0-dcba-4028-434b-2b747b4c411f">
      <Description>Upload multiple versions of a package and see if it gets uploaded properly</Description>
      <Execution id="2030fa89-75cf-46e6-a7f3-596b7b1b95cf" />
      <TestMethod codeBase="d:/github.com/nugetgallery/functionaltests/nugetgallery.functionaltests/bin/NuGetGallery.FunctionalTests.DLL" adapterTypeName="Microsoft.VisualStudio.TestTools.TestTypes.Unit.UnitTestAdapter, Microsoft.VisualStudio.QualityTools.Tips.UnitTest.Adapter, Version=11.0.0.0, Culture=neutral, PublicKeyToken=b03f5f7f11d50a3a" className="NuGetGallery.FunctionalTests.Features.PackageVersionTest, NuGetGallery.FunctionalTests, Version=1.0.0.0, Culture=neutral, PublicKeyToken=null" name="UploadMultipleVersionOfPackage" />
    </UnitTest>
    <UnitTest name="AddPackageToWindows8CuratedFeed" storage="d:\github.com\nugetgallery\functionaltests\nugetgallery.functionaltests\bin\nugetgallery.functionaltests.dll" priority="1" id="2653a81d-b439-f73a-c036-efc0ec29de69">
      <Description>Creates a package with Windows8 tags. Uploads it and checks if it has been curated</Description>
      <Execution id="dada4110-474b-472f-8b42-c20c99f63d0f" />
      <TestMethod codeBase="d:/github.com/nugetgallery/functionaltests/nugetgallery.functionaltests/bin/NuGetGallery.FunctionalTests.DLL" adapterTypeName="Microsoft.VisualStudio.TestTools.TestTypes.Unit.UnitTestAdapter, Microsoft.VisualStudio.QualityTools.Tips.UnitTest.Adapter, Version=11.0.0.0, Culture=neutral, PublicKeyToken=b03f5f7f11d50a3a" className="NuGetGallery.FunctionalTests.Features.CuratedFeedTest, NuGetGallery.FunctionalTests, Version=1.0.0.0, Culture=neutral, PublicKeyToken=null" name="AddPackageToWindows8CuratedFeed" />
    </UnitTest>
    <UnitTest name="FindPackagesByIdTest" storage="d:\github.com\nugetgallery\functionaltests\nugetgallery.functionaltests\bin\nugetgallery.functionaltests.dll" id="2a6c6363-3869-0c15-2d51-409738bef970">
      <Execution id="a52a5e40-5529-4aaa-83e8-091880e6a565" />
      <TestMethod codeBase="d:/github.com/nugetgallery/functionaltests/nugetgallery.functionaltests/bin/NuGetGallery.FunctionalTests.DLL" adapterTypeName="Microsoft.VisualStudio.TestTools.TestTypes.Unit.UnitTestAdapter, Microsoft.VisualStudio.QualityTools.Tips.UnitTest.Adapter, Version=11.0.0.0, Culture=neutral, PublicKeyToken=b03f5f7f11d50a3a" className="NuGetGallery.FunctionalTests.ODataTests.V2FeedTest, NuGetGallery.FunctionalTests, Version=1.0.0.0, Culture=neutral, PublicKeyToken=null" name="FindPackagesByIdTest" />
    </UnitTest>
    <CodedWebTest name="HomePageValidationTest" storage="d:\github.com\nugetgallery\functionaltests\nugetgallery.functionaltests\bin\nugetgallery.functionaltests.dll" id="d527504e-456c-ed4a-8eba-7c20c18ba47d">
      <Execution id="b65a83ba-08ad-4992-89af-d4d358f3fefa" />
      <WebTestClass assembly="NuGetGallery.FunctionalTests, Version=1.0.0.0, Culture=neutral, PublicKeyToken=null" namespace="NuGetGallery.FunctionalTests" class="HomePageValidationTest" />
    </CodedWebTest>
    <UnitTest name="RestorePackageFromV2Feed" storage="d:\github.com\nugetgallery\functionaltests\nugetgallery.functionaltests\bin\nugetgallery.functionaltests.dll" priority="0" id="916d542f-9953-383f-a9cc-e87980667cf3">
      <Description>Restores a package from the V2 feed and checks if the file is present on local disk</Description>
      <Execution id="dce65378-8e13-4b40-9a17-664f01081b8d" />
      <TestMethod codeBase="d:/github.com/nugetgallery/functionaltests/nugetgallery.functionaltests/bin/NuGetGallery.FunctionalTests.DLL" adapterTypeName="Microsoft.VisualStudio.TestTools.TestTypes.Unit.UnitTestAdapter, Microsoft.VisualStudio.QualityTools.Tips.UnitTest.Adapter, Version=11.0.0.0, Culture=neutral, PublicKeyToken=b03f5f7f11d50a3a" className="NuGetGallery.FunctionalTests.ODataFeedTests.V2FeedTest, NuGetGallery.FunctionalTests, Version=1.0.0.0, Culture=neutral, PublicKeyToken=null" name="RestorePackageFromV2Feed" />
    </UnitTest>
    <UnitTest name="SearchV2Feed" storage="d:\github.com\nugetgallery\functionaltests\nugetgallery.functionaltests\bin\nugetgallery.functionaltests.dll" id="93269e98-8dd5-495f-dce5-ac7d2e101b5b">
      <Description>Performs a querystring-based search of the default (non-curated) v2 feed.  Confirms expected packages are returned.</Description>
      <Execution id="04bceed7-12d1-4063-9588-5b5580a7f780" />
      <TestMethod codeBase="d:/github.com/nugetgallery/functionaltests/nugetgallery.functionaltests/bin/NuGetGallery.FunctionalTests.DLL" adapterTypeName="Microsoft.VisualStudio.TestTools.TestTypes.Unit.UnitTestAdapter, Microsoft.VisualStudio.QualityTools.Tips.UnitTest.Adapter, Version=11.0.0.0, Culture=neutral, PublicKeyToken=b03f5f7f11d50a3a" className="NuGetGallery.FunctionalTests.Features.SearchTest, NuGetGallery.FunctionalTests, Version=1.0.0.0, Culture=neutral, PublicKeyToken=null" name="SearchV2Feed" />
    </UnitTest>
    <CodedWebTest name="LogonTest" storage="d:\github.com\nugetgallery\functionaltests\nugetgallery.functionaltests\bin\nugetgallery.functionaltests.dll" id="a1c602d9-292b-1042-380c-707cec091de9">
      <Execution id="21f8cd90-72aa-423e-99e1-e90f0b77cb7c" />
      <WebTestClass assembly="NuGetGallery.FunctionalTests, Version=1.0.0.0, Culture=neutral, PublicKeyToken=null" namespace="NuGetGallery.FunctionalTests" class="LogonTest" />
    </CodedWebTest>
    <CodedWebTest name="RegisterInvalidUserTest" storage="d:\github.com\nugetgallery\functionaltests\nugetgallery.functionaltests\bin\nugetgallery.functionaltests.dll" id="6c390634-83d7-955a-87c4-b41e59b8d7ae">
      <Execution id="81b7035f-bc3f-4508-a4e2-28616fbf54ae" />
      <WebTestClass assembly="NuGetGallery.FunctionalTests, Version=1.0.0.0, Culture=neutral, PublicKeyToken=null" namespace="NuGetGallery.FunctionalTests" class="RegisterInvalidUserTest" />
    </CodedWebTest>
    <UnitTest name="SearchV1Feed" storage="d:\github.com\nugetgallery\functionaltests\nugetgallery.functionaltests\bin\nugetgallery.functionaltests.dll" id="1023d05b-493c-b740-c3dd-cea86069017f">
      <Description>Performs a querystring-based search of the v1 feed.  Confirms expected packages are returned.</Description>
      <Execution id="e42ab12a-f1a1-4ebe-94ec-ca7401dc672a" />
      <TestMethod codeBase="d:/github.com/nugetgallery/functionaltests/nugetgallery.functionaltests/bin/NuGetGallery.FunctionalTests.DLL" adapterTypeName="Microsoft.VisualStudio.TestTools.TestTypes.Unit.UnitTestAdapter, Microsoft.VisualStudio.QualityTools.Tips.UnitTest.Adapter, Version=11.0.0.0, Culture=neutral, PublicKeyToken=b03f5f7f11d50a3a" className="NuGetGallery.FunctionalTests.Features.SearchTest, NuGetGallery.FunctionalTests, Version=1.0.0.0, Culture=neutral, PublicKeyToken=null" name="SearchV1Feed" />
    </UnitTest>
    <CodedWebTest name="InvalidLogonTest" storage="d:\github.com\nugetgallery\functionaltests\nugetgallery.functionaltests\bin\nugetgallery.functionaltests.dll" id="5d66c021-336a-34c0-9414-19ea84bd29bc">
      <Execution id="6de676ab-efe1-46bd-9867-73cf8915162e" />
      <WebTestClass assembly="NuGetGallery.FunctionalTests, Version=1.0.0.0, Culture=neutral, PublicKeyToken=null" namespace="NuGetGallery.FunctionalTests" class="InvalidLogonTest" />
    </CodedWebTest>
    <CodedWebTest name="SecurityHeaderTest" storage="d:\github.com\nugetgallery\functionaltests\nugetgallery.functionaltests\bin\nugetgallery.functionaltests.dll" id="d53feaf3-be7c-3e85-2afa-d33fc0e450a3">
      <Execution id="a0127572-02db-4999-b390-ff1ab0fa2aa0" />
      <WebTestClass assembly="NuGetGallery.FunctionalTests, Version=1.0.0.0, Culture=neutral, PublicKeyToken=null" namespace="NuGetGallery.FunctionalTests" class="SecurityHeaderTest" />
    </CodedWebTest>
    <CodedWebTest name="AggregateStatsInHomePage" storage="d:\github.com\nugetgallery\functionaltests\nugetgallery.functionaltests\bin\nugetgallery.functionaltests.dll" id="340e6bba-7e3d-842d-7ee1-669ddc667c0c">
      <Execution id="bd4993e0-acd3-4bee-ace5-f15bf5ed8e4a" />
      <WebTestClass assembly="NuGetGallery.FunctionalTests, Version=1.0.0.0, Culture=neutral, PublicKeyToken=null" namespace="NuGetGallery.FunctionalTests" class="AggregateStatsInHomePage" />
    </CodedWebTest>
    <CodedWebTest name="ManagePackagesPageTest" storage="d:\github.com\nugetgallery\functionaltests\nugetgallery.functionaltests\bin\nugetgallery.functionaltests.dll" id="42a9bfc6-ed87-df50-c848-82aca2c8fd0d">
      <Execution id="130e3554-ad63-4885-bbc9-3bef9a63e765" />
      <WebTestClass assembly="NuGetGallery.FunctionalTests, Version=1.0.0.0, Culture=neutral, PublicKeyToken=null" namespace="NuGetGallery.FunctionalTests.WebUITests.PackageManagement" class="ManagePackagesPageTest" />
    </CodedWebTest>
    <UnitTest name="DownloadPackageWithNuGetCoreTest" storage="d:\github.com\nugetgallery\functionaltests\nugetgallery.functionaltests\bin\nugetgallery.functionaltests.dll" priority="0" id="04cd200b-33df-3564-ded5-686cdfe44f77">
      <Description>Downloads a package from the server and validates that the file is present in the local disk</Description>
      <Execution id="f7cce786-074f-4b9d-8c4e-81cfed0e5b9e" />
      <TestMethod codeBase="d:/github.com/nugetgallery/functionaltests/nugetgallery.functionaltests/bin/NuGetGallery.FunctionalTests.DLL" adapterTypeName="Microsoft.VisualStudio.TestTools.TestTypes.Unit.UnitTestAdapter, Microsoft.VisualStudio.QualityTools.Tips.UnitTest.Adapter, Version=11.0.0.0, Culture=neutral, PublicKeyToken=b03f5f7f11d50a3a" className="NuGetGallery.FunctionalTests.NuGetCoreTests, NuGetGallery.FunctionalTests, Version=1.0.0.0, Culture=neutral, PublicKeyToken=null" name="DownloadPackageWithNuGetCoreTest" />
    </UnitTest>
    <CodedWebTest name="StatisticsPageTest" storage="d:\github.com\nugetgallery\functionaltests\nugetgallery.functionaltests\bin\nugetgallery.functionaltests.dll" id="9ad6e2e2-a082-8088-00f6-e05079fd89a0">
      <Execution id="a36dc0b4-f959-496c-85e6-9ae8e2948b9a" />
      <WebTestClass assembly="NuGetGallery.FunctionalTests, Version=1.0.0.0, Culture=neutral, PublicKeyToken=null" namespace="NuGetGallery.FunctionalTests" class="StatisticsPageTest" />
    </CodedWebTest>
    <UnitTest name="UploadAndDownLoadPackageWithDotCsNames" storage="d:\github.com\nugetgallery\functionaltests\nugetgallery.functionaltests\bin\nugetgallery.functionaltests.dll" priority="1" id="aedace0f-10de-70d5-5e45-b7227987df86">
      <Description>Creates a test package which ends with .cs and pushes it to the server using Nuget.exe</Description>
      <Execution id="0b56f1c0-a8ff-4433-b097-9c5471a8e82a" />
      <TestMethod codeBase="d:/github.com/nugetgallery/functionaltests/nugetgallery.functionaltests/bin/NuGetGallery.FunctionalTests.DLL" adapterTypeName="Microsoft.VisualStudio.TestTools.TestTypes.Unit.UnitTestAdapter, Microsoft.VisualStudio.QualityTools.Tips.UnitTest.Adapter, Version=11.0.0.0, Culture=neutral, PublicKeyToken=b03f5f7f11d50a3a" className="NuGetGallery.FunctionalTests.ClientIntegrationTests.NugetCommandLineTests, NuGetGallery.FunctionalTests, Version=1.0.0.0, Culture=neutral, PublicKeyToken=null" name="UploadAndDownLoadPackageWithDotCsNames" />
    </UnitTest>
    <UnitTest name="GetUpdatesTest" storage="d:\github.com\nugetgallery\functionaltests\nugetgallery.functionaltests\bin\nugetgallery.functionaltests.dll" id="02d43bf4-c2fb-43fb-6999-a16887a86fa6">
      <Execution id="e372fe07-b365-4d61-a150-de552186af6f" />
      <TestMethod codeBase="d:/github.com/nugetgallery/functionaltests/nugetgallery.functionaltests/bin/NuGetGallery.FunctionalTests.DLL" adapterTypeName="Microsoft.VisualStudio.TestTools.TestTypes.Unit.UnitTestAdapter, Microsoft.VisualStudio.QualityTools.Tips.UnitTest.Adapter, Version=11.0.0.0, Culture=neutral, PublicKeyToken=b03f5f7f11d50a3a" className="NuGetGallery.FunctionalTests.ODataTests.V2FeedTest, NuGetGallery.FunctionalTests, Version=1.0.0.0, Culture=neutral, PublicKeyToken=null" name="GetUpdatesTest" />
    </UnitTest>
    <CodedWebTest name="UploadPackageWithoutLoginTest" storage="d:\github.com\nugetgallery\functionaltests\nugetgallery.functionaltests\bin\nugetgallery.functionaltests.dll" id="0449da0f-5881-ffca-f9d0-f7c0ad709071">
      <Execution id="7bc238ee-eea3-4ef1-bc2b-30858c7e57c3" />
      <WebTestClass assembly="NuGetGallery.FunctionalTests, Version=1.0.0.0, Culture=neutral, PublicKeyToken=null" namespace="NuGetGallery.FunctionalTests" class="UploadPackageWithoutLoginTest" />
    </CodedWebTest>
    <CodedWebTest name="UploadPackageFromUI" storage="d:\github.com\nugetgallery\functionaltests\nugetgallery.functionaltests\bin\nugetgallery.functionaltests.dll" id="80baf145-2a87-1c50-450f-57e4de9d3b4f">
      <Execution id="68aaaabc-4620-46c5-8ee6-90d20cc9e378" />
      <WebTestClass assembly="NuGetGallery.FunctionalTests, Version=1.0.0.0, Culture=neutral, PublicKeyToken=null" namespace="NuGetGallery.FunctionalTests" class="UploadPackageFromUI" />
    </CodedWebTest>
    <UnitTest name="DownloadPackageFromV2Feed" storage="d:\github.com\nugetgallery\functionaltests\nugetgallery.functionaltests\bin\nugetgallery.functionaltests.dll" priority="0" id="cc44bdbd-ce3e-69f6-f020-1fcb65293738">
      <Description>Downloads a package from the V2 feed and checks if the file is present on local disk</Description>
      <Execution id="16e1acc1-032b-4f9d-b698-404da97daeb6" />
      <TestMethod codeBase="d:/github.com/nugetgallery/functionaltests/nugetgallery.functionaltests/bin/NuGetGallery.FunctionalTests.DLL" adapterTypeName="Microsoft.VisualStudio.TestTools.TestTypes.Unit.UnitTestAdapter, Microsoft.VisualStudio.QualityTools.Tips.UnitTest.Adapter, Version=11.0.0.0, Culture=neutral, PublicKeyToken=b03f5f7f11d50a3a" className="NuGetGallery.FunctionalTests.ODataFeedTests.V2FeedTest, NuGetGallery.FunctionalTests, Version=1.0.0.0, Culture=neutral, PublicKeyToken=null" name="DownloadPackageFromV2Feed" />
    </UnitTest>
    <CodedWebTest name="RegisterNewUserTest" storage="d:\github.com\nugetgallery\functionaltests\nugetgallery.functionaltests\bin\nugetgallery.functionaltests.dll" id="428c8a13-f822-cffc-6ae0-78452d15e1fb">
      <Execution id="b69b7cac-168f-4f74-9742-a0658a86e0f6" />
      <WebTestClass assembly="NuGetGallery.FunctionalTests, Version=1.0.0.0, Culture=neutral, PublicKeyToken=null" namespace="NuGetGallery.FunctionalTests" class="RegisterNewUserTest" />
    </CodedWebTest>
    <CodedWebTest name="PackagesPageTest" storage="d:\github.com\nugetgallery\functionaltests\nugetgallery.functionaltests\bin\nugetgallery.functionaltests.dll" id="5ceca307-8fd2-e863-65bb-d8151e5dafba">
      <Execution id="db5f50e0-0e24-4fed-af8e-ab79c696e14b" />
      <WebTestClass assembly="NuGetGallery.FunctionalTests, Version=1.0.0.0, Culture=neutral, PublicKeyToken=null" namespace="NuGetGallery.FunctionalTests" class="PackagesPageTest" />
    </CodedWebTest>
    <UnitTest name="DownPackageWithNuGetCommandLineTest" storage="d:\github.com\nugetgallery\functionaltests\nugetgallery.functionaltests\bin\nugetgallery.functionaltests.dll" priority="0" id="f206f30d-af4b-ae66-9032-732bc03336c1">
      <Description>Downloads a package using NuGet.exe and checks if the package file is present in the output dir</Description>
      <Execution id="960c59a9-3339-433d-a75d-6df89e647770" />
      <TestMethod codeBase="d:/github.com/nugetgallery/functionaltests/nugetgallery.functionaltests/bin/NuGetGallery.FunctionalTests.DLL" adapterTypeName="Microsoft.VisualStudio.TestTools.TestTypes.Unit.UnitTestAdapter, Microsoft.VisualStudio.QualityTools.Tips.UnitTest.Adapter, Version=11.0.0.0, Culture=neutral, PublicKeyToken=b03f5f7f11d50a3a" className="NuGetGallery.FunctionalTests.ClientIntegrationTests.NugetCommandLineTests, NuGetGallery.FunctionalTests, Version=1.0.0.0, Culture=neutral, PublicKeyToken=null" name="DownPackageWithNuGetCommandLineTest" />
    </UnitTest>
    <CodedWebTest name="ContactUsAndReportAbuseLinkTest" storage="d:\github.com\nugetgallery\functionaltests\nugetgallery.functionaltests\bin\nugetgallery.functionaltests.dll" id="e95ef3f5-4ae2-36dc-5d98-7ace7daaf2ea">
      <Execution id="51f041a0-f34b-424f-ace4-35f756fed816" />
      <WebTestClass assembly="NuGetGallery.FunctionalTests, Version=1.0.0.0, Culture=neutral, PublicKeyToken=null" namespace="NuGetGallery.FunctionalTests.WebUITests.PackageManagement" class="ContactUsAndReportAbuseLinkTest" />
    </CodedWebTest>
    <CodedWebTest name="UploadPackageWithMinClientVersionFromUITest" storage="d:\github.com\nugetgallery\functionaltests\nugetgallery.functionaltests\bin\nugetgallery.functionaltests.dll" id="336cce10-fc9c-411f-b491-c5f9f404e7b7">
      <Execution id="c90ae744-6d0b-479f-8fdc-9a1dd6db9d1a" />
      <WebTestClass assembly="NuGetGallery.FunctionalTests, Version=1.0.0.0, Culture=neutral, PublicKeyToken=null" namespace="NuGetGallery.FunctionalTests.WebUITests.PackageManagement" class="UploadPackageWithMinClientVersionFromUITest" />
    </CodedWebTest>
    <UnitTest name="UploadPackageWithNuGetCommandLineTest" storage="d:\github.com\nugetgallery\functionaltests\nugetgallery.functionaltests\bin\nugetgallery.functionaltests.dll" priority="0" id="baeffb56-e5a3-71a3-dcf4-ca714ba14856">
      <Description>Creates a test package and pushes it to the server using Nuget.exe</Description>
      <Execution id="0bbe5726-2ccb-4665-a427-6ccd07fdc48d" />
      <TestMethod codeBase="d:/github.com/nugetgallery/functionaltests/nugetgallery.functionaltests/bin/NuGetGallery.FunctionalTests.DLL" adapterTypeName="Microsoft.VisualStudio.TestTools.TestTypes.Unit.UnitTestAdapter, Microsoft.VisualStudio.QualityTools.Tips.UnitTest.Adapter, Version=11.0.0.0, Culture=neutral, PublicKeyToken=b03f5f7f11d50a3a" className="NuGetGallery.FunctionalTests.ClientIntegrationTests.NugetCommandLineTests, NuGetGallery.FunctionalTests, Version=1.0.0.0, Culture=neutral, PublicKeyToken=null" name="UploadPackageWithNuGetCommandLineTest" />
    </UnitTest>
    <UnitTest name="UploadAndDownLoadPackageWithMinClientVersion" storage="d:\github.com\nugetgallery\functionaltests\nugetgallery.functionaltests\bin\nugetgallery.functionaltests.dll" priority="0" id="38905457-2302-9ddf-ad04-3107d5b18355">
      <Description>Creates a test package with minclientversion tag and pushes it to the server using Nuget.exe</Description>
      <Execution id="70832960-be07-45bf-ac34-215aa112668b" />
      <TestMethod codeBase="d:/github.com/nugetgallery/functionaltests/nugetgallery.functionaltests/bin/NuGetGallery.FunctionalTests.DLL" adapterTypeName="Microsoft.VisualStudio.TestTools.TestTypes.Unit.UnitTestAdapter, Microsoft.VisualStudio.QualityTools.Tips.UnitTest.Adapter, Version=11.0.0.0, Culture=neutral, PublicKeyToken=b03f5f7f11d50a3a" className="NuGetGallery.FunctionalTests.ClientIntegrationTests.NugetCommandLineTests, NuGetGallery.FunctionalTests, Version=1.0.0.0, Culture=neutral, PublicKeyToken=null" name="UploadAndDownLoadPackageWithMinClientVersion" />
    </UnitTest>
    <CodedWebTest name="DeletePackageTest" storage="d:\github.com\nugetgallery\functionaltests\nugetgallery.functionaltests\bin\nugetgallery.functionaltests.dll" id="9387a1a2-3523-2e44-8030-533d344923cf">
      <Execution id="4aa42687-7899-46c2-90b9-2169dcc57016" />
      <WebTestClass assembly="NuGetGallery.FunctionalTests, Version=1.0.0.0, Culture=neutral, PublicKeyToken=null" namespace="NuGetGallery.FunctionalTests" class="DeletePackageTest" />
    </CodedWebTest>
    <CodedWebTest name="ReadOnlyModeRegisterNewUserTest" storage="d:\github.com\nugetgallery\functionaltests\nugetgallery.functionaltests\bin\nugetgallery.functionaltests.dll" id="c320789f-a801-c187-e7d8-0f17b24ff835">
      <Execution id="a466d1b1-9e4d-47b1-a5c6-c8eff90d9d5d" />
      <WebTestClass assembly="NuGetGallery.FunctionalTests, Version=1.0.0.0, Culture=neutral, PublicKeyToken=null" namespace="NuGetGallery.FunctionalTests" class="ReadOnlyModeRegisterNewUserTest" />
    </CodedWebTest>
  </TestDefinitions>
  <TestLists>
    <TestList name="Results Not in a List" id="8c84fa94-04c1-424b-9868-57a2d4851a1d" />
    <TestList name="P0Tests" id="01372d05-1ac1-4f00-ac37-5ca977686e4e" parentListId="8c43106b-9dc1-4907-a29f-aa66a61bf5b6">
      <TestLinks>
        <TestLink id="d527504e-456c-ed4a-8eba-7c20c18ba47d" name="HomePageValidationTest" storage="d:\github.com\nugetgallery\functionaltests\nugetgallery.functionaltests\bin\nugetgallery.functionaltests.dll" type="Microsoft.VisualStudio.TestTools.WebStress.CodedWebTestElement, Microsoft.VisualStudio.QualityTools.LoadTest,   PublicKeyToken=b03f5f7f11d50a3a" />
        <TestLink id="a1c602d9-292b-1042-380c-707cec091de9" name="LogonTest" storage="d:\github.com\nugetgallery\functionaltests\nugetgallery.functionaltests\bin\nugetgallery.functionaltests.dll" type="Microsoft.VisualStudio.TestTools.WebStress.CodedWebTestElement, Microsoft.VisualStudio.QualityTools.LoadTest,   PublicKeyToken=b03f5f7f11d50a3a" />
        <TestLink id="80baf145-2a87-1c50-450f-57e4de9d3b4f" name="UploadPackageFromUI" storage="d:\github.com\nugetgallery\functionaltests\nugetgallery.functionaltests\bin\nugetgallery.functionaltests.dll" type="Microsoft.VisualStudio.TestTools.WebStress.CodedWebTestElement, Microsoft.VisualStudio.QualityTools.LoadTest,   PublicKeyToken=b03f5f7f11d50a3a" />
        <TestLink id="cc44bdbd-ce3e-69f6-f020-1fcb65293738" name="DownloadPackageFromV2Feed" storage="d:\github.com\nugetgallery\functionaltests\nugetgallery.functionaltests\bin\nugetgallery.functionaltests.dll" type="Microsoft.VisualStudio.TestTools.TestTypes.Unit.UnitTestElement, Microsoft.VisualStudio.QualityTools.Tips.UnitTest.ObjectModel, Version=11.0.0.0, Culture=neutral, PublicKeyToken=b03f5f7f11d50a3a" />
        <TestLink id="916d542f-9953-383f-a9cc-e87980667cf3" name="RestorePackageFromV2Feed" storage="d:\github.com\nugetgallery\functionaltests\nugetgallery.functionaltests\bin\nugetgallery.functionaltests.dll" type="Microsoft.VisualStudio.TestTools.TestTypes.Unit.UnitTestElement, Microsoft.VisualStudio.QualityTools.Tips.UnitTest.ObjectModel, Version=11.0.0.0, Culture=neutral, PublicKeyToken=b03f5f7f11d50a3a" />
      </TestLinks>
    </TestList>
    <TestList name="ReadOnlyModeTests" id="f9b8ac1f-7978-4738-afc2-6918b063e5c3" parentListId="8c43106b-9dc1-4907-a29f-aa66a61bf5b6">
      <TestLinks>
        <TestLink id="c320789f-a801-c187-e7d8-0f17b24ff835" name="ReadOnlyModeRegisterNewUserTest" storage="d:\github.com\nugetgallery\functionaltests\nugetgallery.functionaltests\bin\nugetgallery.functionaltests.dll" type="Microsoft.VisualStudio.TestTools.WebStress.CodedWebTestElement, Microsoft.VisualStudio.QualityTools.LoadTest,   PublicKeyToken=b03f5f7f11d50a3a" />
        <TestLink id="04cd200b-33df-3564-ded5-686cdfe44f77" name="DownloadPackageWithNuGetCoreTest" storage="d:\github.com\nugetgallery\functionaltests\nugetgallery.functionaltests\bin\nugetgallery.functionaltests.dll" type="Microsoft.VisualStudio.TestTools.TestTypes.Unit.UnitTestElement, Microsoft.VisualStudio.QualityTools.Tips.UnitTest.ObjectModel, Version=11.0.0.0, Culture=neutral, PublicKeyToken=b03f5f7f11d50a3a" />
        <TestLink id="9ad6e2e2-a082-8088-00f6-e05079fd89a0" name="StatisticsPageTest" storage="d:\github.com\nugetgallery\functionaltests\nugetgallery.functionaltests\bin\nugetgallery.functionaltests.dll" type="Microsoft.VisualStudio.TestTools.WebStress.CodedWebTestElement, Microsoft.VisualStudio.QualityTools.LoadTest,   PublicKeyToken=b03f5f7f11d50a3a" />
        <TestLink id="f206f30d-af4b-ae66-9032-732bc03336c1" name="DownPackageWithNuGetCommandLineTest" storage="d:\github.com\nugetgallery\functionaltests\nugetgallery.functionaltests\bin\nugetgallery.functionaltests.dll" type="Microsoft.VisualStudio.TestTools.TestTypes.Unit.UnitTestElement, Microsoft.VisualStudio.QualityTools.Tips.UnitTest.ObjectModel, Version=11.0.0.0, Culture=neutral, PublicKeyToken=b03f5f7f11d50a3a" />
        <TestLink id="d527504e-456c-ed4a-8eba-7c20c18ba47d" name="HomePageValidationTest" storage="d:\github.com\nugetgallery\functionaltests\nugetgallery.functionaltests\bin\nugetgallery.functionaltests.dll" type="Microsoft.VisualStudio.TestTools.WebStress.CodedWebTestElement, Microsoft.VisualStudio.QualityTools.LoadTest,   PublicKeyToken=b03f5f7f11d50a3a" />
        <TestLink id="a1c602d9-292b-1042-380c-707cec091de9" name="LogonTest" storage="d:\github.com\nugetgallery\functionaltests\nugetgallery.functionaltests\bin\nugetgallery.functionaltests.dll" type="Microsoft.VisualStudio.TestTools.WebStress.CodedWebTestElement, Microsoft.VisualStudio.QualityTools.LoadTest,   PublicKeyToken=b03f5f7f11d50a3a" />
      </TestLinks>
    </TestList>
    <TestList name="AllHappyPathTests" id="b836686b-8922-4ce2-8bcc-bd368809954a" parentListId="8c43106b-9dc1-4907-a29f-aa66a61bf5b6">
      <TestLinks>
        <TestLink id="916d542f-9953-383f-a9cc-e87980667cf3" name="RestorePackageFromV2Feed" storage="d:\github.com\nugetgallery\functionaltests\nugetgallery.functionaltests\bin\nugetgallery.functionaltests.dll" type="Microsoft.VisualStudio.TestTools.TestTypes.Unit.UnitTestElement, Microsoft.VisualStudio.QualityTools.Tips.UnitTest.ObjectModel, Version=11.0.0.0, Culture=neutral, PublicKeyToken=b03f5f7f11d50a3a" />
        <TestLink id="04cd200b-33df-3564-ded5-686cdfe44f77" name="DownloadPackageWithNuGetCoreTest" storage="d:\github.com\nugetgallery\functionaltests\nugetgallery.functionaltests\bin\nugetgallery.functionaltests.dll" type="Microsoft.VisualStudio.TestTools.TestTypes.Unit.UnitTestElement, Microsoft.VisualStudio.QualityTools.Tips.UnitTest.ObjectModel, Version=11.0.0.0, Culture=neutral, PublicKeyToken=b03f5f7f11d50a3a" />
        <TestLink id="0449da0f-5881-ffca-f9d0-f7c0ad709071" name="UploadPackageWithoutLoginTest" storage="d:\github.com\nugetgallery\functionaltests\nugetgallery.functionaltests\bin\nugetgallery.functionaltests.dll" type="Microsoft.VisualStudio.TestTools.WebStress.CodedWebTestElement, Microsoft.VisualStudio.QualityTools.LoadTest,   PublicKeyToken=b03f5f7f11d50a3a" />
        <TestLink id="42a9bfc6-ed87-df50-c848-82aca2c8fd0d" name="ManagePackagesPageTest" storage="d:\github.com\nugetgallery\functionaltests\nugetgallery.functionaltests\bin\nugetgallery.functionaltests.dll" type="Microsoft.VisualStudio.TestTools.WebStress.CodedWebTestElement, Microsoft.VisualStudio.QualityTools.LoadTest,   PublicKeyToken=b03f5f7f11d50a3a" />
        <TestLink id="428c8a13-f822-cffc-6ae0-78452d15e1fb" name="RegisterNewUserTest" storage="d:\github.com\nugetgallery\functionaltests\nugetgallery.functionaltests\bin\nugetgallery.functionaltests.dll" type="Microsoft.VisualStudio.TestTools.WebStress.CodedWebTestElement, Microsoft.VisualStudio.QualityTools.LoadTest,   PublicKeyToken=b03f5f7f11d50a3a" />
        <TestLink id="a6f81ddd-4476-9109-b107-ff9673898e71" name="ContactOwnerTest" storage="d:\github.com\nugetgallery\functionaltests\nugetgallery.functionaltests\bin\nugetgallery.functionaltests.dll" type="Microsoft.VisualStudio.TestTools.WebStress.CodedWebTestElement, Microsoft.VisualStudio.QualityTools.LoadTest,   PublicKeyToken=b03f5f7f11d50a3a" />
        <TestLink id="f206f30d-af4b-ae66-9032-732bc03336c1" name="DownPackageWithNuGetCommandLineTest" storage="d:\github.com\nugetgallery\functionaltests\nugetgallery.functionaltests\bin\nugetgallery.functionaltests.dll" type="Microsoft.VisualStudio.TestTools.TestTypes.Unit.UnitTestElement, Microsoft.VisualStudio.QualityTools.Tips.UnitTest.ObjectModel, Version=11.0.0.0, Culture=neutral, PublicKeyToken=b03f5f7f11d50a3a" />
        <TestLink id="d527504e-456c-ed4a-8eba-7c20c18ba47d" name="HomePageValidationTest" storage="d:\github.com\nugetgallery\functionaltests\nugetgallery.functionaltests\bin\nugetgallery.functionaltests.dll" type="Microsoft.VisualStudio.TestTools.WebStress.CodedWebTestElement, Microsoft.VisualStudio.QualityTools.LoadTest,   PublicKeyToken=b03f5f7f11d50a3a" />
        <TestLink id="9387a1a2-3523-2e44-8030-533d344923cf" name="DeletePackageTest" storage="d:\github.com\nugetgallery\functionaltests\nugetgallery.functionaltests\bin\nugetgallery.functionaltests.dll" type="Microsoft.VisualStudio.TestTools.WebStress.CodedWebTestElement, Microsoft.VisualStudio.QualityTools.LoadTest,   PublicKeyToken=b03f5f7f11d50a3a" />
        <TestLink id="80baf145-2a87-1c50-450f-57e4de9d3b4f" name="UploadPackageFromUI" storage="d:\github.com\nugetgallery\functionaltests\nugetgallery.functionaltests\bin\nugetgallery.functionaltests.dll" type="Microsoft.VisualStudio.TestTools.WebStress.CodedWebTestElement, Microsoft.VisualStudio.QualityTools.LoadTest,   PublicKeyToken=b03f5f7f11d50a3a" />
        <TestLink id="5ceca307-8fd2-e863-65bb-d8151e5dafba" name="PackagesPageTest" storage="d:\github.com\nugetgallery\functionaltests\nugetgallery.functionaltests\bin\nugetgallery.functionaltests.dll" type="Microsoft.VisualStudio.TestTools.WebStress.CodedWebTestElement, Microsoft.VisualStudio.QualityTools.LoadTest,   PublicKeyToken=b03f5f7f11d50a3a" />
        <TestLink id="02d43bf4-c2fb-43fb-6999-a16887a86fa6" name="GetUpdatesTest" storage="d:\github.com\nugetgallery\functionaltests\nugetgallery.functionaltests\bin\nugetgallery.functionaltests.dll" type="Microsoft.VisualStudio.TestTools.TestTypes.Unit.UnitTestElement, Microsoft.VisualStudio.QualityTools.Tips.UnitTest.ObjectModel, Version=11.0.0.0, Culture=neutral, PublicKeyToken=b03f5f7f11d50a3a" />
        <TestLink id="5d62a4b0-dcba-4028-434b-2b747b4c411f" name="UploadMultipleVersionOfPackage" storage="d:\github.com\nugetgallery\functionaltests\nugetgallery.functionaltests\bin\nugetgallery.functionaltests.dll" type="Microsoft.VisualStudio.TestTools.TestTypes.Unit.UnitTestElement, Microsoft.VisualStudio.QualityTools.Tips.UnitTest.ObjectModel, Version=11.0.0.0, Culture=neutral, PublicKeyToken=b03f5f7f11d50a3a" />
        <TestLink id="baeffb56-e5a3-71a3-dcf4-ca714ba14856" name="UploadPackageWithNuGetCommandLineTest" storage="d:\github.com\nugetgallery\functionaltests\nugetgallery.functionaltests\bin\nugetgallery.functionaltests.dll" type="Microsoft.VisualStudio.TestTools.TestTypes.Unit.UnitTestElement, Microsoft.VisualStudio.QualityTools.Tips.UnitTest.ObjectModel, Version=11.0.0.0, Culture=neutral, PublicKeyToken=b03f5f7f11d50a3a" />
        <TestLink id="cc44bdbd-ce3e-69f6-f020-1fcb65293738" name="DownloadPackageFromV2Feed" storage="d:\github.com\nugetgallery\functionaltests\nugetgallery.functionaltests\bin\nugetgallery.functionaltests.dll" type="Microsoft.VisualStudio.TestTools.TestTypes.Unit.UnitTestElement, Microsoft.VisualStudio.QualityTools.Tips.UnitTest.ObjectModel, Version=11.0.0.0, Culture=neutral, PublicKeyToken=b03f5f7f11d50a3a" />
        <TestLink id="2a6c6363-3869-0c15-2d51-409738bef970" name="FindPackagesByIdTest" storage="d:\github.com\nugetgallery\functionaltests\nugetgallery.functionaltests\bin\nugetgallery.functionaltests.dll" type="Microsoft.VisualStudio.TestTools.TestTypes.Unit.UnitTestElement, Microsoft.VisualStudio.QualityTools.Tips.UnitTest.ObjectModel, Version=11.0.0.0, Culture=neutral, PublicKeyToken=b03f5f7f11d50a3a" />
        <TestLink id="a1c602d9-292b-1042-380c-707cec091de9" name="LogonTest" storage="d:\github.com\nugetgallery\functionaltests\nugetgallery.functionaltests\bin\nugetgallery.functionaltests.dll" type="Microsoft.VisualStudio.TestTools.WebStress.CodedWebTestElement, Microsoft.VisualStudio.QualityTools.LoadTest,   PublicKeyToken=b03f5f7f11d50a3a" />
      </TestLinks>
    </TestList>
    <TestList name="All Loaded Results" id="19431567-8539-422a-85d7-44ee4e166bda" />
    <TestList name="Lists of Results" id="8c43106b-9dc1-4907-a29f-aa66a61bf5b6" />
  </TestLists>
  <TestEntries>
    <TestEntry testId="916d542f-9953-383f-a9cc-e87980667cf3" executionId="f7bec502-3ff6-48c1-9758-301a052d8db1" testListId="01372d05-1ac1-4f00-ac37-5ca977686e4e" />
    <TestEntry isTransparent="false" testId="a1c602d9-292b-1042-380c-707cec091de9" executionId="f7b82917-a201-4719-bc6b-184910cd758b" testListId="01372d05-1ac1-4f00-ac37-5ca977686e4e" />
    <TestEntry isTransparent="false" testId="80baf145-2a87-1c50-450f-57e4de9d3b4f" executionId="02ce9923-6c4b-4e0c-ae8b-f6e3377059db" testListId="01372d05-1ac1-4f00-ac37-5ca977686e4e" />
    <TestEntry testId="cc44bdbd-ce3e-69f6-f020-1fcb65293738" executionId="84cd39d5-5492-46c8-94cf-eeabe3c696ba" testListId="01372d05-1ac1-4f00-ac37-5ca977686e4e" />
    <TestEntry isTransparent="false" testId="d527504e-456c-ed4a-8eba-7c20c18ba47d" executionId="0b0c7964-d439-4cef-8aa7-315a1a212ff3" testListId="01372d05-1ac1-4f00-ac37-5ca977686e4e" />
    <TestEntry isTransparent="false" testId="5ceca307-8fd2-e863-65bb-d8151e5dafba" executionId="db5f50e0-0e24-4fed-af8e-ab79c696e14b" testListId="b836686b-8922-4ce2-8bcc-bd368809954a" />
    <TestEntry isTransparent="false" testId="80baf145-2a87-1c50-450f-57e4de9d3b4f" executionId="68aaaabc-4620-46c5-8ee6-90d20cc9e378" testListId="b836686b-8922-4ce2-8bcc-bd368809954a" />
    <TestEntry isTransparent="false" testId="42a9bfc6-ed87-df50-c848-82aca2c8fd0d" executionId="130e3554-ad63-4885-bbc9-3bef9a63e765" testListId="b836686b-8922-4ce2-8bcc-bd368809954a" />
    <TestEntry isTransparent="false" testId="a1c602d9-292b-1042-380c-707cec091de9" executionId="da00ec19-66fd-4d70-afd3-d389c36a2b15" testListId="b836686b-8922-4ce2-8bcc-bd368809954a" />
    <TestEntry testId="2a6c6363-3869-0c15-2d51-409738bef970" executionId="a52a5e40-5529-4aaa-83e8-091880e6a565" testListId="b836686b-8922-4ce2-8bcc-bd368809954a" />
    <TestEntry isTransparent="false" testId="a6f81ddd-4476-9109-b107-ff9673898e71" executionId="7d160aeb-7569-4489-be8c-66d8225d29c3" testListId="b836686b-8922-4ce2-8bcc-bd368809954a" />
    <TestEntry testId="cc44bdbd-ce3e-69f6-f020-1fcb65293738" executionId="16e1acc1-032b-4f9d-b698-404da97daeb6" testListId="b836686b-8922-4ce2-8bcc-bd368809954a" />
    <TestEntry testId="916d542f-9953-383f-a9cc-e87980667cf3" executionId="dce65378-8e13-4b40-9a17-664f01081b8d" testListId="b836686b-8922-4ce2-8bcc-bd368809954a" />
    <TestEntry isTransparent="false" testId="d527504e-456c-ed4a-8eba-7c20c18ba47d" executionId="7db27663-04bc-451a-9aff-0972fcb585b4" testListId="b836686b-8922-4ce2-8bcc-bd368809954a" />
    <TestEntry testId="baeffb56-e5a3-71a3-dcf4-ca714ba14856" executionId="0bbe5726-2ccb-4665-a427-6ccd07fdc48d" testListId="b836686b-8922-4ce2-8bcc-bd368809954a" />
    <TestEntry testId="02d43bf4-c2fb-43fb-6999-a16887a86fa6" executionId="e372fe07-b365-4d61-a150-de552186af6f" testListId="b836686b-8922-4ce2-8bcc-bd368809954a" />
    <TestEntry testId="f206f30d-af4b-ae66-9032-732bc03336c1" executionId="d618f6de-591c-4f23-bd6d-b1d528b8d986" testListId="b836686b-8922-4ce2-8bcc-bd368809954a" />
    <TestEntry isTransparent="false" testId="0449da0f-5881-ffca-f9d0-f7c0ad709071" executionId="7bc238ee-eea3-4ef1-bc2b-30858c7e57c3" testListId="b836686b-8922-4ce2-8bcc-bd368809954a" />
    <TestEntry isTransparent="false" testId="428c8a13-f822-cffc-6ae0-78452d15e1fb" executionId="b69b7cac-168f-4f74-9742-a0658a86e0f6" testListId="b836686b-8922-4ce2-8bcc-bd368809954a" />
    <TestEntry testId="5d62a4b0-dcba-4028-434b-2b747b4c411f" executionId="2030fa89-75cf-46e6-a7f3-596b7b1b95cf" testListId="b836686b-8922-4ce2-8bcc-bd368809954a" />
    <TestEntry isTransparent="false" testId="9387a1a2-3523-2e44-8030-533d344923cf" executionId="4aa42687-7899-46c2-90b9-2169dcc57016" testListId="b836686b-8922-4ce2-8bcc-bd368809954a" />
    <TestEntry testId="04cd200b-33df-3564-ded5-686cdfe44f77" executionId="8fea5cf0-5cf9-4cc2-8e90-94c294150463" testListId="b836686b-8922-4ce2-8bcc-bd368809954a" />
    <TestEntry isTransparent="false" testId="9ad6e2e2-a082-8088-00f6-e05079fd89a0" executionId="a36dc0b4-f959-496c-85e6-9ae8e2948b9a" testListId="f9b8ac1f-7978-4738-afc2-6918b063e5c3" />
    <TestEntry isTransparent="false" testId="a1c602d9-292b-1042-380c-707cec091de9" executionId="21f8cd90-72aa-423e-99e1-e90f0b77cb7c" testListId="f9b8ac1f-7978-4738-afc2-6918b063e5c3" />
    <TestEntry testId="f206f30d-af4b-ae66-9032-732bc03336c1" executionId="960c59a9-3339-433d-a75d-6df89e647770" testListId="f9b8ac1f-7978-4738-afc2-6918b063e5c3" />
    <TestEntry isTransparent="false" testId="c320789f-a801-c187-e7d8-0f17b24ff835" executionId="a466d1b1-9e4d-47b1-a5c6-c8eff90d9d5d" testListId="f9b8ac1f-7978-4738-afc2-6918b063e5c3" />
    <TestEntry testId="04cd200b-33df-3564-ded5-686cdfe44f77" executionId="f7cce786-074f-4b9d-8c4e-81cfed0e5b9e" testListId="f9b8ac1f-7978-4738-afc2-6918b063e5c3" />
    <TestEntry isTransparent="false" testId="d527504e-456c-ed4a-8eba-7c20c18ba47d" executionId="b65a83ba-08ad-4992-89af-d4d358f3fefa" testListId="f9b8ac1f-7978-4738-afc2-6918b063e5c3" />
    <TestEntry testId="1023d05b-493c-b740-c3dd-cea86069017f" executionId="e42ab12a-f1a1-4ebe-94ec-ca7401dc672a" testListId="8c84fa94-04c1-424b-9868-57a2d4851a1d" />
    <TestEntry testId="93269e98-8dd5-495f-dce5-ac7d2e101b5b" executionId="04bceed7-12d1-4063-9588-5b5580a7f780" testListId="8c84fa94-04c1-424b-9868-57a2d4851a1d" />
    <TestEntry testId="38905457-2302-9ddf-ad04-3107d5b18355" executionId="70832960-be07-45bf-ac34-215aa112668b" testListId="8c84fa94-04c1-424b-9868-57a2d4851a1d" />
    <TestEntry testId="aedace0f-10de-70d5-5e45-b7227987df86" executionId="0b56f1c0-a8ff-4433-b097-9c5471a8e82a" testListId="8c84fa94-04c1-424b-9868-57a2d4851a1d" />
    <TestEntry testId="2653a81d-b439-f73a-c036-efc0ec29de69" executionId="dada4110-474b-472f-8b42-c20c99f63d0f" testListId="8c84fa94-04c1-424b-9868-57a2d4851a1d" />
    <TestEntry testId="e40da15b-eedb-5ba3-88d7-9972079c30a6" executionId="25c35871-5d10-4e5c-983b-e771bf72b59a" testListId="8c84fa94-04c1-424b-9868-57a2d4851a1d" />
    <TestEntry testId="4808abb0-e068-dde3-e6bf-b1a137b6f0f9" executionId="426241d2-aa31-4161-b977-9e612d009e9f" testListId="8c84fa94-04c1-424b-9868-57a2d4851a1d" />
    <TestEntry isTransparent="false" testId="5d66c021-336a-34c0-9414-19ea84bd29bc" executionId="6de676ab-efe1-46bd-9867-73cf8915162e" testListId="8c84fa94-04c1-424b-9868-57a2d4851a1d" />
    <TestEntry isTransparent="false" testId="d53feaf3-be7c-3e85-2afa-d33fc0e450a3" executionId="a0127572-02db-4999-b390-ff1ab0fa2aa0" testListId="8c84fa94-04c1-424b-9868-57a2d4851a1d" />
    <TestEntry isTransparent="false" testId="e95ef3f5-4ae2-36dc-5d98-7ace7daaf2ea" executionId="51f041a0-f34b-424f-ace4-35f756fed816" testListId="8c84fa94-04c1-424b-9868-57a2d4851a1d" />
    <TestEntry isTransparent="false" testId="336cce10-fc9c-411f-b491-c5f9f404e7b7" executionId="c90ae744-6d0b-479f-8fdc-9a1dd6db9d1a" testListId="8c84fa94-04c1-424b-9868-57a2d4851a1d" />
    <TestEntry isTransparent="false" testId="340e6bba-7e3d-842d-7ee1-669ddc667c0c" executionId="bd4993e0-acd3-4bee-ace5-f15bf5ed8e4a" testListId="8c84fa94-04c1-424b-9868-57a2d4851a1d" />
    <TestEntry isTransparent="false" testId="6c390634-83d7-955a-87c4-b41e59b8d7ae" executionId="81b7035f-bc3f-4508-a4e2-28616fbf54ae" testListId="8c84fa94-04c1-424b-9868-57a2d4851a1d" />
  </TestEntries>
  <Results>
    <UnitTestResult executionId="f7bec502-3ff6-48c1-9758-301a052d8db1" testId="916d542f-9953-383f-a9cc-e87980667cf3" testName="RestorePackageFromV2Feed" computerName="CLAYCO7" duration="00:00:00.2579444" startTime="2013-04-22T20:46:57.6155146-07:00" endTime="2013-04-22T20:46:59.0234102-07:00" testType="13cdc9d9-ddb5-4fa4-a97d-d965ccfc6d4b" outcome="Passed" testListId="01372d05-1ac1-4f00-ac37-5ca977686e4e" relativeResultsDirectory="f7bec502-3ff6-48c1-9758-301a052d8db1">
    </UnitTestResult>
    <WebTestResult executionId="f7b82917-a201-4719-bc6b-184910cd758b" testId="a1c602d9-292b-1042-380c-707cec091de9" testName="LogonTest" computerName="CLAYCO7" duration="00:00:01.0776586" startTime="2013-04-22T20:46:59.0824637-07:00" endTime="2013-04-22T20:47:10.7463916-07:00" testType="37e36796-fb51-4610-8d5c-e00ceaa68b9f" outcome="Failed" testListId="01372d05-1ac1-4f00-ac37-5ca977686e4e" relativeResultsDirectory="f7b82917-a201-4719-bc6b-184910cd758b">
      <Output>
        <ErrorInfo>
          <Message>1 primary requests, 0 dependant requests and 0 conditional rules failed</Message>
        </ErrorInfo>
      </Output>
      <ResultFiles>
        <ResultFile path="LogonTest.webtestResult" />
      </ResultFiles>
      <TestSettings name="Local" id="62f583f0-2eca-4773-bed0-474a13faad76">
        <Description>These are default test settings for a local test run.</Description>
        <Deployment userDeploymentRoot="." useDefaultDeploymentRoot="false" runDeploymentRoot="TestResults[51]">
          <DeploymentItem filename=".nuget\NuGet.Config" />
          <DeploymentItem filename=".nuget\NuGet.exe" />
          <DeploymentItem filename=".nuget\NuGet.targets" />
        </Deployment>
        <NamingScheme baseName="TestResults" appendTimeStamp="false" useDefault="false" />
        <Execution>
          <TestTypeSpecific>
            <UnitTestRunConfig testTypeId="13cdc9d9-ddb5-4fa4-a97d-d965ccfc6d4b">
              <AssemblyResolution>
                <TestDirectory useLoadContext="true" />
              </AssemblyResolution>
            </UnitTestRunConfig>
            <WebTestRunConfiguration testTypeId="4e7599fa-5ecb-43e9-a887-cd63cf72d207">
              <Browser name="Internet Explorer 9.0" MaxConnections="6">
                <Headers>
                  <Header name="User-Agent" value="Mozilla/5.0 (compatible; MSIE 9.0; Windows NT 6.1; Trident/5.0)" />
                  <Header name="Accept" value="*/*" />
                  <Header name="Accept-Language" value="{{$IEAcceptLanguage}}" />
                  <Header name="Accept-Encoding" value="GZIP" />
                </Headers>
              </Browser>
            </WebTestRunConfiguration>
          </TestTypeSpecific>
          <AgentRule name="LocalMachineDefaultRole">
          </AgentRule>
        </Execution>
      </TestSettings>
      <WebTestResultFilePath>TestResults[51]\In\f7b82917-a201-4719-bc6b-184910cd758b\LogonTest.webtestResult</WebTestResultFilePath>
    </WebTestResult>
    <WebTestResult executionId="02ce9923-6c4b-4e0c-ae8b-f6e3377059db" testId="80baf145-2a87-1c50-450f-57e4de9d3b4f" testName="UploadPackageFromUI" computerName="CLAYCO7" duration="00:00:02.6112945" startTime="2013-04-22T20:47:10.7503960-07:00" endTime="2013-04-22T20:47:13.3709445-07:00" testType="37e36796-fb51-4610-8d5c-e00ceaa68b9f" testListId="01372d05-1ac1-4f00-ac37-5ca977686e4e" relativeResultsDirectory="02ce9923-6c4b-4e0c-ae8b-f6e3377059db">
      <Output>
        <ErrorInfo>
          <Message>Exception occurred: There is no context parameter with the name '$HIDDEN1.Listed' in the WebTestContext</Message>
          <StackTrace>   at Microsoft.VisualStudio.TestTools.WebTesting.WebTestContext.get_Item(String key)
   at NuGetGallery.FunctionalTests.AssertAndValidationHelper.GetVerifyPackagePostRequestForPackage(WebTest test, String packageId, String packageVersion) in d:\github.com\NuGetGallery\FunctionalTests\NuGetGallery.FunctionalTests\WebUITests\AssertAndValidationHelper.cs:line 145
   at NuGetGallery.FunctionalTests.UploadPackageFromUI.&lt;GetRequestEnumerator&gt;d__0.MoveNext() in d:\github.com\NuGetGallery\FunctionalTests\NuGetGallery.FunctionalTests\WebUITests\UploadAndDownload\UploadPackageFromUI.cs:line 53
   at Microsoft.VisualStudio.TestTools.WebStress.WebTestCaseVariation.ExecuteNextTopLevelRequest()</StackTrace>
        </ErrorInfo>
      </Output>
      <ResultFiles>
        <ResultFile path="UploadPackageFromUI.webtestResult" />
      </ResultFiles>
      <TestSettings name="Local" id="62f583f0-2eca-4773-bed0-474a13faad76">
        <Description>These are default test settings for a local test run.</Description>
        <Deployment userDeploymentRoot="." useDefaultDeploymentRoot="false" runDeploymentRoot="TestResults[51]">
          <DeploymentItem filename=".nuget\NuGet.Config" />
          <DeploymentItem filename=".nuget\NuGet.exe" />
          <DeploymentItem filename=".nuget\NuGet.targets" />
        </Deployment>
        <NamingScheme baseName="TestResults" appendTimeStamp="false" useDefault="false" />
        <Execution>
          <TestTypeSpecific>
            <UnitTestRunConfig testTypeId="13cdc9d9-ddb5-4fa4-a97d-d965ccfc6d4b">
              <AssemblyResolution>
                <TestDirectory useLoadContext="true" />
              </AssemblyResolution>
            </UnitTestRunConfig>
            <WebTestRunConfiguration testTypeId="4e7599fa-5ecb-43e9-a887-cd63cf72d207">
              <Browser name="Internet Explorer 9.0" MaxConnections="6">
                <Headers>
                  <Header name="User-Agent" value="Mozilla/5.0 (compatible; MSIE 9.0; Windows NT 6.1; Trident/5.0)" />
                  <Header name="Accept" value="*/*" />
                  <Header name="Accept-Language" value="en-US,en;q=0.8,zh-Hans-CN;q=0.5,zh-Hans;q=0.3" />
                  <Header name="Accept-Encoding" value="GZIP" />
                </Headers>
              </Browser>
            </WebTestRunConfiguration>
          </TestTypeSpecific>
          <AgentRule name="LocalMachineDefaultRole">
          </AgentRule>
        </Execution>
      </TestSettings>
      <WebTestResultFilePath>TestResults[51]\In\02ce9923-6c4b-4e0c-ae8b-f6e3377059db\UploadPackageFromUI.webtestResult</WebTestResultFilePath>
    </WebTestResult>
    <UnitTestResult executionId="84cd39d5-5492-46c8-94cf-eeabe3c696ba" testId="cc44bdbd-ce3e-69f6-f020-1fcb65293738" testName="DownloadPackageFromV2Feed" computerName="CLAYCO7" duration="00:00:00.1585791" startTime="2013-04-22T20:47:13.3749443-07:00" endTime="2013-04-22T20:47:13.5374840-07:00" testType="13cdc9d9-ddb5-4fa4-a97d-d965ccfc6d4b" outcome="Passed" testListId="01372d05-1ac1-4f00-ac37-5ca977686e4e" relativeResultsDirectory="84cd39d5-5492-46c8-94cf-eeabe3c696ba">
    </UnitTestResult>
    <WebTestResult executionId="0b0c7964-d439-4cef-8aa7-315a1a212ff3" testId="d527504e-456c-ed4a-8eba-7c20c18ba47d" testName="HomePageValidationTest" computerName="CLAYCO7" duration="00:00:00.4182948" startTime="2013-04-22T20:47:13.5414870-07:00" endTime="2013-04-22T20:47:13.9671907-07:00" testType="37e36796-fb51-4610-8d5c-e00ceaa68b9f" outcome="Passed" testListId="01372d05-1ac1-4f00-ac37-5ca977686e4e" relativeResultsDirectory="0b0c7964-d439-4cef-8aa7-315a1a212ff3">
      <ResultFiles>
        <ResultFile path="HomePageValidationTest.webtestResult" />
      </ResultFiles>
      <TestSettings name="Local" id="62f583f0-2eca-4773-bed0-474a13faad76">
        <Description>These are default test settings for a local test run.</Description>
        <Deployment userDeploymentRoot="." useDefaultDeploymentRoot="false" runDeploymentRoot="TestResults[51]">
          <DeploymentItem filename=".nuget\NuGet.Config" />
          <DeploymentItem filename=".nuget\NuGet.exe" />
          <DeploymentItem filename=".nuget\NuGet.targets" />
        </Deployment>
        <NamingScheme baseName="TestResults" appendTimeStamp="false" useDefault="false" />
        <Execution>
          <TestTypeSpecific>
            <UnitTestRunConfig testTypeId="13cdc9d9-ddb5-4fa4-a97d-d965ccfc6d4b">
              <AssemblyResolution>
                <TestDirectory useLoadContext="true" />
              </AssemblyResolution>
            </UnitTestRunConfig>
            <WebTestRunConfiguration testTypeId="4e7599fa-5ecb-43e9-a887-cd63cf72d207">
              <Browser name="Internet Explorer 9.0" MaxConnections="6">
                <Headers>
                  <Header name="User-Agent" value="Mozilla/5.0 (compatible; MSIE 9.0; Windows NT 6.1; Trident/5.0)" />
                  <Header name="Accept" value="*/*" />
                  <Header name="Accept-Language" value="en-US,en;q=0.8,zh-Hans-CN;q=0.5,zh-Hans;q=0.3" />
                  <Header name="Accept-Encoding" value="GZIP" />
                </Headers>
              </Browser>
            </WebTestRunConfiguration>
          </TestTypeSpecific>
          <AgentRule name="LocalMachineDefaultRole">
          </AgentRule>
        </Execution>
      </TestSettings>
      <WebTestResultFilePath>TestResults[51]\In\0b0c7964-d439-4cef-8aa7-315a1a212ff3\HomePageValidationTest.webtestResult</WebTestResultFilePath>
    </WebTestResult>
    <WebTestResult executionId="db5f50e0-0e24-4fed-af8e-ab79c696e14b" testId="5ceca307-8fd2-e863-65bb-d8151e5dafba" testName="PackagesPageTest" computerName="CLAYCO7" duration="00:00:01.2182466" startTime="2013-04-22T20:47:13.9711945-07:00" endTime="2013-04-22T20:47:15.1967659-07:00" testType="37e36796-fb51-4610-8d5c-e00ceaa68b9f" outcome="Passed" testListId="b836686b-8922-4ce2-8bcc-bd368809954a" relativeResultsDirectory="db5f50e0-0e24-4fed-af8e-ab79c696e14b">
      <ResultFiles>
        <ResultFile path="PackagesPageTest.webtestResult" />
      </ResultFiles>
      <TestSettings name="Local" id="62f583f0-2eca-4773-bed0-474a13faad76">
        <Description>These are default test settings for a local test run.</Description>
        <Deployment userDeploymentRoot="." useDefaultDeploymentRoot="false" runDeploymentRoot="TestResults[51]">
          <DeploymentItem filename=".nuget\NuGet.Config" />
          <DeploymentItem filename=".nuget\NuGet.exe" />
          <DeploymentItem filename=".nuget\NuGet.targets" />
        </Deployment>
        <NamingScheme baseName="TestResults" appendTimeStamp="false" useDefault="false" />
        <Execution>
          <TestTypeSpecific>
            <UnitTestRunConfig testTypeId="13cdc9d9-ddb5-4fa4-a97d-d965ccfc6d4b">
              <AssemblyResolution>
                <TestDirectory useLoadContext="true" />
              </AssemblyResolution>
            </UnitTestRunConfig>
            <WebTestRunConfiguration testTypeId="4e7599fa-5ecb-43e9-a887-cd63cf72d207">
              <Browser name="Internet Explorer 9.0" MaxConnections="6">
                <Headers>
                  <Header name="User-Agent" value="Mozilla/5.0 (compatible; MSIE 9.0; Windows NT 6.1; Trident/5.0)" />
                  <Header name="Accept" value="*/*" />
                  <Header name="Accept-Language" value="en-US,en;q=0.8,zh-Hans-CN;q=0.5,zh-Hans;q=0.3" />
                  <Header name="Accept-Encoding" value="GZIP" />
                </Headers>
              </Browser>
            </WebTestRunConfiguration>
          </TestTypeSpecific>
          <AgentRule name="LocalMachineDefaultRole">
          </AgentRule>
        </Execution>
      </TestSettings>
      <WebTestResultFilePath>TestResults[51]\In\db5f50e0-0e24-4fed-af8e-ab79c696e14b\PackagesPageTest.webtestResult</WebTestResultFilePath>
    </WebTestResult>
    <WebTestResult executionId="68aaaabc-4620-46c5-8ee6-90d20cc9e378" testId="80baf145-2a87-1c50-450f-57e4de9d3b4f" testName="UploadPackageFromUI" computerName="CLAYCO7" duration="00:00:02.4221611" startTime="2013-04-22T20:47:15.2017706-07:00" endTime="2013-04-22T20:47:17.6305343-07:00" testType="37e36796-fb51-4610-8d5c-e00ceaa68b9f" testListId="b836686b-8922-4ce2-8bcc-bd368809954a" relativeResultsDirectory="68aaaabc-4620-46c5-8ee6-90d20cc9e378">
      <Output>
        <ErrorInfo>
          <Message>Exception occurred: There is no context parameter with the name '$HIDDEN1.Listed' in the WebTestContext</Message>
          <StackTrace>   at Microsoft.VisualStudio.TestTools.WebTesting.WebTestContext.get_Item(String key)
   at NuGetGallery.FunctionalTests.AssertAndValidationHelper.GetVerifyPackagePostRequestForPackage(WebTest test, String packageId, String packageVersion) in d:\github.com\NuGetGallery\FunctionalTests\NuGetGallery.FunctionalTests\WebUITests\AssertAndValidationHelper.cs:line 145
   at NuGetGallery.FunctionalTests.UploadPackageFromUI.&lt;GetRequestEnumerator&gt;d__0.MoveNext() in d:\github.com\NuGetGallery\FunctionalTests\NuGetGallery.FunctionalTests\WebUITests\UploadAndDownload\UploadPackageFromUI.cs:line 53
   at Microsoft.VisualStudio.TestTools.WebStress.WebTestCaseVariation.ExecuteNextTopLevelRequest()</StackTrace>
        </ErrorInfo>
      </Output>
      <ResultFiles>
        <ResultFile path="UploadPackageFromUI.webtestResult" />
      </ResultFiles>
      <TestSettings name="Local" id="62f583f0-2eca-4773-bed0-474a13faad76">
        <Description>These are default test settings for a local test run.</Description>
        <Deployment userDeploymentRoot="." useDefaultDeploymentRoot="false" runDeploymentRoot="TestResults[51]">
          <DeploymentItem filename=".nuget\NuGet.Config" />
          <DeploymentItem filename=".nuget\NuGet.exe" />
          <DeploymentItem filename=".nuget\NuGet.targets" />
        </Deployment>
        <NamingScheme baseName="TestResults" appendTimeStamp="false" useDefault="false" />
        <Execution>
          <TestTypeSpecific>
            <UnitTestRunConfig testTypeId="13cdc9d9-ddb5-4fa4-a97d-d965ccfc6d4b">
              <AssemblyResolution>
                <TestDirectory useLoadContext="true" />
              </AssemblyResolution>
            </UnitTestRunConfig>
            <WebTestRunConfiguration testTypeId="4e7599fa-5ecb-43e9-a887-cd63cf72d207">
              <Browser name="Internet Explorer 9.0" MaxConnections="6">
                <Headers>
                  <Header name="User-Agent" value="Mozilla/5.0 (compatible; MSIE 9.0; Windows NT 6.1; Trident/5.0)" />
                  <Header name="Accept" value="*/*" />
                  <Header name="Accept-Language" value="en-US,en;q=0.8,zh-Hans-CN;q=0.5,zh-Hans;q=0.3" />
                  <Header name="Accept-Encoding" value="GZIP" />
                </Headers>
              </Browser>
            </WebTestRunConfiguration>
          </TestTypeSpecific>
          <AgentRule name="LocalMachineDefaultRole">
          </AgentRule>
        </Execution>
      </TestSettings>
      <WebTestResultFilePath>TestResults[51]\In\68aaaabc-4620-46c5-8ee6-90d20cc9e378\UploadPackageFromUI.webtestResult</WebTestResultFilePath>
    </WebTestResult>
    <WebTestResult executionId="130e3554-ad63-4885-bbc9-3bef9a63e765" testId="42a9bfc6-ed87-df50-c848-82aca2c8fd0d" testName="ManagePackagesPageTest" computerName="CLAYCO7" duration="00:00:01.3575837" startTime="2013-04-22T20:47:17.6345325-07:00" endTime="2013-04-22T20:47:18.9977408-07:00" testType="37e36796-fb51-4610-8d5c-e00ceaa68b9f" testListId="b836686b-8922-4ce2-8bcc-bd368809954a" relativeResultsDirectory="130e3554-ad63-4885-bbc9-3bef9a63e765">
      <Output>
        <ErrorInfo>
          <Message>Exception occurred: Assert.IsTrue failed. The package upload via Nuget.exe didnt suceed properly. Check the logs to see the process error and output stream</Message>
          <StackTrace>   at Microsoft.VisualStudio.TestTools.UnitTesting.Assert.HandleFail(String assertionName, String message, Object[] parameters)
   at Microsoft.VisualStudio.TestTools.UnitTesting.Assert.IsTrue(Boolean condition, String message)
   at NuGetGallery.FunctionalTests.AssertAndValidationHelper.UploadNewPackageAndVerify(String packageId, String version) in d:\github.com\NuGetGallery\FunctionalTests\NuGetGallery.FunctionalTests\WebUITests\AssertAndValidationHelper.cs:line 170
   at NuGetGallery.FunctionalTests.WebUITests.PackageManagement.ManagePackagesPageTest.&lt;GetRequestEnumerator&gt;d__0.MoveNext() in d:\github.com\NuGetGallery\FunctionalTests\NuGetGallery.FunctionalTests\WebUITests\PackageManagement\ManagePackagesPageTest.cs:line 28
   at Microsoft.VisualStudio.TestTools.WebStress.WebTestCaseVariation.ExecuteNextTopLevelRequest()</StackTrace>
        </ErrorInfo>
      </Output>
      <ResultFiles>
        <ResultFile path="ManagePackagesPageTest.webtestResult" />
      </ResultFiles>
      <TestSettings name="Local" id="62f583f0-2eca-4773-bed0-474a13faad76">
        <Description>These are default test settings for a local test run.</Description>
        <Deployment userDeploymentRoot="." useDefaultDeploymentRoot="false" runDeploymentRoot="TestResults[51]">
          <DeploymentItem filename=".nuget\NuGet.Config" />
          <DeploymentItem filename=".nuget\NuGet.exe" />
          <DeploymentItem filename=".nuget\NuGet.targets" />
        </Deployment>
        <NamingScheme baseName="TestResults" appendTimeStamp="false" useDefault="false" />
        <Execution>
          <TestTypeSpecific>
            <UnitTestRunConfig testTypeId="13cdc9d9-ddb5-4fa4-a97d-d965ccfc6d4b">
              <AssemblyResolution>
                <TestDirectory useLoadContext="true" />
              </AssemblyResolution>
            </UnitTestRunConfig>
            <WebTestRunConfiguration testTypeId="4e7599fa-5ecb-43e9-a887-cd63cf72d207">
              <Browser name="Internet Explorer 9.0" MaxConnections="6">
                <Headers>
                  <Header name="User-Agent" value="Mozilla/5.0 (compatible; MSIE 9.0; Windows NT 6.1; Trident/5.0)" />
                  <Header name="Accept" value="*/*" />
                  <Header name="Accept-Language" value="en-US,en;q=0.8,zh-Hans-CN;q=0.5,zh-Hans;q=0.3" />
                  <Header name="Accept-Encoding" value="GZIP" />
                </Headers>
              </Browser>
            </WebTestRunConfiguration>
          </TestTypeSpecific>
          <AgentRule name="LocalMachineDefaultRole">
          </AgentRule>
        </Execution>
      </TestSettings>
      <WebTestResultFilePath>TestResults[51]\In\130e3554-ad63-4885-bbc9-3bef9a63e765\ManagePackagesPageTest.webtestResult</WebTestResultFilePath>
    </WebTestResult>
    <WebTestResult executionId="da00ec19-66fd-4d70-afd3-d389c36a2b15" testId="a1c602d9-292b-1042-380c-707cec091de9" testName="LogonTest" computerName="CLAYCO7" duration="00:00:00.8364992" startTime="2013-04-22T20:47:19.0017415-07:00" endTime="2013-04-22T20:47:20.3475601-07:00" testType="37e36796-fb51-4610-8d5c-e00ceaa68b9f" outcome="Failed" testListId="b836686b-8922-4ce2-8bcc-bd368809954a" relativeResultsDirectory="da00ec19-66fd-4d70-afd3-d389c36a2b15">
      <Output>
        <ErrorInfo>
          <Message>1 primary requests, 0 dependant requests and 0 conditional rules failed</Message>
        </ErrorInfo>
      </Output>
      <ResultFiles>
        <ResultFile path="LogonTest.webtestResult" />
      </ResultFiles>
      <TestSettings name="Local" id="62f583f0-2eca-4773-bed0-474a13faad76">
        <Description>These are default test settings for a local test run.</Description>
        <Deployment userDeploymentRoot="." useDefaultDeploymentRoot="false" runDeploymentRoot="TestResults[51]">
          <DeploymentItem filename=".nuget\NuGet.Config" />
          <DeploymentItem filename=".nuget\NuGet.exe" />
          <DeploymentItem filename=".nuget\NuGet.targets" />
        </Deployment>
        <NamingScheme baseName="TestResults" appendTimeStamp="false" useDefault="false" />
        <Execution>
          <TestTypeSpecific>
            <UnitTestRunConfig testTypeId="13cdc9d9-ddb5-4fa4-a97d-d965ccfc6d4b">
              <AssemblyResolution>
                <TestDirectory useLoadContext="true" />
              </AssemblyResolution>
            </UnitTestRunConfig>
            <WebTestRunConfiguration testTypeId="4e7599fa-5ecb-43e9-a887-cd63cf72d207">
              <Browser name="Internet Explorer 9.0" MaxConnections="6">
                <Headers>
                  <Header name="User-Agent" value="Mozilla/5.0 (compatible; MSIE 9.0; Windows NT 6.1; Trident/5.0)" />
                  <Header name="Accept" value="*/*" />
                  <Header name="Accept-Language" value="en-US,en;q=0.8,zh-Hans-CN;q=0.5,zh-Hans;q=0.3" />
                  <Header name="Accept-Encoding" value="GZIP" />
                </Headers>
              </Browser>
            </WebTestRunConfiguration>
          </TestTypeSpecific>
          <AgentRule name="LocalMachineDefaultRole">
          </AgentRule>
        </Execution>
      </TestSettings>
      <WebTestResultFilePath>TestResults[51]\In\da00ec19-66fd-4d70-afd3-d389c36a2b15\LogonTest.webtestResult</WebTestResultFilePath>
    </WebTestResult>
    <UnitTestResult executionId="a52a5e40-5529-4aaa-83e8-091880e6a565" testId="2a6c6363-3869-0c15-2d51-409738bef970" testName="FindPackagesByIdTest" computerName="CLAYCO7" duration="00:00:01.2828271" startTime="2013-04-22T20:47:20.3505685-07:00" endTime="2013-04-22T20:47:21.6380838-07:00" testType="13cdc9d9-ddb5-4fa4-a97d-d965ccfc6d4b" outcome="Failed" testListId="b836686b-8922-4ce2-8bcc-bd368809954a" relativeResultsDirectory="a52a5e40-5529-4aaa-83e8-091880e6a565">
      <Output>
        <StdOut>Created 'TestV2FeedFindPackagesById.635022604403565740.nuspec' successfully.


Attempting to build package from 'TestV2FeedFindPackagesById.635022604403565740.nuspec'.
Successfully created package 'D:\github.com\NuGetGallery\FunctionalTests\Scripts\TestResults[51]\Out\TestV2FeedFindPackagesById.635022604403565740\TestV2FeedFindPackagesById.635022604403565740.1.0.0.nupkg'.

WARNING: 4 issue(s) found with package 'TestV2FeedFindPackagesById.635022604403565740'.

Issue: Assembly not inside a framework folder.
Description: The assembly 'Lib\635022604406477416.dll' is placed directly under 'lib' folder. It is recommended that assemblies be placed inside a framework-specific folder.
Solution: Move it into a framework-specific folder. If this assembly is targeted for multiple frameworks, ignore this warning.

Issue: Remove sample nuspec values.
Description: The value "Tag1 Tag2" for Tags is a sample value and should be removed.
Solution: Replace with an appropriate value or remove and it and rebuild your package.

Issue: Remove sample nuspec values.
Description: The value "Summary of changes made in this release of the package." for ReleaseNotes is a sample value and should be removed.
Solution: Replace with an appropriate value or remove and it and rebuild your package.

Issue: Remove sample nuspec values.
Description: The value "Package description" for Description is a sample value and should be removed.
Solution: Replace with an appropriate value or remove and it and rebuild your package.

Failed to process request. 'The requested resource can only be accessed via SSL.'. 
The remote server returned an error: (403) Forbidden..

Pushing TestV2FeedFindPackagesById.635022604403565740 1.0.0 to 'http://nugetgallery-qa.cloudapp.net/api/v2/package/'...</StdOut>
        <ErrorInfo>
          <Message>Assert.IsTrue failed. The package upload via Nuget.exe didnt suceed properly. Check the logs to see the process error and output stream</Message>
          <StackTrace>   at NuGetGallery.FunctionalTests.AssertAndValidationHelper.UploadNewPackageAndVerify(String packageId, String version) in d:\github.com\NuGetGallery\FunctionalTests\NuGetGallery.FunctionalTests\WebUITests\AssertAndValidationHelper.cs:line 170
   at NuGetGallery.FunctionalTests.ODataTests.V2FeedTest.FindPackagesByIdTest() in d:\github.com\NuGetGallery\FunctionalTests\NuGetGallery.FunctionalTests\ODataTests\V2FeedExtendedTest.cs:line 22
</StackTrace>
        </ErrorInfo>
      </Output>
    </UnitTestResult>
    <WebTestResult executionId="7d160aeb-7569-4489-be8c-66d8225d29c3" testId="a6f81ddd-4476-9109-b107-ff9673898e71" testName="ContactOwnerTest" computerName="CLAYCO7" duration="00:00:01.2846460" startTime="2013-04-22T20:47:21.6591538-07:00" endTime="2013-04-22T20:47:22.9496681-07:00" testType="37e36796-fb51-4610-8d5c-e00ceaa68b9f" testListId="b836686b-8922-4ce2-8bcc-bd368809954a" relativeResultsDirectory="7d160aeb-7569-4489-be8c-66d8225d29c3">
      <Output>
        <ErrorInfo>
          <Message>Exception occurred: Assert.IsTrue failed. The package upload via Nuget.exe didnt suceed properly. Check the logs to see the process error and output stream</Message>
          <StackTrace>   at Microsoft.VisualStudio.TestTools.UnitTesting.Assert.HandleFail(String assertionName, String message, Object[] parameters)
   at Microsoft.VisualStudio.TestTools.UnitTesting.Assert.IsTrue(Boolean condition, String message)
   at NuGetGallery.FunctionalTests.AssertAndValidationHelper.UploadNewPackageAndVerify(String packageId, String version) in d:\github.com\NuGetGallery\FunctionalTests\NuGetGallery.FunctionalTests\WebUITests\AssertAndValidationHelper.cs:line 170
   at NuGetGallery.FunctionalTests.WebUITests.PackageManagement.ContactOwnerTest.&lt;GetRequestEnumerator&gt;d__0.MoveNext() in d:\github.com\NuGetGallery\FunctionalTests\NuGetGallery.FunctionalTests\WebUITests\PackageManagement\ContactOwnerTest.cs:line 24
   at Microsoft.VisualStudio.TestTools.WebStress.WebTestCaseVariation.ExecuteNextTopLevelRequest()</StackTrace>
        </ErrorInfo>
      </Output>
      <ResultFiles>
        <ResultFile path="ContactOwnerTest.webtestResult" />
      </ResultFiles>
      <TestSettings name="Local" id="62f583f0-2eca-4773-bed0-474a13faad76">
        <Description>These are default test settings for a local test run.</Description>
        <Deployment userDeploymentRoot="." useDefaultDeploymentRoot="false" runDeploymentRoot="TestResults[51]">
          <DeploymentItem filename=".nuget\NuGet.Config" />
          <DeploymentItem filename=".nuget\NuGet.exe" />
          <DeploymentItem filename=".nuget\NuGet.targets" />
        </Deployment>
        <NamingScheme baseName="TestResults" appendTimeStamp="false" useDefault="false" />
        <Execution>
          <TestTypeSpecific>
            <UnitTestRunConfig testTypeId="13cdc9d9-ddb5-4fa4-a97d-d965ccfc6d4b">
              <AssemblyResolution>
                <TestDirectory useLoadContext="true" />
              </AssemblyResolution>
            </UnitTestRunConfig>
            <WebTestRunConfiguration testTypeId="4e7599fa-5ecb-43e9-a887-cd63cf72d207">
              <Browser name="Internet Explorer 9.0" MaxConnections="6">
                <Headers>
                  <Header name="User-Agent" value="Mozilla/5.0 (compatible; MSIE 9.0; Windows NT 6.1; Trident/5.0)" />
                  <Header name="Accept" value="*/*" />
                  <Header name="Accept-Language" value="en-US,en;q=0.8,zh-Hans-CN;q=0.5,zh-Hans;q=0.3" />
                  <Header name="Accept-Encoding" value="GZIP" />
                </Headers>
              </Browser>
            </WebTestRunConfiguration>
          </TestTypeSpecific>
          <AgentRule name="LocalMachineDefaultRole">
          </AgentRule>
        </Execution>
      </TestSettings>
      <WebTestResultFilePath>TestResults[51]\In\7d160aeb-7569-4489-be8c-66d8225d29c3\ContactOwnerTest.webtestResult</WebTestResultFilePath>
    </WebTestResult>
    <UnitTestResult executionId="16e1acc1-032b-4f9d-b698-404da97daeb6" testId="cc44bdbd-ce3e-69f6-f020-1fcb65293738" testName="DownloadPackageFromV2Feed" computerName="CLAYCO7" duration="00:00:00.1468525" startTime="2013-04-22T20:47:22.9536694-07:00" endTime="2013-04-22T20:47:23.1050090-07:00" testType="13cdc9d9-ddb5-4fa4-a97d-d965ccfc6d4b" outcome="Passed" testListId="b836686b-8922-4ce2-8bcc-bd368809954a" relativeResultsDirectory="16e1acc1-032b-4f9d-b698-404da97daeb6">
    </UnitTestResult>
    <UnitTestResult executionId="dce65378-8e13-4b40-9a17-664f01081b8d" testId="916d542f-9953-383f-a9cc-e87980667cf3" testName="RestorePackageFromV2Feed" computerName="CLAYCO7" duration="00:00:00.1532263" startTime="2013-04-22T20:47:23.1090043-07:00" endTime="2013-04-22T20:47:23.2662248-07:00" testType="13cdc9d9-ddb5-4fa4-a97d-d965ccfc6d4b" outcome="Passed" testListId="b836686b-8922-4ce2-8bcc-bd368809954a" relativeResultsDirectory="dce65378-8e13-4b40-9a17-664f01081b8d">
    </UnitTestResult>
    <WebTestResult executionId="7db27663-04bc-451a-9aff-0972fcb585b4" testId="d527504e-456c-ed4a-8eba-7c20c18ba47d" testName="HomePageValidationTest" computerName="CLAYCO7" duration="00:00:00.4138134" startTime="2013-04-22T20:47:23.2708497-07:00" endTime="2013-04-22T20:47:24.1918248-07:00" testType="37e36796-fb51-4610-8d5c-e00ceaa68b9f" outcome="Passed" testListId="b836686b-8922-4ce2-8bcc-bd368809954a" relativeResultsDirectory="7db27663-04bc-451a-9aff-0972fcb585b4">
      <ResultFiles>
        <ResultFile path="HomePageValidationTest.webtestResult" />
      </ResultFiles>
      <TestSettings name="Local" id="62f583f0-2eca-4773-bed0-474a13faad76">
        <Description>These are default test settings for a local test run.</Description>
        <Deployment userDeploymentRoot="." useDefaultDeploymentRoot="false" runDeploymentRoot="TestResults[51]">
          <DeploymentItem filename=".nuget\NuGet.Config" />
          <DeploymentItem filename=".nuget\NuGet.exe" />
          <DeploymentItem filename=".nuget\NuGet.targets" />
        </Deployment>
        <NamingScheme baseName="TestResults" appendTimeStamp="false" useDefault="false" />
        <Execution>
          <TestTypeSpecific>
            <UnitTestRunConfig testTypeId="13cdc9d9-ddb5-4fa4-a97d-d965ccfc6d4b">
              <AssemblyResolution>
                <TestDirectory useLoadContext="true" />
              </AssemblyResolution>
            </UnitTestRunConfig>
            <WebTestRunConfiguration testTypeId="4e7599fa-5ecb-43e9-a887-cd63cf72d207">
              <Browser name="Internet Explorer 9.0" MaxConnections="6">
                <Headers>
                  <Header name="User-Agent" value="Mozilla/5.0 (compatible; MSIE 9.0; Windows NT 6.1; Trident/5.0)" />
                  <Header name="Accept" value="*/*" />
                  <Header name="Accept-Language" value="en-US,en;q=0.8,zh-Hans-CN;q=0.5,zh-Hans;q=0.3" />
                  <Header name="Accept-Encoding" value="GZIP" />
                </Headers>
              </Browser>
            </WebTestRunConfiguration>
          </TestTypeSpecific>
          <AgentRule name="LocalMachineDefaultRole">
          </AgentRule>
        </Execution>
      </TestSettings>
      <WebTestResultFilePath>TestResults[51]\In\7db27663-04bc-451a-9aff-0972fcb585b4\HomePageValidationTest.webtestResult</WebTestResultFilePath>
    </WebTestResult>
    <UnitTestResult executionId="0bbe5726-2ccb-4665-a427-6ccd07fdc48d" testId="baeffb56-e5a3-71a3-dcf4-ca714ba14856" testName="UploadPackageWithNuGetCommandLineTest" computerName="CLAYCO7" duration="00:00:01.3008953" startTime="2013-04-22T20:47:24.1958375-07:00" endTime="2013-04-22T20:47:25.5012210-07:00" testType="13cdc9d9-ddb5-4fa4-a97d-d965ccfc6d4b" outcome="Failed" testListId="b836686b-8922-4ce2-8bcc-bd368809954a" relativeResultsDirectory="0bbe5726-2ccb-4665-a427-6ccd07fdc48d">
      <Output>
        <StdOut>Created '635022604442008447.nuspec' successfully.


Attempting to build package from '635022604442008447.nuspec'.
Successfully created package 'D:\github.com\NuGetGallery\FunctionalTests\Scripts\TestResults[51]\Out\635022604442008447\635022604442008447.1.0.0.nupkg'.

WARNING: 4 issue(s) found with package '635022604442008447'.

Issue: Assembly not inside a framework folder.
Description: The assembly 'Lib\635022604445055068.dll' is placed directly under 'lib' folder. It is recommended that assemblies be placed inside a framework-specific folder.
Solution: Move it into a framework-specific folder. If this assembly is targeted for multiple frameworks, ignore this warning.

Issue: Remove sample nuspec values.
Description: The value "Tag1 Tag2" for Tags is a sample value and should be removed.
Solution: Replace with an appropriate value or remove and it and rebuild your package.

Issue: Remove sample nuspec values.
Description: The value "Summary of changes made in this release of the package." for ReleaseNotes is a sample value and should be removed.
Solution: Replace with an appropriate value or remove and it and rebuild your package.

Issue: Remove sample nuspec values.
Description: The value "Package description" for Description is a sample value and should be removed.
Solution: Replace with an appropriate value or remove and it and rebuild your package.

Failed to process request. 'The requested resource can only be accessed via SSL.'. 
The remote server returned an error: (403) Forbidden..

Pushing 635022604442008447 1.0.0 to 'http://nugetgallery-qa.cloudapp.net/api/v2/package/'...</StdOut>
        <ErrorInfo>
          <Message>Assert.IsTrue failed. The package upload via Nuget.exe didnt suceed properly. Check the logs to see the process error and output stream</Message>
          <StackTrace>   at NuGetGallery.FunctionalTests.AssertAndValidationHelper.UploadNewPackageAndVerify(String packageId, String version) in d:\github.com\NuGetGallery\FunctionalTests\NuGetGallery.FunctionalTests\WebUITests\AssertAndValidationHelper.cs:line 170
   at NuGetGallery.FunctionalTests.ClientIntegrationTests.NugetCommandLineTests.UploadPackageWithNuGetCommandLineTest() in d:\github.com\NuGetGallery\FunctionalTests\NuGetGallery.FunctionalTests\ClientIntegrationTests\NuGetCommandLineTests.cs:line 50
</StackTrace>
        </ErrorInfo>
      </Output>
    </UnitTestResult>
    <UnitTestResult executionId="e372fe07-b365-4d61-a150-de552186af6f" testId="02d43bf4-c2fb-43fb-6999-a16887a86fa6" testName="GetUpdatesTest" computerName="CLAYCO7" duration="00:00:00.0010030" startTime="2013-04-22T20:47:25.5042152-07:00" endTime="2013-04-22T20:47:25.5282354-07:00" testType="13cdc9d9-ddb5-4fa4-a97d-d965ccfc6d4b" outcome="Passed" testListId="b836686b-8922-4ce2-8bcc-bd368809954a" relativeResultsDirectory="e372fe07-b365-4d61-a150-de552186af6f">
    </UnitTestResult>
    <UnitTestResult executionId="d618f6de-591c-4f23-bd6d-b1d528b8d986" testId="f206f30d-af4b-ae66-9032-732bc03336c1" testName="DownPackageWithNuGetCommandLineTest" computerName="CLAYCO7" duration="00:00:01.5447523" startTime="2013-04-22T20:47:25.5312379-07:00" endTime="2013-04-22T20:47:27.0791998-07:00" testType="13cdc9d9-ddb5-4fa4-a97d-d965ccfc6d4b" outcome="Passed" testListId="b836686b-8922-4ce2-8bcc-bd368809954a" relativeResultsDirectory="d618f6de-591c-4f23-bd6d-b1d528b8d986">
      <Output>
        <StdOut>Installing 'BaseTestPackage 1.0.0'.
Successfully installed 'BaseTestPackage 1.0.0'.</StdOut>
      </Output>
    </UnitTestResult>
    <WebTestResult executionId="7bc238ee-eea3-4ef1-bc2b-30858c7e57c3" testId="0449da0f-5881-ffca-f9d0-f7c0ad709071" testName="UploadPackageWithoutLoginTest" computerName="CLAYCO7" duration="00:00:00.7177932" startTime="2013-04-22T20:47:27.0831937-07:00" endTime="2013-04-22T20:47:27.8107015-07:00" testType="37e36796-fb51-4610-8d5c-e00ceaa68b9f" outcome="Passed" testListId="b836686b-8922-4ce2-8bcc-bd368809954a" relativeResultsDirectory="7bc238ee-eea3-4ef1-bc2b-30858c7e57c3">
      <ResultFiles>
        <ResultFile path="UploadPackageWithoutLoginTest.webtestResult" />
      </ResultFiles>
      <TestSettings name="Local" id="62f583f0-2eca-4773-bed0-474a13faad76">
        <Description>These are default test settings for a local test run.</Description>
        <Deployment userDeploymentRoot="." useDefaultDeploymentRoot="false" runDeploymentRoot="TestResults[51]">
          <DeploymentItem filename=".nuget\NuGet.Config" />
          <DeploymentItem filename=".nuget\NuGet.exe" />
          <DeploymentItem filename=".nuget\NuGet.targets" />
        </Deployment>
        <NamingScheme baseName="TestResults" appendTimeStamp="false" useDefault="false" />
        <Execution>
          <TestTypeSpecific>
            <UnitTestRunConfig testTypeId="13cdc9d9-ddb5-4fa4-a97d-d965ccfc6d4b">
              <AssemblyResolution>
                <TestDirectory useLoadContext="true" />
              </AssemblyResolution>
            </UnitTestRunConfig>
            <WebTestRunConfiguration testTypeId="4e7599fa-5ecb-43e9-a887-cd63cf72d207">
              <Browser name="Internet Explorer 9.0" MaxConnections="6">
                <Headers>
                  <Header name="User-Agent" value="Mozilla/5.0 (compatible; MSIE 9.0; Windows NT 6.1; Trident/5.0)" />
                  <Header name="Accept" value="*/*" />
                  <Header name="Accept-Language" value="en-US,en;q=0.8,zh-Hans-CN;q=0.5,zh-Hans;q=0.3" />
                  <Header name="Accept-Encoding" value="GZIP" />
                </Headers>
              </Browser>
            </WebTestRunConfiguration>
          </TestTypeSpecific>
          <AgentRule name="LocalMachineDefaultRole">
          </AgentRule>
        </Execution>
      </TestSettings>
      <WebTestResultFilePath>TestResults[51]\In\7bc238ee-eea3-4ef1-bc2b-30858c7e57c3\UploadPackageWithoutLoginTest.webtestResult</WebTestResultFilePath>
    </WebTestResult>
    <WebTestResult executionId="b69b7cac-168f-4f74-9742-a0658a86e0f6" testId="428c8a13-f822-cffc-6ae0-78452d15e1fb" testName="RegisterNewUserTest" computerName="CLAYCO7" duration="00:00:01.4539460" startTime="2013-04-22T20:47:27.8147142-07:00" endTime="2013-04-22T20:47:29.2756830-07:00" testType="37e36796-fb51-4610-8d5c-e00ceaa68b9f" outcome="Passed" testListId="b836686b-8922-4ce2-8bcc-bd368809954a" relativeResultsDirectory="b69b7cac-168f-4f74-9742-a0658a86e0f6">
      <ResultFiles>
        <ResultFile path="RegisterNewUserTest.webtestResult" />
      </ResultFiles>
      <TestSettings name="Local" id="62f583f0-2eca-4773-bed0-474a13faad76">
        <Description>These are default test settings for a local test run.</Description>
        <Deployment userDeploymentRoot="." useDefaultDeploymentRoot="false" runDeploymentRoot="TestResults[51]">
          <DeploymentItem filename=".nuget\NuGet.Config" />
          <DeploymentItem filename=".nuget\NuGet.exe" />
          <DeploymentItem filename=".nuget\NuGet.targets" />
        </Deployment>
        <NamingScheme baseName="TestResults" appendTimeStamp="false" useDefault="false" />
        <Execution>
          <TestTypeSpecific>
            <UnitTestRunConfig testTypeId="13cdc9d9-ddb5-4fa4-a97d-d965ccfc6d4b">
              <AssemblyResolution>
                <TestDirectory useLoadContext="true" />
              </AssemblyResolution>
            </UnitTestRunConfig>
            <WebTestRunConfiguration testTypeId="4e7599fa-5ecb-43e9-a887-cd63cf72d207">
              <Browser name="Internet Explorer 9.0" MaxConnections="6">
                <Headers>
                  <Header name="User-Agent" value="Mozilla/5.0 (compatible; MSIE 9.0; Windows NT 6.1; Trident/5.0)" />
                  <Header name="Accept" value="*/*" />
                  <Header name="Accept-Language" value="en-US,en;q=0.8,zh-Hans-CN;q=0.5,zh-Hans;q=0.3" />
                  <Header name="Accept-Encoding" value="GZIP" />
                </Headers>
              </Browser>
            </WebTestRunConfiguration>
          </TestTypeSpecific>
          <AgentRule name="LocalMachineDefaultRole">
          </AgentRule>
        </Execution>
      </TestSettings>
      <WebTestResultFilePath>TestResults[51]\In\b69b7cac-168f-4f74-9742-a0658a86e0f6\RegisterNewUserTest.webtestResult</WebTestResultFilePath>
    </WebTestResult>
    <UnitTestResult executionId="2030fa89-75cf-46e6-a7f3-596b7b1b95cf" testId="5d62a4b0-dcba-4028-434b-2b747b4c411f" testName="UploadMultipleVersionOfPackage" computerName="CLAYCO7" duration="00:00:01.3064188" startTime="2013-04-22T20:47:29.2786951-07:00" endTime="2013-04-22T20:47:30.5892931-07:00" testType="13cdc9d9-ddb5-4fa4-a97d-d965ccfc6d4b" outcome="Failed" testListId="b836686b-8922-4ce2-8bcc-bd368809954a" relativeResultsDirectory="2030fa89-75cf-46e6-a7f3-596b7b1b95cf">
      <Output>
        <StdOut>Created 'TestMultipleVersion.635022604492876920.nuspec' successfully.


Attempting to build package from 'TestMultipleVersion.635022604492876920.nuspec'.
Successfully created package 'D:\github.com\NuGetGallery\FunctionalTests\Scripts\TestResults[51]\Out\TestMultipleVersion.635022604492876920\TestMultipleVersion.635022604492876920.1.0.0.nupkg'.

WARNING: 4 issue(s) found with package 'TestMultipleVersion.635022604492876920'.

Issue: Assembly not inside a framework folder.
Description: The assembly 'Lib\635022604495839383.dll' is placed directly under 'lib' folder. It is recommended that assemblies be placed inside a framework-specific folder.
Solution: Move it into a framework-specific folder. If this assembly is targeted for multiple frameworks, ignore this warning.

Issue: Remove sample nuspec values.
Description: The value "Tag1 Tag2" for Tags is a sample value and should be removed.
Solution: Replace with an appropriate value or remove and it and rebuild your package.

Issue: Remove sample nuspec values.
Description: The value "Summary of changes made in this release of the package." for ReleaseNotes is a sample value and should be removed.
Solution: Replace with an appropriate value or remove and it and rebuild your package.

Issue: Remove sample nuspec values.
Description: The value "Package description" for Description is a sample value and should be removed.
Solution: Replace with an appropriate value or remove and it and rebuild your package.

Failed to process request. 'The requested resource can only be accessed via SSL.'. 
The remote server returned an error: (403) Forbidden..

Pushing TestMultipleVersion.635022604492876920 1.0.0 to 'http://nugetgallery-qa.cloudapp.net/api/v2/package/'...</StdOut>
        <ErrorInfo>
          <Message>Assert.IsTrue failed. The package upload via Nuget.exe didnt suceed properly. Check the logs to see the process error and output stream</Message>
          <StackTrace>   at NuGetGallery.FunctionalTests.AssertAndValidationHelper.UploadNewPackageAndVerify(String packageId, String version) in d:\github.com\NuGetGallery\FunctionalTests\NuGetGallery.FunctionalTests\WebUITests\AssertAndValidationHelper.cs:line 170
   at NuGetGallery.FunctionalTests.Features.PackageVersionTest.UploadMultipleVersionOfPackage() in d:\github.com\NuGetGallery\FunctionalTests\NuGetGallery.FunctionalTests\Features\PackageVersionTest.cs:line 17
</StackTrace>
        </ErrorInfo>
      </Output>
    </UnitTestResult>
    <WebTestResult executionId="4aa42687-7899-46c2-90b9-2169dcc57016" testId="9387a1a2-3523-2e44-8030-533d344923cf" testName="DeletePackageTest" computerName="CLAYCO7" duration="00:00:01.2346723" startTime="2013-04-22T20:47:30.5932921-07:00" endTime="2013-04-22T20:47:31.8341261-07:00" testType="37e36796-fb51-4610-8d5c-e00ceaa68b9f" testListId="b836686b-8922-4ce2-8bcc-bd368809954a" relativeResultsDirectory="4aa42687-7899-46c2-90b9-2169dcc57016">
      <Output>
        <ErrorInfo>
          <Message>Exception occurred: Assert.IsTrue failed. The package upload via Nuget.exe didnt suceed properly. Check the logs to see the process error and output stream</Message>
          <StackTrace>   at Microsoft.VisualStudio.TestTools.UnitTesting.Assert.HandleFail(String assertionName, String message, Object[] parameters)
   at Microsoft.VisualStudio.TestTools.UnitTesting.Assert.IsTrue(Boolean condition, String message)
   at NuGetGallery.FunctionalTests.AssertAndValidationHelper.UploadNewPackageAndVerify(String packageId, String version) in d:\github.com\NuGetGallery\FunctionalTests\NuGetGallery.FunctionalTests\WebUITests\AssertAndValidationHelper.cs:line 170
   at NuGetGallery.FunctionalTests.DeletePackageTest.&lt;GetRequestEnumerator&gt;d__0.MoveNext() in d:\github.com\NuGetGallery\FunctionalTests\NuGetGallery.FunctionalTests\WebUITests\PackageManagement\DeletePackageTest.cs:line 30
   at Microsoft.VisualStudio.TestTools.WebStress.WebTestCaseVariation.ExecuteNextTopLevelRequest()</StackTrace>
        </ErrorInfo>
      </Output>
      <ResultFiles>
        <ResultFile path="DeletePackageTest.webtestResult" />
      </ResultFiles>
      <TestSettings name="Local" id="62f583f0-2eca-4773-bed0-474a13faad76">
        <Description>These are default test settings for a local test run.</Description>
        <Deployment userDeploymentRoot="." useDefaultDeploymentRoot="false" runDeploymentRoot="TestResults[51]">
          <DeploymentItem filename=".nuget\NuGet.Config" />
          <DeploymentItem filename=".nuget\NuGet.exe" />
          <DeploymentItem filename=".nuget\NuGet.targets" />
        </Deployment>
        <NamingScheme baseName="TestResults" appendTimeStamp="false" useDefault="false" />
        <Execution>
          <TestTypeSpecific>
            <UnitTestRunConfig testTypeId="13cdc9d9-ddb5-4fa4-a97d-d965ccfc6d4b">
              <AssemblyResolution>
                <TestDirectory useLoadContext="true" />
              </AssemblyResolution>
            </UnitTestRunConfig>
            <WebTestRunConfiguration testTypeId="4e7599fa-5ecb-43e9-a887-cd63cf72d207">
              <Browser name="Internet Explorer 9.0" MaxConnections="6">
                <Headers>
                  <Header name="User-Agent" value="Mozilla/5.0 (compatible; MSIE 9.0; Windows NT 6.1; Trident/5.0)" />
                  <Header name="Accept" value="*/*" />
                  <Header name="Accept-Language" value="en-US,en;q=0.8,zh-Hans-CN;q=0.5,zh-Hans;q=0.3" />
                  <Header name="Accept-Encoding" value="GZIP" />
                </Headers>
              </Browser>
            </WebTestRunConfiguration>
          </TestTypeSpecific>
          <AgentRule name="LocalMachineDefaultRole">
          </AgentRule>
        </Execution>
      </TestSettings>
      <WebTestResultFilePath>TestResults[51]\In\4aa42687-7899-46c2-90b9-2169dcc57016\DeletePackageTest.webtestResult</WebTestResultFilePath>
    </WebTestResult>
    <UnitTestResult executionId="8fea5cf0-5cf9-4cc2-8e90-94c294150463" testId="04cd200b-33df-3564-ded5-686cdfe44f77" testName="DownloadPackageWithNuGetCoreTest" computerName="CLAYCO7" duration="00:00:00.3658904" startTime="2013-04-22T20:47:31.8391305-07:00" endTime="2013-04-22T20:47:32.2083153-07:00" testType="13cdc9d9-ddb5-4fa4-a97d-d965ccfc6d4b" outcome="Passed" testListId="b836686b-8922-4ce2-8bcc-bd368809954a" relativeResultsDirectory="8fea5cf0-5cf9-4cc2-8e90-94c294150463">
    </UnitTestResult>
    <WebTestResult executionId="a36dc0b4-f959-496c-85e6-9ae8e2948b9a" testId="9ad6e2e2-a082-8088-00f6-e05079fd89a0" testName="StatisticsPageTest" computerName="CLAYCO7" duration="00:00:00.4498866" startTime="2013-04-22T20:47:32.2113191-07:00" endTime="2013-04-22T20:47:33.1696380-07:00" testType="37e36796-fb51-4610-8d5c-e00ceaa68b9f" outcome="Passed" testListId="f9b8ac1f-7978-4738-afc2-6918b063e5c3" relativeResultsDirectory="a36dc0b4-f959-496c-85e6-9ae8e2948b9a">
      <ResultFiles>
        <ResultFile path="StatisticsPageTest.webtestResult" />
      </ResultFiles>
      <TestSettings name="Local" id="62f583f0-2eca-4773-bed0-474a13faad76">
        <Description>These are default test settings for a local test run.</Description>
        <Deployment userDeploymentRoot="." useDefaultDeploymentRoot="false" runDeploymentRoot="TestResults[51]">
          <DeploymentItem filename=".nuget\NuGet.Config" />
          <DeploymentItem filename=".nuget\NuGet.exe" />
          <DeploymentItem filename=".nuget\NuGet.targets" />
        </Deployment>
        <NamingScheme baseName="TestResults" appendTimeStamp="false" useDefault="false" />
        <Execution>
          <TestTypeSpecific>
            <UnitTestRunConfig testTypeId="13cdc9d9-ddb5-4fa4-a97d-d965ccfc6d4b">
              <AssemblyResolution>
                <TestDirectory useLoadContext="true" />
              </AssemblyResolution>
            </UnitTestRunConfig>
            <WebTestRunConfiguration testTypeId="4e7599fa-5ecb-43e9-a887-cd63cf72d207">
              <Browser name="Internet Explorer 9.0" MaxConnections="6">
                <Headers>
                  <Header name="User-Agent" value="Mozilla/5.0 (compatible; MSIE 9.0; Windows NT 6.1; Trident/5.0)" />
                  <Header name="Accept" value="*/*" />
                  <Header name="Accept-Language" value="en-US,en;q=0.8,zh-Hans-CN;q=0.5,zh-Hans;q=0.3" />
                  <Header name="Accept-Encoding" value="GZIP" />
                </Headers>
              </Browser>
            </WebTestRunConfiguration>
          </TestTypeSpecific>
          <AgentRule name="LocalMachineDefaultRole">
          </AgentRule>
        </Execution>
      </TestSettings>
      <WebTestResultFilePath>TestResults[51]\In\a36dc0b4-f959-496c-85e6-9ae8e2948b9a\StatisticsPageTest.webtestResult</WebTestResultFilePath>
    </WebTestResult>
    <WebTestResult executionId="21f8cd90-72aa-423e-99e1-e90f0b77cb7c" testId="a1c602d9-292b-1042-380c-707cec091de9" testName="LogonTest" computerName="CLAYCO7" duration="00:00:00.7868093" startTime="2013-04-22T20:47:33.1736361-07:00" endTime="2013-04-22T20:47:33.9686241-07:00" testType="37e36796-fb51-4610-8d5c-e00ceaa68b9f" outcome="Failed" testListId="f9b8ac1f-7978-4738-afc2-6918b063e5c3" relativeResultsDirectory="21f8cd90-72aa-423e-99e1-e90f0b77cb7c">
      <Output>
        <ErrorInfo>
          <Message>1 primary requests, 0 dependant requests and 0 conditional rules failed</Message>
        </ErrorInfo>
      </Output>
      <ResultFiles>
        <ResultFile path="LogonTest.webtestResult" />
      </ResultFiles>
      <TestSettings name="Local" id="62f583f0-2eca-4773-bed0-474a13faad76">
        <Description>These are default test settings for a local test run.</Description>
        <Deployment userDeploymentRoot="." useDefaultDeploymentRoot="false" runDeploymentRoot="TestResults[51]">
          <DeploymentItem filename=".nuget\NuGet.Config" />
          <DeploymentItem filename=".nuget\NuGet.exe" />
          <DeploymentItem filename=".nuget\NuGet.targets" />
        </Deployment>
        <NamingScheme baseName="TestResults" appendTimeStamp="false" useDefault="false" />
        <Execution>
          <TestTypeSpecific>
            <UnitTestRunConfig testTypeId="13cdc9d9-ddb5-4fa4-a97d-d965ccfc6d4b">
              <AssemblyResolution>
                <TestDirectory useLoadContext="true" />
              </AssemblyResolution>
            </UnitTestRunConfig>
            <WebTestRunConfiguration testTypeId="4e7599fa-5ecb-43e9-a887-cd63cf72d207">
              <Browser name="Internet Explorer 9.0" MaxConnections="6">
                <Headers>
                  <Header name="User-Agent" value="Mozilla/5.0 (compatible; MSIE 9.0; Windows NT 6.1; Trident/5.0)" />
                  <Header name="Accept" value="*/*" />
                  <Header name="Accept-Language" value="en-US,en;q=0.8,zh-Hans-CN;q=0.5,zh-Hans;q=0.3" />
                  <Header name="Accept-Encoding" value="GZIP" />
                </Headers>
              </Browser>
            </WebTestRunConfiguration>
          </TestTypeSpecific>
          <AgentRule name="LocalMachineDefaultRole">
          </AgentRule>
        </Execution>
      </TestSettings>
      <WebTestResultFilePath>TestResults[51]\In\21f8cd90-72aa-423e-99e1-e90f0b77cb7c\LogonTest.webtestResult</WebTestResultFilePath>
    </WebTestResult>
    <UnitTestResult executionId="960c59a9-3339-433d-a75d-6df89e647770" testId="f206f30d-af4b-ae66-9032-732bc03336c1" testName="DownPackageWithNuGetCommandLineTest" computerName="CLAYCO7" duration="00:00:01.1542879" startTime="2013-04-22T20:47:33.9726265-07:00" endTime="2013-04-22T20:47:35.1310605-07:00" testType="13cdc9d9-ddb5-4fa4-a97d-d965ccfc6d4b" outcome="Passed" testListId="f9b8ac1f-7978-4738-afc2-6918b063e5c3" relativeResultsDirectory="960c59a9-3339-433d-a75d-6df89e647770">
      <Output>
        <StdOut>Installing 'BaseTestPackage 1.0.0'.
Successfully installed 'BaseTestPackage 1.0.0'.</StdOut>
      </Output>
    </UnitTestResult>
    <WebTestResult executionId="a466d1b1-9e4d-47b1-a5c6-c8eff90d9d5d" testId="c320789f-a801-c187-e7d8-0f17b24ff835" testName="ReadOnlyModeRegisterNewUserTest" computerName="CLAYCO7" duration="00:00:00.8508005" startTime="2013-04-22T20:47:35.1350644-07:00" endTime="2013-04-22T20:47:35.9919146-07:00" testType="37e36796-fb51-4610-8d5c-e00ceaa68b9f" outcome="Failed" testListId="f9b8ac1f-7978-4738-afc2-6918b063e5c3" relativeResultsDirectory="a466d1b1-9e4d-47b1-a5c6-c8eff90d9d5d">
      <Output>
        <ErrorInfo>
          <Message>1 primary requests, 0 dependant requests and 0 conditional rules failed</Message>
        </ErrorInfo>
      </Output>
      <ResultFiles>
        <ResultFile path="ReadOnlyModeRegisterNewUserTest.webtestResult" />
      </ResultFiles>
      <TestSettings name="Local" id="62f583f0-2eca-4773-bed0-474a13faad76">
        <Description>These are default test settings for a local test run.</Description>
        <Deployment userDeploymentRoot="." useDefaultDeploymentRoot="false" runDeploymentRoot="TestResults[51]">
          <DeploymentItem filename=".nuget\NuGet.Config" />
          <DeploymentItem filename=".nuget\NuGet.exe" />
          <DeploymentItem filename=".nuget\NuGet.targets" />
        </Deployment>
        <NamingScheme baseName="TestResults" appendTimeStamp="false" useDefault="false" />
        <Execution>
          <TestTypeSpecific>
            <UnitTestRunConfig testTypeId="13cdc9d9-ddb5-4fa4-a97d-d965ccfc6d4b">
              <AssemblyResolution>
                <TestDirectory useLoadContext="true" />
              </AssemblyResolution>
            </UnitTestRunConfig>
            <WebTestRunConfiguration testTypeId="4e7599fa-5ecb-43e9-a887-cd63cf72d207">
              <Browser name="Internet Explorer 9.0" MaxConnections="6">
                <Headers>
                  <Header name="User-Agent" value="Mozilla/5.0 (compatible; MSIE 9.0; Windows NT 6.1; Trident/5.0)" />
                  <Header name="Accept" value="*/*" />
                  <Header name="Accept-Language" value="en-US,en;q=0.8,zh-Hans-CN;q=0.5,zh-Hans;q=0.3" />
                  <Header name="Accept-Encoding" value="GZIP" />
                </Headers>
              </Browser>
            </WebTestRunConfiguration>
          </TestTypeSpecific>
          <AgentRule name="LocalMachineDefaultRole">
          </AgentRule>
        </Execution>
      </TestSettings>
      <WebTestResultFilePath>TestResults[51]\In\a466d1b1-9e4d-47b1-a5c6-c8eff90d9d5d\ReadOnlyModeRegisterNewUserTest.webtestResult</WebTestResultFilePath>
    </WebTestResult>
    <UnitTestResult executionId="f7cce786-074f-4b9d-8c4e-81cfed0e5b9e" testId="04cd200b-33df-3564-ded5-686cdfe44f77" testName="DownloadPackageWithNuGetCoreTest" computerName="CLAYCO7" duration="00:00:00.2770917" startTime="2013-04-22T20:47:35.9949177-07:00" endTime="2013-04-22T20:47:36.2744572-07:00" testType="13cdc9d9-ddb5-4fa4-a97d-d965ccfc6d4b" outcome="Passed" testListId="f9b8ac1f-7978-4738-afc2-6918b063e5c3" relativeResultsDirectory="f7cce786-074f-4b9d-8c4e-81cfed0e5b9e">
    </UnitTestResult>
    <WebTestResult executionId="b65a83ba-08ad-4992-89af-d4d358f3fefa" testId="d527504e-456c-ed4a-8eba-7c20c18ba47d" testName="HomePageValidationTest" computerName="CLAYCO7" duration="00:00:00.4136526" startTime="2013-04-22T20:47:36.2774596-07:00" endTime="2013-04-22T20:47:36.6975396-07:00" testType="37e36796-fb51-4610-8d5c-e00ceaa68b9f" outcome="Passed" testListId="f9b8ac1f-7978-4738-afc2-6918b063e5c3" relativeResultsDirectory="b65a83ba-08ad-4992-89af-d4d358f3fefa">
      <ResultFiles>
        <ResultFile path="HomePageValidationTest.webtestResult" />
      </ResultFiles>
      <TestSettings name="Local" id="62f583f0-2eca-4773-bed0-474a13faad76">
        <Description>These are default test settings for a local test run.</Description>
        <Deployment userDeploymentRoot="." useDefaultDeploymentRoot="false" runDeploymentRoot="TestResults[51]">
          <DeploymentItem filename=".nuget\NuGet.Config" />
          <DeploymentItem filename=".nuget\NuGet.exe" />
          <DeploymentItem filename=".nuget\NuGet.targets" />
        </Deployment>
        <NamingScheme baseName="TestResults" appendTimeStamp="false" useDefault="false" />
        <Execution>
          <TestTypeSpecific>
            <UnitTestRunConfig testTypeId="13cdc9d9-ddb5-4fa4-a97d-d965ccfc6d4b">
              <AssemblyResolution>
                <TestDirectory useLoadContext="true" />
              </AssemblyResolution>
            </UnitTestRunConfig>
            <WebTestRunConfiguration testTypeId="4e7599fa-5ecb-43e9-a887-cd63cf72d207">
              <Browser name="Internet Explorer 9.0" MaxConnections="6">
                <Headers>
                  <Header name="User-Agent" value="Mozilla/5.0 (compatible; MSIE 9.0; Windows NT 6.1; Trident/5.0)" />
                  <Header name="Accept" value="*/*" />
                  <Header name="Accept-Language" value="en-US,en;q=0.8,zh-Hans-CN;q=0.5,zh-Hans;q=0.3" />
                  <Header name="Accept-Encoding" value="GZIP" />
                </Headers>
              </Browser>
            </WebTestRunConfiguration>
          </TestTypeSpecific>
          <AgentRule name="LocalMachineDefaultRole">
          </AgentRule>
        </Execution>
      </TestSettings>
      <WebTestResultFilePath>TestResults[51]\In\b65a83ba-08ad-4992-89af-d4d358f3fefa\HomePageValidationTest.webtestResult</WebTestResultFilePath>
    </WebTestResult>
    <UnitTestResult executionId="e42ab12a-f1a1-4ebe-94ec-ca7401dc672a" testId="1023d05b-493c-b740-c3dd-cea86069017f" testName="SearchV1Feed" computerName="CLAYCO7" duration="00:00:00.3737996" startTime="2013-04-22T20:47:36.7005446-07:00" endTime="2013-04-22T20:47:37.1073382-07:00" testType="13cdc9d9-ddb5-4fa4-a97d-d965ccfc6d4b" outcome="Passed" testListId="8c84fa94-04c1-424b-9868-57a2d4851a1d" relativeResultsDirectory="e42ab12a-f1a1-4ebe-94ec-ca7401dc672a">
    </UnitTestResult>
    <UnitTestResult executionId="04bceed7-12d1-4063-9588-5b5580a7f780" testId="93269e98-8dd5-495f-dce5-ac7d2e101b5b" testName="SearchV2Feed" computerName="CLAYCO7" duration="00:00:00.1371039" startTime="2013-04-22T20:47:37.1113364-07:00" endTime="2013-04-22T20:47:37.2516026-07:00" testType="13cdc9d9-ddb5-4fa4-a97d-d965ccfc6d4b" outcome="Failed" testListId="8c84fa94-04c1-424b-9868-57a2d4851a1d" relativeResultsDirectory="04bceed7-12d1-4063-9588-5b5580a7f780">
      <Output>
        <ErrorInfo>
          <Message>Assert.IsTrue failed. The expected package URL wasn't found in the feed.  Feed contents: &lt;?xml version="1.0" encoding="utf-8" standalone="yes"?&gt;
&lt;feed xml:base="http://nugetgallery-qa.cloudapp.net/api/v2/" xmlns:d="http://schemas.microsoft.com/ado/2007/08/dataservices" xmlns:m="http://schemas.microsoft.com/ado/2007/08/dataservices/metadata" xmlns="http://www.w3.org/2005/Atom"&gt;
  &lt;title type="text"&gt;Search&lt;/title&gt;
  &lt;id&gt;http://nugetgallery-qa.cloudapp.net/api/v2/Search&lt;/id&gt;
  &lt;updated&gt;2013-04-23T03:47:38Z&lt;/updated&gt;
  &lt;link rel="self" title="Search" href="Search" /&gt;
  &lt;entry&gt;
    &lt;id&gt;http://nugetgallery-qa.cloudapp.net/api/v2/Packages(Id='microsoft-web-helpers',Version='2.1.20710.2')&lt;/id&gt;
    &lt;title type="text"&gt;microsoft-web-helpers&lt;/title&gt;
    &lt;summary type="text"&gt;&lt;/summary&gt;
    &lt;updated&gt;2013-04-04T21:53:45Z&lt;/updated&gt;
    &lt;author&gt;
      &lt;name&gt;Microsoft&lt;/name&gt;
    &lt;/author&gt;
    &lt;link rel="edit-media" title="V2FeedPackage" href="Packages(Id='microsoft-web-helpers',Version='2.1.20710.2')/$value" /&gt;
    &lt;link rel="edit" title="V2FeedPackage" href="Packages(Id='microsoft-web-helpers',Version='2.1.20710.2')" /&gt;
    &lt;category term="NuGetGallery.V2FeedPackage" scheme="http://schemas.microsoft.com/ado/2007/08/dataservices/scheme" /&gt;
    &lt;content type="application/zip" src="http://nugetgallery-qa.cloudapp.net/api/v2/package/microsoft-web-helpers/2.1.20710.2" /&gt;
    &lt;m:properties xmlns:m="http://schemas.microsoft.com/ado/2007/08/dataservices/metadata" xmlns:d="http://schemas.microsoft.com/ado/2007/08/dataservices"&gt;
      &lt;d:Version&gt;2.1.20710.2&lt;/d:Version&gt;
      &lt;d:Copyright&gt;&lt;/d:Copyright&gt;
      &lt;d:Created m:type="Edm.DateTime"&gt;2013-02-18T17:01:57&lt;/d:Created&gt;
      &lt;d:Dependencies&gt;Microsoft.AspNet.WebPages:[2.0.0, 2.1.0):|Microsoft.AspNet.WebPages.WebData:[2.0.0, 2.1.0):&lt;/d:Dependencies&gt;
      &lt;d:Description&gt;This package contains web helpers to easily add functionality to your site such as Captcha validation, Twitter profile and search boxes, Gravatars, Video, Bing search, site analytics or themes.

This package is not compatible with ASP.NET MVC.&lt;/d:Description&gt;
      &lt;d:DownloadCount m:type="Edm.Int32"&gt;526137&lt;/d:DownloadCount&gt;
      &lt;d:GalleryDetailsUrl&gt;http://qa.nugettest.org/packages/microsoft-web-helpers/2.1.20710.2&lt;/d:GalleryDetailsUrl&gt;
      &lt;d:IconUrl m:null="true"&gt;&lt;/d:IconUrl&gt;
      &lt;d:IsLatestVersion m:type="Edm.Boolean"&gt;true&lt;/d:IsLatestVersion&gt;
      &lt;d:IsAbsoluteLatestVersion m:type="Edm.Boolean"&gt;true&lt;/d:IsAbsoluteLatestVersion&gt;
      &lt;d:IsPrerelease m:type="Edm.Boolean"&gt;false&lt;/d:IsPrerelease&gt;
      &lt;d:Language&gt;en-US&lt;/d:Language&gt;
      &lt;d:Published m:type="Edm.DateTime"&gt;2013-02-18T17:01:57&lt;/d:Published&gt;
      &lt;d:LicenseUrl&gt;http://www.microsoft.com/web/webpi/eula/WebPages_2_eula_ENU.htm&lt;/d:LicenseUrl&gt;
      &lt;d:PackageHash&gt;1RPoyIoSb2DAdj0EruZEfP8IHLcBMERs88IJoQTCrLQscA3dnhtZcpN4CCw/dsc0HEJbrnAHQkLbxxpJ9XyRxA==&lt;/d:PackageHash&gt;
      &lt;d:PackageHashAlgorithm&gt;SHA512&lt;/d:PackageHashAlgorithm&gt;
      &lt;d:PackageSize m:type="Edm.Int64"&gt;47189&lt;/d:PackageSize&gt;
      &lt;d:ProjectUrl&gt;http://www.asp.net/web-pages&lt;/d:ProjectUrl&gt;
      &lt;d:ReportAbuseUrl&gt;http://qa.nugettest.org/package/ReportAbuse/microsoft-web-helpers/2.1.20710.2&lt;/d:ReportAbuseUrl&gt;
      &lt;d:ReleaseNotes&gt;&lt;/d:ReleaseNotes&gt;
      &lt;d:RequireLicenseAcceptance m:type="Edm.Boolean"&gt;true&lt;/d:RequireLicenseAcceptance&gt;
      &lt;d:Tags xml:space="preserve"&gt; ASPNETWEBPAGES &lt;/d:Tags&gt;
      &lt;d:Title&gt;ASP.NET Web Helpers Library&lt;/d:Title&gt;
      &lt;d:VersionDownloadCount m:type="Edm.Int32"&gt;5623&lt;/d:VersionDownloadCount&gt;
      &lt;d:MinClientVersion&gt;&lt;/d:MinClientVersion&gt;
    &lt;/m:properties&gt;
  &lt;/entry&gt;
  &lt;entry&gt;
    &lt;id&gt;http://nugetgallery-qa.cloudapp.net/api/v2/Packages(Id='Microsoft.AspNet.WebPages',Version='2.0.20710.0')&lt;/id&gt;
    &lt;title type="text"&gt;Microsoft.AspNet.WebPages&lt;/title&gt;
    &lt;summary type="text"&gt;&lt;/summary&gt;
    &lt;updated&gt;2013-04-04T21:53:45Z&lt;/updated&gt;
    &lt;author&gt;
      &lt;name&gt;Microsoft&lt;/name&gt;
    &lt;/author&gt;
    &lt;link rel="edit-media" title="V2FeedPackage" href="Packages(Id='Microsoft.AspNet.WebPages',Version='2.0.20710.0')/$value" /&gt;
    &lt;link rel="edit" title="V2FeedPackage" href="Packages(Id='Microsoft.AspNet.WebPages',Version='2.0.20710.0')" /&gt;
    &lt;category term="NuGetGallery.V2FeedPackage" scheme="http://schemas.microsoft.com/ado/2007/08/dataservices/scheme" /&gt;
    &lt;content type="application/zip" src="http://nugetgallery-qa.cloudapp.net/api/v2/package/Microsoft.AspNet.WebPages/2.0.20710.0" /&gt;
    &lt;m:properties xmlns:m="http://schemas.microsoft.com/ado/2007/08/dataservices/metadata" xmlns:d="http://schemas.microsoft.com/ado/2007/08/dataservices"&gt;
      &lt;d:Version&gt;2.0.20710.0&lt;/d:Version&gt;
      &lt;d:Copyright&gt;&lt;/d:Copyright&gt;
      &lt;d:Created m:type="Edm.DateTime"&gt;2012-08-11T05:30:39&lt;/d:Created&gt;
      &lt;d:Dependencies&gt;Microsoft.Web.Infrastructure:1.0.0.0:|Microsoft.AspNet.Razor:[2.0.20710.0, 2.1):&lt;/d:Dependencies&gt;
      &lt;d:Description&gt;This package contains core runtime assemblies shared between ASP.NET MVC and ASP.NET Web Pages.&lt;/d:Description&gt;
      &lt;d:DownloadCount m:type="Edm.Int32"&gt;572110&lt;/d:DownloadCount&gt;
      &lt;d:GalleryDetailsUrl&gt;http://qa.nugettest.org/packages/Microsoft.AspNet.WebPages/2.0.20710.0&lt;/d:GalleryDetailsUrl&gt;
      &lt;d:IconUrl&gt;https://download-codeplex.sec.s-msft.com/Download?ProjectName=aspnetwebstack&amp;amp;DownloadId=360555&lt;/d:IconUrl&gt;
      &lt;d:IsLatestVersion m:type="Edm.Boolean"&gt;true&lt;/d:IsLatestVersion&gt;
      &lt;d:IsAbsoluteLatestVersion m:type="Edm.Boolean"&gt;true&lt;/d:IsAbsoluteLatestVersion&gt;
      &lt;d:IsPrerelease m:type="Edm.Boolean"&gt;false&lt;/d:IsPrerelease&gt;
      &lt;d:Language&gt;&lt;/d:Language&gt;
      &lt;d:Published m:type="Edm.DateTime"&gt;2012-08-11T05:30:39&lt;/d:Published&gt;
      &lt;d:LicenseUrl&gt;http://www.microsoft.com/web/webpi/eula/WebPages_2_eula_ENU.htm&lt;/d:LicenseUrl&gt;
      &lt;d:PackageHash&gt;bpWbVKW0RpM/XtTwZL7pjhuVqpaB/cHutR7W4YXLIXFMHHXilqzVxpFmyzwoIZVO1xmSdoelbDRBncIA5D24EA==&lt;/d:PackageHash&gt;
      &lt;d:PackageHashAlgorithm&gt;SHA512&lt;/d:PackageHashAlgorithm&gt;
      &lt;d:PackageSize m:type="Edm.Int64"&gt;220065&lt;/d:PackageSize&gt;
      &lt;d:ProjectUrl&gt;http://www.asp.net/web-pages&lt;/d:ProjectUrl&gt;
      &lt;d:ReportAbuseUrl&gt;http://qa.nugettest.org/package/ReportAbuse/Microsoft.AspNet.WebPages/2.0.20710.0&lt;/d:ReportAbuseUrl&gt;
      &lt;d:ReleaseNotes&gt;&lt;/d:ReleaseNotes&gt;
      &lt;d:RequireLicenseAcceptance m:type="Edm.Boolean"&gt;true&lt;/d:RequireLicenseAcceptance&gt;
      &lt;d:Tags xml:space="preserve"&gt; Microsoft AspNet WebPages AspNetWebPages &lt;/d:Tags&gt;
      &lt;d:Title&gt;Microsoft ASP.NET Web Pages 2&lt;/d:Title&gt;
      &lt;d:VersionDownloadCount m:type="Edm.Int32"&gt;446977&lt;/d:VersionDownloadCount&gt;
      &lt;d:MinClientVersion&gt;&lt;/d:MinClientVersion&gt;
    &lt;/m:properties&gt;
  &lt;/entry&gt;
  &lt;entry&gt;
    &lt;id&gt;http://nugetgallery-qa.cloudapp.net/api/v2/Packages(Id='Microsoft.AspNet.WebPages.Data',Version='2.0.20710.0')&lt;/id&gt;
    &lt;title type="text"&gt;Microsoft.AspNet.WebPages.Data&lt;/title&gt;
    &lt;summary type="text"&gt;&lt;/summary&gt;
    &lt;updated&gt;2013-04-04T21:53:45Z&lt;/updated&gt;
    &lt;author&gt;
      &lt;name&gt;Microsoft&lt;/name&gt;
    &lt;/author&gt;
    &lt;link rel="edit-media" title="V2FeedPackage" href="Packages(Id='Microsoft.AspNet.WebPages.Data',Version='2.0.20710.0')/$value" /&gt;
    &lt;link rel="edit" title="V2FeedPackage" href="Packages(Id='Microsoft.AspNet.WebPages.Data',Version='2.0.20710.0')" /&gt;
    &lt;category term="NuGetGallery.V2FeedPackage" scheme="http://schemas.microsoft.com/ado/2007/08/dataservices/scheme" /&gt;
    &lt;content type="application/zip" src="http://nugetgallery-qa.cloudapp.net/api/v2/package/Microsoft.AspNet.WebPages.Data/2.0.20710.0" /&gt;
    &lt;m:properties xmlns:m="http://schemas.microsoft.com/ado/2007/08/dataservices/metadata" xmlns:d="http://schemas.microsoft.com/ado/2007/08/dataservices"&gt;
      &lt;d:Version&gt;2.0.20710.0&lt;/d:Version&gt;
      &lt;d:Copyright&gt;&lt;/d:Copyright&gt;
      &lt;d:Created m:type="Edm.DateTime"&gt;2012-08-11T05:33:08&lt;/d:Created&gt;
      &lt;d:Dependencies&gt;&lt;/d:Dependencies&gt;
      &lt;d:Description&gt;This package contains the runtime assemblies for ASP.NET Web Pages. ASP.NET Web Pages and the new Razor syntax provide a fast, terse, clean and lightweight way to combine server code with HTML to create dynamic web content.&lt;/d:Description&gt;
      &lt;d:DownloadCount m:type="Edm.Int32"&gt;408875&lt;/d:DownloadCount&gt;
      &lt;d:GalleryDetailsUrl&gt;http://qa.nugettest.org/packages/Microsoft.AspNet.WebPages.Data/2.0.20710.0&lt;/d:GalleryDetailsUrl&gt;
      &lt;d:IconUrl&gt;https://download-codeplex.sec.s-msft.com/Download?ProjectName=aspnetwebstack&amp;amp;DownloadId=360555&lt;/d:IconUrl&gt;
      &lt;d:IsLatestVersion m:type="Edm.Boolean"&gt;true&lt;/d:IsLatestVersion&gt;
      &lt;d:IsAbsoluteLatestVersion m:type="Edm.Boolean"&gt;true&lt;/d:IsAbsoluteLatestVersion&gt;
      &lt;d:IsPrerelease m:type="Edm.Boolean"&gt;false&lt;/d:IsPrerelease&gt;
      &lt;d:Language&gt;&lt;/d:Language&gt;
      &lt;d:Published m:type="Edm.DateTime"&gt;2012-08-11T05:33:08&lt;/d:Published&gt;
      &lt;d:LicenseUrl&gt;http://www.microsoft.com/web/webpi/eula/WebPages_2_eula_ENU.htm&lt;/d:LicenseUrl&gt;
      &lt;d:PackageHash&gt;PTwS5C1vF69FDikWhUkJZ4qb96yxtdVuVR90Hjt7e/GDNVOeR7tXMYWHs9cPP0v35EiO+V6BUj1c8dNCUXW7Ag==&lt;/d:PackageHash&gt;
      &lt;d:PackageHashAlgorithm&gt;SHA512&lt;/d:PackageHashAlgorithm&gt;
      &lt;d:PackageSize m:type="Edm.Int64"&gt;23605&lt;/d:PackageSize&gt;
      &lt;d:ProjectUrl&gt;http://www.asp.net/web-pages&lt;/d:ProjectUrl&gt;
      &lt;d:ReportAbuseUrl&gt;http://qa.nugettest.org/package/ReportAbuse/Microsoft.AspNet.WebPages.Data/2.0.20710.0&lt;/d:ReportAbuseUrl&gt;
      &lt;d:ReleaseNotes&gt;&lt;/d:ReleaseNotes&gt;
      &lt;d:RequireLicenseAcceptance m:type="Edm.Boolean"&gt;true&lt;/d:RequireLicenseAcceptance&gt;
      &lt;d:Tags xml:space="preserve"&gt; Microsoft AspNet WebPages AspNetWebPages &lt;/d:Tags&gt;
      &lt;d:Title&gt;Microsoft ASP.NET Web Pages 2 Data&lt;/d:Title&gt;
      &lt;d:VersionDownloadCount m:type="Edm.Int32"&gt;371364&lt;/d:VersionDownloadCount&gt;
      &lt;d:MinClientVersion&gt;&lt;/d:MinClientVersion&gt;
    &lt;/m:properties&gt;
  &lt;/entry&gt;
  &lt;entry&gt;
    &lt;id&gt;http://nugetgallery-qa.cloudapp.net/api/v2/Packages(Id='Microsoft.AspNet.WebPages.Administration',Version='2.0.20713.0')&lt;/id&gt;
    &lt;title type="text"&gt;Microsoft.AspNet.WebPages.Administration&lt;/title&gt;
    &lt;summary type="text"&gt;&lt;/summary&gt;
    &lt;updated&gt;2013-04-04T21:53:45Z&lt;/updated&gt;
    &lt;author&gt;
      &lt;name&gt;Microsoft&lt;/name&gt;
    &lt;/author&gt;
    &lt;link rel="edit-media" title="V2FeedPackage" href="Packages(Id='Microsoft.AspNet.WebPages.Administration',Version='2.0.20713.0')/$value" /&gt;
    &lt;link rel="edit" title="V2FeedPackage" href="Packages(Id='Microsoft.AspNet.WebPages.Administration',Version='2.0.20713.0')" /&gt;
    &lt;category term="NuGetGallery.V2FeedPackage" scheme="http://schemas.microsoft.com/ado/2007/08/dataservices/scheme" /&gt;
    &lt;content type="application/zip" src="http://nugetgallery-qa.cloudapp.net/api/v2/package/Microsoft.AspNet.WebPages.Administration/2.0.20713.0" /&gt;
    &lt;m:properties xmlns:m="http://schemas.microsoft.com/ado/2007/08/dataservices/metadata" xmlns:d="http://schemas.microsoft.com/ado/2007/08/dataservices"&gt;
      &lt;d:Version&gt;2.0.20713.0&lt;/d:Version&gt;
      &lt;d:Copyright&gt;&lt;/d:Copyright&gt;
      &lt;d:Created m:type="Edm.DateTime"&gt;2012-08-11T05:30:52&lt;/d:Created&gt;
      &lt;d:Dependencies&gt;Microsoft.AspNet.WebPages:[2.0.20710.0, 2.1):|NuGet.Core:[1.6.2, 1.7):&lt;/d:Dependencies&gt;
      &lt;d:Description&gt;This package contains the runtime assemblies for ASP.NET Web Pages. ASP.NET Web Pages and the new Razor syntax provide a fast, terse, clean and lightweight way to combine server code with HTML to create dynamic web content.&lt;/d:Description&gt;
      &lt;d:DownloadCount m:type="Edm.Int32"&gt;398535&lt;/d:DownloadCount&gt;
      &lt;d:GalleryDetailsUrl&gt;http://qa.nugettest.org/packages/Microsoft.AspNet.WebPages.Administration/2.0.20713.0&lt;/d:GalleryDetailsUrl&gt;
      &lt;d:IconUrl&gt;https://download-codeplex.sec.s-msft.com/Download?ProjectName=aspnetwebstack&amp;amp;DownloadId=360555&lt;/d:IconUrl&gt;
      &lt;d:IsLatestVersion m:type="Edm.Boolean"&gt;true&lt;/d:IsLatestVersion&gt;
      &lt;d:IsAbsoluteLatestVersion m:type="Edm.Boolean"&gt;true&lt;/d:IsAbsoluteLatestVersion&gt;
      &lt;d:IsPrerelease m:type="Edm.Boolean"&gt;false&lt;/d:IsPrerelease&gt;
      &lt;d:Language&gt;&lt;/d:Language&gt;
      &lt;d:Published m:type="Edm.DateTime"&gt;2012-08-11T05:30:52&lt;/d:Published&gt;
      &lt;d:LicenseUrl&gt;http://www.microsoft.com/web/webpi/eula/WebPages_2_eula_ENU.htm&lt;/d:LicenseUrl&gt;
      &lt;d:PackageHash&gt;aKuV0blkMZoVZtHdd7qhCjF16Xe1ILcr0EWS3bLV46ftnIb8+Ch+EALtY8/kGEXCU6z9hadYwtP/3XmVJG5cAg==&lt;/d:PackageHash&gt;
      &lt;d:PackageHashAlgorithm&gt;SHA512&lt;/d:PackageHashAlgorithm&gt;
      &lt;d:PackageSize m:type="Edm.Int64"&gt;59018&lt;/d:PackageSize&gt;
      &lt;d:ProjectUrl&gt;http://www.asp.net/web-pages&lt;/d:ProjectUrl&gt;
      &lt;d:ReportAbuseUrl&gt;http://qa.nugettest.org/package/ReportAbuse/Microsoft.AspNet.WebPages.Administration/2.0.20713.0&lt;/d:ReportAbuseUrl&gt;
      &lt;d:ReleaseNotes&gt;&lt;/d:ReleaseNotes&gt;
      &lt;d:RequireLicenseAcceptance m:type="Edm.Boolean"&gt;true&lt;/d:RequireLicenseAcceptance&gt;
      &lt;d:Tags xml:space="preserve"&gt; Microsoft AspNet WebPages AspNetWebPages &lt;/d:Tags&gt;
      &lt;d:Title&gt;Microsoft ASP.NET Web Pages 2 Administration&lt;/d:Title&gt;
      &lt;d:VersionDownloadCount m:type="Edm.Int32"&gt;164125&lt;/d:VersionDownloadCount&gt;
      &lt;d:MinClientVersion&gt;&lt;/d:MinClientVersion&gt;
    &lt;/m:properties&gt;
  &lt;/entry&gt;
  &lt;entry&gt;
    &lt;id&gt;http://nugetgallery-qa.cloudapp.net/api/v2/Packages(Id='Microsoft.AspNet.Razor',Version='2.0.20715.0')&lt;/id&gt;
    &lt;title type="text"&gt;Microsoft.AspNet.Razor&lt;/title&gt;
    &lt;summary type="text"&gt;&lt;/summary&gt;
    &lt;updated&gt;2013-04-04T21:53:45Z&lt;/updated&gt;
    &lt;author&gt;
      &lt;name&gt;Microsoft&lt;/name&gt;
    &lt;/author&gt;
    &lt;link rel="edit-media" title="V2FeedPackage" href="Packages(Id='Microsoft.AspNet.Razor',Version='2.0.20715.0')/$value" /&gt;
    &lt;link rel="edit" title="V2FeedPackage" href="Packages(Id='Microsoft.AspNet.Razor',Version='2.0.20715.0')" /&gt;
    &lt;category term="NuGetGallery.V2FeedPackage" scheme="http://schemas.microsoft.com/ado/2007/08/dataservices/scheme" /&gt;
    &lt;content type="application/zip" src="http://nugetgallery-qa.cloudapp.net/api/v2/package/Microsoft.AspNet.Razor/2.0.20715.0" /&gt;
    &lt;m:properties xmlns:m="http://schemas.microsoft.com/ado/2007/08/dataservices/metadata" xmlns:d="http://schemas.microsoft.com/ado/2007/08/dataservices"&gt;
      &lt;d:Version&gt;2.0.20715.0&lt;/d:Version&gt;
      &lt;d:Copyright&gt;&lt;/d:Copyright&gt;
      &lt;d:Created m:type="Edm.DateTime"&gt;2012-10-31T19:09:37&lt;/d:Created&gt;
      &lt;d:Dependencies&gt;&lt;/d:Dependencies&gt;
      &lt;d:Description&gt;This package contains the runtime assemblies for ASP.NET Web Pages. ASP.NET Web Pages and the new Razor syntax provide a fast, terse, clean and lightweight way to combine server code with HTML to create dynamic web content.&lt;/d:Description&gt;
      &lt;d:DownloadCount m:type="Edm.Int32"&gt;848200&lt;/d:DownloadCount&gt;
      &lt;d:GalleryDetailsUrl&gt;http://qa.nugettest.org/packages/Microsoft.AspNet.Razor/2.0.20715.0&lt;/d:GalleryDetailsUrl&gt;
      &lt;d:IconUrl m:null="true"&gt;&lt;/d:IconUrl&gt;
      &lt;d:IsLatestVersion m:type="Edm.Boolean"&gt;true&lt;/d:IsLatestVersion&gt;
      &lt;d:IsAbsoluteLatestVersion m:type="Edm.Boolean"&gt;true&lt;/d:IsAbsoluteLatestVersion&gt;
      &lt;d:IsPrerelease m:type="Edm.Boolean"&gt;false&lt;/d:IsPrerelease&gt;
      &lt;d:Language&gt;en-US&lt;/d:Language&gt;
      &lt;d:Published m:type="Edm.DateTime"&gt;2012-10-31T19:09:37&lt;/d:Published&gt;
      &lt;d:LicenseUrl&gt;http://www.microsoft.com/web/webpi/eula/WebPages_2_eula_ENU.htm&lt;/d:LicenseUrl&gt;
      &lt;d:PackageHash&gt;PL8ocxrG5Ltn8Z2zPOLnDVLxcaBk1B8KcXLG2YDdsw9tpqa5yFUWP6EwATbeysp+/j6Nt1nF6ouj3+VyBpzHGg==&lt;/d:PackageHash&gt;
      &lt;d:PackageHashAlgorithm&gt;SHA512&lt;/d:PackageHashAlgorithm&gt;
      &lt;d:PackageSize m:type="Edm.Int64"&gt;127166&lt;/d:PackageSize&gt;
      &lt;d:ProjectUrl&gt;http://www.asp.net/web-pages&lt;/d:ProjectUrl&gt;
      &lt;d:ReportAbuseUrl&gt;http://qa.nugettest.org/package/ReportAbuse/Microsoft.AspNet.Razor/2.0.20715.0&lt;/d:ReportAbuseUrl&gt;
      &lt;d:ReleaseNotes&gt;&lt;/d:ReleaseNotes&gt;
      &lt;d:RequireLicenseAcceptance m:type="Edm.Boolean"&gt;true&lt;/d:RequireLicenseAcceptance&gt;
      &lt;d:Tags xml:space="preserve"&gt; Microsoft AspNet WebPages AspNetWebPages Razor &lt;/d:Tags&gt;
      &lt;d:Title&gt;Microsoft ASP.NET Razor 2&lt;/d:Title&gt;
      &lt;d:VersionDownloadCount m:type="Edm.Int32"&gt;299609&lt;/d:VersionDownloadCount&gt;
      &lt;d:MinClientVersion&gt;&lt;/d:MinClientVersion&gt;
    &lt;/m:properties&gt;
  &lt;/entry&gt;
  &lt;entry&gt;
    &lt;id&gt;http://nugetgallery-qa.cloudapp.net/api/v2/Packages(Id='Microsoft.AspNet.WebPages.WebData',Version='2.0.20710.0')&lt;/id&gt;
    &lt;title type="text"&gt;Microsoft.AspNet.WebPages.WebData&lt;/title&gt;
    &lt;summary type="text"&gt;&lt;/summary&gt;
    &lt;updated&gt;2013-04-04T21:53:45Z&lt;/updated&gt;
    &lt;author&gt;
      &lt;name&gt;Microsoft&lt;/name&gt;
    &lt;/author&gt;
    &lt;link rel="edit-media" title="V2FeedPackage" href="Packages(Id='Microsoft.AspNet.WebPages.WebData',Version='2.0.20710.0')/$value" /&gt;
    &lt;link rel="edit" title="V2FeedPackage" href="Packages(Id='Microsoft.AspNet.WebPages.WebData',Version='2.0.20710.0')" /&gt;
    &lt;category term="NuGetGallery.V2FeedPackage" scheme="http://schemas.microsoft.com/ado/2007/08/dataservices/scheme" /&gt;
    &lt;content type="application/zip" src="http://nugetgallery-qa.cloudapp.net/api/v2/package/Microsoft.AspNet.WebPages.WebData/2.0.20710.0" /&gt;
    &lt;m:properties xmlns:m="http://schemas.microsoft.com/ado/2007/08/dataservices/metadata" xmlns:d="http://schemas.microsoft.com/ado/2007/08/dataservices"&gt;
      &lt;d:Version&gt;2.0.20710.0&lt;/d:Version&gt;
      &lt;d:Copyright&gt;&lt;/d:Copyright&gt;
      &lt;d:Created m:type="Edm.DateTime"&gt;2012-08-11T05:39:04&lt;/d:Created&gt;
      &lt;d:Dependencies&gt;Microsoft.AspNet.WebPages.Data:[2.0.20710.0, 2.1):&lt;/d:Dependencies&gt;
      &lt;d:Description&gt;This package contains the runtime assemblies for ASP.NET Web Pages. ASP.NET Web Pages and the new Razor syntax provide a fast, terse, clean and lightweight way to combine server code with HTML to create dynamic web content.&lt;/d:Description&gt;
      &lt;d:DownloadCount m:type="Edm.Int32"&gt;311370&lt;/d:DownloadCount&gt;
      &lt;d:GalleryDetailsUrl&gt;http://qa.nugettest.org/packages/Microsoft.AspNet.WebPages.WebData/2.0.20710.0&lt;/d:GalleryDetailsUrl&gt;
      &lt;d:IconUrl&gt;https://download-codeplex.sec.s-msft.com/Download?ProjectName=aspnetwebstack&amp;amp;DownloadId=360555&lt;/d:IconUrl&gt;
      &lt;d:IsLatestVersion m:type="Edm.Boolean"&gt;true&lt;/d:IsLatestVersion&gt;
      &lt;d:IsAbsoluteLatestVersion m:type="Edm.Boolean"&gt;true&lt;/d:IsAbsoluteLatestVersion&gt;
      &lt;d:IsPrerelease m:type="Edm.Boolean"&gt;false&lt;/d:IsPrerelease&gt;
      &lt;d:Language&gt;&lt;/d:Language&gt;
      &lt;d:Published m:type="Edm.DateTime"&gt;2012-08-11T05:39:04&lt;/d:Published&gt;
      &lt;d:LicenseUrl&gt;http://www.microsoft.com/web/webpi/eula/WebPages_2_eula_ENU.htm&lt;/d:LicenseUrl&gt;
      &lt;d:PackageHash&gt;BZsx1iI2qZ9c21QKD3KAk7BGrGQ3gkGw8a7AdkmDNJoK+RyEcEy46lyzpyiD7BkVKvlszO7er2m2nR2NWK6u9Q==&lt;/d:PackageHash&gt;
      &lt;d:PackageHashAlgorithm&gt;SHA512&lt;/d:PackageHashAlgorithm&gt;
      &lt;d:PackageSize m:type="Edm.Int64"&gt;40192&lt;/d:PackageSize&gt;
      &lt;d:ProjectUrl&gt;http://www.asp.net/web-pages&lt;/d:ProjectUrl&gt;
      &lt;d:ReportAbuseUrl&gt;http://qa.nugettest.org/package/ReportAbuse/Microsoft.AspNet.WebPages.WebData/2.0.20710.0&lt;/d:ReportAbuseUrl&gt;
      &lt;d:ReleaseNotes&gt;&lt;/d:ReleaseNotes&gt;
      &lt;d:RequireLicenseAcceptance m:type="Edm.Boolean"&gt;true&lt;/d:RequireLicenseAcceptance&gt;
      &lt;d:Tags xml:space="preserve"&gt; Microsoft AspNet WebPages AspNetWebPages &lt;/d:Tags&gt;
      &lt;d:Title&gt;Microsoft ASP.NET Web Pages 2 Web Data&lt;/d:Title&gt;
      &lt;d:VersionDownloadCount m:type="Edm.Int32"&gt;274096&lt;/d:VersionDownloadCount&gt;
      &lt;d:MinClientVersion&gt;&lt;/d:MinClientVersion&gt;
    &lt;/m:properties&gt;
  &lt;/entry&gt;
  &lt;entry&gt;
    &lt;id&gt;http://nugetgallery-qa.cloudapp.net/api/v2/Packages(Id='Microsoft.AspNet.WebApi.Core',Version='4.0.20710.0')&lt;/id&gt;
    &lt;title type="text"&gt;Microsoft.AspNet.WebApi.Core&lt;/title&gt;
    &lt;summary type="text"&gt;&lt;/summary&gt;
    &lt;updated&gt;2013-04-04T21:53:45Z&lt;/updated&gt;
    &lt;author&gt;
      &lt;name&gt;Microsoft&lt;/name&gt;
    &lt;/author&gt;
    &lt;link rel="edit-media" title="V2FeedPackage" href="Packages(Id='Microsoft.AspNet.WebApi.Core',Version='4.0.20710.0')/$value" /&gt;
    &lt;link rel="edit" title="V2FeedPackage" href="Packages(Id='Microsoft.AspNet.WebApi.Core',Version='4.0.20710.0')" /&gt;
    &lt;category term="NuGetGallery.V2FeedPackage" scheme="http://schemas.microsoft.com/ado/2007/08/dataservices/scheme" /&gt;
    &lt;content type="application/zip" src="http://nugetgallery-qa.cloudapp.net/api/v2/package/Microsoft.AspNet.WebApi.Core/4.0.20710.0" /&gt;
    &lt;m:properties xmlns:m="http://schemas.microsoft.com/ado/2007/08/dataservices/metadata" xmlns:d="http://schemas.microsoft.com/ado/2007/08/dataservices"&gt;
      &lt;d:Version&gt;4.0.20710.0&lt;/d:Version&gt;
      &lt;d:Copyright&gt;&lt;/d:Copyright&gt;
      &lt;d:Created m:type="Edm.DateTime"&gt;2012-08-11T05:24:12&lt;/d:Created&gt;
      &lt;d:Dependencies&gt;Microsoft.AspNet.WebApi.Client:[4.0.20710.0, 4.1):&lt;/d:Dependencies&gt;
      &lt;d:Description&gt;This package contains the core runtime assemblies for ASP.NET Web API. This package is used by hosts of the ASP.NET Web API runtime. To host a Web API in IIS use the Microsoft.AspNet.WebApi.WebHost package. To host a Web API in your own process use the Microsoft.AspNet.WebApi.SelfHost package.&lt;/d:Description&gt;
      &lt;d:DownloadCount m:type="Edm.Int32"&gt;288902&lt;/d:DownloadCount&gt;
      &lt;d:GalleryDetailsUrl&gt;http://qa.nugettest.org/packages/Microsoft.AspNet.WebApi.Core/4.0.20710.0&lt;/d:GalleryDetailsUrl&gt;
      &lt;d:IconUrl&gt;https://download-codeplex.sec.s-msft.com/Download?ProjectName=aspnetwebstack&amp;amp;DownloadId=360555&lt;/d:IconUrl&gt;
      &lt;d:IsLatestVersion m:type="Edm.Boolean"&gt;true&lt;/d:IsLatestVersion&gt;
      &lt;d:IsAbsoluteLatestVersion m:type="Edm.Boolean"&gt;true&lt;/d:IsAbsoluteLatestVersion&gt;
      &lt;d:IsPrerelease m:type="Edm.Boolean"&gt;false&lt;/d:IsPrerelease&gt;
      &lt;d:Language&gt;&lt;/d:Language&gt;
      &lt;d:Published m:type="Edm.DateTime"&gt;2012-08-11T05:24:12&lt;/d:Published&gt;
      &lt;d:LicenseUrl&gt;http://www.microsoft.com/web/webpi/eula/MVC_4_eula_ENU.htm&lt;/d:LicenseUrl&gt;
      &lt;d:PackageHash&gt;ufD+tH4W7+eNsb4pzX5oFTDcgI6J3lffughFTkyLHPBZ+A4Eo+VncAxt3lbt9zxxbLHXIbgJHYRLvtgR5YEZAQ==&lt;/d:PackageHash&gt;
      &lt;d:PackageHashAlgorithm&gt;SHA512&lt;/d:PackageHashAlgorithm&gt;
      &lt;d:PackageSize m:type="Edm.Int64"&gt;176932&lt;/d:PackageSize&gt;
      &lt;d:ProjectUrl&gt;http://www.asp.net/web-api&lt;/d:ProjectUrl&gt;
      &lt;d:ReportAbuseUrl&gt;http://qa.nugettest.org/package/ReportAbuse/Microsoft.AspNet.WebApi.Core/4.0.20710.0&lt;/d:ReportAbuseUrl&gt;
      &lt;d:ReleaseNotes&gt;&lt;/d:ReleaseNotes&gt;
      &lt;d:RequireLicenseAcceptance m:type="Edm.Boolean"&gt;true&lt;/d:RequireLicenseAcceptance&gt;
      &lt;d:Tags xml:space="preserve"&gt; Microsoft AspNet WebApi AspNetWebApi &lt;/d:Tags&gt;
      &lt;d:Title&gt;Microsoft ASP.NET Web API Core Libraries&lt;/d:Title&gt;
      &lt;d:VersionDownloadCount m:type="Edm.Int32"&gt;234127&lt;/d:VersionDownloadCount&gt;
      &lt;d:MinClientVersion&gt;&lt;/d:MinClientVersion&gt;
    &lt;/m:properties&gt;
  &lt;/entry&gt;
  &lt;entry&gt;
    &lt;id&gt;http://nugetgallery-qa.cloudapp.net/api/v2/Packages(Id='Microsoft.AspNet.WebApi.WebHost',Version='4.0.20710.0')&lt;/id&gt;
    &lt;title type="text"&gt;Microsoft.AspNet.WebApi.WebHost&lt;/title&gt;
    &lt;summary type="text"&gt;&lt;/summary&gt;
    &lt;updated&gt;2013-04-04T21:53:45Z&lt;/updated&gt;
    &lt;author&gt;
      &lt;name&gt;Microsoft&lt;/name&gt;
    &lt;/author&gt;
    &lt;link rel="edit-media" title="V2FeedPackage" href="Packages(Id='Microsoft.AspNet.WebApi.WebHost',Version='4.0.20710.0')/$value" /&gt;
    &lt;link rel="edit" title="V2FeedPackage" href="Packages(Id='Microsoft.AspNet.WebApi.WebHost',Version='4.0.20710.0')" /&gt;
    &lt;category term="NuGetGallery.V2FeedPackage" scheme="http://schemas.microsoft.com/ado/2007/08/dataservices/scheme" /&gt;
    &lt;content type="application/zip" src="http://nugetgallery-qa.cloudapp.net/api/v2/package/Microsoft.AspNet.WebApi.WebHost/4.0.20710.0" /&gt;
    &lt;m:properties xmlns:m="http://schemas.microsoft.com/ado/2007/08/dataservices/metadata" xmlns:d="http://schemas.microsoft.com/ado/2007/08/dataservices"&gt;
      &lt;d:Version&gt;4.0.20710.0&lt;/d:Version&gt;
      &lt;d:Copyright&gt;&lt;/d:Copyright&gt;
      &lt;d:Created m:type="Edm.DateTime"&gt;2012-08-11T05:28:30&lt;/d:Created&gt;
      &lt;d:Dependencies&gt;Microsoft.Web.Infrastructure:1.0.0.0:|Microsoft.AspNet.WebApi.Core:[4.0.20710.0, 4.1):&lt;/d:Dependencies&gt;
      &lt;d:Description&gt;This package contains everything you need to host ASP.NET Web API on IIS. ASP.NET Web API is a framework that makes it easy to build HTTP services that reach a broad range of clients, including browsers and mobile devices. ASP.NET Web API is an ideal platform for building RESTful applications on the .NET Framework.&lt;/d:Description&gt;
      &lt;d:DownloadCount m:type="Edm.Int32"&gt;270108&lt;/d:DownloadCount&gt;
      &lt;d:GalleryDetailsUrl&gt;http://qa.nugettest.org/packages/Microsoft.AspNet.WebApi.WebHost/4.0.20710.0&lt;/d:GalleryDetailsUrl&gt;
      &lt;d:IconUrl&gt;https://download-codeplex.sec.s-msft.com/Download?ProjectName=aspnetwebstack&amp;amp;DownloadId=360555&lt;/d:IconUrl&gt;
      &lt;d:IsLatestVersion m:type="Edm.Boolean"&gt;true&lt;/d:IsLatestVersion&gt;
      &lt;d:IsAbsoluteLatestVersion m:type="Edm.Boolean"&gt;true&lt;/d:IsAbsoluteLatestVersion&gt;
      &lt;d:IsPrerelease m:type="Edm.Boolean"&gt;false&lt;/d:IsPrerelease&gt;
      &lt;d:Language&gt;&lt;/d:Language&gt;
      &lt;d:Published m:type="Edm.DateTime"&gt;2012-08-11T05:28:30&lt;/d:Published&gt;
      &lt;d:LicenseUrl&gt;http://www.microsoft.com/web/webpi/eula/MVC_4_eula_ENU.htm&lt;/d:LicenseUrl&gt;
      &lt;d:PackageHash&gt;Pqje5F4BJvnN6z2eSIuyCCZNJbIPap/4bYfvvHYy/kiYPj7+cFK+tgcSKWgITwk+6K8v+Bf3Et16DXQQuK+wEg==&lt;/d:PackageHash&gt;
      &lt;d:PackageHashAlgorithm&gt;SHA512&lt;/d:PackageHashAlgorithm&gt;
      &lt;d:PackageSize m:type="Edm.Int64"&gt;39827&lt;/d:PackageSize&gt;
      &lt;d:ProjectUrl&gt;http://www.asp.net/web-api&lt;/d:ProjectUrl&gt;
      &lt;d:ReportAbuseUrl&gt;http://qa.nugettest.org/package/ReportAbuse/Microsoft.AspNet.WebApi.WebHost/4.0.20710.0&lt;/d:ReportAbuseUrl&gt;
      &lt;d:ReleaseNotes&gt;&lt;/d:ReleaseNotes&gt;
      &lt;d:RequireLicenseAcceptance m:type="Edm.Boolean"&gt;true&lt;/d:RequireLicenseAcceptance&gt;
      &lt;d:Tags xml:space="preserve"&gt; Microsoft AspNet WebApi AspNetWebApi WebHost &lt;/d:Tags&gt;
      &lt;d:Title&gt;Microsoft ASP.NET Web API Web Host&lt;/d:Title&gt;
      &lt;d:VersionDownloadCount m:type="Edm.Int32"&gt;218842&lt;/d:VersionDownloadCount&gt;
      &lt;d:MinClientVersion&gt;&lt;/d:MinClientVersion&gt;
    &lt;/m:properties&gt;
  &lt;/entry&gt;
  &lt;entry&gt;
    &lt;id&gt;http://nugetgallery-qa.cloudapp.net/api/v2/Packages(Id='Microsoft.AspNet.WebApi',Version='4.0.20710.0')&lt;/id&gt;
    &lt;title type="text"&gt;Microsoft.AspNet.WebApi&lt;/title&gt;
    &lt;summary type="text"&gt;&lt;/summary&gt;
    &lt;updated&gt;2013-04-04T21:53:45Z&lt;/updated&gt;
    &lt;author&gt;
      &lt;name&gt;Microsoft&lt;/name&gt;
    &lt;/author&gt;
    &lt;link rel="edit-media" title="V2FeedPackage" href="Packages(Id='Microsoft.AspNet.WebApi',Version='4.0.20710.0')/$value" /&gt;
    &lt;link rel="edit" title="V2FeedPackage" href="Packages(Id='Microsoft.AspNet.WebApi',Version='4.0.20710.0')" /&gt;
    &lt;category term="NuGetGallery.V2FeedPackage" scheme="http://schemas.microsoft.com/ado/2007/08/dataservices/scheme" /&gt;
    &lt;content type="application/zip" src="http://nugetgallery-qa.cloudapp.net/api/v2/package/Microsoft.AspNet.WebApi/4.0.20710.0" /&gt;
    &lt;m:properties xmlns:m="http://schemas.microsoft.com/ado/2007/08/dataservices/metadata" xmlns:d="http://schemas.microsoft.com/ado/2007/08/dataservices"&gt;
      &lt;d:Version&gt;4.0.20710.0&lt;/d:Version&gt;
      &lt;d:Copyright&gt;&lt;/d:Copyright&gt;
      &lt;d:Created m:type="Edm.DateTime"&gt;2012-08-11T05:21:56&lt;/d:Created&gt;
      &lt;d:Dependencies&gt;Microsoft.AspNet.WebApi.WebHost:[4.0.20710.0, 4.1):&lt;/d:Dependencies&gt;
      &lt;d:Description&gt;This package contains everything you need to host ASP.NET Web API on IIS. ASP.NET Web API is a framework that makes it easy to build HTTP services that reach a broad range of clients, including browsers and mobile devices. ASP.NET Web API is an ideal platform for building RESTful applications on the .NET Framework.&lt;/d:Description&gt;
      &lt;d:DownloadCount m:type="Edm.Int32"&gt;257626&lt;/d:DownloadCount&gt;
      &lt;d:GalleryDetailsUrl&gt;http://qa.nugettest.org/packages/Microsoft.AspNet.WebApi/4.0.20710.0&lt;/d:GalleryDetailsUrl&gt;
      &lt;d:IconUrl&gt;https://download-codeplex.sec.s-msft.com/Download?ProjectName=aspnetwebstack&amp;amp;DownloadId=360555&lt;/d:IconUrl&gt;
      &lt;d:IsLatestVersion m:type="Edm.Boolean"&gt;true&lt;/d:IsLatestVersion&gt;
      &lt;d:IsAbsoluteLatestVersion m:type="Edm.Boolean"&gt;true&lt;/d:IsAbsoluteLatestVersion&gt;
      &lt;d:IsPrerelease m:type="Edm.Boolean"&gt;false&lt;/d:IsPrerelease&gt;
      &lt;d:Language&gt;&lt;/d:Language&gt;
      &lt;d:Published m:type="Edm.DateTime"&gt;2012-08-11T05:21:56&lt;/d:Published&gt;
      &lt;d:LicenseUrl&gt;http://www.microsoft.com/web/webpi/eula/MVC_4_eula_ENU.htm&lt;/d:LicenseUrl&gt;
      &lt;d:PackageHash&gt;wlNutdt6xneIyIho124e2tV5VZ9jV2NXgC53dug46s/VWzmrm3zz4Pqe0lWsQWDfYaVhxKPhPZqPiLQ9plCTSA==&lt;/d:PackageHash&gt;
      &lt;d:PackageHashAlgorithm&gt;SHA512&lt;/d:PackageHashAlgorithm&gt;
      &lt;d:PackageSize m:type="Edm.Int64"&gt;3108&lt;/d:PackageSize&gt;
      &lt;d:ProjectUrl&gt;http://www.asp.net/web-api&lt;/d:ProjectUrl&gt;
      &lt;d:ReportAbuseUrl&gt;http://qa.nugettest.org/package/ReportAbuse/Microsoft.AspNet.WebApi/4.0.20710.0&lt;/d:ReportAbuseUrl&gt;
      &lt;d:ReleaseNotes&gt;&lt;/d:ReleaseNotes&gt;
      &lt;d:RequireLicenseAcceptance m:type="Edm.Boolean"&gt;true&lt;/d:RequireLicenseAcceptance&gt;
      &lt;d:Tags xml:space="preserve"&gt; Microsoft AspNet WebApi AspNetWebApi &lt;/d:Tags&gt;
      &lt;d:Title&gt;Microsoft ASP.NET Web API&lt;/d:Title&gt;
      &lt;d:VersionDownloadCount m:type="Edm.Int32"&gt;206188&lt;/d:VersionDownloadCount&gt;
      &lt;d:MinClientVersion&gt;&lt;/d:MinClientVersion&gt;
    &lt;/m:properties&gt;
  &lt;/entry&gt;
  &lt;entry&gt;
    &lt;id&gt;http://nugetgallery-qa.cloudapp.net/api/v2/Packages(Id='WebBackgrounder',Version='0.2.0')&lt;/id&gt;
    &lt;title type="text"&gt;WebBackgrounder&lt;/title&gt;
    &lt;summary type="text"&gt;&lt;/summary&gt;
    &lt;updated&gt;2013-04-04T17:33:35Z&lt;/updated&gt;
    &lt;author&gt;
      &lt;name&gt;Outercurve Foundation&lt;/name&gt;
    &lt;/author&gt;
    &lt;link rel="edit-media" title="V2FeedPackage" href="Packages(Id='WebBackgrounder',Version='0.2.0')/$value" /&gt;
    &lt;link rel="edit" title="V2FeedPackage" href="Packages(Id='WebBackgrounder',Version='0.2.0')" /&gt;
    &lt;category term="NuGetGallery.V2FeedPackage" scheme="http://schemas.microsoft.com/ado/2007/08/dataservices/scheme" /&gt;
    &lt;content type="application/zip" src="http://nugetgallery-qa.cloudapp.net/api/v2/package/WebBackgrounder/0.2.0" /&gt;
    &lt;m:properties xmlns:m="http://schemas.microsoft.com/ado/2007/08/dataservices/metadata" xmlns:d="http://schemas.microsoft.com/ado/2007/08/dataservices"&gt;
      &lt;d:Version&gt;0.2.0&lt;/d:Version&gt;
      &lt;d:Copyright&gt;&lt;/d:Copyright&gt;
      &lt;d:Created m:type="Edm.DateTime"&gt;2012-08-21T00:59:45&lt;/d:Created&gt;
      &lt;d:Dependencies&gt;&lt;/d:Dependencies&gt;
      &lt;d:Description&gt;WebBackgrounder is a proof-of-concept of a web-farm friendly background task manager meant to just work with a vanilla ASP.NET web application. See https://github.com/NuGet/WebBackgrounder for more information.&lt;/d:Description&gt;
      &lt;d:DownloadCount m:type="Edm.Int32"&gt;253212&lt;/d:DownloadCount&gt;
      &lt;d:GalleryDetailsUrl&gt;http://qa.nugettest.org/packages/WebBackgrounder/0.2.0&lt;/d:GalleryDetailsUrl&gt;
      &lt;d:IconUrl m:null="true"&gt;&lt;/d:IconUrl&gt;
      &lt;d:IsLatestVersion m:type="Edm.Boolean"&gt;true&lt;/d:IsLatestVersion&gt;
      &lt;d:IsAbsoluteLatestVersion m:type="Edm.Boolean"&gt;true&lt;/d:IsAbsoluteLatestVersion&gt;
      &lt;d:IsPrerelease m:type="Edm.Boolean"&gt;false&lt;/d:IsPrerelease&gt;
      &lt;d:Language&gt;&lt;/d:Language&gt;
      &lt;d:Published m:type="Edm.DateTime"&gt;2012-08-21T00:59:45&lt;/d:Published&gt;
      &lt;d:LicenseUrl&gt;http://nuget.codeplex.com/license&lt;/d:LicenseUrl&gt;
      &lt;d:PackageHash&gt;hBSTz2Ie4vAvmUpIc7D8HJ0+Cmxs+/yOhtByEyeMRjWygyVpo6aTfOoz8+HkG8ZCRPpj4bAgofbsoHSVfvOTpg==&lt;/d:PackageHash&gt;
      &lt;d:PackageHashAlgorithm&gt;SHA512&lt;/d:PackageHashAlgorithm&gt;
      &lt;d:PackageSize m:type="Edm.Int64"&gt;9711&lt;/d:PackageSize&gt;
      &lt;d:ProjectUrl&gt;https://github.com/NuGet/WebBackgrounder&lt;/d:ProjectUrl&gt;
      &lt;d:ReportAbuseUrl&gt;http://qa.nugettest.org/package/ReportAbuse/WebBackgrounder/0.2.0&lt;/d:ReportAbuseUrl&gt;
      &lt;d:ReleaseNotes&gt;* 0.0.1.1 Refactored the IWorkItemRepository interface to be stateless.
        * 0.0.1.4 Added more robust handling of badly behaving jobs (throwing exceptions).
        * 0.0.1.6 Fixed a bug in how the next task is scheduled&lt;/d:ReleaseNotes&gt;
      &lt;d:RequireLicenseAcceptance m:type="Edm.Boolean"&gt;false&lt;/d:RequireLicenseAcceptance&gt;
      &lt;d:Tags xml:space="preserve"&gt; aspnet threading background tasks jobs scheduled scheduling workers asp.net &lt;/d:Tags&gt;
      &lt;d:Title&gt;WebBackgrounder&lt;/d:Title&gt;
      &lt;d:VersionDownloadCount m:type="Edm.Int32"&gt;3024&lt;/d:VersionDownloadCount&gt;
      &lt;d:MinClientVersion&gt;&lt;/d:MinClientVersion&gt;
    &lt;/m:properties&gt;
  &lt;/entry&gt;
&lt;/feed&gt;</Message>
          <StackTrace>   at NuGetGallery.FunctionalTests.Features.SearchTest.SearchV2Feed() in d:\github.com\NuGetGallery\FunctionalTests\NuGetGallery.FunctionalTests\Features\SearchTest.cs:line 60
</StackTrace>
        </ErrorInfo>
      </Output>
    </UnitTestResult>
    <UnitTestResult executionId="70832960-be07-45bf-ac34-215aa112668b" testId="38905457-2302-9ddf-ad04-3107d5b18355" testName="UploadAndDownLoadPackageWithMinClientVersion" computerName="CLAYCO7" duration="00:00:01.2404060" startTime="2013-04-22T20:47:37.2556098-07:00" endTime="2013-04-22T20:47:38.4999279-07:00" testType="13cdc9d9-ddb5-4fa4-a97d-d965ccfc6d4b" outcome="Failed" testListId="8c84fa94-04c1-424b-9868-57a2d4851a1d" relativeResultsDirectory="70832960-be07-45bf-ac34-215aa112668b">
      <Output>
        <StdOut>Created '635022604572606179UploadAndDownLoadPackageWithMinClientVersion.nuspec' successfully.


Attempting to build package from '635022604572606179UploadAndDownLoadPackageWithMinClientVersion.nuspec'.
Successfully created package 'D:\github.com\NuGetGallery\FunctionalTests\Scripts\TestResults[51]\Out\635022604572606179UploadAndDownLoadPackageWithMinClientVersion\635022604572606179UploadAndDownLoadPackageWithMinClientVersion.1.0.0.nupkg'.

WARNING: 4 issue(s) found with package '635022604572606179UploadAndDownLoadPackageWithMinClientVersion'.

Issue: Assembly not inside a framework folder.
Description: The assembly 'Lib\635022604575696468.dll' is placed directly under 'lib' folder. It is recommended that assemblies be placed inside a framework-specific folder.
Solution: Move it into a framework-specific folder. If this assembly is targeted for multiple frameworks, ignore this warning.

Issue: Remove sample nuspec values.
Description: The value "Tag1 Tag2" for Tags is a sample value and should be removed.
Solution: Replace with an appropriate value or remove and it and rebuild your package.

Issue: Remove sample nuspec values.
Description: The value "Summary of changes made in this release of the package." for ReleaseNotes is a sample value and should be removed.
Solution: Replace with an appropriate value or remove and it and rebuild your package.

Issue: Remove sample nuspec values.
Description: The value "Package description" for Description is a sample value and should be removed.
Solution: Replace with an appropriate value or remove and it and rebuild your package.

Failed to process request. 'The requested resource can only be accessed via SSL.'. 
The remote server returned an error: (403) Forbidden..

Pushing 635022604572606179UploadAndDownLoadPackageWithMinClientVersion 1.0.0 to 'http://nugetgallery-qa.cloudapp.net/api/v2/package/'...</StdOut>
        <ErrorInfo>
          <Message>Assert.IsTrue failed. The package upload via Nuget.exe didnt suceed properly. Check the logs to see the process error and output stream</Message>
          <StackTrace>   at NuGetGallery.FunctionalTests.ClientIntegrationTests.NugetCommandLineTests.UploadAndDownLoadPackageWithMinClientVersion() in d:\github.com\NuGetGallery\FunctionalTests\NuGetGallery.FunctionalTests\ClientIntegrationTests\NuGetCommandLineTests.cs:line 62
</StackTrace>
        </ErrorInfo>
      </Output>
    </UnitTestResult>
    <UnitTestResult executionId="0b56f1c0-a8ff-4433-b097-9c5471a8e82a" testId="aedace0f-10de-70d5-5e45-b7227987df86" testName="UploadAndDownLoadPackageWithDotCsNames" computerName="CLAYCO7" duration="00:00:01.1400935" startTime="2013-04-22T20:47:38.5039312-07:00" endTime="2013-04-22T20:47:39.6476241-07:00" testType="13cdc9d9-ddb5-4fa4-a97d-d965ccfc6d4b" outcome="Failed" testListId="8c84fa94-04c1-424b-9868-57a2d4851a1d" relativeResultsDirectory="0b56f1c0-a8ff-4433-b097-9c5471a8e82a">
      <Output>
        <StdOut>Created '635022604585089330UploadAndDownLoadPackageWithDotCsNames.Cs.nuspec' successfully.


Attempting to build package from '635022604585089330UploadAndDownLoadPackageWithDotCsNames.Cs.nuspec'.
Successfully created package 'D:\github.com\NuGetGallery\FunctionalTests\Scripts\TestResults[51]\Out\635022604585089330UploadAndDownLoadPackageWithDotCsNames.Cs\635022604585089330UploadAndDownLoadPackageWithDotCsNames.Cs.1.0.0.nupkg'.

WARNING: 4 issue(s) found with package '635022604585089330UploadAndDownLoadPackageWithDotCsNames.Cs'.

Issue: Assembly not inside a framework folder.
Description: The assembly 'Lib\635022604587849471.dll' is placed directly under 'lib' folder. It is recommended that assemblies be placed inside a framework-specific folder.
Solution: Move it into a framework-specific folder. If this assembly is targeted for multiple frameworks, ignore this warning.

Issue: Remove sample nuspec values.
Description: The value "Tag1 Tag2" for Tags is a sample value and should be removed.
Solution: Replace with an appropriate value or remove and it and rebuild your package.

Issue: Remove sample nuspec values.
Description: The value "Summary of changes made in this release of the package." for ReleaseNotes is a sample value and should be removed.
Solution: Replace with an appropriate value or remove and it and rebuild your package.

Issue: Remove sample nuspec values.
Description: The value "Package description" for Description is a sample value and should be removed.
Solution: Replace with an appropriate value or remove and it and rebuild your package.

Failed to process request. 'The requested resource can only be accessed via SSL.'. 
The remote server returned an error: (403) Forbidden..

Pushing 635022604585089330UploadAndDownLoadPackageWithDotCsNames.Cs 1.0.0 to 'http://nugetgallery-qa.cloudapp.net/api/v2/package/'...</StdOut>
        <ErrorInfo>
          <Message>Assert.IsTrue failed. The package upload via Nuget.exe didnt suceed properly. Check the logs to see the process error and output stream</Message>
          <StackTrace>   at NuGetGallery.FunctionalTests.AssertAndValidationHelper.UploadNewPackageAndVerify(String packageId, String version) in d:\github.com\NuGetGallery\FunctionalTests\NuGetGallery.FunctionalTests\WebUITests\AssertAndValidationHelper.cs:line 170
   at NuGetGallery.FunctionalTests.ClientIntegrationTests.NugetCommandLineTests.UploadAndDownLoadPackageWithDotCsNames() in d:\github.com\NuGetGallery\FunctionalTests\NuGetGallery.FunctionalTests\ClientIntegrationTests\NuGetCommandLineTests.cs:line 81
</StackTrace>
        </ErrorInfo>
      </Output>
    </UnitTestResult>
    <UnitTestResult executionId="dada4110-474b-472f-8b42-c20c99f63d0f" testId="2653a81d-b439-f73a-c036-efc0ec29de69" testName="AddPackageToWindows8CuratedFeed" computerName="CLAYCO7" duration="00:00:01.2269787" startTime="2013-04-22T20:47:39.6506365-07:00" endTime="2013-04-22T20:47:40.8808878-07:00" testType="13cdc9d9-ddb5-4fa4-a97d-d965ccfc6d4b" outcome="Failed" testListId="8c84fa94-04c1-424b-9868-57a2d4851a1d" relativeResultsDirectory="dada4110-474b-472f-8b42-c20c99f63d0f">
      <Output>
        <StdOut>Created 'AddPackageToWindows8CuratedFeed635022604596546352.nuspec' successfully.


Attempting to build package from 'AddPackageToWindows8CuratedFeed635022604596546352.nuspec'.
Successfully created package 'D:\github.com\NuGetGallery\FunctionalTests\Scripts\TestResults[51]\Out\AddPackageToWindows8CuratedFeed635022604596546352\AddPackageToWindows8CuratedFeed635022604596546352.1.0.0.nupkg'.

WARNING: 3 issue(s) found with package 'AddPackageToWindows8CuratedFeed635022604596546352'.

Issue: Assembly not inside a framework folder.
Description: The assembly 'Lib\635022604599378630.dll' is placed directly under 'lib' folder. It is recommended that assemblies be placed inside a framework-specific folder.
Solution: Move it into a framework-specific folder. If this assembly is targeted for multiple frameworks, ignore this warning.

Issue: Remove sample nuspec values.
Description: The value "Summary of changes made in this release of the package." for ReleaseNotes is a sample value and should be removed.
Solution: Replace with an appropriate value or remove and it and rebuild your package.

Issue: Remove sample nuspec values.
Description: The value "Package description" for Description is a sample value and should be removed.
Solution: Replace with an appropriate value or remove and it and rebuild your package.

Failed to process request. 'The requested resource can only be accessed via SSL.'. 
The remote server returned an error: (403) Forbidden..

Pushing AddPackageToWindows8CuratedFeed635022604596546352 1.0.0 to 'http://nugetgallery-qa.cloudapp.net/api/v2/package/'...</StdOut>
        <ErrorInfo>
          <Message>Assert.IsTrue failed. The package upload via Nuget.exe didnt suceed properly. Check the logs to see the process error and output stream</Message>
          <StackTrace>   at NuGetGallery.FunctionalTests.Features.CuratedFeedTest.AddPackageToWindows8CuratedFeed() in d:\github.com\NuGetGallery\FunctionalTests\NuGetGallery.FunctionalTests\Features\CuratedFeedTest.cs:line 37
</StackTrace>
        </ErrorInfo>
      </Output>
    </UnitTestResult>
    <UnitTestResult executionId="25c35871-5d10-4e5c-983b-e771bf72b59a" testId="e40da15b-eedb-5ba3-88d7-9972079c30a6" testName="SearchWindows8CuratedFeed" computerName="CLAYCO7" duration="00:00:00.1260386" startTime="2013-04-22T20:47:40.8828826-07:00" endTime="2013-04-22T20:47:41.0120183-07:00" testType="13cdc9d9-ddb5-4fa4-a97d-d965ccfc6d4b" outcome="Passed" testListId="8c84fa94-04c1-424b-9868-57a2d4851a1d" relativeResultsDirectory="25c35871-5d10-4e5c-983b-e771bf72b59a">
    </UnitTestResult>
    <UnitTestResult executionId="426241d2-aa31-4161-b977-9e612d009e9f" testId="4808abb0-e068-dde3-e6bf-b1a137b6f0f9" testName="SearchWebMatrixCuratedFeed" computerName="CLAYCO7" duration="00:00:00.1387132" startTime="2013-04-22T20:47:41.0289917-07:00" endTime="2013-04-22T20:47:41.1724585-07:00" testType="13cdc9d9-ddb5-4fa4-a97d-d965ccfc6d4b" outcome="Passed" testListId="8c84fa94-04c1-424b-9868-57a2d4851a1d" relativeResultsDirectory="426241d2-aa31-4161-b977-9e612d009e9f">
    </UnitTestResult>
    <WebTestResult executionId="6de676ab-efe1-46bd-9867-73cf8915162e" testId="5d66c021-336a-34c0-9414-19ea84bd29bc" testName="InvalidLogonTest" computerName="CLAYCO7" duration="00:00:00.9758289" startTime="2013-04-22T20:47:41.1764587-07:00" endTime="2013-04-22T20:47:42.1592822-07:00" testType="37e36796-fb51-4610-8d5c-e00ceaa68b9f" outcome="Passed" testListId="8c84fa94-04c1-424b-9868-57a2d4851a1d" relativeResultsDirectory="6de676ab-efe1-46bd-9867-73cf8915162e">
      <ResultFiles>
        <ResultFile path="InvalidLogonTest.webtestResult" />
      </ResultFiles>
      <TestSettings name="Local" id="62f583f0-2eca-4773-bed0-474a13faad76">
        <Description>These are default test settings for a local test run.</Description>
        <Deployment userDeploymentRoot="." useDefaultDeploymentRoot="false" runDeploymentRoot="TestResults[51]">
          <DeploymentItem filename=".nuget\NuGet.Config" />
          <DeploymentItem filename=".nuget\NuGet.exe" />
          <DeploymentItem filename=".nuget\NuGet.targets" />
        </Deployment>
        <NamingScheme baseName="TestResults" appendTimeStamp="false" useDefault="false" />
        <Execution>
          <TestTypeSpecific>
            <UnitTestRunConfig testTypeId="13cdc9d9-ddb5-4fa4-a97d-d965ccfc6d4b">
              <AssemblyResolution>
                <TestDirectory useLoadContext="true" />
              </AssemblyResolution>
            </UnitTestRunConfig>
            <WebTestRunConfiguration testTypeId="4e7599fa-5ecb-43e9-a887-cd63cf72d207">
              <Browser name="Internet Explorer 9.0" MaxConnections="6">
                <Headers>
                  <Header name="User-Agent" value="Mozilla/5.0 (compatible; MSIE 9.0; Windows NT 6.1; Trident/5.0)" />
                  <Header name="Accept" value="*/*" />
                  <Header name="Accept-Language" value="en-US,en;q=0.8,zh-Hans-CN;q=0.5,zh-Hans;q=0.3" />
                  <Header name="Accept-Encoding" value="GZIP" />
                </Headers>
              </Browser>
            </WebTestRunConfiguration>
          </TestTypeSpecific>
          <AgentRule name="LocalMachineDefaultRole">
          </AgentRule>
        </Execution>
      </TestSettings>
      <WebTestResultFilePath>TestResults[51]\In\6de676ab-efe1-46bd-9867-73cf8915162e\InvalidLogonTest.webtestResult</WebTestResultFilePath>
    </WebTestResult>
    <WebTestResult executionId="a0127572-02db-4999-b390-ff1ab0fa2aa0" testId="d53feaf3-be7c-3e85-2afa-d33fc0e450a3" testName="SecurityHeaderTest" computerName="CLAYCO7" duration="00:00:01.2553469" startTime="2013-04-22T20:47:42.1612833-07:00" endTime="2013-04-22T20:47:43.4266790-07:00" testType="37e36796-fb51-4610-8d5c-e00ceaa68b9f" outcome="Passed" testListId="8c84fa94-04c1-424b-9868-57a2d4851a1d" relativeResultsDirectory="a0127572-02db-4999-b390-ff1ab0fa2aa0">
      <ResultFiles>
        <ResultFile path="SecurityHeaderTest.webtestResult" />
      </ResultFiles>
      <TestSettings name="Local" id="62f583f0-2eca-4773-bed0-474a13faad76">
        <Description>These are default test settings for a local test run.</Description>
        <Deployment userDeploymentRoot="." useDefaultDeploymentRoot="false" runDeploymentRoot="TestResults[51]">
          <DeploymentItem filename=".nuget\NuGet.Config" />
          <DeploymentItem filename=".nuget\NuGet.exe" />
          <DeploymentItem filename=".nuget\NuGet.targets" />
        </Deployment>
        <NamingScheme baseName="TestResults" appendTimeStamp="false" useDefault="false" />
        <Execution>
          <TestTypeSpecific>
            <UnitTestRunConfig testTypeId="13cdc9d9-ddb5-4fa4-a97d-d965ccfc6d4b">
              <AssemblyResolution>
                <TestDirectory useLoadContext="true" />
              </AssemblyResolution>
            </UnitTestRunConfig>
            <WebTestRunConfiguration testTypeId="4e7599fa-5ecb-43e9-a887-cd63cf72d207">
              <Browser name="Internet Explorer 9.0" MaxConnections="6">
                <Headers>
                  <Header name="User-Agent" value="Mozilla/5.0 (compatible; MSIE 9.0; Windows NT 6.1; Trident/5.0)" />
                  <Header name="Accept" value="*/*" />
                  <Header name="Accept-Language" value="en-US,en;q=0.8,zh-Hans-CN;q=0.5,zh-Hans;q=0.3" />
                  <Header name="Accept-Encoding" value="GZIP" />
                </Headers>
              </Browser>
            </WebTestRunConfiguration>
          </TestTypeSpecific>
          <AgentRule name="LocalMachineDefaultRole">
          </AgentRule>
        </Execution>
      </TestSettings>
      <WebTestResultFilePath>TestResults[51]\In\a0127572-02db-4999-b390-ff1ab0fa2aa0\SecurityHeaderTest.webtestResult</WebTestResultFilePath>
    </WebTestResult>
    <WebTestResult executionId="51f041a0-f34b-424f-ace4-35f756fed816" testId="e95ef3f5-4ae2-36dc-5d98-7ace7daaf2ea" testName="ContactUsAndReportAbuseLinkTest" computerName="CLAYCO7" duration="00:00:02.7875420" startTime="2013-04-22T20:47:43.4306774-07:00" endTime="2013-04-22T20:47:46.2258387-07:00" testType="37e36796-fb51-4610-8d5c-e00ceaa68b9f" outcome="Failed" testListId="8c84fa94-04c1-424b-9868-57a2d4851a1d" relativeResultsDirectory="51f041a0-f34b-424f-ace4-35f756fed816">
      <Output>
        <ErrorInfo>
          <Message>3 primary requests, 0 dependant requests and 0 conditional rules failed</Message>
        </ErrorInfo>
      </Output>
      <ResultFiles>
        <ResultFile path="ContactUsAndReportAbuseLinkTest.webtestResult" />
      </ResultFiles>
      <TestSettings name="Local" id="62f583f0-2eca-4773-bed0-474a13faad76">
        <Description>These are default test settings for a local test run.</Description>
        <Deployment userDeploymentRoot="." useDefaultDeploymentRoot="false" runDeploymentRoot="TestResults[51]">
          <DeploymentItem filename=".nuget\NuGet.Config" />
          <DeploymentItem filename=".nuget\NuGet.exe" />
          <DeploymentItem filename=".nuget\NuGet.targets" />
        </Deployment>
        <NamingScheme baseName="TestResults" appendTimeStamp="false" useDefault="false" />
        <Execution>
          <TestTypeSpecific>
            <UnitTestRunConfig testTypeId="13cdc9d9-ddb5-4fa4-a97d-d965ccfc6d4b">
              <AssemblyResolution>
                <TestDirectory useLoadContext="true" />
              </AssemblyResolution>
            </UnitTestRunConfig>
            <WebTestRunConfiguration testTypeId="4e7599fa-5ecb-43e9-a887-cd63cf72d207">
              <Browser name="Internet Explorer 9.0" MaxConnections="6">
                <Headers>
                  <Header name="User-Agent" value="Mozilla/5.0 (compatible; MSIE 9.0; Windows NT 6.1; Trident/5.0)" />
                  <Header name="Accept" value="*/*" />
                  <Header name="Accept-Language" value="en-US,en;q=0.8,zh-Hans-CN;q=0.5,zh-Hans;q=0.3" />
                  <Header name="Accept-Encoding" value="GZIP" />
                </Headers>
              </Browser>
            </WebTestRunConfiguration>
          </TestTypeSpecific>
          <AgentRule name="LocalMachineDefaultRole">
          </AgentRule>
        </Execution>
      </TestSettings>
      <WebTestResultFilePath>TestResults[51]\In\51f041a0-f34b-424f-ace4-35f756fed816\ContactUsAndReportAbuseLinkTest.webtestResult</WebTestResultFilePath>
    </WebTestResult>
    <WebTestResult executionId="c90ae744-6d0b-479f-8fdc-9a1dd6db9d1a" testId="336cce10-fc9c-411f-b491-c5f9f404e7b7" testName="UploadPackageWithMinClientVersionFromUITest" computerName="CLAYCO7" duration="00:00:02.1892842" startTime="2013-04-22T20:47:46.2268404-07:00" endTime="2013-04-22T20:47:48.4218799-07:00" testType="37e36796-fb51-4610-8d5c-e00ceaa68b9f" outcome="Failed" testListId="8c84fa94-04c1-424b-9868-57a2d4851a1d" relativeResultsDirectory="c90ae744-6d0b-479f-8fdc-9a1dd6db9d1a">
      <Output>
        <ErrorInfo>
          <Message>3 primary requests, 0 dependant requests and 0 conditional rules failed</Message>
        </ErrorInfo>
      </Output>
      <ResultFiles>
        <ResultFile path="UploadPackageWithMinClientVersionFromUITest.webtestResult" />
      </ResultFiles>
      <TestSettings name="Local" id="62f583f0-2eca-4773-bed0-474a13faad76">
        <Description>These are default test settings for a local test run.</Description>
        <Deployment userDeploymentRoot="." useDefaultDeploymentRoot="false" runDeploymentRoot="TestResults[51]">
          <DeploymentItem filename=".nuget\NuGet.Config" />
          <DeploymentItem filename=".nuget\NuGet.exe" />
          <DeploymentItem filename=".nuget\NuGet.targets" />
        </Deployment>
        <NamingScheme baseName="TestResults" appendTimeStamp="false" useDefault="false" />
        <Execution>
          <TestTypeSpecific>
            <UnitTestRunConfig testTypeId="13cdc9d9-ddb5-4fa4-a97d-d965ccfc6d4b">
              <AssemblyResolution>
                <TestDirectory useLoadContext="true" />
              </AssemblyResolution>
            </UnitTestRunConfig>
            <WebTestRunConfiguration testTypeId="4e7599fa-5ecb-43e9-a887-cd63cf72d207">
              <Browser name="Internet Explorer 9.0" MaxConnections="6">
                <Headers>
                  <Header name="User-Agent" value="Mozilla/5.0 (compatible; MSIE 9.0; Windows NT 6.1; Trident/5.0)" />
                  <Header name="Accept" value="*/*" />
                  <Header name="Accept-Language" value="en-US,en;q=0.8,zh-Hans-CN;q=0.5,zh-Hans;q=0.3" />
                  <Header name="Accept-Encoding" value="GZIP" />
                </Headers>
              </Browser>
            </WebTestRunConfiguration>
          </TestTypeSpecific>
          <AgentRule name="LocalMachineDefaultRole">
          </AgentRule>
        </Execution>
      </TestSettings>
      <WebTestResultFilePath>TestResults[51]\In\c90ae744-6d0b-479f-8fdc-9a1dd6db9d1a\UploadPackageWithMinClientVersionFromUITest.webtestResult</WebTestResultFilePath>
    </WebTestResult>
    <WebTestResult executionId="bd4993e0-acd3-4bee-ace5-f15bf5ed8e4a" testId="340e6bba-7e3d-842d-7ee1-669ddc667c0c" testName="AggregateStatsInHomePage" computerName="CLAYCO7" duration="00:00:01.4862011" startTime="2013-04-22T20:47:48.4268843-07:00" endTime="2013-04-22T20:47:49.9197852-07:00" testType="37e36796-fb51-4610-8d5c-e00ceaa68b9f" testListId="8c84fa94-04c1-424b-9868-57a2d4851a1d" relativeResultsDirectory="bd4993e0-acd3-4bee-ace5-f15bf5ed8e4a">
      <Output>
        <ErrorInfo>
          <Message>Exception occurred: Assert.IsTrue failed. The package upload via Nuget.exe didnt suceed properly. Check the logs to see the process error and output stream</Message>
          <StackTrace>   at Microsoft.VisualStudio.TestTools.UnitTesting.Assert.HandleFail(String assertionName, String message, Object[] parameters)
   at Microsoft.VisualStudio.TestTools.UnitTesting.Assert.IsTrue(Boolean condition, String message)
   at NuGetGallery.FunctionalTests.AssertAndValidationHelper.UploadNewPackageAndVerify(String packageId, String version) in d:\github.com\NuGetGallery\FunctionalTests\NuGetGallery.FunctionalTests\WebUITests\AssertAndValidationHelper.cs:line 170
   at NuGetGallery.FunctionalTests.AggregateStatsInHomePage.&lt;GetRequestEnumerator&gt;d__0.MoveNext() in d:\github.com\NuGetGallery\FunctionalTests\NuGetGallery.FunctionalTests\WebUITests\UploadAndDownload\AggregateStatsAfterDownload.cs:line 33
   at Microsoft.VisualStudio.TestTools.WebStress.WebTestCaseVariation.ExecuteNextTopLevelRequest()</StackTrace>
        </ErrorInfo>
      </Output>
      <ResultFiles>
        <ResultFile path="AggregateStatsInHomePage.webtestResult" />
      </ResultFiles>
      <TestSettings name="Local" id="62f583f0-2eca-4773-bed0-474a13faad76">
        <Description>These are default test settings for a local test run.</Description>
        <Deployment userDeploymentRoot="." useDefaultDeploymentRoot="false" runDeploymentRoot="TestResults[51]">
          <DeploymentItem filename=".nuget\NuGet.Config" />
          <DeploymentItem filename=".nuget\NuGet.exe" />
          <DeploymentItem filename=".nuget\NuGet.targets" />
        </Deployment>
        <NamingScheme baseName="TestResults" appendTimeStamp="false" useDefault="false" />
        <Execution>
          <TestTypeSpecific>
            <UnitTestRunConfig testTypeId="13cdc9d9-ddb5-4fa4-a97d-d965ccfc6d4b">
              <AssemblyResolution>
                <TestDirectory useLoadContext="true" />
              </AssemblyResolution>
            </UnitTestRunConfig>
            <WebTestRunConfiguration testTypeId="4e7599fa-5ecb-43e9-a887-cd63cf72d207">
              <Browser name="Internet Explorer 9.0" MaxConnections="6">
                <Headers>
                  <Header name="User-Agent" value="Mozilla/5.0 (compatible; MSIE 9.0; Windows NT 6.1; Trident/5.0)" />
                  <Header name="Accept" value="*/*" />
                  <Header name="Accept-Language" value="en-US,en;q=0.8,zh-Hans-CN;q=0.5,zh-Hans;q=0.3" />
                  <Header name="Accept-Encoding" value="GZIP" />
                </Headers>
              </Browser>
            </WebTestRunConfiguration>
          </TestTypeSpecific>
          <AgentRule name="LocalMachineDefaultRole">
          </AgentRule>
        </Execution>
      </TestSettings>
      <WebTestResultFilePath>TestResults[51]\In\bd4993e0-acd3-4bee-ace5-f15bf5ed8e4a\AggregateStatsInHomePage.webtestResult</WebTestResultFilePath>
    </WebTestResult>
    <WebTestResult executionId="81b7035f-bc3f-4508-a4e2-28616fbf54ae" testId="6c390634-83d7-955a-87c4-b41e59b8d7ae" testName="RegisterInvalidUserTest" computerName="CLAYCO7" duration="00:00:00.8412272" startTime="2013-04-22T20:47:49.9237865-07:00" endTime="2013-04-22T20:47:50.7716513-07:00" testType="37e36796-fb51-4610-8d5c-e00ceaa68b9f" outcome="Passed" testListId="8c84fa94-04c1-424b-9868-57a2d4851a1d" relativeResultsDirectory="81b7035f-bc3f-4508-a4e2-28616fbf54ae">
      <ResultFiles>
        <ResultFile path="RegisterInvalidUserTest.webtestResult" />
      </ResultFiles>
      <TestSettings name="Local" id="62f583f0-2eca-4773-bed0-474a13faad76">
        <Description>These are default test settings for a local test run.</Description>
        <Deployment userDeploymentRoot="." useDefaultDeploymentRoot="false" runDeploymentRoot="TestResults[51]">
          <DeploymentItem filename=".nuget\NuGet.Config" />
          <DeploymentItem filename=".nuget\NuGet.exe" />
          <DeploymentItem filename=".nuget\NuGet.targets" />
        </Deployment>
        <NamingScheme baseName="TestResults" appendTimeStamp="false" useDefault="false" />
        <Execution>
          <TestTypeSpecific>
            <UnitTestRunConfig testTypeId="13cdc9d9-ddb5-4fa4-a97d-d965ccfc6d4b">
              <AssemblyResolution>
                <TestDirectory useLoadContext="true" />
              </AssemblyResolution>
            </UnitTestRunConfig>
            <WebTestRunConfiguration testTypeId="4e7599fa-5ecb-43e9-a887-cd63cf72d207">
              <Browser name="Internet Explorer 9.0" MaxConnections="6">
                <Headers>
                  <Header name="User-Agent" value="Mozilla/5.0 (compatible; MSIE 9.0; Windows NT 6.1; Trident/5.0)" />
                  <Header name="Accept" value="*/*" />
                  <Header name="Accept-Language" value="en-US,en;q=0.8,zh-Hans-CN;q=0.5,zh-Hans;q=0.3" />
                  <Header name="Accept-Encoding" value="GZIP" />
                </Headers>
              </Browser>
            </WebTestRunConfiguration>
          </TestTypeSpecific>
          <AgentRule name="LocalMachineDefaultRole">
          </AgentRule>
        </Execution>
      </TestSettings>
      <WebTestResultFilePath>TestResults[51]\In\81b7035f-bc3f-4508-a4e2-28616fbf54ae\RegisterInvalidUserTest.webtestResult</WebTestResultFilePath>
    </WebTestResult>
  </Results>
</TestRun>