<?xml version="1.0" encoding="UTF-8"?>
<TestRun id="0e9cbf26-1486-4791-abb0-539377d5acc0" name="TestResults" runUser="REDMOND\clayco" xmlns="http://microsoft.com/schemas/VisualStudio/TeamTest/2010">
  <TestSettings name="Local" id="62f583f0-2eca-4773-bed0-474a13faad76">
    <Description>These are default test settings for a local test run.</Description>
    <Deployment userDeploymentRoot="." useDefaultDeploymentRoot="false" runDeploymentRoot="TestResults[41]">
      <DeploymentItem filename=".nuget\NuGet.Config" />
      <DeploymentItem filename=".nuget\NuGet.exe" />
      <DeploymentItem filename=".nuget\NuGet.targets" />
    </Deployment>
    <NamingScheme baseName="TestResults" appendTimeStamp="false" useDefault="false" />
    <Execution>
      <TestTypeSpecific>
        <UnitTestRunConfig testTypeId="13cdc9d9-ddb5-4fa4-a97d-d965ccfc6d4b">
          <AssemblyResolution>
            <TestDirectory useLoadContext="true" />
          </AssemblyResolution>
        </UnitTestRunConfig>
        <WebTestRunConfiguration testTypeId="4e7599fa-5ecb-43e9-a887-cd63cf72d207">
          <Browser name="Internet Explorer 9.0" MaxConnections="6">
            <Headers>
              <Header name="User-Agent" value="Mozilla/5.0 (compatible; MSIE 9.0; Windows NT 6.1; Trident/5.0)" />
              <Header name="Accept" value="*/*" />
              <Header name="Accept-Language" value="{{$IEAcceptLanguage}}" />
              <Header name="Accept-Encoding" value="GZIP" />
            </Headers>
          </Browser>
        </WebTestRunConfiguration>
      </TestTypeSpecific>
      <AgentRule name="LocalMachineDefaultRole">
      </AgentRule>
    </Execution>
  </TestSettings>
  <Times creation="2013-04-18T16:38:16.5627584-07:00" queuing="2013-04-18T16:38:16.7759426-07:00" start="2013-04-18T16:38:16.8660205-07:00" finish="2013-04-18T16:45:22.4046825-07:00" />
  <ResultSummary outcome="Error">
    <Counters total="37" executed="37" passed="29" error="1" failed="7" timeout="0" aborted="0" inconclusive="0" passedButRunAborted="0" notRunnable="0" notExecuted="0" disconnected="0" warning="0" completed="0" inProgress="0" pending="0" />
  </ResultSummary>
  <TestDefinitions>
    <CodedWebTest name="ContactOwnerTest" storage="d:\github.com\nugetgallery\functionaltests\nugetgallery.functionaltests\bin\nugetgallery.functionaltests.dll" id="a6f81ddd-4476-9109-b107-ff9673898e71">
      <Execution id="bc138919-14df-4da5-a8e8-7c5d0b51ee10" />
      <WebTestClass assembly="NuGetGallery.FunctionalTests, Version=1.0.0.0, Culture=neutral, PublicKeyToken=null" namespace="NuGetGallery.FunctionalTests.WebUITests.PackageManagement" class="ContactOwnerTest" />
    </CodedWebTest>
    <UnitTest name="UploadMultipleVersionOfPackage" storage="d:\github.com\nugetgallery\functionaltests\nugetgallery.functionaltests\bin\nugetgallery.functionaltests.dll" priority="1" id="5d62a4b0-dcba-4028-434b-2b747b4c411f">
      <Description>Upload multiple versions of a package and see if it gets uploaded properly</Description>
      <Execution id="54a97a9e-3c17-487a-9be1-bdf340ed40b9" />
      <TestMethod codeBase="d:/github.com/nugetgallery/functionaltests/nugetgallery.functionaltests/bin/NuGetGallery.FunctionalTests.DLL" adapterTypeName="Microsoft.VisualStudio.TestTools.TestTypes.Unit.UnitTestAdapter, Microsoft.VisualStudio.QualityTools.Tips.UnitTest.Adapter, Version=11.0.0.0, Culture=neutral, PublicKeyToken=b03f5f7f11d50a3a" className="NuGetGallery.FunctionalTests.Features.PackageVersionTest, NuGetGallery.FunctionalTests, Version=1.0.0.0, Culture=neutral, PublicKeyToken=null" name="UploadMultipleVersionOfPackage" />
    </UnitTest>
    <UnitTest name="AddPackageToWindows8CuratedFeed" storage="d:\github.com\nugetgallery\functionaltests\nugetgallery.functionaltests\bin\nugetgallery.functionaltests.dll" priority="1" id="2653a81d-b439-f73a-c036-efc0ec29de69">
      <Description>Creates a package with Windows8 tags. Uploads it and checks if it has been curated</Description>
      <Execution id="ab5322d9-a2be-4b83-a5d5-6a62eb2f5cd4" />
      <TestMethod codeBase="d:/github.com/nugetgallery/functionaltests/nugetgallery.functionaltests/bin/NuGetGallery.FunctionalTests.DLL" adapterTypeName="Microsoft.VisualStudio.TestTools.TestTypes.Unit.UnitTestAdapter, Microsoft.VisualStudio.QualityTools.Tips.UnitTest.Adapter, Version=11.0.0.0, Culture=neutral, PublicKeyToken=b03f5f7f11d50a3a" className="NuGetGallery.FunctionalTests.Features.CuratedFeedTest, NuGetGallery.FunctionalTests, Version=1.0.0.0, Culture=neutral, PublicKeyToken=null" name="AddPackageToWindows8CuratedFeed" />
    </UnitTest>
    <UnitTest name="FindPackagesByIdTest" storage="d:\github.com\nugetgallery\functionaltests\nugetgallery.functionaltests\bin\nugetgallery.functionaltests.dll" id="2a6c6363-3869-0c15-2d51-409738bef970">
      <Execution id="5904d61a-1f03-4b4e-91ad-8d130902f796" />
      <TestMethod codeBase="d:/github.com/nugetgallery/functionaltests/nugetgallery.functionaltests/bin/NuGetGallery.FunctionalTests.DLL" adapterTypeName="Microsoft.VisualStudio.TestTools.TestTypes.Unit.UnitTestAdapter, Microsoft.VisualStudio.QualityTools.Tips.UnitTest.Adapter, Version=11.0.0.0, Culture=neutral, PublicKeyToken=b03f5f7f11d50a3a" className="NuGetGallery.FunctionalTests.ODataTests.V2FeedTest, NuGetGallery.FunctionalTests, Version=1.0.0.0, Culture=neutral, PublicKeyToken=null" name="FindPackagesByIdTest" />
    </UnitTest>
    <CodedWebTest name="HomePageValidationTest" storage="d:\github.com\nugetgallery\functionaltests\nugetgallery.functionaltests\bin\nugetgallery.functionaltests.dll" id="d527504e-456c-ed4a-8eba-7c20c18ba47d">
      <Execution id="718b2bc9-7367-4daf-a716-dd1770e99dd4" />
      <WebTestClass assembly="NuGetGallery.FunctionalTests, Version=1.0.0.0, Culture=neutral, PublicKeyToken=null" namespace="NuGetGallery.FunctionalTests" class="HomePageValidationTest" />
    </CodedWebTest>
    <UnitTest name="RestorePackageFromV2Feed" storage="d:\github.com\nugetgallery\functionaltests\nugetgallery.functionaltests\bin\nugetgallery.functionaltests.dll" priority="0" id="916d542f-9953-383f-a9cc-e87980667cf3">
      <Description>Restores a package from the V2 feed and checks if the file is present on local disk</Description>
      <Execution id="427941da-9957-41b3-8288-1362d9aee8b9" />
      <TestMethod codeBase="d:/github.com/nugetgallery/functionaltests/nugetgallery.functionaltests/bin/NuGetGallery.FunctionalTests.DLL" adapterTypeName="Microsoft.VisualStudio.TestTools.TestTypes.Unit.UnitTestAdapter, Microsoft.VisualStudio.QualityTools.Tips.UnitTest.Adapter, Version=11.0.0.0, Culture=neutral, PublicKeyToken=b03f5f7f11d50a3a" className="NuGetGallery.FunctionalTests.ODataFeedTests.V2FeedTest, NuGetGallery.FunctionalTests, Version=1.0.0.0, Culture=neutral, PublicKeyToken=null" name="RestorePackageFromV2Feed" />
    </UnitTest>
    <CodedWebTest name="SecurityHeaderTest" storage="d:\github.com\nugetgallery\functionaltests\nugetgallery.functionaltests\bin\nugetgallery.functionaltests.dll" id="d53feaf3-be7c-3e85-2afa-d33fc0e450a3">
      <Execution id="c0160620-cd20-403d-9e62-907b754298be" />
      <WebTestClass assembly="NuGetGallery.FunctionalTests, Version=1.0.0.0, Culture=neutral, PublicKeyToken=null" namespace="NuGetGallery.FunctionalTests" class="SecurityHeaderTest" />
    </CodedWebTest>
    <CodedWebTest name="LogonTest" storage="d:\github.com\nugetgallery\functionaltests\nugetgallery.functionaltests\bin\nugetgallery.functionaltests.dll" id="a1c602d9-292b-1042-380c-707cec091de9">
      <Execution id="c9c5a980-7415-447d-b744-3ec175186f7c" />
      <WebTestClass assembly="NuGetGallery.FunctionalTests, Version=1.0.0.0, Culture=neutral, PublicKeyToken=null" namespace="NuGetGallery.FunctionalTests" class="LogonTest" />
    </CodedWebTest>
    <CodedWebTest name="RegisterInvalidUserTest" storage="d:\github.com\nugetgallery\functionaltests\nugetgallery.functionaltests\bin\nugetgallery.functionaltests.dll" id="6c390634-83d7-955a-87c4-b41e59b8d7ae">
      <Execution id="c54b1591-b414-4dfa-9152-c29fde44920b" />
      <WebTestClass assembly="NuGetGallery.FunctionalTests, Version=1.0.0.0, Culture=neutral, PublicKeyToken=null" namespace="NuGetGallery.FunctionalTests" class="RegisterInvalidUserTest" />
    </CodedWebTest>
    <CodedWebTest name="InvalidLogonTest" storage="d:\github.com\nugetgallery\functionaltests\nugetgallery.functionaltests\bin\nugetgallery.functionaltests.dll" id="5d66c021-336a-34c0-9414-19ea84bd29bc">
      <Execution id="15ceec77-3b54-42b0-9cbe-3247d9ee47c2" />
      <WebTestClass assembly="NuGetGallery.FunctionalTests, Version=1.0.0.0, Culture=neutral, PublicKeyToken=null" namespace="NuGetGallery.FunctionalTests" class="InvalidLogonTest" />
    </CodedWebTest>
    <CodedWebTest name="AggregateStatsInHomePage" storage="d:\github.com\nugetgallery\functionaltests\nugetgallery.functionaltests\bin\nugetgallery.functionaltests.dll" id="340e6bba-7e3d-842d-7ee1-669ddc667c0c">
      <Execution id="cd8a578a-0d02-4069-8004-eb8f181df48b" />
      <WebTestClass assembly="NuGetGallery.FunctionalTests, Version=1.0.0.0, Culture=neutral, PublicKeyToken=null" namespace="NuGetGallery.FunctionalTests" class="AggregateStatsInHomePage" />
    </CodedWebTest>
    <CodedWebTest name="ManagePackagesPageTest" storage="d:\github.com\nugetgallery\functionaltests\nugetgallery.functionaltests\bin\nugetgallery.functionaltests.dll" id="42a9bfc6-ed87-df50-c848-82aca2c8fd0d">
      <Execution id="c3818e43-bc8e-421c-bba0-75fea3fe7138" />
      <WebTestClass assembly="NuGetGallery.FunctionalTests, Version=1.0.0.0, Culture=neutral, PublicKeyToken=null" namespace="NuGetGallery.FunctionalTests.WebUITests.PackageManagement" class="ManagePackagesPageTest" />
    </CodedWebTest>
    <UnitTest name="DownloadPackageWithNuGetCoreTest" storage="d:\github.com\nugetgallery\functionaltests\nugetgallery.functionaltests\bin\nugetgallery.functionaltests.dll" priority="0" id="04cd200b-33df-3564-ded5-686cdfe44f77">
      <Description>Downloads a package from the server and validates that the file is present in the local disk</Description>
      <Execution id="d1a4c398-8198-4cb1-b501-7a7249ed8d80" />
      <TestMethod codeBase="d:/github.com/nugetgallery/functionaltests/nugetgallery.functionaltests/bin/NuGetGallery.FunctionalTests.DLL" adapterTypeName="Microsoft.VisualStudio.TestTools.TestTypes.Unit.UnitTestAdapter, Microsoft.VisualStudio.QualityTools.Tips.UnitTest.Adapter, Version=11.0.0.0, Culture=neutral, PublicKeyToken=b03f5f7f11d50a3a" className="NuGetGallery.FunctionalTests.NuGetCoreTests, NuGetGallery.FunctionalTests, Version=1.0.0.0, Culture=neutral, PublicKeyToken=null" name="DownloadPackageWithNuGetCoreTest" />
    </UnitTest>
    <CodedWebTest name="StatisticsPageTest" storage="d:\github.com\nugetgallery\functionaltests\nugetgallery.functionaltests\bin\nugetgallery.functionaltests.dll" id="9ad6e2e2-a082-8088-00f6-e05079fd89a0">
      <Execution id="3e854ccd-487b-4c05-8247-32d80b678da2" />
      <WebTestClass assembly="NuGetGallery.FunctionalTests, Version=1.0.0.0, Culture=neutral, PublicKeyToken=null" namespace="NuGetGallery.FunctionalTests" class="StatisticsPageTest" />
    </CodedWebTest>
    <UnitTest name="UploadAndDownLoadPackageWithDotCsNames" storage="d:\github.com\nugetgallery\functionaltests\nugetgallery.functionaltests\bin\nugetgallery.functionaltests.dll" priority="1" id="aedace0f-10de-70d5-5e45-b7227987df86">
      <Description>Creates a test package which ends with .cs and pushes it to the server using Nuget.exe</Description>
      <Execution id="3cf0b6a6-a01f-4c45-86c1-68a30c7352e9" />
      <TestMethod codeBase="d:/github.com/nugetgallery/functionaltests/nugetgallery.functionaltests/bin/NuGetGallery.FunctionalTests.DLL" adapterTypeName="Microsoft.VisualStudio.TestTools.TestTypes.Unit.UnitTestAdapter, Microsoft.VisualStudio.QualityTools.Tips.UnitTest.Adapter, Version=11.0.0.0, Culture=neutral, PublicKeyToken=b03f5f7f11d50a3a" className="NuGetGallery.FunctionalTests.ClientIntegrationTests.NugetCommandLineTests, NuGetGallery.FunctionalTests, Version=1.0.0.0, Culture=neutral, PublicKeyToken=null" name="UploadAndDownLoadPackageWithDotCsNames" />
    </UnitTest>
    <UnitTest name="GetUpdatesTest" storage="d:\github.com\nugetgallery\functionaltests\nugetgallery.functionaltests\bin\nugetgallery.functionaltests.dll" id="02d43bf4-c2fb-43fb-6999-a16887a86fa6">
      <Execution id="a5353109-a49a-46ac-bd46-90313fe703fe" />
      <TestMethod codeBase="d:/github.com/nugetgallery/functionaltests/nugetgallery.functionaltests/bin/NuGetGallery.FunctionalTests.DLL" adapterTypeName="Microsoft.VisualStudio.TestTools.TestTypes.Unit.UnitTestAdapter, Microsoft.VisualStudio.QualityTools.Tips.UnitTest.Adapter, Version=11.0.0.0, Culture=neutral, PublicKeyToken=b03f5f7f11d50a3a" className="NuGetGallery.FunctionalTests.ODataTests.V2FeedTest, NuGetGallery.FunctionalTests, Version=1.0.0.0, Culture=neutral, PublicKeyToken=null" name="GetUpdatesTest" />
    </UnitTest>
    <CodedWebTest name="UploadPackageWithoutLoginTest" storage="d:\github.com\nugetgallery\functionaltests\nugetgallery.functionaltests\bin\nugetgallery.functionaltests.dll" id="0449da0f-5881-ffca-f9d0-f7c0ad709071">
      <Execution id="8cf5f367-cc47-4ec8-8272-df943dc735e7" />
      <WebTestClass assembly="NuGetGallery.FunctionalTests, Version=1.0.0.0, Culture=neutral, PublicKeyToken=null" namespace="NuGetGallery.FunctionalTests" class="UploadPackageWithoutLoginTest" />
    </CodedWebTest>
    <CodedWebTest name="UploadPackageFromUI" storage="d:\github.com\nugetgallery\functionaltests\nugetgallery.functionaltests\bin\nugetgallery.functionaltests.dll" id="80baf145-2a87-1c50-450f-57e4de9d3b4f">
      <Execution id="f6c712ed-b78a-4abc-8e9b-d7c793eb19f6" />
      <WebTestClass assembly="NuGetGallery.FunctionalTests, Version=1.0.0.0, Culture=neutral, PublicKeyToken=null" namespace="NuGetGallery.FunctionalTests" class="UploadPackageFromUI" />
    </CodedWebTest>
    <UnitTest name="DownloadPackageFromV2Feed" storage="d:\github.com\nugetgallery\functionaltests\nugetgallery.functionaltests\bin\nugetgallery.functionaltests.dll" priority="0" id="cc44bdbd-ce3e-69f6-f020-1fcb65293738">
      <Description>Downloads a package from the V2 feed and checks if the file is present on local disk</Description>
      <Execution id="e63d9ce4-f626-4ea1-8e43-97681d1cf517" />
      <TestMethod codeBase="d:/github.com/nugetgallery/functionaltests/nugetgallery.functionaltests/bin/NuGetGallery.FunctionalTests.DLL" adapterTypeName="Microsoft.VisualStudio.TestTools.TestTypes.Unit.UnitTestAdapter, Microsoft.VisualStudio.QualityTools.Tips.UnitTest.Adapter, Version=11.0.0.0, Culture=neutral, PublicKeyToken=b03f5f7f11d50a3a" className="NuGetGallery.FunctionalTests.ODataFeedTests.V2FeedTest, NuGetGallery.FunctionalTests, Version=1.0.0.0, Culture=neutral, PublicKeyToken=null" name="DownloadPackageFromV2Feed" />
    </UnitTest>
    <CodedWebTest name="RegisterNewUserTest" storage="d:\github.com\nugetgallery\functionaltests\nugetgallery.functionaltests\bin\nugetgallery.functionaltests.dll" id="428c8a13-f822-cffc-6ae0-78452d15e1fb">
      <Execution id="cd4ff446-4798-4a49-84a3-f996de5b2602" />
      <WebTestClass assembly="NuGetGallery.FunctionalTests, Version=1.0.0.0, Culture=neutral, PublicKeyToken=null" namespace="NuGetGallery.FunctionalTests" class="RegisterNewUserTest" />
    </CodedWebTest>
    <CodedWebTest name="PackagesPageTest" storage="d:\github.com\nugetgallery\functionaltests\nugetgallery.functionaltests\bin\nugetgallery.functionaltests.dll" id="5ceca307-8fd2-e863-65bb-d8151e5dafba">
      <Execution id="107bc3ce-29d2-4ffe-a9b6-97299cf3b75b" />
      <WebTestClass assembly="NuGetGallery.FunctionalTests, Version=1.0.0.0, Culture=neutral, PublicKeyToken=null" namespace="NuGetGallery.FunctionalTests" class="PackagesPageTest" />
    </CodedWebTest>
    <UnitTest name="DownPackageWithNuGetCommandLineTest" storage="d:\github.com\nugetgallery\functionaltests\nugetgallery.functionaltests\bin\nugetgallery.functionaltests.dll" priority="0" id="f206f30d-af4b-ae66-9032-732bc03336c1">
      <Description>Downloads a package using NuGet.exe and checks if the package file is present in the output dir</Description>
      <Execution id="8fee3e74-0414-4be7-8816-85bd13399f3a" />
      <TestMethod codeBase="d:/github.com/nugetgallery/functionaltests/nugetgallery.functionaltests/bin/NuGetGallery.FunctionalTests.DLL" adapterTypeName="Microsoft.VisualStudio.TestTools.TestTypes.Unit.UnitTestAdapter, Microsoft.VisualStudio.QualityTools.Tips.UnitTest.Adapter, Version=11.0.0.0, Culture=neutral, PublicKeyToken=b03f5f7f11d50a3a" className="NuGetGallery.FunctionalTests.ClientIntegrationTests.NugetCommandLineTests, NuGetGallery.FunctionalTests, Version=1.0.0.0, Culture=neutral, PublicKeyToken=null" name="DownPackageWithNuGetCommandLineTest" />
    </UnitTest>
    <CodedWebTest name="ContactUsAndReportAbuseLinkTest" storage="d:\github.com\nugetgallery\functionaltests\nugetgallery.functionaltests\bin\nugetgallery.functionaltests.dll" id="e95ef3f5-4ae2-36dc-5d98-7ace7daaf2ea">
      <Execution id="1d356af5-8bcc-4e47-a74e-dd3eab7ce550" />
      <WebTestClass assembly="NuGetGallery.FunctionalTests, Version=1.0.0.0, Culture=neutral, PublicKeyToken=null" namespace="NuGetGallery.FunctionalTests.WebUITests.PackageManagement" class="ContactUsAndReportAbuseLinkTest" />
    </CodedWebTest>
    <CodedWebTest name="UploadPackageWithMinClientVersionFromUITest" storage="d:\github.com\nugetgallery\functionaltests\nugetgallery.functionaltests\bin\nugetgallery.functionaltests.dll" id="336cce10-fc9c-411f-b491-c5f9f404e7b7">
      <Execution id="bf97375a-bb29-436b-9af7-0ee1e5d27158" />
      <WebTestClass assembly="NuGetGallery.FunctionalTests, Version=1.0.0.0, Culture=neutral, PublicKeyToken=null" namespace="NuGetGallery.FunctionalTests.WebUITests.PackageManagement" class="UploadPackageWithMinClientVersionFromUITest" />
    </CodedWebTest>
    <UnitTest name="UploadPackageWithNuGetCommandLineTest" storage="d:\github.com\nugetgallery\functionaltests\nugetgallery.functionaltests\bin\nugetgallery.functionaltests.dll" priority="0" id="baeffb56-e5a3-71a3-dcf4-ca714ba14856">
      <Description>Creates a test package and pushes it to the server using Nuget.exe</Description>
      <Execution id="cc82951f-1aa0-4971-9514-15be62507f64" />
      <TestMethod codeBase="d:/github.com/nugetgallery/functionaltests/nugetgallery.functionaltests/bin/NuGetGallery.FunctionalTests.DLL" adapterTypeName="Microsoft.VisualStudio.TestTools.TestTypes.Unit.UnitTestAdapter, Microsoft.VisualStudio.QualityTools.Tips.UnitTest.Adapter, Version=11.0.0.0, Culture=neutral, PublicKeyToken=b03f5f7f11d50a3a" className="NuGetGallery.FunctionalTests.ClientIntegrationTests.NugetCommandLineTests, NuGetGallery.FunctionalTests, Version=1.0.0.0, Culture=neutral, PublicKeyToken=null" name="UploadPackageWithNuGetCommandLineTest" />
    </UnitTest>
    <UnitTest name="UploadAndDownLoadPackageWithMinClientVersion" storage="d:\github.com\nugetgallery\functionaltests\nugetgallery.functionaltests\bin\nugetgallery.functionaltests.dll" priority="0" id="38905457-2302-9ddf-ad04-3107d5b18355">
      <Description>Creates a test package with minclientversion tag and pushes it to the server using Nuget.exe</Description>
      <Execution id="2da5d148-e4f5-48c3-8892-4a68e4ebc5ed" />
      <TestMethod codeBase="d:/github.com/nugetgallery/functionaltests/nugetgallery.functionaltests/bin/NuGetGallery.FunctionalTests.DLL" adapterTypeName="Microsoft.VisualStudio.TestTools.TestTypes.Unit.UnitTestAdapter, Microsoft.VisualStudio.QualityTools.Tips.UnitTest.Adapter, Version=11.0.0.0, Culture=neutral, PublicKeyToken=b03f5f7f11d50a3a" className="NuGetGallery.FunctionalTests.ClientIntegrationTests.NugetCommandLineTests, NuGetGallery.FunctionalTests, Version=1.0.0.0, Culture=neutral, PublicKeyToken=null" name="UploadAndDownLoadPackageWithMinClientVersion" />
    </UnitTest>
    <CodedWebTest name="DeletePackageTest" storage="d:\github.com\nugetgallery\functionaltests\nugetgallery.functionaltests\bin\nugetgallery.functionaltests.dll" id="9387a1a2-3523-2e44-8030-533d344923cf">
      <Execution id="31fa0444-3d3d-4780-9bd8-32e3e9cfc47d" />
      <WebTestClass assembly="NuGetGallery.FunctionalTests, Version=1.0.0.0, Culture=neutral, PublicKeyToken=null" namespace="NuGetGallery.FunctionalTests" class="DeletePackageTest" />
    </CodedWebTest>
    <CodedWebTest name="ReadOnlyModeRegisterNewUserTest" storage="d:\github.com\nugetgallery\functionaltests\nugetgallery.functionaltests\bin\nugetgallery.functionaltests.dll" id="c320789f-a801-c187-e7d8-0f17b24ff835">
      <Execution id="ac98ee1e-094f-46c9-b5ef-7bd3be4dddb3" />
      <WebTestClass assembly="NuGetGallery.FunctionalTests, Version=1.0.0.0, Culture=neutral, PublicKeyToken=null" namespace="NuGetGallery.FunctionalTests" class="ReadOnlyModeRegisterNewUserTest" />
    </CodedWebTest>
  </TestDefinitions>
  <TestLists>
    <TestList name="Results Not in a List" id="8c84fa94-04c1-424b-9868-57a2d4851a1d" />
    <TestList name="P0Tests" id="01372d05-1ac1-4f00-ac37-5ca977686e4e" parentListId="8c43106b-9dc1-4907-a29f-aa66a61bf5b6">
      <TestLinks>
        <TestLink id="d527504e-456c-ed4a-8eba-7c20c18ba47d" name="HomePageValidationTest" storage="d:\github.com\nugetgallery\functionaltests\nugetgallery.functionaltests\bin\nugetgallery.functionaltests.dll" type="Microsoft.VisualStudio.TestTools.WebStress.CodedWebTestElement, Microsoft.VisualStudio.QualityTools.LoadTest,   PublicKeyToken=b03f5f7f11d50a3a" />
        <TestLink id="a1c602d9-292b-1042-380c-707cec091de9" name="LogonTest" storage="d:\github.com\nugetgallery\functionaltests\nugetgallery.functionaltests\bin\nugetgallery.functionaltests.dll" type="Microsoft.VisualStudio.TestTools.WebStress.CodedWebTestElement, Microsoft.VisualStudio.QualityTools.LoadTest,   PublicKeyToken=b03f5f7f11d50a3a" />
        <TestLink id="80baf145-2a87-1c50-450f-57e4de9d3b4f" name="UploadPackageFromUI" storage="d:\github.com\nugetgallery\functionaltests\nugetgallery.functionaltests\bin\nugetgallery.functionaltests.dll" type="Microsoft.VisualStudio.TestTools.WebStress.CodedWebTestElement, Microsoft.VisualStudio.QualityTools.LoadTest,   PublicKeyToken=b03f5f7f11d50a3a" />
        <TestLink id="cc44bdbd-ce3e-69f6-f020-1fcb65293738" name="DownloadPackageFromV2Feed" storage="d:\github.com\nugetgallery\functionaltests\nugetgallery.functionaltests\bin\nugetgallery.functionaltests.dll" type="Microsoft.VisualStudio.TestTools.TestTypes.Unit.UnitTestElement, Microsoft.VisualStudio.QualityTools.Tips.UnitTest.ObjectModel, Version=11.0.0.0, Culture=neutral, PublicKeyToken=b03f5f7f11d50a3a" />
        <TestLink id="916d542f-9953-383f-a9cc-e87980667cf3" name="RestorePackageFromV2Feed" storage="d:\github.com\nugetgallery\functionaltests\nugetgallery.functionaltests\bin\nugetgallery.functionaltests.dll" type="Microsoft.VisualStudio.TestTools.TestTypes.Unit.UnitTestElement, Microsoft.VisualStudio.QualityTools.Tips.UnitTest.ObjectModel, Version=11.0.0.0, Culture=neutral, PublicKeyToken=b03f5f7f11d50a3a" />
      </TestLinks>
    </TestList>
    <TestList name="ReadOnlyModeTests" id="f9b8ac1f-7978-4738-afc2-6918b063e5c3" parentListId="8c43106b-9dc1-4907-a29f-aa66a61bf5b6">
      <TestLinks>
        <TestLink id="c320789f-a801-c187-e7d8-0f17b24ff835" name="ReadOnlyModeRegisterNewUserTest" storage="d:\github.com\nugetgallery\functionaltests\nugetgallery.functionaltests\bin\nugetgallery.functionaltests.dll" type="Microsoft.VisualStudio.TestTools.WebStress.CodedWebTestElement, Microsoft.VisualStudio.QualityTools.LoadTest,   PublicKeyToken=b03f5f7f11d50a3a" />
        <TestLink id="04cd200b-33df-3564-ded5-686cdfe44f77" name="DownloadPackageWithNuGetCoreTest" storage="d:\github.com\nugetgallery\functionaltests\nugetgallery.functionaltests\bin\nugetgallery.functionaltests.dll" type="Microsoft.VisualStudio.TestTools.TestTypes.Unit.UnitTestElement, Microsoft.VisualStudio.QualityTools.Tips.UnitTest.ObjectModel, Version=11.0.0.0, Culture=neutral, PublicKeyToken=b03f5f7f11d50a3a" />
        <TestLink id="9ad6e2e2-a082-8088-00f6-e05079fd89a0" name="StatisticsPageTest" storage="d:\github.com\nugetgallery\functionaltests\nugetgallery.functionaltests\bin\nugetgallery.functionaltests.dll" type="Microsoft.VisualStudio.TestTools.WebStress.CodedWebTestElement, Microsoft.VisualStudio.QualityTools.LoadTest,   PublicKeyToken=b03f5f7f11d50a3a" />
        <TestLink id="f206f30d-af4b-ae66-9032-732bc03336c1" name="DownPackageWithNuGetCommandLineTest" storage="d:\github.com\nugetgallery\functionaltests\nugetgallery.functionaltests\bin\nugetgallery.functionaltests.dll" type="Microsoft.VisualStudio.TestTools.TestTypes.Unit.UnitTestElement, Microsoft.VisualStudio.QualityTools.Tips.UnitTest.ObjectModel, Version=11.0.0.0, Culture=neutral, PublicKeyToken=b03f5f7f11d50a3a" />
        <TestLink id="d527504e-456c-ed4a-8eba-7c20c18ba47d" name="HomePageValidationTest" storage="d:\github.com\nugetgallery\functionaltests\nugetgallery.functionaltests\bin\nugetgallery.functionaltests.dll" type="Microsoft.VisualStudio.TestTools.WebStress.CodedWebTestElement, Microsoft.VisualStudio.QualityTools.LoadTest,   PublicKeyToken=b03f5f7f11d50a3a" />
        <TestLink id="a1c602d9-292b-1042-380c-707cec091de9" name="LogonTest" storage="d:\github.com\nugetgallery\functionaltests\nugetgallery.functionaltests\bin\nugetgallery.functionaltests.dll" type="Microsoft.VisualStudio.TestTools.WebStress.CodedWebTestElement, Microsoft.VisualStudio.QualityTools.LoadTest,   PublicKeyToken=b03f5f7f11d50a3a" />
      </TestLinks>
    </TestList>
    <TestList name="AllHappyPathTests" id="b836686b-8922-4ce2-8bcc-bd368809954a" parentListId="8c43106b-9dc1-4907-a29f-aa66a61bf5b6">
      <TestLinks>
        <TestLink id="916d542f-9953-383f-a9cc-e87980667cf3" name="RestorePackageFromV2Feed" storage="d:\github.com\nugetgallery\functionaltests\nugetgallery.functionaltests\bin\nugetgallery.functionaltests.dll" type="Microsoft.VisualStudio.TestTools.TestTypes.Unit.UnitTestElement, Microsoft.VisualStudio.QualityTools.Tips.UnitTest.ObjectModel, Version=11.0.0.0, Culture=neutral, PublicKeyToken=b03f5f7f11d50a3a" />
        <TestLink id="04cd200b-33df-3564-ded5-686cdfe44f77" name="DownloadPackageWithNuGetCoreTest" storage="d:\github.com\nugetgallery\functionaltests\nugetgallery.functionaltests\bin\nugetgallery.functionaltests.dll" type="Microsoft.VisualStudio.TestTools.TestTypes.Unit.UnitTestElement, Microsoft.VisualStudio.QualityTools.Tips.UnitTest.ObjectModel, Version=11.0.0.0, Culture=neutral, PublicKeyToken=b03f5f7f11d50a3a" />
        <TestLink id="0449da0f-5881-ffca-f9d0-f7c0ad709071" name="UploadPackageWithoutLoginTest" storage="d:\github.com\nugetgallery\functionaltests\nugetgallery.functionaltests\bin\nugetgallery.functionaltests.dll" type="Microsoft.VisualStudio.TestTools.WebStress.CodedWebTestElement, Microsoft.VisualStudio.QualityTools.LoadTest,   PublicKeyToken=b03f5f7f11d50a3a" />
        <TestLink id="42a9bfc6-ed87-df50-c848-82aca2c8fd0d" name="ManagePackagesPageTest" storage="d:\github.com\nugetgallery\functionaltests\nugetgallery.functionaltests\bin\nugetgallery.functionaltests.dll" type="Microsoft.VisualStudio.TestTools.WebStress.CodedWebTestElement, Microsoft.VisualStudio.QualityTools.LoadTest,   PublicKeyToken=b03f5f7f11d50a3a" />
        <TestLink id="428c8a13-f822-cffc-6ae0-78452d15e1fb" name="RegisterNewUserTest" storage="d:\github.com\nugetgallery\functionaltests\nugetgallery.functionaltests\bin\nugetgallery.functionaltests.dll" type="Microsoft.VisualStudio.TestTools.WebStress.CodedWebTestElement, Microsoft.VisualStudio.QualityTools.LoadTest,   PublicKeyToken=b03f5f7f11d50a3a" />
        <TestLink id="a6f81ddd-4476-9109-b107-ff9673898e71" name="ContactOwnerTest" storage="d:\github.com\nugetgallery\functionaltests\nugetgallery.functionaltests\bin\nugetgallery.functionaltests.dll" type="Microsoft.VisualStudio.TestTools.WebStress.CodedWebTestElement, Microsoft.VisualStudio.QualityTools.LoadTest,   PublicKeyToken=b03f5f7f11d50a3a" />
        <TestLink id="f206f30d-af4b-ae66-9032-732bc03336c1" name="DownPackageWithNuGetCommandLineTest" storage="d:\github.com\nugetgallery\functionaltests\nugetgallery.functionaltests\bin\nugetgallery.functionaltests.dll" type="Microsoft.VisualStudio.TestTools.TestTypes.Unit.UnitTestElement, Microsoft.VisualStudio.QualityTools.Tips.UnitTest.ObjectModel, Version=11.0.0.0, Culture=neutral, PublicKeyToken=b03f5f7f11d50a3a" />
        <TestLink id="d527504e-456c-ed4a-8eba-7c20c18ba47d" name="HomePageValidationTest" storage="d:\github.com\nugetgallery\functionaltests\nugetgallery.functionaltests\bin\nugetgallery.functionaltests.dll" type="Microsoft.VisualStudio.TestTools.WebStress.CodedWebTestElement, Microsoft.VisualStudio.QualityTools.LoadTest,   PublicKeyToken=b03f5f7f11d50a3a" />
        <TestLink id="9387a1a2-3523-2e44-8030-533d344923cf" name="DeletePackageTest" storage="d:\github.com\nugetgallery\functionaltests\nugetgallery.functionaltests\bin\nugetgallery.functionaltests.dll" type="Microsoft.VisualStudio.TestTools.WebStress.CodedWebTestElement, Microsoft.VisualStudio.QualityTools.LoadTest,   PublicKeyToken=b03f5f7f11d50a3a" />
        <TestLink id="80baf145-2a87-1c50-450f-57e4de9d3b4f" name="UploadPackageFromUI" storage="d:\github.com\nugetgallery\functionaltests\nugetgallery.functionaltests\bin\nugetgallery.functionaltests.dll" type="Microsoft.VisualStudio.TestTools.WebStress.CodedWebTestElement, Microsoft.VisualStudio.QualityTools.LoadTest,   PublicKeyToken=b03f5f7f11d50a3a" />
        <TestLink id="5ceca307-8fd2-e863-65bb-d8151e5dafba" name="PackagesPageTest" storage="d:\github.com\nugetgallery\functionaltests\nugetgallery.functionaltests\bin\nugetgallery.functionaltests.dll" type="Microsoft.VisualStudio.TestTools.WebStress.CodedWebTestElement, Microsoft.VisualStudio.QualityTools.LoadTest,   PublicKeyToken=b03f5f7f11d50a3a" />
        <TestLink id="02d43bf4-c2fb-43fb-6999-a16887a86fa6" name="GetUpdatesTest" storage="d:\github.com\nugetgallery\functionaltests\nugetgallery.functionaltests\bin\nugetgallery.functionaltests.dll" type="Microsoft.VisualStudio.TestTools.TestTypes.Unit.UnitTestElement, Microsoft.VisualStudio.QualityTools.Tips.UnitTest.ObjectModel, Version=11.0.0.0, Culture=neutral, PublicKeyToken=b03f5f7f11d50a3a" />
        <TestLink id="5d62a4b0-dcba-4028-434b-2b747b4c411f" name="UploadMultipleVersionOfPackage" storage="d:\github.com\nugetgallery\functionaltests\nugetgallery.functionaltests\bin\nugetgallery.functionaltests.dll" type="Microsoft.VisualStudio.TestTools.TestTypes.Unit.UnitTestElement, Microsoft.VisualStudio.QualityTools.Tips.UnitTest.ObjectModel, Version=11.0.0.0, Culture=neutral, PublicKeyToken=b03f5f7f11d50a3a" />
        <TestLink id="baeffb56-e5a3-71a3-dcf4-ca714ba14856" name="UploadPackageWithNuGetCommandLineTest" storage="d:\github.com\nugetgallery\functionaltests\nugetgallery.functionaltests\bin\nugetgallery.functionaltests.dll" type="Microsoft.VisualStudio.TestTools.TestTypes.Unit.UnitTestElement, Microsoft.VisualStudio.QualityTools.Tips.UnitTest.ObjectModel, Version=11.0.0.0, Culture=neutral, PublicKeyToken=b03f5f7f11d50a3a" />
        <TestLink id="cc44bdbd-ce3e-69f6-f020-1fcb65293738" name="DownloadPackageFromV2Feed" storage="d:\github.com\nugetgallery\functionaltests\nugetgallery.functionaltests\bin\nugetgallery.functionaltests.dll" type="Microsoft.VisualStudio.TestTools.TestTypes.Unit.UnitTestElement, Microsoft.VisualStudio.QualityTools.Tips.UnitTest.ObjectModel, Version=11.0.0.0, Culture=neutral, PublicKeyToken=b03f5f7f11d50a3a" />
        <TestLink id="2a6c6363-3869-0c15-2d51-409738bef970" name="FindPackagesByIdTest" storage="d:\github.com\nugetgallery\functionaltests\nugetgallery.functionaltests\bin\nugetgallery.functionaltests.dll" type="Microsoft.VisualStudio.TestTools.TestTypes.Unit.UnitTestElement, Microsoft.VisualStudio.QualityTools.Tips.UnitTest.ObjectModel, Version=11.0.0.0, Culture=neutral, PublicKeyToken=b03f5f7f11d50a3a" />
        <TestLink id="a1c602d9-292b-1042-380c-707cec091de9" name="LogonTest" storage="d:\github.com\nugetgallery\functionaltests\nugetgallery.functionaltests\bin\nugetgallery.functionaltests.dll" type="Microsoft.VisualStudio.TestTools.WebStress.CodedWebTestElement, Microsoft.VisualStudio.QualityTools.LoadTest,   PublicKeyToken=b03f5f7f11d50a3a" />
      </TestLinks>
    </TestList>
    <TestList name="All Loaded Results" id="19431567-8539-422a-85d7-44ee4e166bda" />
    <TestList name="Lists of Results" id="8c43106b-9dc1-4907-a29f-aa66a61bf5b6" />
  </TestLists>
  <TestEntries>
    <TestEntry testId="916d542f-9953-383f-a9cc-e87980667cf3" executionId="9891ed70-3dd0-44f9-a19e-56edb110e8b3" testListId="01372d05-1ac1-4f00-ac37-5ca977686e4e" />
    <TestEntry isTransparent="false" testId="a1c602d9-292b-1042-380c-707cec091de9" executionId="63604135-bfb2-475f-9b3c-1c3db38eb2b9" testListId="01372d05-1ac1-4f00-ac37-5ca977686e4e" />
    <TestEntry isTransparent="false" testId="80baf145-2a87-1c50-450f-57e4de9d3b4f" executionId="f0a8e38c-6b57-455e-93e5-d56deebdf8a3" testListId="01372d05-1ac1-4f00-ac37-5ca977686e4e" />
    <TestEntry testId="cc44bdbd-ce3e-69f6-f020-1fcb65293738" executionId="f6bf14c6-f533-4a61-8240-6dd64e211c54" testListId="01372d05-1ac1-4f00-ac37-5ca977686e4e" />
    <TestEntry isTransparent="false" testId="d527504e-456c-ed4a-8eba-7c20c18ba47d" executionId="211c5657-cc3b-46df-92c8-6eae472ab3c6" testListId="01372d05-1ac1-4f00-ac37-5ca977686e4e" />
    <TestEntry isTransparent="false" testId="5ceca307-8fd2-e863-65bb-d8151e5dafba" executionId="107bc3ce-29d2-4ffe-a9b6-97299cf3b75b" testListId="b836686b-8922-4ce2-8bcc-bd368809954a" />
    <TestEntry isTransparent="false" testId="80baf145-2a87-1c50-450f-57e4de9d3b4f" executionId="f6c712ed-b78a-4abc-8e9b-d7c793eb19f6" testListId="b836686b-8922-4ce2-8bcc-bd368809954a" />
    <TestEntry isTransparent="false" testId="42a9bfc6-ed87-df50-c848-82aca2c8fd0d" executionId="c3818e43-bc8e-421c-bba0-75fea3fe7138" testListId="b836686b-8922-4ce2-8bcc-bd368809954a" />
    <TestEntry isTransparent="false" testId="a1c602d9-292b-1042-380c-707cec091de9" executionId="fb7e0efe-c647-4102-a6f6-5efc38742ca7" testListId="b836686b-8922-4ce2-8bcc-bd368809954a" />
    <TestEntry testId="2a6c6363-3869-0c15-2d51-409738bef970" executionId="5904d61a-1f03-4b4e-91ad-8d130902f796" testListId="b836686b-8922-4ce2-8bcc-bd368809954a" />
    <TestEntry isTransparent="false" testId="a6f81ddd-4476-9109-b107-ff9673898e71" executionId="bc138919-14df-4da5-a8e8-7c5d0b51ee10" testListId="b836686b-8922-4ce2-8bcc-bd368809954a" />
    <TestEntry testId="cc44bdbd-ce3e-69f6-f020-1fcb65293738" executionId="e63d9ce4-f626-4ea1-8e43-97681d1cf517" testListId="b836686b-8922-4ce2-8bcc-bd368809954a" />
    <TestEntry testId="916d542f-9953-383f-a9cc-e87980667cf3" executionId="427941da-9957-41b3-8288-1362d9aee8b9" testListId="b836686b-8922-4ce2-8bcc-bd368809954a" />
    <TestEntry isTransparent="false" testId="d527504e-456c-ed4a-8eba-7c20c18ba47d" executionId="11528f97-4b9f-45ce-883a-c9f1f0af5e57" testListId="b836686b-8922-4ce2-8bcc-bd368809954a" />
    <TestEntry testId="baeffb56-e5a3-71a3-dcf4-ca714ba14856" executionId="cc82951f-1aa0-4971-9514-15be62507f64" testListId="b836686b-8922-4ce2-8bcc-bd368809954a" />
    <TestEntry testId="02d43bf4-c2fb-43fb-6999-a16887a86fa6" executionId="a5353109-a49a-46ac-bd46-90313fe703fe" testListId="b836686b-8922-4ce2-8bcc-bd368809954a" />
    <TestEntry testId="f206f30d-af4b-ae66-9032-732bc03336c1" executionId="cbe7eca9-bd28-4260-a0de-57dcfc3237d6" testListId="b836686b-8922-4ce2-8bcc-bd368809954a" />
    <TestEntry isTransparent="false" testId="0449da0f-5881-ffca-f9d0-f7c0ad709071" executionId="8cf5f367-cc47-4ec8-8272-df943dc735e7" testListId="b836686b-8922-4ce2-8bcc-bd368809954a" />
    <TestEntry isTransparent="false" testId="428c8a13-f822-cffc-6ae0-78452d15e1fb" executionId="cd4ff446-4798-4a49-84a3-f996de5b2602" testListId="b836686b-8922-4ce2-8bcc-bd368809954a" />
    <TestEntry testId="5d62a4b0-dcba-4028-434b-2b747b4c411f" executionId="54a97a9e-3c17-487a-9be1-bdf340ed40b9" testListId="b836686b-8922-4ce2-8bcc-bd368809954a" />
    <TestEntry isTransparent="false" testId="9387a1a2-3523-2e44-8030-533d344923cf" executionId="31fa0444-3d3d-4780-9bd8-32e3e9cfc47d" testListId="b836686b-8922-4ce2-8bcc-bd368809954a" />
    <TestEntry testId="04cd200b-33df-3564-ded5-686cdfe44f77" executionId="daf1219c-213d-4e2c-969f-4e10fd51c3ef" testListId="b836686b-8922-4ce2-8bcc-bd368809954a" />
    <TestEntry isTransparent="false" testId="9ad6e2e2-a082-8088-00f6-e05079fd89a0" executionId="3e854ccd-487b-4c05-8247-32d80b678da2" testListId="f9b8ac1f-7978-4738-afc2-6918b063e5c3" />
    <TestEntry isTransparent="false" testId="a1c602d9-292b-1042-380c-707cec091de9" executionId="c9c5a980-7415-447d-b744-3ec175186f7c" testListId="f9b8ac1f-7978-4738-afc2-6918b063e5c3" />
    <TestEntry testId="f206f30d-af4b-ae66-9032-732bc03336c1" executionId="8fee3e74-0414-4be7-8816-85bd13399f3a" testListId="f9b8ac1f-7978-4738-afc2-6918b063e5c3" />
    <TestEntry isTransparent="false" testId="c320789f-a801-c187-e7d8-0f17b24ff835" executionId="ac98ee1e-094f-46c9-b5ef-7bd3be4dddb3" testListId="f9b8ac1f-7978-4738-afc2-6918b063e5c3" />
    <TestEntry testId="04cd200b-33df-3564-ded5-686cdfe44f77" executionId="d1a4c398-8198-4cb1-b501-7a7249ed8d80" testListId="f9b8ac1f-7978-4738-afc2-6918b063e5c3" />
    <TestEntry isTransparent="false" testId="d527504e-456c-ed4a-8eba-7c20c18ba47d" executionId="718b2bc9-7367-4daf-a716-dd1770e99dd4" testListId="f9b8ac1f-7978-4738-afc2-6918b063e5c3" />
    <TestEntry testId="38905457-2302-9ddf-ad04-3107d5b18355" executionId="2da5d148-e4f5-48c3-8892-4a68e4ebc5ed" testListId="8c84fa94-04c1-424b-9868-57a2d4851a1d" />
    <TestEntry testId="aedace0f-10de-70d5-5e45-b7227987df86" executionId="3cf0b6a6-a01f-4c45-86c1-68a30c7352e9" testListId="8c84fa94-04c1-424b-9868-57a2d4851a1d" />
    <TestEntry testId="2653a81d-b439-f73a-c036-efc0ec29de69" executionId="ab5322d9-a2be-4b83-a5d5-6a62eb2f5cd4" testListId="8c84fa94-04c1-424b-9868-57a2d4851a1d" />
    <TestEntry isTransparent="false" testId="5d66c021-336a-34c0-9414-19ea84bd29bc" executionId="15ceec77-3b54-42b0-9cbe-3247d9ee47c2" testListId="8c84fa94-04c1-424b-9868-57a2d4851a1d" />
    <TestEntry isTransparent="false" testId="d53feaf3-be7c-3e85-2afa-d33fc0e450a3" executionId="c0160620-cd20-403d-9e62-907b754298be" testListId="8c84fa94-04c1-424b-9868-57a2d4851a1d" />
    <TestEntry isTransparent="false" testId="e95ef3f5-4ae2-36dc-5d98-7ace7daaf2ea" executionId="1d356af5-8bcc-4e47-a74e-dd3eab7ce550" testListId="8c84fa94-04c1-424b-9868-57a2d4851a1d" />
    <TestEntry isTransparent="false" testId="336cce10-fc9c-411f-b491-c5f9f404e7b7" executionId="bf97375a-bb29-436b-9af7-0ee1e5d27158" testListId="8c84fa94-04c1-424b-9868-57a2d4851a1d" />
    <TestEntry isTransparent="false" testId="340e6bba-7e3d-842d-7ee1-669ddc667c0c" executionId="cd8a578a-0d02-4069-8004-eb8f181df48b" testListId="8c84fa94-04c1-424b-9868-57a2d4851a1d" />
    <TestEntry isTransparent="false" testId="6c390634-83d7-955a-87c4-b41e59b8d7ae" executionId="c54b1591-b414-4dfa-9152-c29fde44920b" testListId="8c84fa94-04c1-424b-9868-57a2d4851a1d" />
  </TestEntries>
  <Results>
    <UnitTestResult executionId="9891ed70-3dd0-44f9-a19e-56edb110e8b3" testId="916d542f-9953-383f-a9cc-e87980667cf3" testName="RestorePackageFromV2Feed" computerName="CLAYCO7" duration="00:00:00.2818397" startTime="2013-04-18T16:38:16.8960467-07:00" endTime="2013-04-18T16:38:18.1406110-07:00" testType="13cdc9d9-ddb5-4fa4-a97d-d965ccfc6d4b" outcome="Passed" testListId="01372d05-1ac1-4f00-ac37-5ca977686e4e" relativeResultsDirectory="9891ed70-3dd0-44f9-a19e-56edb110e8b3">
    </UnitTestResult>
    <WebTestResult executionId="63604135-bfb2-475f-9b3c-1c3db38eb2b9" testId="a1c602d9-292b-1042-380c-707cec091de9" testName="LogonTest" computerName="CLAYCO7" duration="00:00:00.7808828" startTime="2013-04-18T16:38:18.1696361-07:00" endTime="2013-04-18T16:38:29.4955211-07:00" testType="37e36796-fb51-4610-8d5c-e00ceaa68b9f" outcome="Failed" testListId="01372d05-1ac1-4f00-ac37-5ca977686e4e" relativeResultsDirectory="63604135-bfb2-475f-9b3c-1c3db38eb2b9">
      <Output>
        <ErrorInfo>
          <Message>1 primary requests, 0 dependant requests and 0 conditional rules failed</Message>
        </ErrorInfo>
      </Output>
      <ResultFiles>
        <ResultFile path="LogonTest.webtestResult" />
      </ResultFiles>
      <TestSettings name="Local" id="62f583f0-2eca-4773-bed0-474a13faad76">
        <Description>These are default test settings for a local test run.</Description>
        <Deployment userDeploymentRoot="." useDefaultDeploymentRoot="false" runDeploymentRoot="TestResults[41]">
          <DeploymentItem filename=".nuget\NuGet.Config" />
          <DeploymentItem filename=".nuget\NuGet.exe" />
          <DeploymentItem filename=".nuget\NuGet.targets" />
        </Deployment>
        <NamingScheme baseName="TestResults" appendTimeStamp="false" useDefault="false" />
        <Execution>
          <TestTypeSpecific>
            <UnitTestRunConfig testTypeId="13cdc9d9-ddb5-4fa4-a97d-d965ccfc6d4b">
              <AssemblyResolution>
                <TestDirectory useLoadContext="true" />
              </AssemblyResolution>
            </UnitTestRunConfig>
            <WebTestRunConfiguration testTypeId="4e7599fa-5ecb-43e9-a887-cd63cf72d207">
              <Browser name="Internet Explorer 9.0" MaxConnections="6">
                <Headers>
                  <Header name="User-Agent" value="Mozilla/5.0 (compatible; MSIE 9.0; Windows NT 6.1; Trident/5.0)" />
                  <Header name="Accept" value="*/*" />
                  <Header name="Accept-Language" value="{{$IEAcceptLanguage}}" />
                  <Header name="Accept-Encoding" value="GZIP" />
                </Headers>
              </Browser>
            </WebTestRunConfiguration>
          </TestTypeSpecific>
          <AgentRule name="LocalMachineDefaultRole">
          </AgentRule>
        </Execution>
      </TestSettings>
      <WebTestResultFilePath>TestResults[41]\In\63604135-bfb2-475f-9b3c-1c3db38eb2b9\LogonTest.webtestResult</WebTestResultFilePath>
    </WebTestResult>
    <WebTestResult executionId="f0a8e38c-6b57-455e-93e5-d56deebdf8a3" testId="80baf145-2a87-1c50-450f-57e4de9d3b4f" testName="UploadPackageFromUI" computerName="CLAYCO7" duration="00:00:13.8007196" startTime="2013-04-18T16:38:29.4975214-07:00" endTime="2013-04-18T16:38:43.2967611-07:00" testType="37e36796-fb51-4610-8d5c-e00ceaa68b9f" outcome="Passed" testListId="01372d05-1ac1-4f00-ac37-5ca977686e4e" relativeResultsDirectory="f0a8e38c-6b57-455e-93e5-d56deebdf8a3">
      <ResultFiles>
        <ResultFile path="UploadPackageFromUI.webtestResult" />
      </ResultFiles>
      <TestSettings name="Local" id="62f583f0-2eca-4773-bed0-474a13faad76">
        <Description>These are default test settings for a local test run.</Description>
        <Deployment userDeploymentRoot="." useDefaultDeploymentRoot="false" runDeploymentRoot="TestResults[41]">
          <DeploymentItem filename=".nuget\NuGet.Config" />
          <DeploymentItem filename=".nuget\NuGet.exe" />
          <DeploymentItem filename=".nuget\NuGet.targets" />
        </Deployment>
        <NamingScheme baseName="TestResults" appendTimeStamp="false" useDefault="false" />
        <Execution>
          <TestTypeSpecific>
            <UnitTestRunConfig testTypeId="13cdc9d9-ddb5-4fa4-a97d-d965ccfc6d4b">
              <AssemblyResolution>
                <TestDirectory useLoadContext="true" />
              </AssemblyResolution>
            </UnitTestRunConfig>
            <WebTestRunConfiguration testTypeId="4e7599fa-5ecb-43e9-a887-cd63cf72d207">
              <Browser name="Internet Explorer 9.0" MaxConnections="6">
                <Headers>
                  <Header name="User-Agent" value="Mozilla/5.0 (compatible; MSIE 9.0; Windows NT 6.1; Trident/5.0)" />
                  <Header name="Accept" value="*/*" />
                  <Header name="Accept-Language" value="en-US,en;q=0.8,zh-Hans-CN;q=0.5,zh-Hans;q=0.3" />
                  <Header name="Accept-Encoding" value="GZIP" />
                </Headers>
              </Browser>
            </WebTestRunConfiguration>
          </TestTypeSpecific>
          <AgentRule name="LocalMachineDefaultRole">
          </AgentRule>
        </Execution>
      </TestSettings>
      <WebTestResultFilePath>TestResults[41]\In\f0a8e38c-6b57-455e-93e5-d56deebdf8a3\UploadPackageFromUI.webtestResult</WebTestResultFilePath>
    </WebTestResult>
    <UnitTestResult executionId="f6bf14c6-f533-4a61-8240-6dd64e211c54" testId="cc44bdbd-ce3e-69f6-f020-1fcb65293738" testName="DownloadPackageFromV2Feed" computerName="CLAYCO7" duration="00:00:00.1775956" startTime="2013-04-18T16:38:43.2967611-07:00" endTime="2013-04-18T16:38:43.4842675-07:00" testType="13cdc9d9-ddb5-4fa4-a97d-d965ccfc6d4b" outcome="Passed" testListId="01372d05-1ac1-4f00-ac37-5ca977686e4e" relativeResultsDirectory="f6bf14c6-f533-4a61-8240-6dd64e211c54">
    </UnitTestResult>
    <WebTestResult executionId="211c5657-cc3b-46df-92c8-6eae472ab3c6" testId="d527504e-456c-ed4a-8eba-7c20c18ba47d" testName="HomePageValidationTest" computerName="CLAYCO7" duration="00:00:00.4119412" startTime="2013-04-18T16:38:43.4842675-07:00" endTime="2013-04-18T16:38:43.8905502-07:00" testType="37e36796-fb51-4610-8d5c-e00ceaa68b9f" outcome="Passed" testListId="01372d05-1ac1-4f00-ac37-5ca977686e4e" relativeResultsDirectory="211c5657-cc3b-46df-92c8-6eae472ab3c6">
      <ResultFiles>
        <ResultFile path="HomePageValidationTest.webtestResult" />
      </ResultFiles>
      <TestSettings name="Local" id="62f583f0-2eca-4773-bed0-474a13faad76">
        <Description>These are default test settings for a local test run.</Description>
        <Deployment userDeploymentRoot="." useDefaultDeploymentRoot="false" runDeploymentRoot="TestResults[41]">
          <DeploymentItem filename=".nuget\NuGet.Config" />
          <DeploymentItem filename=".nuget\NuGet.exe" />
          <DeploymentItem filename=".nuget\NuGet.targets" />
        </Deployment>
        <NamingScheme baseName="TestResults" appendTimeStamp="false" useDefault="false" />
        <Execution>
          <TestTypeSpecific>
            <UnitTestRunConfig testTypeId="13cdc9d9-ddb5-4fa4-a97d-d965ccfc6d4b">
              <AssemblyResolution>
                <TestDirectory useLoadContext="true" />
              </AssemblyResolution>
            </UnitTestRunConfig>
            <WebTestRunConfiguration testTypeId="4e7599fa-5ecb-43e9-a887-cd63cf72d207">
              <Browser name="Internet Explorer 9.0" MaxConnections="6">
                <Headers>
                  <Header name="User-Agent" value="Mozilla/5.0 (compatible; MSIE 9.0; Windows NT 6.1; Trident/5.0)" />
                  <Header name="Accept" value="*/*" />
                  <Header name="Accept-Language" value="en-US,en;q=0.8,zh-Hans-CN;q=0.5,zh-Hans;q=0.3" />
                  <Header name="Accept-Encoding" value="GZIP" />
                </Headers>
              </Browser>
            </WebTestRunConfiguration>
          </TestTypeSpecific>
          <AgentRule name="LocalMachineDefaultRole">
          </AgentRule>
        </Execution>
      </TestSettings>
      <WebTestResultFilePath>TestResults[41]\In\211c5657-cc3b-46df-92c8-6eae472ab3c6\HomePageValidationTest.webtestResult</WebTestResultFilePath>
    </WebTestResult>
    <WebTestResult executionId="107bc3ce-29d2-4ffe-a9b6-97299cf3b75b" testId="5ceca307-8fd2-e863-65bb-d8151e5dafba" testName="PackagesPageTest" computerName="CLAYCO7" duration="00:00:01.5281617" startTime="2013-04-18T16:38:43.9061768-07:00" endTime="2013-04-18T16:38:45.4373067-07:00" testType="37e36796-fb51-4610-8d5c-e00ceaa68b9f" outcome="Passed" testListId="b836686b-8922-4ce2-8bcc-bd368809954a" relativeResultsDirectory="107bc3ce-29d2-4ffe-a9b6-97299cf3b75b">
      <ResultFiles>
        <ResultFile path="PackagesPageTest.webtestResult" />
      </ResultFiles>
      <TestSettings name="Local" id="62f583f0-2eca-4773-bed0-474a13faad76">
        <Description>These are default test settings for a local test run.</Description>
        <Deployment userDeploymentRoot="." useDefaultDeploymentRoot="false" runDeploymentRoot="TestResults[41]">
          <DeploymentItem filename=".nuget\NuGet.Config" />
          <DeploymentItem filename=".nuget\NuGet.exe" />
          <DeploymentItem filename=".nuget\NuGet.targets" />
        </Deployment>
        <NamingScheme baseName="TestResults" appendTimeStamp="false" useDefault="false" />
        <Execution>
          <TestTypeSpecific>
            <UnitTestRunConfig testTypeId="13cdc9d9-ddb5-4fa4-a97d-d965ccfc6d4b">
              <AssemblyResolution>
                <TestDirectory useLoadContext="true" />
              </AssemblyResolution>
            </UnitTestRunConfig>
            <WebTestRunConfiguration testTypeId="4e7599fa-5ecb-43e9-a887-cd63cf72d207">
              <Browser name="Internet Explorer 9.0" MaxConnections="6">
                <Headers>
                  <Header name="User-Agent" value="Mozilla/5.0 (compatible; MSIE 9.0; Windows NT 6.1; Trident/5.0)" />
                  <Header name="Accept" value="*/*" />
                  <Header name="Accept-Language" value="en-US,en;q=0.8,zh-Hans-CN;q=0.5,zh-Hans;q=0.3" />
                  <Header name="Accept-Encoding" value="GZIP" />
                </Headers>
              </Browser>
            </WebTestRunConfiguration>
          </TestTypeSpecific>
          <AgentRule name="LocalMachineDefaultRole">
          </AgentRule>
        </Execution>
      </TestSettings>
      <WebTestResultFilePath>TestResults[41]\In\107bc3ce-29d2-4ffe-a9b6-97299cf3b75b\PackagesPageTest.webtestResult</WebTestResultFilePath>
    </WebTestResult>
    <WebTestResult executionId="f6c712ed-b78a-4abc-8e9b-d7c793eb19f6" testId="80baf145-2a87-1c50-450f-57e4de9d3b4f" testName="UploadPackageFromUI" computerName="CLAYCO7" duration="00:00:12.9823273" startTime="2013-04-18T16:38:45.4393085-07:00" endTime="2013-04-18T16:38:58.4253200-07:00" testType="37e36796-fb51-4610-8d5c-e00ceaa68b9f" outcome="Passed" testListId="b836686b-8922-4ce2-8bcc-bd368809954a" relativeResultsDirectory="f6c712ed-b78a-4abc-8e9b-d7c793eb19f6">
      <ResultFiles>
        <ResultFile path="UploadPackageFromUI.webtestResult" />
      </ResultFiles>
      <TestSettings name="Local" id="62f583f0-2eca-4773-bed0-474a13faad76">
        <Description>These are default test settings for a local test run.</Description>
        <Deployment userDeploymentRoot="." useDefaultDeploymentRoot="false" runDeploymentRoot="TestResults[41]">
          <DeploymentItem filename=".nuget\NuGet.Config" />
          <DeploymentItem filename=".nuget\NuGet.exe" />
          <DeploymentItem filename=".nuget\NuGet.targets" />
        </Deployment>
        <NamingScheme baseName="TestResults" appendTimeStamp="false" useDefault="false" />
        <Execution>
          <TestTypeSpecific>
            <UnitTestRunConfig testTypeId="13cdc9d9-ddb5-4fa4-a97d-d965ccfc6d4b">
              <AssemblyResolution>
                <TestDirectory useLoadContext="true" />
              </AssemblyResolution>
            </UnitTestRunConfig>
            <WebTestRunConfiguration testTypeId="4e7599fa-5ecb-43e9-a887-cd63cf72d207">
              <Browser name="Internet Explorer 9.0" MaxConnections="6">
                <Headers>
                  <Header name="User-Agent" value="Mozilla/5.0 (compatible; MSIE 9.0; Windows NT 6.1; Trident/5.0)" />
                  <Header name="Accept" value="*/*" />
                  <Header name="Accept-Language" value="en-US,en;q=0.8,zh-Hans-CN;q=0.5,zh-Hans;q=0.3" />
                  <Header name="Accept-Encoding" value="GZIP" />
                </Headers>
              </Browser>
            </WebTestRunConfiguration>
          </TestTypeSpecific>
          <AgentRule name="LocalMachineDefaultRole">
          </AgentRule>
        </Execution>
      </TestSettings>
      <WebTestResultFilePath>TestResults[41]\In\f6c712ed-b78a-4abc-8e9b-d7c793eb19f6\UploadPackageFromUI.webtestResult</WebTestResultFilePath>
    </WebTestResult>
    <WebTestResult executionId="c3818e43-bc8e-421c-bba0-75fea3fe7138" testId="42a9bfc6-ed87-df50-c848-82aca2c8fd0d" testName="ManagePackagesPageTest" computerName="CLAYCO7" duration="00:00:03.5359087" startTime="2013-04-18T16:38:58.4263208-07:00" endTime="2013-04-18T16:39:01.9564648-07:00" testType="37e36796-fb51-4610-8d5c-e00ceaa68b9f" outcome="Passed" testListId="b836686b-8922-4ce2-8bcc-bd368809954a" relativeResultsDirectory="c3818e43-bc8e-421c-bba0-75fea3fe7138">
      <ResultFiles>
        <ResultFile path="ManagePackagesPageTest.webtestResult" />
      </ResultFiles>
      <TestSettings name="Local" id="62f583f0-2eca-4773-bed0-474a13faad76">
        <Description>These are default test settings for a local test run.</Description>
        <Deployment userDeploymentRoot="." useDefaultDeploymentRoot="false" runDeploymentRoot="TestResults[41]">
          <DeploymentItem filename=".nuget\NuGet.Config" />
          <DeploymentItem filename=".nuget\NuGet.exe" />
          <DeploymentItem filename=".nuget\NuGet.targets" />
        </Deployment>
        <NamingScheme baseName="TestResults" appendTimeStamp="false" useDefault="false" />
        <Execution>
          <TestTypeSpecific>
            <UnitTestRunConfig testTypeId="13cdc9d9-ddb5-4fa4-a97d-d965ccfc6d4b">
              <AssemblyResolution>
                <TestDirectory useLoadContext="true" />
              </AssemblyResolution>
            </UnitTestRunConfig>
            <WebTestRunConfiguration testTypeId="4e7599fa-5ecb-43e9-a887-cd63cf72d207">
              <Browser name="Internet Explorer 9.0" MaxConnections="6">
                <Headers>
                  <Header name="User-Agent" value="Mozilla/5.0 (compatible; MSIE 9.0; Windows NT 6.1; Trident/5.0)" />
                  <Header name="Accept" value="*/*" />
                  <Header name="Accept-Language" value="en-US,en;q=0.8,zh-Hans-CN;q=0.5,zh-Hans;q=0.3" />
                  <Header name="Accept-Encoding" value="GZIP" />
                </Headers>
              </Browser>
            </WebTestRunConfiguration>
          </TestTypeSpecific>
          <AgentRule name="LocalMachineDefaultRole">
          </AgentRule>
        </Execution>
      </TestSettings>
      <WebTestResultFilePath>TestResults[41]\In\c3818e43-bc8e-421c-bba0-75fea3fe7138\ManagePackagesPageTest.webtestResult</WebTestResultFilePath>
    </WebTestResult>
    <WebTestResult executionId="fb7e0efe-c647-4102-a6f6-5efc38742ca7" testId="a1c602d9-292b-1042-380c-707cec091de9" testName="LogonTest" computerName="CLAYCO7" duration="00:00:00.6774325" startTime="2013-04-18T16:39:01.9564648-07:00" endTime="2013-04-18T16:39:02.6440009-07:00" testType="37e36796-fb51-4610-8d5c-e00ceaa68b9f" outcome="Failed" testListId="b836686b-8922-4ce2-8bcc-bd368809954a" relativeResultsDirectory="fb7e0efe-c647-4102-a6f6-5efc38742ca7">
      <Output>
        <ErrorInfo>
          <Message>1 primary requests, 0 dependant requests and 0 conditional rules failed</Message>
        </ErrorInfo>
      </Output>
      <ResultFiles>
        <ResultFile path="LogonTest.webtestResult" />
      </ResultFiles>
      <TestSettings name="Local" id="62f583f0-2eca-4773-bed0-474a13faad76">
        <Description>These are default test settings for a local test run.</Description>
        <Deployment userDeploymentRoot="." useDefaultDeploymentRoot="false" runDeploymentRoot="TestResults[41]">
          <DeploymentItem filename=".nuget\NuGet.Config" />
          <DeploymentItem filename=".nuget\NuGet.exe" />
          <DeploymentItem filename=".nuget\NuGet.targets" />
        </Deployment>
        <NamingScheme baseName="TestResults" appendTimeStamp="false" useDefault="false" />
        <Execution>
          <TestTypeSpecific>
            <UnitTestRunConfig testTypeId="13cdc9d9-ddb5-4fa4-a97d-d965ccfc6d4b">
              <AssemblyResolution>
                <TestDirectory useLoadContext="true" />
              </AssemblyResolution>
            </UnitTestRunConfig>
            <WebTestRunConfiguration testTypeId="4e7599fa-5ecb-43e9-a887-cd63cf72d207">
              <Browser name="Internet Explorer 9.0" MaxConnections="6">
                <Headers>
                  <Header name="User-Agent" value="Mozilla/5.0 (compatible; MSIE 9.0; Windows NT 6.1; Trident/5.0)" />
                  <Header name="Accept" value="*/*" />
                  <Header name="Accept-Language" value="en-US,en;q=0.8,zh-Hans-CN;q=0.5,zh-Hans;q=0.3" />
                  <Header name="Accept-Encoding" value="GZIP" />
                </Headers>
              </Browser>
            </WebTestRunConfiguration>
          </TestTypeSpecific>
          <AgentRule name="LocalMachineDefaultRole">
          </AgentRule>
        </Execution>
      </TestSettings>
      <WebTestResultFilePath>TestResults[41]\In\fb7e0efe-c647-4102-a6f6-5efc38742ca7\LogonTest.webtestResult</WebTestResultFilePath>
    </WebTestResult>
    <UnitTestResult executionId="5904d61a-1f03-4b4e-91ad-8d130902f796" testId="2a6c6363-3869-0c15-2d51-409738bef970" testName="FindPackagesByIdTest" computerName="CLAYCO7" duration="00:00:03.7682818" startTime="2013-04-18T16:39:02.6440009-07:00" endTime="2013-04-18T16:39:06.4156973-07:00" testType="13cdc9d9-ddb5-4fa4-a97d-d965ccfc6d4b" outcome="Passed" testListId="b836686b-8922-4ce2-8bcc-bd368809954a" relativeResultsDirectory="5904d61a-1f03-4b4e-91ad-8d130902f796">
      <Output>
        <StdOut>Created 'TestV2FeedFindPackagesById.635018999426440009.nuspec' successfully.


Attempting to build package from 'TestV2FeedFindPackagesById.635018999426440009.nuspec'.
Successfully created package 'D:\github.com\NuGetGallery\FunctionalTests\Scripts\TestResults[41]\Out\TestV2FeedFindPackagesById.635018999426440009\TestV2FeedFindPackagesById.635018999426440009.1.0.0.nupkg'.

WARNING: 4 issue(s) found with package 'TestV2FeedFindPackagesById.635018999426440009'.

Issue: Assembly not inside a framework folder.
Description: The assembly 'Lib\635018999429408841.dll' is placed directly under 'lib' folder. It is recommended that assemblies be placed inside a framework-specific folder.
Solution: Move it into a framework-specific folder. If this assembly is targeted for multiple frameworks, ignore this warning.

Issue: Remove sample nuspec values.
Description: The value "Tag1 Tag2" for Tags is a sample value and should be removed.
Solution: Replace with an appropriate value or remove and it and rebuild your package.

Issue: Remove sample nuspec values.
Description: The value "Summary of changes made in this release of the package." for ReleaseNotes is a sample value and should be removed.
Solution: Replace with an appropriate value or remove and it and rebuild your package.

Issue: Remove sample nuspec values.
Description: The value "Package description" for Description is a sample value and should be removed.
Solution: Replace with an appropriate value or remove and it and rebuild your package.


Pushing TestV2FeedFindPackagesById.635018999426440009 1.0.0 to 'http://nugetgallery-qa.cloudapp.net/api/v2/package/'...
Your package was pushed.




Created 'TestV2FeedFindPackagesById.635018999426440009.nuspec' successfully.


Attempting to build package from 'TestV2FeedFindPackagesById.635018999426440009.nuspec'.
Successfully created package 'D:\github.com\NuGetGallery\FunctionalTests\Scripts\TestResults[41]\Out\TestV2FeedFindPackagesById.635018999426440009\TestV2FeedFindPackagesById.635018999426440009.2.0.0.nupkg'.

WARNING: 4 issue(s) found with package 'TestV2FeedFindPackagesById.635018999426440009'.

Issue: Assembly not inside a framework folder.
Description: The assembly 'Lib\635018999447236176.dll' is placed directly under 'lib' folder. It is recommended that assemblies be placed inside a framework-specific folder.
Solution: Move it into a framework-specific folder. If this assembly is targeted for multiple frameworks, ignore this warning.

Issue: Remove sample nuspec values.
Description: The value "Tag1 Tag2" for Tags is a sample value and should be removed.
Solution: Replace with an appropriate value or remove and it and rebuild your package.

Issue: Remove sample nuspec values.
Description: The value "Summary of changes made in this release of the package." for ReleaseNotes is a sample value and should be removed.
Solution: Replace with an appropriate value or remove and it and rebuild your package.

Issue: Remove sample nuspec values.
Description: The value "Package description" for Description is a sample value and should be removed.
Solution: Replace with an appropriate value or remove and it and rebuild your package.


Pushing TestV2FeedFindPackagesById.635018999426440009 2.0.0 to 'http://nugetgallery-qa.cloudapp.net/api/v2/package/'...
Your package was pushed.</StdOut>
      </Output>
    </UnitTestResult>
    <WebTestResult executionId="bc138919-14df-4da5-a8e8-7c5d0b51ee10" testId="a6f81ddd-4476-9109-b107-ff9673898e71" testName="ContactOwnerTest" computerName="CLAYCO7" duration="00:00:34.9407935" startTime="2013-04-18T16:39:06.4156973-07:00" endTime="2013-04-18T16:39:41.3698936-07:00" testType="37e36796-fb51-4610-8d5c-e00ceaa68b9f" outcome="Passed" testListId="b836686b-8922-4ce2-8bcc-bd368809954a" relativeResultsDirectory="bc138919-14df-4da5-a8e8-7c5d0b51ee10">
      <ResultFiles>
        <ResultFile path="ContactOwnerTest.webtestResult" />
      </ResultFiles>
      <TestSettings name="Local" id="62f583f0-2eca-4773-bed0-474a13faad76">
        <Description>These are default test settings for a local test run.</Description>
        <Deployment userDeploymentRoot="." useDefaultDeploymentRoot="false" runDeploymentRoot="TestResults[41]">
          <DeploymentItem filename=".nuget\NuGet.Config" />
          <DeploymentItem filename=".nuget\NuGet.exe" />
          <DeploymentItem filename=".nuget\NuGet.targets" />
        </Deployment>
        <NamingScheme baseName="TestResults" appendTimeStamp="false" useDefault="false" />
        <Execution>
          <TestTypeSpecific>
            <UnitTestRunConfig testTypeId="13cdc9d9-ddb5-4fa4-a97d-d965ccfc6d4b">
              <AssemblyResolution>
                <TestDirectory useLoadContext="true" />
              </AssemblyResolution>
            </UnitTestRunConfig>
            <WebTestRunConfiguration testTypeId="4e7599fa-5ecb-43e9-a887-cd63cf72d207">
              <Browser name="Internet Explorer 9.0" MaxConnections="6">
                <Headers>
                  <Header name="User-Agent" value="Mozilla/5.0 (compatible; MSIE 9.0; Windows NT 6.1; Trident/5.0)" />
                  <Header name="Accept" value="*/*" />
                  <Header name="Accept-Language" value="en-US,en;q=0.8,zh-Hans-CN;q=0.5,zh-Hans;q=0.3" />
                  <Header name="Accept-Encoding" value="GZIP" />
                </Headers>
              </Browser>
            </WebTestRunConfiguration>
          </TestTypeSpecific>
          <AgentRule name="LocalMachineDefaultRole">
          </AgentRule>
        </Execution>
      </TestSettings>
      <WebTestResultFilePath>TestResults[41]\In\bc138919-14df-4da5-a8e8-7c5d0b51ee10\ContactOwnerTest.webtestResult</WebTestResultFilePath>
    </WebTestResult>
    <UnitTestResult executionId="e63d9ce4-f626-4ea1-8e43-97681d1cf517" testId="cc44bdbd-ce3e-69f6-f020-1fcb65293738" testName="DownloadPackageFromV2Feed" computerName="CLAYCO7" duration="00:00:00.3190729" startTime="2013-04-18T16:39:41.3738966-07:00" endTime="2013-04-18T16:39:41.6961633-07:00" testType="13cdc9d9-ddb5-4fa4-a97d-d965ccfc6d4b" outcome="Passed" testListId="b836686b-8922-4ce2-8bcc-bd368809954a" relativeResultsDirectory="e63d9ce4-f626-4ea1-8e43-97681d1cf517">
    </UnitTestResult>
    <UnitTestResult executionId="427941da-9957-41b3-8288-1362d9aee8b9" testId="916d542f-9953-383f-a9cc-e87980667cf3" testName="RestorePackageFromV2Feed" computerName="CLAYCO7" duration="00:00:00.2458680" startTime="2013-04-18T16:39:41.6981647-07:00" endTime="2013-04-18T16:39:41.9446103-07:00" testType="13cdc9d9-ddb5-4fa4-a97d-d965ccfc6d4b" outcome="Passed" testListId="b836686b-8922-4ce2-8bcc-bd368809954a" relativeResultsDirectory="427941da-9957-41b3-8288-1362d9aee8b9">
    </UnitTestResult>
    <WebTestResult executionId="11528f97-4b9f-45ce-883a-c9f1f0af5e57" testId="d527504e-456c-ed4a-8eba-7c20c18ba47d" testName="HomePageValidationTest" computerName="CLAYCO7" duration="00:00:00.4181379" startTime="2013-04-18T16:39:41.9446103-07:00" endTime="2013-04-18T16:39:42.3548861-07:00" testType="37e36796-fb51-4610-8d5c-e00ceaa68b9f" outcome="Passed" testListId="b836686b-8922-4ce2-8bcc-bd368809954a" relativeResultsDirectory="11528f97-4b9f-45ce-883a-c9f1f0af5e57">
      <ResultFiles>
        <ResultFile path="HomePageValidationTest.webtestResult" />
      </ResultFiles>
      <TestSettings name="Local" id="62f583f0-2eca-4773-bed0-474a13faad76">
        <Description>These are default test settings for a local test run.</Description>
        <Deployment userDeploymentRoot="." useDefaultDeploymentRoot="false" runDeploymentRoot="TestResults[41]">
          <DeploymentItem filename=".nuget\NuGet.Config" />
          <DeploymentItem filename=".nuget\NuGet.exe" />
          <DeploymentItem filename=".nuget\NuGet.targets" />
        </Deployment>
        <NamingScheme baseName="TestResults" appendTimeStamp="false" useDefault="false" />
        <Execution>
          <TestTypeSpecific>
            <UnitTestRunConfig testTypeId="13cdc9d9-ddb5-4fa4-a97d-d965ccfc6d4b">
              <AssemblyResolution>
                <TestDirectory useLoadContext="true" />
              </AssemblyResolution>
            </UnitTestRunConfig>
            <WebTestRunConfiguration testTypeId="4e7599fa-5ecb-43e9-a887-cd63cf72d207">
              <Browser name="Internet Explorer 9.0" MaxConnections="6">
                <Headers>
                  <Header name="User-Agent" value="Mozilla/5.0 (compatible; MSIE 9.0; Windows NT 6.1; Trident/5.0)" />
                  <Header name="Accept" value="*/*" />
                  <Header name="Accept-Language" value="en-US,en;q=0.8,zh-Hans-CN;q=0.5,zh-Hans;q=0.3" />
                  <Header name="Accept-Encoding" value="GZIP" />
                </Headers>
              </Browser>
            </WebTestRunConfiguration>
          </TestTypeSpecific>
          <AgentRule name="LocalMachineDefaultRole">
          </AgentRule>
        </Execution>
      </TestSettings>
      <WebTestResultFilePath>TestResults[41]\In\11528f97-4b9f-45ce-883a-c9f1f0af5e57\HomePageValidationTest.webtestResult</WebTestResultFilePath>
    </WebTestResult>
    <UnitTestResult executionId="cc82951f-1aa0-4971-9514-15be62507f64" testId="baeffb56-e5a3-71a3-dcf4-ca714ba14856" testName="UploadPackageWithNuGetCommandLineTest" computerName="CLAYCO7" duration="00:00:01.7984930" startTime="2013-04-18T16:39:42.3705027-07:00" endTime="2013-04-18T16:39:44.1674612-07:00" testType="13cdc9d9-ddb5-4fa4-a97d-d965ccfc6d4b" outcome="Passed" testListId="b836686b-8922-4ce2-8bcc-bd368809954a" relativeResultsDirectory="cc82951f-1aa0-4971-9514-15be62507f64">
      <Output>
        <StdOut>Created '635018999823705027.nuspec' successfully.


Attempting to build package from '635018999823705027.nuspec'.
Successfully created package 'D:\github.com\NuGetGallery\FunctionalTests\Scripts\TestResults[41]\Out\635018999823705027\635018999823705027.1.0.0.nupkg'.

WARNING: 4 issue(s) found with package '635018999823705027'.

Issue: Assembly not inside a framework folder.
Description: The assembly 'Lib\635018999826517682.dll' is placed directly under 'lib' folder. It is recommended that assemblies be placed inside a framework-specific folder.
Solution: Move it into a framework-specific folder. If this assembly is targeted for multiple frameworks, ignore this warning.

Issue: Remove sample nuspec values.
Description: The value "Tag1 Tag2" for Tags is a sample value and should be removed.
Solution: Replace with an appropriate value or remove and it and rebuild your package.

Issue: Remove sample nuspec values.
Description: The value "Summary of changes made in this release of the package." for ReleaseNotes is a sample value and should be removed.
Solution: Replace with an appropriate value or remove and it and rebuild your package.

Issue: Remove sample nuspec values.
Description: The value "Package description" for Description is a sample value and should be removed.
Solution: Replace with an appropriate value or remove and it and rebuild your package.


Pushing 635018999823705027 1.0.0 to 'http://nugetgallery-qa.cloudapp.net/api/v2/package/'...
Your package was pushed.</StdOut>
      </Output>
    </UnitTestResult>
    <UnitTestResult executionId="a5353109-a49a-46ac-bd46-90313fe703fe" testId="02d43bf4-c2fb-43fb-6999-a16887a86fa6" testName="GetUpdatesTest" computerName="CLAYCO7" duration="00:00:00.0003438" startTime="2013-04-18T16:39:44.1674612-07:00" endTime="2013-04-18T16:39:44.1674612-07:00" testType="13cdc9d9-ddb5-4fa4-a97d-d965ccfc6d4b" outcome="Passed" testListId="b836686b-8922-4ce2-8bcc-bd368809954a" relativeResultsDirectory="a5353109-a49a-46ac-bd46-90313fe703fe">
    </UnitTestResult>
    <UnitTestResult executionId="cbe7eca9-bd28-4260-a0de-57dcfc3237d6" testId="f206f30d-af4b-ae66-9032-732bc03336c1" testName="DownPackageWithNuGetCommandLineTest" computerName="CLAYCO7" duration="00:00:01.8128471" startTime="2013-04-18T16:39:44.1674612-07:00" endTime="2013-04-18T16:39:45.9910726-07:00" testType="13cdc9d9-ddb5-4fa4-a97d-d965ccfc6d4b" outcome="Passed" testListId="b836686b-8922-4ce2-8bcc-bd368809954a" relativeResultsDirectory="cbe7eca9-bd28-4260-a0de-57dcfc3237d6">
      <Output>
        <StdOut>Installing 'BaseTestPackage 1.0.0'.
Successfully installed 'BaseTestPackage 1.0.0'.</StdOut>
      </Output>
    </UnitTestResult>
    <WebTestResult executionId="8cf5f367-cc47-4ec8-8272-df943dc735e7" testId="0449da0f-5881-ffca-f9d0-f7c0ad709071" testName="UploadPackageWithoutLoginTest" computerName="CLAYCO7" duration="00:00:00.4769369" startTime="2013-04-18T16:39:45.9910726-07:00" endTime="2013-04-18T16:39:46.4598431-07:00" testType="37e36796-fb51-4610-8d5c-e00ceaa68b9f" outcome="Passed" testListId="b836686b-8922-4ce2-8bcc-bd368809954a" relativeResultsDirectory="8cf5f367-cc47-4ec8-8272-df943dc735e7">
      <ResultFiles>
        <ResultFile path="UploadPackageWithoutLoginTest.webtestResult" />
      </ResultFiles>
      <TestSettings name="Local" id="62f583f0-2eca-4773-bed0-474a13faad76">
        <Description>These are default test settings for a local test run.</Description>
        <Deployment userDeploymentRoot="." useDefaultDeploymentRoot="false" runDeploymentRoot="TestResults[41]">
          <DeploymentItem filename=".nuget\NuGet.Config" />
          <DeploymentItem filename=".nuget\NuGet.exe" />
          <DeploymentItem filename=".nuget\NuGet.targets" />
        </Deployment>
        <NamingScheme baseName="TestResults" appendTimeStamp="false" useDefault="false" />
        <Execution>
          <TestTypeSpecific>
            <UnitTestRunConfig testTypeId="13cdc9d9-ddb5-4fa4-a97d-d965ccfc6d4b">
              <AssemblyResolution>
                <TestDirectory useLoadContext="true" />
              </AssemblyResolution>
            </UnitTestRunConfig>
            <WebTestRunConfiguration testTypeId="4e7599fa-5ecb-43e9-a887-cd63cf72d207">
              <Browser name="Internet Explorer 9.0" MaxConnections="6">
                <Headers>
                  <Header name="User-Agent" value="Mozilla/5.0 (compatible; MSIE 9.0; Windows NT 6.1; Trident/5.0)" />
                  <Header name="Accept" value="*/*" />
                  <Header name="Accept-Language" value="en-US,en;q=0.8,zh-Hans-CN;q=0.5,zh-Hans;q=0.3" />
                  <Header name="Accept-Encoding" value="GZIP" />
                </Headers>
              </Browser>
            </WebTestRunConfiguration>
          </TestTypeSpecific>
          <AgentRule name="LocalMachineDefaultRole">
          </AgentRule>
        </Execution>
      </TestSettings>
      <WebTestResultFilePath>TestResults[41]\In\8cf5f367-cc47-4ec8-8272-df943dc735e7\UploadPackageWithoutLoginTest.webtestResult</WebTestResultFilePath>
    </WebTestResult>
    <WebTestResult executionId="cd4ff446-4798-4a49-84a3-f996de5b2602" testId="428c8a13-f822-cffc-6ae0-78452d15e1fb" testName="RegisterNewUserTest" computerName="CLAYCO7" duration="00:00:01.0012200" startTime="2013-04-18T16:39:46.4754694-07:00" endTime="2013-04-18T16:39:47.4755164-07:00" testType="37e36796-fb51-4610-8d5c-e00ceaa68b9f" outcome="Passed" testListId="b836686b-8922-4ce2-8bcc-bd368809954a" relativeResultsDirectory="cd4ff446-4798-4a49-84a3-f996de5b2602">
      <ResultFiles>
        <ResultFile path="RegisterNewUserTest.webtestResult" />
      </ResultFiles>
      <TestSettings name="Local" id="62f583f0-2eca-4773-bed0-474a13faad76">
        <Description>These are default test settings for a local test run.</Description>
        <Deployment userDeploymentRoot="." useDefaultDeploymentRoot="false" runDeploymentRoot="TestResults[41]">
          <DeploymentItem filename=".nuget\NuGet.Config" />
          <DeploymentItem filename=".nuget\NuGet.exe" />
          <DeploymentItem filename=".nuget\NuGet.targets" />
        </Deployment>
        <NamingScheme baseName="TestResults" appendTimeStamp="false" useDefault="false" />
        <Execution>
          <TestTypeSpecific>
            <UnitTestRunConfig testTypeId="13cdc9d9-ddb5-4fa4-a97d-d965ccfc6d4b">
              <AssemblyResolution>
                <TestDirectory useLoadContext="true" />
              </AssemblyResolution>
            </UnitTestRunConfig>
            <WebTestRunConfiguration testTypeId="4e7599fa-5ecb-43e9-a887-cd63cf72d207">
              <Browser name="Internet Explorer 9.0" MaxConnections="6">
                <Headers>
                  <Header name="User-Agent" value="Mozilla/5.0 (compatible; MSIE 9.0; Windows NT 6.1; Trident/5.0)" />
                  <Header name="Accept" value="*/*" />
                  <Header name="Accept-Language" value="en-US,en;q=0.8,zh-Hans-CN;q=0.5,zh-Hans;q=0.3" />
                  <Header name="Accept-Encoding" value="GZIP" />
                </Headers>
              </Browser>
            </WebTestRunConfiguration>
          </TestTypeSpecific>
          <AgentRule name="LocalMachineDefaultRole">
          </AgentRule>
        </Execution>
      </TestSettings>
      <WebTestResultFilePath>TestResults[41]\In\cd4ff446-4798-4a49-84a3-f996de5b2602\RegisterNewUserTest.webtestResult</WebTestResultFilePath>
    </WebTestResult>
    <UnitTestResult executionId="54a97a9e-3c17-487a-9be1-bdf340ed40b9" testId="5d62a4b0-dcba-4028-434b-2b747b4c411f" testName="UploadMultipleVersionOfPackage" computerName="CLAYCO7" duration="00:00:03.6146631" startTime="2013-04-18T16:39:47.4755164-07:00" endTime="2013-04-18T16:39:51.0959549-07:00" testType="13cdc9d9-ddb5-4fa4-a97d-d965ccfc6d4b" outcome="Passed" testListId="b836686b-8922-4ce2-8bcc-bd368809954a" relativeResultsDirectory="54a97a9e-3c17-487a-9be1-bdf340ed40b9">
      <Output>
        <StdOut>Created 'TestMultipleVersion.635018999874755164.nuspec' successfully.


Attempting to build package from 'TestMultipleVersion.635018999874755164.nuspec'.
Successfully created package 'D:\github.com\NuGetGallery\FunctionalTests\Scripts\TestResults[41]\Out\TestMultipleVersion.635018999874755164\TestMultipleVersion.635018999874755164.1.0.0.nupkg'.

WARNING: 4 issue(s) found with package 'TestMultipleVersion.635018999874755164'.

Issue: Assembly not inside a framework folder.
Description: The assembly 'Lib\635018999878192809.dll' is placed directly under 'lib' folder. It is recommended that assemblies be placed inside a framework-specific folder.
Solution: Move it into a framework-specific folder. If this assembly is targeted for multiple frameworks, ignore this warning.

Issue: Remove sample nuspec values.
Description: The value "Tag1 Tag2" for Tags is a sample value and should be removed.
Solution: Replace with an appropriate value or remove and it and rebuild your package.

Issue: Remove sample nuspec values.
Description: The value "Summary of changes made in this release of the package." for ReleaseNotes is a sample value and should be removed.
Solution: Replace with an appropriate value or remove and it and rebuild your package.

Issue: Remove sample nuspec values.
Description: The value "Package description" for Description is a sample value and should be removed.
Solution: Replace with an appropriate value or remove and it and rebuild your package.


Pushing TestMultipleVersion.635018999874755164 1.0.0 to 'http://nugetgallery-qa.cloudapp.net/api/v2/package/'...
Your package was pushed.




Created 'TestMultipleVersion.635018999874755164.nuspec' successfully.


Attempting to build package from 'TestMultipleVersion.635018999874755164.nuspec'.
Successfully created package 'D:\github.com\NuGetGallery\FunctionalTests\Scripts\TestResults[41]\Out\TestMultipleVersion.635018999874755164\TestMultipleVersion.635018999874755164.2.0.0.nupkg'.

WARNING: 4 issue(s) found with package 'TestMultipleVersion.635018999874755164'.

Issue: Assembly not inside a framework folder.
Description: The assembly 'Lib\635018999894796187.dll' is placed directly under 'lib' folder. It is recommended that assemblies be placed inside a framework-specific folder.
Solution: Move it into a framework-specific folder. If this assembly is targeted for multiple frameworks, ignore this warning.

Issue: Remove sample nuspec values.
Description: The value "Tag1 Tag2" for Tags is a sample value and should be removed.
Solution: Replace with an appropriate value or remove and it and rebuild your package.

Issue: Remove sample nuspec values.
Description: The value "Summary of changes made in this release of the package." for ReleaseNotes is a sample value and should be removed.
Solution: Replace with an appropriate value or remove and it and rebuild your package.

Issue: Remove sample nuspec values.
Description: The value "Package description" for Description is a sample value and should be removed.
Solution: Replace with an appropriate value or remove and it and rebuild your package.


Pushing TestMultipleVersion.635018999874755164 2.0.0 to 'http://nugetgallery-qa.cloudapp.net/api/v2/package/'...
Your package was pushed.</StdOut>
      </Output>
    </UnitTestResult>
    <WebTestResult executionId="31fa0444-3d3d-4780-9bd8-32e3e9cfc47d" testId="9387a1a2-3523-2e44-8030-533d344923cf" testName="DeletePackageTest" computerName="CLAYCO7" duration="00:00:04.4172663" startTime="2013-04-18T16:39:51.0999554-07:00" endTime="2013-04-18T16:39:55.5221829-07:00" testType="37e36796-fb51-4610-8d5c-e00ceaa68b9f" outcome="Passed" testListId="b836686b-8922-4ce2-8bcc-bd368809954a" relativeResultsDirectory="31fa0444-3d3d-4780-9bd8-32e3e9cfc47d">
      <ResultFiles>
        <ResultFile path="DeletePackageTest.webtestResult" />
      </ResultFiles>
      <TestSettings name="Local" id="62f583f0-2eca-4773-bed0-474a13faad76">
        <Description>These are default test settings for a local test run.</Description>
        <Deployment userDeploymentRoot="." useDefaultDeploymentRoot="false" runDeploymentRoot="TestResults[41]">
          <DeploymentItem filename=".nuget\NuGet.Config" />
          <DeploymentItem filename=".nuget\NuGet.exe" />
          <DeploymentItem filename=".nuget\NuGet.targets" />
        </Deployment>
        <NamingScheme baseName="TestResults" appendTimeStamp="false" useDefault="false" />
        <Execution>
          <TestTypeSpecific>
            <UnitTestRunConfig testTypeId="13cdc9d9-ddb5-4fa4-a97d-d965ccfc6d4b">
              <AssemblyResolution>
                <TestDirectory useLoadContext="true" />
              </AssemblyResolution>
            </UnitTestRunConfig>
            <WebTestRunConfiguration testTypeId="4e7599fa-5ecb-43e9-a887-cd63cf72d207">
              <Browser name="Internet Explorer 9.0" MaxConnections="6">
                <Headers>
                  <Header name="User-Agent" value="Mozilla/5.0 (compatible; MSIE 9.0; Windows NT 6.1; Trident/5.0)" />
                  <Header name="Accept" value="*/*" />
                  <Header name="Accept-Language" value="en-US,en;q=0.8,zh-Hans-CN;q=0.5,zh-Hans;q=0.3" />
                  <Header name="Accept-Encoding" value="GZIP" />
                </Headers>
              </Browser>
            </WebTestRunConfiguration>
          </TestTypeSpecific>
          <AgentRule name="LocalMachineDefaultRole">
          </AgentRule>
        </Execution>
      </TestSettings>
      <WebTestResultFilePath>TestResults[41]\In\31fa0444-3d3d-4780-9bd8-32e3e9cfc47d\DeletePackageTest.webtestResult</WebTestResultFilePath>
    </WebTestResult>
    <UnitTestResult executionId="daf1219c-213d-4e2c-969f-4e10fd51c3ef" testId="04cd200b-33df-3564-ded5-686cdfe44f77" testName="DownloadPackageWithNuGetCoreTest" computerName="CLAYCO7" duration="00:00:00.6881129" startTime="2013-04-18T16:39:55.5261834-07:00" endTime="2013-04-18T16:39:56.2183112-07:00" testType="13cdc9d9-ddb5-4fa4-a97d-d965ccfc6d4b" outcome="Passed" testListId="b836686b-8922-4ce2-8bcc-bd368809954a" relativeResultsDirectory="daf1219c-213d-4e2c-969f-4e10fd51c3ef">
    </UnitTestResult>
    <WebTestResult executionId="3e854ccd-487b-4c05-8247-32d80b678da2" testId="9ad6e2e2-a082-8088-00f6-e05079fd89a0" testName="StatisticsPageTest" computerName="CLAYCO7" duration="00:00:02.1352323" startTime="2013-04-18T16:39:56.2183112-07:00" endTime="2013-04-18T16:39:58.3548168-07:00" testType="37e36796-fb51-4610-8d5c-e00ceaa68b9f" outcome="Passed" testListId="f9b8ac1f-7978-4738-afc2-6918b063e5c3" relativeResultsDirectory="3e854ccd-487b-4c05-8247-32d80b678da2">
      <ResultFiles>
        <ResultFile path="StatisticsPageTest.webtestResult" />
      </ResultFiles>
      <TestSettings name="Local" id="62f583f0-2eca-4773-bed0-474a13faad76">
        <Description>These are default test settings for a local test run.</Description>
        <Deployment userDeploymentRoot="." useDefaultDeploymentRoot="false" runDeploymentRoot="TestResults[41]">
          <DeploymentItem filename=".nuget\NuGet.Config" />
          <DeploymentItem filename=".nuget\NuGet.exe" />
          <DeploymentItem filename=".nuget\NuGet.targets" />
        </Deployment>
        <NamingScheme baseName="TestResults" appendTimeStamp="false" useDefault="false" />
        <Execution>
          <TestTypeSpecific>
            <UnitTestRunConfig testTypeId="13cdc9d9-ddb5-4fa4-a97d-d965ccfc6d4b">
              <AssemblyResolution>
                <TestDirectory useLoadContext="true" />
              </AssemblyResolution>
            </UnitTestRunConfig>
            <WebTestRunConfiguration testTypeId="4e7599fa-5ecb-43e9-a887-cd63cf72d207">
              <Browser name="Internet Explorer 9.0" MaxConnections="6">
                <Headers>
                  <Header name="User-Agent" value="Mozilla/5.0 (compatible; MSIE 9.0; Windows NT 6.1; Trident/5.0)" />
                  <Header name="Accept" value="*/*" />
                  <Header name="Accept-Language" value="en-US,en;q=0.8,zh-Hans-CN;q=0.5,zh-Hans;q=0.3" />
                  <Header name="Accept-Encoding" value="GZIP" />
                </Headers>
              </Browser>
            </WebTestRunConfiguration>
          </TestTypeSpecific>
          <AgentRule name="LocalMachineDefaultRole">
          </AgentRule>
        </Execution>
      </TestSettings>
      <WebTestResultFilePath>TestResults[41]\In\3e854ccd-487b-4c05-8247-32d80b678da2\StatisticsPageTest.webtestResult</WebTestResultFilePath>
    </WebTestResult>
    <WebTestResult executionId="c9c5a980-7415-447d-b744-3ec175186f7c" testId="a1c602d9-292b-1042-380c-707cec091de9" testName="LogonTest" computerName="CLAYCO7" duration="00:00:02.6500081" startTime="2013-04-18T16:39:58.3588133-07:00" endTime="2013-04-18T16:40:01.0134138-07:00" testType="37e36796-fb51-4610-8d5c-e00ceaa68b9f" outcome="Failed" testListId="f9b8ac1f-7978-4738-afc2-6918b063e5c3" relativeResultsDirectory="c9c5a980-7415-447d-b744-3ec175186f7c">
      <Output>
        <ErrorInfo>
          <Message>1 primary requests, 0 dependant requests and 0 conditional rules failed</Message>
        </ErrorInfo>
      </Output>
      <ResultFiles>
        <ResultFile path="LogonTest.webtestResult" />
      </ResultFiles>
      <TestSettings name="Local" id="62f583f0-2eca-4773-bed0-474a13faad76">
        <Description>These are default test settings for a local test run.</Description>
        <Deployment userDeploymentRoot="." useDefaultDeploymentRoot="false" runDeploymentRoot="TestResults[41]">
          <DeploymentItem filename=".nuget\NuGet.Config" />
          <DeploymentItem filename=".nuget\NuGet.exe" />
          <DeploymentItem filename=".nuget\NuGet.targets" />
        </Deployment>
        <NamingScheme baseName="TestResults" appendTimeStamp="false" useDefault="false" />
        <Execution>
          <TestTypeSpecific>
            <UnitTestRunConfig testTypeId="13cdc9d9-ddb5-4fa4-a97d-d965ccfc6d4b">
              <AssemblyResolution>
                <TestDirectory useLoadContext="true" />
              </AssemblyResolution>
            </UnitTestRunConfig>
            <WebTestRunConfiguration testTypeId="4e7599fa-5ecb-43e9-a887-cd63cf72d207">
              <Browser name="Internet Explorer 9.0" MaxConnections="6">
                <Headers>
                  <Header name="User-Agent" value="Mozilla/5.0 (compatible; MSIE 9.0; Windows NT 6.1; Trident/5.0)" />
                  <Header name="Accept" value="*/*" />
                  <Header name="Accept-Language" value="en-US,en;q=0.8,zh-Hans-CN;q=0.5,zh-Hans;q=0.3" />
                  <Header name="Accept-Encoding" value="GZIP" />
                </Headers>
              </Browser>
            </WebTestRunConfiguration>
          </TestTypeSpecific>
          <AgentRule name="LocalMachineDefaultRole">
          </AgentRule>
        </Execution>
      </TestSettings>
      <WebTestResultFilePath>TestResults[41]\In\c9c5a980-7415-447d-b744-3ec175186f7c\LogonTest.webtestResult</WebTestResultFilePath>
    </WebTestResult>
    <UnitTestResult executionId="8fee3e74-0414-4be7-8816-85bd13399f3a" testId="f206f30d-af4b-ae66-9032-732bc03336c1" testName="DownPackageWithNuGetCommandLineTest" computerName="CLAYCO7" duration="00:00:13.1398127" startTime="2013-04-18T16:40:01.0134138-07:00" endTime="2013-04-18T16:40:14.1563258-07:00" testType="13cdc9d9-ddb5-4fa4-a97d-d965ccfc6d4b" outcome="Passed" testListId="f9b8ac1f-7978-4738-afc2-6918b063e5c3" relativeResultsDirectory="8fee3e74-0414-4be7-8816-85bd13399f3a">
      <Output>
        <StdOut>Installing 'BaseTestPackage 1.0.0'.
Successfully installed 'BaseTestPackage 1.0.0'.</StdOut>
      </Output>
    </UnitTestResult>
    <WebTestResult executionId="ac98ee1e-094f-46c9-b5ef-7bd3be4dddb3" testId="c320789f-a801-c187-e7d8-0f17b24ff835" testName="ReadOnlyModeRegisterNewUserTest" computerName="CLAYCO7" duration="00:00:03.9853052" startTime="2013-04-18T16:40:14.1603537-07:00" endTime="2013-04-18T16:40:18.1516955-07:00" testType="37e36796-fb51-4610-8d5c-e00ceaa68b9f" outcome="Failed" testListId="f9b8ac1f-7978-4738-afc2-6918b063e5c3" relativeResultsDirectory="ac98ee1e-094f-46c9-b5ef-7bd3be4dddb3">
      <Output>
        <ErrorInfo>
          <Message>1 primary requests, 0 dependant requests and 0 conditional rules failed</Message>
        </ErrorInfo>
      </Output>
      <ResultFiles>
        <ResultFile path="ReadOnlyModeRegisterNewUserTest.webtestResult" />
      </ResultFiles>
      <TestSettings name="Local" id="62f583f0-2eca-4773-bed0-474a13faad76">
        <Description>These are default test settings for a local test run.</Description>
        <Deployment userDeploymentRoot="." useDefaultDeploymentRoot="false" runDeploymentRoot="TestResults[41]">
          <DeploymentItem filename=".nuget\NuGet.Config" />
          <DeploymentItem filename=".nuget\NuGet.exe" />
          <DeploymentItem filename=".nuget\NuGet.targets" />
        </Deployment>
        <NamingScheme baseName="TestResults" appendTimeStamp="false" useDefault="false" />
        <Execution>
          <TestTypeSpecific>
            <UnitTestRunConfig testTypeId="13cdc9d9-ddb5-4fa4-a97d-d965ccfc6d4b">
              <AssemblyResolution>
                <TestDirectory useLoadContext="true" />
              </AssemblyResolution>
            </UnitTestRunConfig>
            <WebTestRunConfiguration testTypeId="4e7599fa-5ecb-43e9-a887-cd63cf72d207">
              <Browser name="Internet Explorer 9.0" MaxConnections="6">
                <Headers>
                  <Header name="User-Agent" value="Mozilla/5.0 (compatible; MSIE 9.0; Windows NT 6.1; Trident/5.0)" />
                  <Header name="Accept" value="*/*" />
                  <Header name="Accept-Language" value="en-US,en;q=0.8,zh-Hans-CN;q=0.5,zh-Hans;q=0.3" />
                  <Header name="Accept-Encoding" value="GZIP" />
                </Headers>
              </Browser>
            </WebTestRunConfiguration>
          </TestTypeSpecific>
          <AgentRule name="LocalMachineDefaultRole">
          </AgentRule>
        </Execution>
      </TestSettings>
      <WebTestResultFilePath>TestResults[41]\In\ac98ee1e-094f-46c9-b5ef-7bd3be4dddb3\ReadOnlyModeRegisterNewUserTest.webtestResult</WebTestResultFilePath>
    </WebTestResult>
    <UnitTestResult executionId="d1a4c398-8198-4cb1-b501-7a7249ed8d80" testId="04cd200b-33df-3564-ded5-686cdfe44f77" testName="DownloadPackageWithNuGetCoreTest" computerName="CLAYCO7" duration="00:00:00.2683548" startTime="2013-04-18T16:40:18.1536972-07:00" endTime="2013-04-18T16:40:18.4239194-07:00" testType="13cdc9d9-ddb5-4fa4-a97d-d965ccfc6d4b" outcome="Passed" testListId="f9b8ac1f-7978-4738-afc2-6918b063e5c3" relativeResultsDirectory="d1a4c398-8198-4cb1-b501-7a7249ed8d80">
    </UnitTestResult>
    <WebTestResult executionId="718b2bc9-7367-4daf-a716-dd1770e99dd4" testId="d527504e-456c-ed4a-8eba-7c20c18ba47d" testName="HomePageValidationTest" computerName="CLAYCO7" duration="00:00:00.4287462" startTime="2013-04-18T16:40:18.4249200-07:00" endTime="2013-04-18T16:40:18.8552570-07:00" testType="37e36796-fb51-4610-8d5c-e00ceaa68b9f" outcome="Passed" testListId="f9b8ac1f-7978-4738-afc2-6918b063e5c3" relativeResultsDirectory="718b2bc9-7367-4daf-a716-dd1770e99dd4">
      <ResultFiles>
        <ResultFile path="HomePageValidationTest.webtestResult" />
      </ResultFiles>
      <TestSettings name="Local" id="62f583f0-2eca-4773-bed0-474a13faad76">
        <Description>These are default test settings for a local test run.</Description>
        <Deployment userDeploymentRoot="." useDefaultDeploymentRoot="false" runDeploymentRoot="TestResults[41]">
          <DeploymentItem filename=".nuget\NuGet.Config" />
          <DeploymentItem filename=".nuget\NuGet.exe" />
          <DeploymentItem filename=".nuget\NuGet.targets" />
        </Deployment>
        <NamingScheme baseName="TestResults" appendTimeStamp="false" useDefault="false" />
        <Execution>
          <TestTypeSpecific>
            <UnitTestRunConfig testTypeId="13cdc9d9-ddb5-4fa4-a97d-d965ccfc6d4b">
              <AssemblyResolution>
                <TestDirectory useLoadContext="true" />
              </AssemblyResolution>
            </UnitTestRunConfig>
            <WebTestRunConfiguration testTypeId="4e7599fa-5ecb-43e9-a887-cd63cf72d207">
              <Browser name="Internet Explorer 9.0" MaxConnections="6">
                <Headers>
                  <Header name="User-Agent" value="Mozilla/5.0 (compatible; MSIE 9.0; Windows NT 6.1; Trident/5.0)" />
                  <Header name="Accept" value="*/*" />
                  <Header name="Accept-Language" value="en-US,en;q=0.8,zh-Hans-CN;q=0.5,zh-Hans;q=0.3" />
                  <Header name="Accept-Encoding" value="GZIP" />
                </Headers>
              </Browser>
            </WebTestRunConfiguration>
          </TestTypeSpecific>
          <AgentRule name="LocalMachineDefaultRole">
          </AgentRule>
        </Execution>
      </TestSettings>
      <WebTestResultFilePath>TestResults[41]\In\718b2bc9-7367-4daf-a716-dd1770e99dd4\HomePageValidationTest.webtestResult</WebTestResultFilePath>
    </WebTestResult>
    <UnitTestResult executionId="2da5d148-e4f5-48c3-8892-4a68e4ebc5ed" testId="38905457-2302-9ddf-ad04-3107d5b18355" testName="UploadAndDownLoadPackageWithMinClientVersion" computerName="CLAYCO7" duration="00:00:02.4313988" startTime="2013-04-18T16:40:18.8592572-07:00" endTime="2013-04-18T16:40:21.2947789-07:00" testType="13cdc9d9-ddb5-4fa4-a97d-d965ccfc6d4b" outcome="Passed" testListId="8c84fa94-04c1-424b-9868-57a2d4851a1d" relativeResultsDirectory="2da5d148-e4f5-48c3-8892-4a68e4ebc5ed">
      <Output>
        <StdOut>Created '635019000188632591UploadAndDownLoadPackageWithMinClientVersion.nuspec' successfully.


Attempting to build package from '635019000188632591UploadAndDownLoadPackageWithMinClientVersion.nuspec'.
Successfully created package 'D:\github.com\NuGetGallery\FunctionalTests\Scripts\TestResults[41]\Out\635019000188632591UploadAndDownLoadPackageWithMinClientVersion\635019000188632591UploadAndDownLoadPackageWithMinClientVersion.1.0.0.nupkg'.

WARNING: 4 issue(s) found with package '635019000188632591UploadAndDownLoadPackageWithMinClientVersion'.

Issue: Assembly not inside a framework folder.
Description: The assembly 'Lib\635019000191473101.dll' is placed directly under 'lib' folder. It is recommended that assemblies be placed inside a framework-specific folder.
Solution: Move it into a framework-specific folder. If this assembly is targeted for multiple frameworks, ignore this warning.

Issue: Remove sample nuspec values.
Description: The value "Tag1 Tag2" for Tags is a sample value and should be removed.
Solution: Replace with an appropriate value or remove and it and rebuild your package.

Issue: Remove sample nuspec values.
Description: The value "Summary of changes made in this release of the package." for ReleaseNotes is a sample value and should be removed.
Solution: Replace with an appropriate value or remove and it and rebuild your package.

Issue: Remove sample nuspec values.
Description: The value "Package description" for Description is a sample value and should be removed.
Solution: Replace with an appropriate value or remove and it and rebuild your package.


Pushing 635019000188632591UploadAndDownLoadPackageWithMinClientVersion 1.0.0 to 'http://nugetgallery-qa.cloudapp.net/api/v2/package/'...
Your package was pushed.</StdOut>
      </Output>
    </UnitTestResult>
    <UnitTestResult executionId="3cf0b6a6-a01f-4c45-86c1-68a30c7352e9" testId="aedace0f-10de-70d5-5e45-b7227987df86" testName="UploadAndDownLoadPackageWithDotCsNames" computerName="CLAYCO7" duration="00:00:02.4098512" startTime="2013-04-18T16:40:21.2947789-07:00" endTime="2013-04-18T16:40:23.7073386-07:00" testType="13cdc9d9-ddb5-4fa4-a97d-d965ccfc6d4b" outcome="Passed" testListId="8c84fa94-04c1-424b-9868-57a2d4851a1d" relativeResultsDirectory="3cf0b6a6-a01f-4c45-86c1-68a30c7352e9">
      <Output>
        <StdOut>Created '635019000212987788UploadAndDownLoadPackageWithDotCsNames.Cs.nuspec' successfully.


Attempting to build package from '635019000212987788UploadAndDownLoadPackageWithDotCsNames.Cs.nuspec'.
Successfully created package 'D:\github.com\NuGetGallery\FunctionalTests\Scripts\TestResults[41]\Out\635019000212987788UploadAndDownLoadPackageWithDotCsNames.Cs\635019000212987788UploadAndDownLoadPackageWithDotCsNames.Cs.1.0.0.nupkg'.

WARNING: 4 issue(s) found with package '635019000212987788UploadAndDownLoadPackageWithDotCsNames.Cs'.

Issue: Assembly not inside a framework folder.
Description: The assembly 'Lib\635019000215588263.dll' is placed directly under 'lib' folder. It is recommended that assemblies be placed inside a framework-specific folder.
Solution: Move it into a framework-specific folder. If this assembly is targeted for multiple frameworks, ignore this warning.

Issue: Remove sample nuspec values.
Description: The value "Tag1 Tag2" for Tags is a sample value and should be removed.
Solution: Replace with an appropriate value or remove and it and rebuild your package.

Issue: Remove sample nuspec values.
Description: The value "Summary of changes made in this release of the package." for ReleaseNotes is a sample value and should be removed.
Solution: Replace with an appropriate value or remove and it and rebuild your package.

Issue: Remove sample nuspec values.
Description: The value "Package description" for Description is a sample value and should be removed.
Solution: Replace with an appropriate value or remove and it and rebuild your package.


Pushing 635019000212987788UploadAndDownLoadPackageWithDotCsNames.Cs 1.0.0 to 'http://nugetgallery-qa.cloudapp.net/api/v2/package/'...
Your package was pushed.</StdOut>
      </Output>
    </UnitTestResult>
    <UnitTestResult executionId="ab5322d9-a2be-4b83-a5d5-6a62eb2f5cd4" testId="2653a81d-b439-f73a-c036-efc0ec29de69" testName="AddPackageToWindows8CuratedFeed" computerName="CLAYCO7" duration="00:00:02.2328746" startTime="2013-04-18T16:40:23.7073386-07:00" endTime="2013-04-18T16:40:25.9449274-07:00" testType="13cdc9d9-ddb5-4fa4-a97d-d965ccfc6d4b" outcome="Failed" testListId="8c84fa94-04c1-424b-9868-57a2d4851a1d" relativeResultsDirectory="ab5322d9-a2be-4b83-a5d5-6a62eb2f5cd4">
      <Output>
        <StdOut>Created 'AddPackageToWindows8CuratedFeed635019000237113416.nuspec' successfully.


Attempting to build package from 'AddPackageToWindows8CuratedFeed635019000237113416.nuspec'.
Successfully created package 'D:\github.com\NuGetGallery\FunctionalTests\Scripts\TestResults[41]\Out\AddPackageToWindows8CuratedFeed635019000237113416\AddPackageToWindows8CuratedFeed635019000237113416.1.0.0.nupkg'.

WARNING: 3 issue(s) found with package 'AddPackageToWindows8CuratedFeed635019000237113416'.

Issue: Assembly not inside a framework folder.
Description: The assembly 'Lib\635019000239753887.dll' is placed directly under 'lib' folder. It is recommended that assemblies be placed inside a framework-specific folder.
Solution: Move it into a framework-specific folder. If this assembly is targeted for multiple frameworks, ignore this warning.

Issue: Remove sample nuspec values.
Description: The value "Summary of changes made in this release of the package." for ReleaseNotes is a sample value and should be removed.
Solution: Replace with an appropriate value or remove and it and rebuild your package.

Issue: Remove sample nuspec values.
Description: The value "Package description" for Description is a sample value and should be removed.
Solution: Replace with an appropriate value or remove and it and rebuild your package.


Pushing AddPackageToWindows8CuratedFeed635019000237113416 1.0.0 to 'http://nugetgallery-qa.cloudapp.net/api/v2/package/'...
Your package was pushed.</StdOut>
        <ErrorInfo>
          <Message>Assert.IsTrue failed. Package AddPackageToWindows8CuratedFeed635019000237113416 is not found in the site http://nugetgallery-qa.cloudapp.net/api/v2/curated-feeds/windows8-packages/ after uploading.</Message>
          <StackTrace>   at NuGetGallery.FunctionalTests.Features.CuratedFeedTest.AddPackageToWindows8CuratedFeed() in d:\github.com\NuGetGallery\FunctionalTests\NuGetGallery.FunctionalTests\Features\CuratedFeedTest.cs:line 38
</StackTrace>
        </ErrorInfo>
      </Output>
    </UnitTestResult>
    <WebTestResult executionId="15ceec77-3b54-42b0-9cbe-3247d9ee47c2" testId="5d66c021-336a-34c0-9414-19ea84bd29bc" testName="InvalidLogonTest" computerName="CLAYCO7" duration="00:00:00.9446111" startTime="2013-04-18T16:40:25.9479347-07:00" endTime="2013-04-18T16:40:26.8962769-07:00" testType="37e36796-fb51-4610-8d5c-e00ceaa68b9f" outcome="Passed" testListId="8c84fa94-04c1-424b-9868-57a2d4851a1d" relativeResultsDirectory="15ceec77-3b54-42b0-9cbe-3247d9ee47c2">
      <ResultFiles>
        <ResultFile path="InvalidLogonTest.webtestResult" />
      </ResultFiles>
      <TestSettings name="Local" id="62f583f0-2eca-4773-bed0-474a13faad76">
        <Description>These are default test settings for a local test run.</Description>
        <Deployment userDeploymentRoot="." useDefaultDeploymentRoot="false" runDeploymentRoot="TestResults[41]">
          <DeploymentItem filename=".nuget\NuGet.Config" />
          <DeploymentItem filename=".nuget\NuGet.exe" />
          <DeploymentItem filename=".nuget\NuGet.targets" />
        </Deployment>
        <NamingScheme baseName="TestResults" appendTimeStamp="false" useDefault="false" />
        <Execution>
          <TestTypeSpecific>
            <UnitTestRunConfig testTypeId="13cdc9d9-ddb5-4fa4-a97d-d965ccfc6d4b">
              <AssemblyResolution>
                <TestDirectory useLoadContext="true" />
              </AssemblyResolution>
            </UnitTestRunConfig>
            <WebTestRunConfiguration testTypeId="4e7599fa-5ecb-43e9-a887-cd63cf72d207">
              <Browser name="Internet Explorer 9.0" MaxConnections="6">
                <Headers>
                  <Header name="User-Agent" value="Mozilla/5.0 (compatible; MSIE 9.0; Windows NT 6.1; Trident/5.0)" />
                  <Header name="Accept" value="*/*" />
                  <Header name="Accept-Language" value="en-US,en;q=0.8,zh-Hans-CN;q=0.5,zh-Hans;q=0.3" />
                  <Header name="Accept-Encoding" value="GZIP" />
                </Headers>
              </Browser>
            </WebTestRunConfiguration>
          </TestTypeSpecific>
          <AgentRule name="LocalMachineDefaultRole">
          </AgentRule>
        </Execution>
      </TestSettings>
      <WebTestResultFilePath>TestResults[41]\In\15ceec77-3b54-42b0-9cbe-3247d9ee47c2\InvalidLogonTest.webtestResult</WebTestResultFilePath>
    </WebTestResult>
    <WebTestResult executionId="c0160620-cd20-403d-9e62-907b754298be" testId="d53feaf3-be7c-3e85-2afa-d33fc0e450a3" testName="SecurityHeaderTest" computerName="CLAYCO7" duration="00:00:16.3300592" startTime="2013-04-18T16:40:26.8962769-07:00" endTime="2013-04-18T16:40:43.2295858-07:00" testType="37e36796-fb51-4610-8d5c-e00ceaa68b9f" outcome="Passed" testListId="8c84fa94-04c1-424b-9868-57a2d4851a1d" relativeResultsDirectory="c0160620-cd20-403d-9e62-907b754298be">
      <ResultFiles>
        <ResultFile path="SecurityHeaderTest.webtestResult" />
      </ResultFiles>
      <TestSettings name="Local" id="62f583f0-2eca-4773-bed0-474a13faad76">
        <Description>These are default test settings for a local test run.</Description>
        <Deployment userDeploymentRoot="." useDefaultDeploymentRoot="false" runDeploymentRoot="TestResults[41]">
          <DeploymentItem filename=".nuget\NuGet.Config" />
          <DeploymentItem filename=".nuget\NuGet.exe" />
          <DeploymentItem filename=".nuget\NuGet.targets" />
        </Deployment>
        <NamingScheme baseName="TestResults" appendTimeStamp="false" useDefault="false" />
        <Execution>
          <TestTypeSpecific>
            <UnitTestRunConfig testTypeId="13cdc9d9-ddb5-4fa4-a97d-d965ccfc6d4b">
              <AssemblyResolution>
                <TestDirectory useLoadContext="true" />
              </AssemblyResolution>
            </UnitTestRunConfig>
            <WebTestRunConfiguration testTypeId="4e7599fa-5ecb-43e9-a887-cd63cf72d207">
              <Browser name="Internet Explorer 9.0" MaxConnections="6">
                <Headers>
                  <Header name="User-Agent" value="Mozilla/5.0 (compatible; MSIE 9.0; Windows NT 6.1; Trident/5.0)" />
                  <Header name="Accept" value="*/*" />
                  <Header name="Accept-Language" value="en-US,en;q=0.8,zh-Hans-CN;q=0.5,zh-Hans;q=0.3" />
                  <Header name="Accept-Encoding" value="GZIP" />
                </Headers>
              </Browser>
            </WebTestRunConfiguration>
          </TestTypeSpecific>
          <AgentRule name="LocalMachineDefaultRole">
          </AgentRule>
        </Execution>
      </TestSettings>
      <WebTestResultFilePath>TestResults[41]\In\c0160620-cd20-403d-9e62-907b754298be\SecurityHeaderTest.webtestResult</WebTestResultFilePath>
    </WebTestResult>
    <WebTestResult executionId="1d356af5-8bcc-4e47-a74e-dd3eab7ce550" testId="e95ef3f5-4ae2-36dc-5d98-7ace7daaf2ea" testName="ContactUsAndReportAbuseLinkTest" computerName="CLAYCO7" duration="00:00:02.5840597" startTime="2013-04-18T16:40:43.2335851-07:00" endTime="2013-04-18T16:40:45.8211865-07:00" testType="37e36796-fb51-4610-8d5c-e00ceaa68b9f" outcome="Failed" testListId="8c84fa94-04c1-424b-9868-57a2d4851a1d" relativeResultsDirectory="1d356af5-8bcc-4e47-a74e-dd3eab7ce550">
      <Output>
        <ErrorInfo>
          <Message>2 primary requests, 0 dependant requests and 0 conditional rules failed</Message>
        </ErrorInfo>
      </Output>
      <ResultFiles>
        <ResultFile path="ContactUsAndReportAbuseLinkTest.webtestResult" />
      </ResultFiles>
      <TestSettings name="Local" id="62f583f0-2eca-4773-bed0-474a13faad76">
        <Description>These are default test settings for a local test run.</Description>
        <Deployment userDeploymentRoot="." useDefaultDeploymentRoot="false" runDeploymentRoot="TestResults[41]">
          <DeploymentItem filename=".nuget\NuGet.Config" />
          <DeploymentItem filename=".nuget\NuGet.exe" />
          <DeploymentItem filename=".nuget\NuGet.targets" />
        </Deployment>
        <NamingScheme baseName="TestResults" appendTimeStamp="false" useDefault="false" />
        <Execution>
          <TestTypeSpecific>
            <UnitTestRunConfig testTypeId="13cdc9d9-ddb5-4fa4-a97d-d965ccfc6d4b">
              <AssemblyResolution>
                <TestDirectory useLoadContext="true" />
              </AssemblyResolution>
            </UnitTestRunConfig>
            <WebTestRunConfiguration testTypeId="4e7599fa-5ecb-43e9-a887-cd63cf72d207">
              <Browser name="Internet Explorer 9.0" MaxConnections="6">
                <Headers>
                  <Header name="User-Agent" value="Mozilla/5.0 (compatible; MSIE 9.0; Windows NT 6.1; Trident/5.0)" />
                  <Header name="Accept" value="*/*" />
                  <Header name="Accept-Language" value="en-US,en;q=0.8,zh-Hans-CN;q=0.5,zh-Hans;q=0.3" />
                  <Header name="Accept-Encoding" value="GZIP" />
                </Headers>
              </Browser>
            </WebTestRunConfiguration>
          </TestTypeSpecific>
          <AgentRule name="LocalMachineDefaultRole">
          </AgentRule>
        </Execution>
      </TestSettings>
      <WebTestResultFilePath>TestResults[41]\In\1d356af5-8bcc-4e47-a74e-dd3eab7ce550\ContactUsAndReportAbuseLinkTest.webtestResult</WebTestResultFilePath>
    </WebTestResult>
    <WebTestResult executionId="bf97375a-bb29-436b-9af7-0ee1e5d27158" testId="336cce10-fc9c-411f-b491-c5f9f404e7b7" testName="UploadPackageWithMinClientVersionFromUITest" computerName="CLAYCO7" duration="00:00:02.4841875" startTime="2013-04-18T16:40:45.8231878-07:00" endTime="2013-04-18T16:40:48.3077611-07:00" testType="37e36796-fb51-4610-8d5c-e00ceaa68b9f" outcome="Failed" testListId="8c84fa94-04c1-424b-9868-57a2d4851a1d" relativeResultsDirectory="bf97375a-bb29-436b-9af7-0ee1e5d27158">
      <Output>
        <ErrorInfo>
          <Message>1 primary requests, 0 dependant requests and 0 conditional rules failed</Message>
        </ErrorInfo>
      </Output>
      <ResultFiles>
        <ResultFile path="UploadPackageWithMinClientVersionFromUITest.webtestResult" />
      </ResultFiles>
      <TestSettings name="Local" id="62f583f0-2eca-4773-bed0-474a13faad76">
        <Description>These are default test settings for a local test run.</Description>
        <Deployment userDeploymentRoot="." useDefaultDeploymentRoot="false" runDeploymentRoot="TestResults[41]">
          <DeploymentItem filename=".nuget\NuGet.Config" />
          <DeploymentItem filename=".nuget\NuGet.exe" />
          <DeploymentItem filename=".nuget\NuGet.targets" />
        </Deployment>
        <NamingScheme baseName="TestResults" appendTimeStamp="false" useDefault="false" />
        <Execution>
          <TestTypeSpecific>
            <UnitTestRunConfig testTypeId="13cdc9d9-ddb5-4fa4-a97d-d965ccfc6d4b">
              <AssemblyResolution>
                <TestDirectory useLoadContext="true" />
              </AssemblyResolution>
            </UnitTestRunConfig>
            <WebTestRunConfiguration testTypeId="4e7599fa-5ecb-43e9-a887-cd63cf72d207">
              <Browser name="Internet Explorer 9.0" MaxConnections="6">
                <Headers>
                  <Header name="User-Agent" value="Mozilla/5.0 (compatible; MSIE 9.0; Windows NT 6.1; Trident/5.0)" />
                  <Header name="Accept" value="*/*" />
                  <Header name="Accept-Language" value="en-US,en;q=0.8,zh-Hans-CN;q=0.5,zh-Hans;q=0.3" />
                  <Header name="Accept-Encoding" value="GZIP" />
                </Headers>
              </Browser>
            </WebTestRunConfiguration>
          </TestTypeSpecific>
          <AgentRule name="LocalMachineDefaultRole">
          </AgentRule>
        </Execution>
      </TestSettings>
      <WebTestResultFilePath>TestResults[41]\In\bf97375a-bb29-436b-9af7-0ee1e5d27158\UploadPackageWithMinClientVersionFromUITest.webtestResult</WebTestResultFilePath>
    </WebTestResult>
    <WebTestResult executionId="cd8a578a-0d02-4069-8004-eb8f181df48b" testId="340e6bba-7e3d-842d-7ee1-669ddc667c0c" testName="AggregateStatsInHomePage" computerName="CLAYCO7" duration="00:04:33.1823555" startTime="2013-04-18T16:40:48.3117624-07:00" endTime="2013-04-18T16:45:21.4999480-07:00" testType="37e36796-fb51-4610-8d5c-e00ceaa68b9f" testListId="8c84fa94-04c1-424b-9868-57a2d4851a1d" relativeResultsDirectory="cd8a578a-0d02-4069-8004-eb8f181df48b">
      <Output>
        <ErrorInfo>
          <Message>Exception occurred: Assert.IsTrue failed. Aggregate stats count is not increased by 1 after downloading. Aggregate stats before download :60647780. Stats after download : 60647790</Message>
          <StackTrace>   at Microsoft.VisualStudio.TestTools.UnitTesting.Assert.HandleFail(String assertionName, String message, Object[] parameters)
   at Microsoft.VisualStudio.TestTools.UnitTesting.Assert.IsTrue(Boolean condition, String message, Object[] parameters)
   at NuGetGallery.FunctionalTests.AggregateStatsInHomePage.&lt;GetRequestEnumerator&gt;d__0.MoveNext() in d:\github.com\NuGetGallery\FunctionalTests\NuGetGallery.FunctionalTests\WebUITests\UploadAndDownload\AggregateStatsAfterDownload.cs:line 52
   at Microsoft.VisualStudio.TestTools.WebStress.WebTestCaseVariation.ExecuteNextTopLevelRequest()</StackTrace>
        </ErrorInfo>
      </Output>
      <ResultFiles>
        <ResultFile path="AggregateStatsInHomePage.webtestResult" />
      </ResultFiles>
      <TestSettings name="Local" id="62f583f0-2eca-4773-bed0-474a13faad76">
        <Description>These are default test settings for a local test run.</Description>
        <Deployment userDeploymentRoot="." useDefaultDeploymentRoot="false" runDeploymentRoot="TestResults[41]">
          <DeploymentItem filename=".nuget\NuGet.Config" />
          <DeploymentItem filename=".nuget\NuGet.exe" />
          <DeploymentItem filename=".nuget\NuGet.targets" />
        </Deployment>
        <NamingScheme baseName="TestResults" appendTimeStamp="false" useDefault="false" />
        <Execution>
          <TestTypeSpecific>
            <UnitTestRunConfig testTypeId="13cdc9d9-ddb5-4fa4-a97d-d965ccfc6d4b">
              <AssemblyResolution>
                <TestDirectory useLoadContext="true" />
              </AssemblyResolution>
            </UnitTestRunConfig>
            <WebTestRunConfiguration testTypeId="4e7599fa-5ecb-43e9-a887-cd63cf72d207">
              <Browser name="Internet Explorer 9.0" MaxConnections="6">
                <Headers>
                  <Header name="User-Agent" value="Mozilla/5.0 (compatible; MSIE 9.0; Windows NT 6.1; Trident/5.0)" />
                  <Header name="Accept" value="*/*" />
                  <Header name="Accept-Language" value="en-US,en;q=0.8,zh-Hans-CN;q=0.5,zh-Hans;q=0.3" />
                  <Header name="Accept-Encoding" value="GZIP" />
                </Headers>
              </Browser>
            </WebTestRunConfiguration>
          </TestTypeSpecific>
          <AgentRule name="LocalMachineDefaultRole">
          </AgentRule>
        </Execution>
      </TestSettings>
      <WebTestResultFilePath>TestResults[41]\In\cd8a578a-0d02-4069-8004-eb8f181df48b\AggregateStatsInHomePage.webtestResult</WebTestResultFilePath>
    </WebTestResult>
    <WebTestResult executionId="c54b1591-b414-4dfa-9152-c29fde44920b" testId="6c390634-83d7-955a-87c4-b41e59b8d7ae" testName="RegisterInvalidUserTest" computerName="CLAYCO7" duration="00:00:00.8360949" startTime="2013-04-18T16:45:21.5019488-07:00" endTime="2013-04-18T16:45:22.3446334-07:00" testType="37e36796-fb51-4610-8d5c-e00ceaa68b9f" outcome="Passed" testListId="8c84fa94-04c1-424b-9868-57a2d4851a1d" relativeResultsDirectory="c54b1591-b414-4dfa-9152-c29fde44920b">
      <ResultFiles>
        <ResultFile path="RegisterInvalidUserTest.webtestResult" />
      </ResultFiles>
      <TestSettings name="Local" id="62f583f0-2eca-4773-bed0-474a13faad76">
        <Description>These are default test settings for a local test run.</Description>
        <Deployment userDeploymentRoot="." useDefaultDeploymentRoot="false" runDeploymentRoot="TestResults[41]">
          <DeploymentItem filename=".nuget\NuGet.Config" />
          <DeploymentItem filename=".nuget\NuGet.exe" />
          <DeploymentItem filename=".nuget\NuGet.targets" />
        </Deployment>
        <NamingScheme baseName="TestResults" appendTimeStamp="false" useDefault="false" />
        <Execution>
          <TestTypeSpecific>
            <UnitTestRunConfig testTypeId="13cdc9d9-ddb5-4fa4-a97d-d965ccfc6d4b">
              <AssemblyResolution>
                <TestDirectory useLoadContext="true" />
              </AssemblyResolution>
            </UnitTestRunConfig>
            <WebTestRunConfiguration testTypeId="4e7599fa-5ecb-43e9-a887-cd63cf72d207">
              <Browser name="Internet Explorer 9.0" MaxConnections="6">
                <Headers>
                  <Header name="User-Agent" value="Mozilla/5.0 (compatible; MSIE 9.0; Windows NT 6.1; Trident/5.0)" />
                  <Header name="Accept" value="*/*" />
                  <Header name="Accept-Language" value="en-US,en;q=0.8,zh-Hans-CN;q=0.5,zh-Hans;q=0.3" />
                  <Header name="Accept-Encoding" value="GZIP" />
                </Headers>
              </Browser>
            </WebTestRunConfiguration>
          </TestTypeSpecific>
          <AgentRule name="LocalMachineDefaultRole">
          </AgentRule>
        </Execution>
      </TestSettings>
      <WebTestResultFilePath>TestResults[41]\In\c54b1591-b414-4dfa-9152-c29fde44920b\RegisterInvalidUserTest.webtestResult</WebTestResultFilePath>
    </WebTestResult>
  </Results>
</TestRun>